Vivado Simulator 2017.4
Copyright 1986-1999, 2001-2016 Xilinx, Inc. All Rights Reserved.
Running: F:/software/Vivado/2017.4/bin/unwrapped/win64.o/xelab.exe -wto 468dcb3e46f144908b8bc175208d4fd1 --incr --debug typical --relax --mt 2 --maxdelay -L xil_defaultlib -L simprims_ver -L secureip --snapshot Divider_Multiple_top_TB_time_impl -transport_int_delays -pulse_r 0 -pulse_int_r 0 -pulse_e 0 -pulse_int_e 0 xil_defaultlib.Divider_Multiple_top_TB xil_defaultlib.glbl -log elaborate.log 
Using 2 slave threads.
Starting static elaboration
Completed static elaboration
Starting simulation data flow analysis
Completed simulation data flow analysis
INFO: [XSIM 43-3451] SDF backannotation process started with SDF file "Divider_Multiple_top_TB_time_impl.sdf", for root module "Divider_Multiple_top_TB/uut".
INFO: [XSIM 43-3452] SDF backannotation was successful for SDF file "Divider_Multiple_top_TB_time_impl.sdf", for root module "Divider_Multiple_top_TB/uut".
Time Resolution for simulation is 1ps
Compiling module simprims_ver.IBUFDS
Compiling module simprims_ver.BUFG
Compiling module simprims_ver.x_lut2_mux4
Compiling module simprims_ver.LUT2
Compiling module simprims_ver.FDRE(XON="FALSE")
Compiling module simprims_ver.x_lut1_mux2
Compiling module simprims_ver.LUT1
Compiling module simprims_ver.FDRE_default
Compiling module xil_defaultlib.dbg_hub_CVxsdbm_v3_0_0_ctl_reg
Compiling module simprims_ver.LUT4
Compiling module simprims_ver.x_lut3_mux8
Compiling module simprims_ver.LUT3
Compiling module xil_defaultlib.dbg_hub_CVxsdbm_v3_0_0_stat_reg
Compiling module simprims_ver.LUT6
Compiling module xil_defaultlib.dbg_hub_CVxsdbm_v3_0_0_stat_reg_...
Compiling module simprims_ver.LUT5
Compiling module xil_defaultlib.dbg_hub_CVxsdbm_v3_0_0_ctl_reg__...
Compiling module xil_defaultlib.dbg_hub_CVxsdbm_v3_0_0_ctl_reg__...
Compiling module simprims_ver.FDCE(XON="FALSE")
Compiling module xil_defaultlib.dbg_hub_CVsynchronizer_ff__param...
Compiling module xil_defaultlib.dbg_hub_CVsynchronizer_ff__param...
Compiling module xil_defaultlib.dbg_hub_CVsynchronizer_ff__param...
Compiling module xil_defaultlib.dbg_hub_CVsynchronizer_ff__param...
Compiling module simprims_ver.FDCE_default
Compiling module xil_defaultlib.dbg_hub_CVclk_x_pntrs_7
Compiling module simprims_ver.FDPE_default
Compiling module xil_defaultlib.dbg_hub_CVrd_fwft
Compiling module xil_defaultlib.dbg_hub_CVrd_status_flags_as_16
Compiling module xil_defaultlib.dbg_hub_CVrd_bin_cntr_17
Compiling module xil_defaultlib.dbg_hub_CVrd_logic__parameterize...
Compiling module xil_defaultlib.dbg_hub_CVwr_status_flags_as_14
Compiling module xil_defaultlib.dbg_hub_CVwr_bin_cntr_15
Compiling module xil_defaultlib.dbg_hub_CVwr_logic__parameterize...
Compiling module simprims_ver.RAMD32
Compiling module simprims_ver.RAMS32
Compiling module xil_defaultlib.RAM32M_UNIQ_BASE_
Compiling module xil_defaultlib.RAM32M_HD1
Compiling module xil_defaultlib.RAM32M_HD2
Compiling module xil_defaultlib.dbg_hub_CVdmem_13
Compiling module xil_defaultlib.dbg_hub_CVmemory__parameterized0
Compiling module xil_defaultlib.dbg_hub_CVsynchronizer_ff_9
Compiling module xil_defaultlib.dbg_hub_CVsynchronizer_ff_10
Compiling module xil_defaultlib.dbg_hub_CVsynchronizer_ff_11
Compiling module xil_defaultlib.dbg_hub_CVsynchronizer_ff_12
Compiling module simprims_ver.FDPE(XON="FALSE",INIT=1'b0)
Compiling module xil_defaultlib.dbg_hub_CVreset_blk_ramfifo_8
Compiling module xil_defaultlib.dbg_hub_CVfifo_generator_ramfifo...
Compiling module xil_defaultlib.dbg_hub_CVfifo_generator_top__pa...
Compiling module xil_defaultlib.dbg_hub_CVfifo_generator_v13_1_4...
Compiling module xil_defaultlib.dbg_hub_CVfifo_generator_v13_1_4...
Compiling module xil_defaultlib.dbg_hub_CVxsdbm_v3_0_0_rdfifo
Compiling module xil_defaultlib.dbg_hub_CVxsdbm_v3_0_0_rdreg
Compiling module xil_defaultlib.dbg_hub_CVsynchronizer_ff__param...
Compiling module xil_defaultlib.dbg_hub_CVsynchronizer_ff__param...
Compiling module xil_defaultlib.dbg_hub_CVsynchronizer_ff__param...
Compiling module xil_defaultlib.dbg_hub_CVsynchronizer_ff__param...
Compiling module xil_defaultlib.dbg_hub_CVclk_x_pntrs
Compiling module xil_defaultlib.dbg_hub_CVrd_status_flags_as
Compiling module xil_defaultlib.dbg_hub_CVrd_bin_cntr
Compiling module xil_defaultlib.dbg_hub_CVrd_logic
Compiling module xil_defaultlib.dbg_hub_CVwr_status_flags_as
Compiling module xil_defaultlib.dbg_hub_CVwr_bin_cntr
Compiling module xil_defaultlib.dbg_hub_CVwr_logic
Compiling module xil_defaultlib.RAM32M_HD3
Compiling module xil_defaultlib.RAM32M_HD4
Compiling module xil_defaultlib.RAM32M_HD5
Compiling module xil_defaultlib.dbg_hub_CVdmem
Compiling module xil_defaultlib.dbg_hub_CVmemory
Compiling module xil_defaultlib.dbg_hub_CVsynchronizer_ff
Compiling module xil_defaultlib.dbg_hub_CVsynchronizer_ff_1
Compiling module xil_defaultlib.dbg_hub_CVsynchronizer_ff_2
Compiling module xil_defaultlib.dbg_hub_CVsynchronizer_ff_3
Compiling module xil_defaultlib.dbg_hub_CVreset_blk_ramfifo
Compiling module xil_defaultlib.dbg_hub_CVfifo_generator_ramfifo
Compiling module xil_defaultlib.dbg_hub_CVfifo_generator_top
Compiling module xil_defaultlib.dbg_hub_CVfifo_generator_v13_1_4...
Compiling module xil_defaultlib.dbg_hub_CVfifo_generator_v13_1_4
Compiling module xil_defaultlib.dbg_hub_CVxsdbm_v3_0_0_wrfifo
Compiling module xil_defaultlib.dbg_hub_CVxsdbm_v3_0_0_wrreg
Compiling module xil_defaultlib.dbg_hub_CVxsdbm_v3_0_0_ctl_reg__...
Compiling module xil_defaultlib.dbg_hub_CVxsdbm_v3_0_0_stat_reg_...
Compiling module simprims_ver.MUXF7
Compiling module xil_defaultlib.dbg_hub_CVxsdbm_v3_0_0_if_static...
Compiling module xil_defaultlib.dbg_hub_CVxsdbm_v3_0_0_if
Compiling module simprims_ver.CARRY4
Compiling module xil_defaultlib.dbg_hub_CVxsdbm_v3_0_0_addr_ctl
Compiling module xil_defaultlib.dbg_hub_CVxsdbm_v3_0_0_burst_wdl...
Compiling module xil_defaultlib.dbg_hub_CVxsdbm_v3_0_0_bus_ctl_f...
Compiling module xil_defaultlib.dbg_hub_CVxsdbm_v3_0_0_bus_ctl_f...
Compiling module xil_defaultlib.dbg_hub_CVxsdbm_v3_0_0_bus_ctl_c...
Compiling module xil_defaultlib.dbg_hub_CVxsdbm_v3_0_0_bus_ctl
Compiling module xil_defaultlib.dbg_hub_CVxsdbm_v3_0_0_bus_mstr2...
Compiling module xil_defaultlib.dbg_hub_CVxsdbm_v3_0_0_icon2xsdb
Compiling module xil_defaultlib.dbg_hub_CVxsdbm_v3_0_0_cmd_decod...
Compiling module xil_defaultlib.dbg_hub_CVxsdbm_v3_0_0_stat
Compiling module xil_defaultlib.dbg_hub_CVxsdbm_v3_0_0_sync
Compiling module xil_defaultlib.dbg_hub_CVxsdbm_v3_0_0_icon
Compiling module simprims_ver.GND
Compiling module simprims_ver.BSCANE2
Compiling module xil_defaultlib.dbg_hub_CVltlib_v1_0_0_bscan
Compiling module simprims_ver.FDSE_default
Compiling module xil_defaultlib.dbg_hub_CVxsdbm_v3_0_0_bscan_swi...
Compiling module xil_defaultlib.dbg_hub_CVxsdbm_v3_0_0_xsdbm_id
Compiling module xil_defaultlib.dbg_hub_CVxsdbm_v3_0_0_xsdbm
Compiling module xil_defaultlib.dbg_hub_CV
Compiling module simprims_ver.OBUF
Compiling module simprims_ver.FDCE(IS_C_INVERTED=1'b1)
Compiling module simprims_ver.RB18_INTERNAL_VLOG(DOA_REG=1,DOB...
Compiling module simprims_ver.RAMB18E1(DOA_REG=1,DOB_REG=1,REA...
Compiling module xil_defaultlib.ila_0_blk_mem_gen_prim_wrapper
Compiling module xil_defaultlib.ila_0_blk_mem_gen_prim_width
Compiling module xil_defaultlib.ila_0_blk_mem_gen_generic_cstr
Compiling module xil_defaultlib.ila_0_blk_mem_gen_top
Compiling module xil_defaultlib.ila_0_blk_mem_gen_v8_3_6_synth
Compiling module xil_defaultlib.ila_0_blk_mem_gen_v8_3_6
Compiling module xil_defaultlib.ila_0_ila_v6_2_5_ila_trace_memor...
Compiling module simprims_ver.SRL16E_default
Compiling module simprims_ver.SRLC32E_default
Compiling module xil_defaultlib.ila_0_ltlib_v1_0_0_cfglut6__para...
Compiling module xil_defaultlib.ila_0_ltlib_v1_0_0_cfglut7
Compiling module xil_defaultlib.ila_0_ltlib_v1_0_0_cfglut7_25
Compiling module xil_defaultlib.ila_0_ltlib_v1_0_0_cfglut6
Compiling module simprims_ver.SRLC16E_default
Compiling module xil_defaultlib.ila_0_ltlib_v1_0_0_cfglut4_32
Compiling module xil_defaultlib.ila_0_ltlib_v1_0_0_cfglut5_33
Compiling module xil_defaultlib.ila_0_ltlib_v1_0_0_cfglut6_34
Compiling module xil_defaultlib.CFGLUT5_UNIQ_BASE_
Compiling module xil_defaultlib.CFGLUT5_HD6
Compiling module xil_defaultlib.CFGLUT5_HD7
Compiling module xil_defaultlib.CFGLUT5_HD8
Compiling module xil_defaultlib.ila_0_ltlib_v1_0_0_all_typeA_sli...
Compiling module xil_defaultlib.CFGLUT5_HD9
Compiling module xil_defaultlib.CFGLUT5_HD10
Compiling module xil_defaultlib.CFGLUT5_HD11
Compiling module xil_defaultlib.CFGLUT5_HD12
Compiling module xil_defaultlib.ila_0_ltlib_v1_0_0_all_typeA_sli...
Compiling module xil_defaultlib.ila_0_ltlib_v1_0_0_all_typeA__pa...
Compiling module xil_defaultlib.ila_0_ltlib_v1_0_0_allx_typeA_no...
Compiling module xil_defaultlib.ila_0_ltlib_v1_0_0_match_nodelay...
Compiling module xil_defaultlib.ila_0_ila_v6_2_5_ila_cap_sample_...
Compiling module xil_defaultlib.ila_0_ltlib_v1_0_0_cfglut4
Compiling module xil_defaultlib.ila_0_ltlib_v1_0_0_cfglut5
Compiling module xil_defaultlib.ila_0_ltlib_v1_0_0_cfglut5_26
Compiling module xil_defaultlib.CFGLUT5_HD13
Compiling module xil_defaultlib.CFGLUT5_HD14
Compiling module xil_defaultlib.CFGLUT5_HD15
Compiling module xil_defaultlib.CFGLUT5_HD16
Compiling module xil_defaultlib.ila_0_ltlib_v1_0_0_all_typeA_sli...
Compiling module xil_defaultlib.CFGLUT5_HD17
Compiling module xil_defaultlib.CFGLUT5_HD18
Compiling module xil_defaultlib.CFGLUT5_HD19
Compiling module xil_defaultlib.CFGLUT5_HD20
Compiling module xil_defaultlib.ila_0_ltlib_v1_0_0_all_typeA_sli...
Compiling module xil_defaultlib.ila_0_ltlib_v1_0_0_all_typeA__pa...
Compiling module xil_defaultlib.ila_0_ltlib_v1_0_0_allx_typeA_no...
Compiling module xil_defaultlib.ila_0_ltlib_v1_0_0_match_nodelay
Compiling module xil_defaultlib.CFGLUT5_HD21
Compiling module xil_defaultlib.CFGLUT5_HD22
Compiling module xil_defaultlib.CFGLUT5_HD23
Compiling module xil_defaultlib.CFGLUT5_HD24
Compiling module xil_defaultlib.ila_0_ltlib_v1_0_0_all_typeA_sli...
Compiling module xil_defaultlib.CFGLUT5_HD25
Compiling module xil_defaultlib.CFGLUT5_HD26
Compiling module xil_defaultlib.CFGLUT5_HD27
Compiling module xil_defaultlib.CFGLUT5_HD28
Compiling module xil_defaultlib.ila_0_ltlib_v1_0_0_all_typeA_sli...
Compiling module xil_defaultlib.ila_0_ltlib_v1_0_0_all_typeA__pa...
Compiling module xil_defaultlib.ila_0_ltlib_v1_0_0_allx_typeA_no...
Compiling module xil_defaultlib.ila_0_ltlib_v1_0_0_match_nodelay...
Compiling module xil_defaultlib.ila_0_ila_v6_2_5_ila_cap_window_...
Compiling module xil_defaultlib.ila_0_ila_v6_2_5_ila_cap_addrgen
Compiling module xil_defaultlib.ila_0_ila_v6_2_5_ila_cap_ctrl_le...
Compiling module xil_defaultlib.ila_0_xsdbs_v1_0_2_reg_p2s
Compiling module xil_defaultlib.ila_0_xsdbs_v1_0_2_reg_p2s__para...
Compiling module xil_defaultlib.ila_0_xsdbs_v1_0_2_reg_p2s__para...
Compiling module simprims_ver.FDRE(INIT=1'b1)
Compiling module xil_defaultlib.ila_0_xsdbs_v1_0_2_xsdbs
Compiling module xil_defaultlib.ila_0_xsdbs_v1_0_2_reg_ctl_23
Compiling module xil_defaultlib.ila_0_xsdbs_v1_0_2_reg__paramete...
Compiling module xil_defaultlib.ila_0_xsdbs_v1_0_2_reg_ctl_22
Compiling module xil_defaultlib.ila_0_xsdbs_v1_0_2_reg__paramete...
Compiling module xil_defaultlib.ila_0_xsdbs_v1_0_2_reg_ctl_21
Compiling module xil_defaultlib.ila_0_xsdbs_v1_0_2_reg__paramete...
Compiling module xil_defaultlib.ila_0_xsdbs_v1_0_2_reg_ctl_20
Compiling module xil_defaultlib.ila_0_xsdbs_v1_0_2_reg__paramete...
Compiling module xil_defaultlib.ila_0_xsdbs_v1_0_2_reg_ctl_19
Compiling module xil_defaultlib.ila_0_xsdbs_v1_0_2_reg__paramete...
Compiling module xil_defaultlib.ila_0_xsdbs_v1_0_2_reg_ctl__para...
Compiling module xil_defaultlib.ila_0_xsdbs_v1_0_2_reg__paramete...
Compiling module xil_defaultlib.ila_0_xsdbs_v1_0_2_reg_ctl_17
Compiling module xil_defaultlib.ila_0_xsdbs_v1_0_2_reg__paramete...
Compiling module xil_defaultlib.ila_0_xsdbs_v1_0_2_reg_ctl__para...
Compiling module xil_defaultlib.ila_0_xsdbs_v1_0_2_reg__paramete...
Compiling module xil_defaultlib.ila_0_xsdbs_v1_0_2_reg_stat_16
Compiling module xil_defaultlib.ila_0_xsdbs_v1_0_2_reg__paramete...
Compiling module xil_defaultlib.ila_0_xsdbs_v1_0_2_reg_ctl__para...
Compiling module xil_defaultlib.ila_0_xsdbs_v1_0_2_reg__paramete...
Compiling module xil_defaultlib.ila_0_xsdbs_v1_0_2_reg_ctl_14
Compiling module xil_defaultlib.ila_0_xsdbs_v1_0_2_reg__paramete...
Compiling module xil_defaultlib.ila_0_xsdbs_v1_0_2_reg_ctl__para...
Compiling module xil_defaultlib.ila_0_xsdbs_v1_0_2_reg__paramete...
Compiling module xil_defaultlib.ila_0_xsdbs_v1_0_2_reg_ctl_13
Compiling module xil_defaultlib.ila_0_xsdbs_v1_0_2_reg__paramete...
Compiling module xil_defaultlib.ila_0_xsdbs_v1_0_2_reg_ctl_12
Compiling module xil_defaultlib.ila_0_xsdbs_v1_0_2_reg__paramete...
Compiling module xil_defaultlib.ila_0_xsdbs_v1_0_2_reg_ctl_11
Compiling module xil_defaultlib.ila_0_xsdbs_v1_0_2_reg__paramete...
Compiling module xil_defaultlib.ila_0_xsdbs_v1_0_2_reg_stat_10
Compiling module xil_defaultlib.ila_0_xsdbs_v1_0_2_reg__paramete...
Compiling module xil_defaultlib.ila_0_xsdbs_v1_0_2_reg_stat_9
Compiling module xil_defaultlib.ila_0_xsdbs_v1_0_2_reg__paramete...
Compiling module xil_defaultlib.ila_0_xsdbs_v1_0_2_reg_stat_24
Compiling module xil_defaultlib.ila_0_xsdbs_v1_0_2_reg__paramete...
Compiling module xil_defaultlib.ila_0_xsdbs_v1_0_2_reg_stat_8
Compiling module xil_defaultlib.ila_0_xsdbs_v1_0_2_reg__paramete...
Compiling module xil_defaultlib.ila_0_xsdbs_v1_0_2_reg_p2s__para...
Compiling module xil_defaultlib.ila_0_xsdbs_v1_0_2_reg_ctl
Compiling module xil_defaultlib.ila_0_xsdbs_v1_0_2_reg_stream
Compiling module xil_defaultlib.ila_0_xsdbs_v1_0_2_reg_stat
Compiling module xil_defaultlib.ila_0_xsdbs_v1_0_2_reg_stream__p...
Compiling module xil_defaultlib.ila_0_ila_v6_2_5_ila_register
Compiling module xil_defaultlib.ila_0_ltlib_v1_0_0_rising_edge_d...
Compiling module xil_defaultlib.ila_0_ltlib_v1_0_0_async_edge_xf...
Compiling module xil_defaultlib.ila_0_ltlib_v1_0_0_async_edge_xf...
Compiling module xil_defaultlib.ila_0_ltlib_v1_0_0_async_edge_xf...
Compiling module xil_defaultlib.ila_0_ltlib_v1_0_0_async_edge_xf...
Compiling module xil_defaultlib.ila_0_ltlib_v1_0_0_rising_edge_d...
Compiling module xil_defaultlib.ila_0_ila_v6_2_5_ila_reset_ctrl
Compiling module xil_defaultlib.CFGLUT5_HD29
Compiling module xil_defaultlib.CFGLUT5_HD30
Compiling module xil_defaultlib.CFGLUT5_HD31
Compiling module xil_defaultlib.CFGLUT5_HD32
Compiling module xil_defaultlib.ila_0_ltlib_v1_0_0_all_typeA_sli...
Compiling module xil_defaultlib.ila_0_ltlib_v1_0_0_all_typeA_2
Compiling module xil_defaultlib.ila_0_ltlib_v1_0_0_allx_typeA
Compiling module xil_defaultlib.ila_0_ltlib_v1_0_0_match
Compiling module xil_defaultlib.CFGLUT5_HD33
Compiling module xil_defaultlib.CFGLUT5_HD34
Compiling module xil_defaultlib.CFGLUT5_HD35
Compiling module xil_defaultlib.CFGLUT5_HD36
Compiling module xil_defaultlib.ila_0_ltlib_v1_0_0_all_typeA_sli...
Compiling module xil_defaultlib.ila_0_ltlib_v1_0_0_all_typeA_0
Compiling module xil_defaultlib.ila_0_ltlib_v1_0_0_allx_typeA__p...
Compiling module xil_defaultlib.ila_0_ltlib_v1_0_0_match__parame...
Compiling module xil_defaultlib.CFGLUT5_HD37
Compiling module xil_defaultlib.CFGLUT5_HD38
Compiling module xil_defaultlib.CFGLUT5_HD39
Compiling module xil_defaultlib.CFGLUT5_HD40
Compiling module xil_defaultlib.ila_0_ltlib_v1_0_0_all_typeA_sli...
Compiling module xil_defaultlib.ila_0_ltlib_v1_0_0_all_typeA
Compiling module xil_defaultlib.ila_0_ltlib_v1_0_0_allx_typeA__p...
Compiling module xil_defaultlib.ila_0_ltlib_v1_0_0_match__parame...
Compiling module xil_defaultlib.ila_0_ila_v6_2_5_ila_trig_match
Compiling module xil_defaultlib.ila_0_ila_v6_2_5_ila_trigger
Compiling module xil_defaultlib.ila_0_ltlib_v1_0_0_generic_memrd
Compiling module xil_defaultlib.ila_0_ila_v6_2_5_ila_core
Compiling module xil_defaultlib.ila_0_ila_v6_2_5_ila
Compiling module xil_defaultlib.ila_0
Compiling module simprims_ver.IBUF
Compiling module xil_defaultlib.Divider_Multiple_top
Compiling module xil_defaultlib.Divider_Multiple_top_TB
Compiling module xil_defaultlib.glbl
Built simulation snapshot Divider_Multiple_top_TB_time_impl
