INFO: [VRFC 10-2263] Analyzing Verilog file "J:/update_board/MZ7100FA/01/CH07_CLK_DIV/Miz_sys/Miz_sys.sim/sim_1/impl/timing/xsim/Divider_Multiple_top_TB_time_impl.v" into library xil_defaultlib
INFO: [VRFC 10-311] analyzing module CFGLUT5_UNIQ_BASE_
INFO: [VRFC 10-311] analyzing module CFGLUT5_HD10
INFO: [VRFC 10-311] analyzing module CFGLUT5_HD11
INFO: [VRFC 10-311] analyzing module CFGLUT5_HD12
INFO: [VRFC 10-311] analyzing module CFGLUT5_HD13
INFO: [VRFC 10-311] analyzing module CFGLUT5_HD14
INFO: [VRFC 10-311] analyzing module CFGLUT5_HD15
INFO: [VRFC 10-311] analyzing module CFGLUT5_HD16
INFO: [VRFC 10-311] analyzing module CFGLUT5_HD17
INFO: [VRFC 10-311] analyzing module CFGLUT5_HD18
INFO: [VRFC 10-311] analyzing module CFGLUT5_HD19
INFO: [VRFC 10-311] analyzing module CFGLUT5_HD20
INFO: [VRFC 10-311] analyzing module CFGLUT5_HD21
INFO: [VRFC 10-311] analyzing module CFGLUT5_HD22
INFO: [VRFC 10-311] analyzing module CFGLUT5_HD23
INFO: [VRFC 10-311] analyzing module CFGLUT5_HD24
INFO: [VRFC 10-311] analyzing module CFGLUT5_HD25
INFO: [VRFC 10-311] analyzing module CFGLUT5_HD26
INFO: [VRFC 10-311] analyzing module CFGLUT5_HD27
INFO: [VRFC 10-311] analyzing module CFGLUT5_HD28
INFO: [VRFC 10-311] analyzing module CFGLUT5_HD29
INFO: [VRFC 10-311] analyzing module CFGLUT5_HD30
INFO: [VRFC 10-311] analyzing module CFGLUT5_HD31
INFO: [VRFC 10-311] analyzing module CFGLUT5_HD32
INFO: [VRFC 10-311] analyzing module CFGLUT5_HD33
INFO: [VRFC 10-311] analyzing module CFGLUT5_HD34
INFO: [VRFC 10-311] analyzing module CFGLUT5_HD35
INFO: [VRFC 10-311] analyzing module CFGLUT5_HD36
INFO: [VRFC 10-311] analyzing module CFGLUT5_HD37
INFO: [VRFC 10-311] analyzing module CFGLUT5_HD38
INFO: [VRFC 10-311] analyzing module CFGLUT5_HD39
INFO: [VRFC 10-311] analyzing module CFGLUT5_HD40
INFO: [VRFC 10-311] analyzing module CFGLUT5_HD6
INFO: [VRFC 10-311] analyzing module CFGLUT5_HD7
INFO: [VRFC 10-311] analyzing module CFGLUT5_HD8
INFO: [VRFC 10-311] analyzing module CFGLUT5_HD9
INFO: [VRFC 10-311] analyzing module RAM32M_UNIQ_BASE_
INFO: [VRFC 10-311] analyzing module RAM32M_HD1
INFO: [VRFC 10-311] analyzing module RAM32M_HD2
INFO: [VRFC 10-311] analyzing module RAM32M_HD3
INFO: [VRFC 10-311] analyzing module RAM32M_HD4
INFO: [VRFC 10-311] analyzing module RAM32M_HD5
INFO: [VRFC 10-311] analyzing module dbg_hub_CV
INFO: [VRFC 10-311] analyzing module dbg_hub_CVclk_x_pntrs
INFO: [VRFC 10-311] analyzing module dbg_hub_CVclk_x_pntrs_7
INFO: [VRFC 10-311] analyzing module dbg_hub_CVdmem
INFO: [VRFC 10-311] analyzing module dbg_hub_CVdmem_13
INFO: [VRFC 10-311] analyzing module dbg_hub_CVfifo_generator_ramfifo
INFO: [VRFC 10-311] analyzing module dbg_hub_CVfifo_generator_ramfifo__parameterized0
INFO: [VRFC 10-311] analyzing module dbg_hub_CVfifo_generator_top
INFO: [VRFC 10-311] analyzing module dbg_hub_CVfifo_generator_top__parameterized0
INFO: [VRFC 10-311] analyzing module dbg_hub_CVfifo_generator_v13_1_4
INFO: [VRFC 10-311] analyzing module dbg_hub_CVfifo_generator_v13_1_4__parameterized0
INFO: [VRFC 10-311] analyzing module dbg_hub_CVfifo_generator_v13_1_4_synth
INFO: [VRFC 10-311] analyzing module dbg_hub_CVfifo_generator_v13_1_4_synth__parameterized0
INFO: [VRFC 10-311] analyzing module dbg_hub_CVltlib_v1_0_0_bscan
INFO: [VRFC 10-311] analyzing module dbg_hub_CVmemory
INFO: [VRFC 10-311] analyzing module dbg_hub_CVmemory__parameterized0
INFO: [VRFC 10-311] analyzing module dbg_hub_CVrd_bin_cntr
INFO: [VRFC 10-311] analyzing module dbg_hub_CVrd_bin_cntr_17
INFO: [VRFC 10-311] analyzing module dbg_hub_CVrd_fwft
INFO: [VRFC 10-311] analyzing module dbg_hub_CVrd_logic
INFO: [VRFC 10-311] analyzing module dbg_hub_CVrd_logic__parameterized0
INFO: [VRFC 10-311] analyzing module dbg_hub_CVrd_status_flags_as
INFO: [VRFC 10-311] analyzing module dbg_hub_CVrd_status_flags_as_16
INFO: [VRFC 10-311] analyzing module dbg_hub_CVreset_blk_ramfifo
INFO: [VRFC 10-311] analyzing module dbg_hub_CVreset_blk_ramfifo_8
INFO: [VRFC 10-311] analyzing module dbg_hub_CVsynchronizer_ff
INFO: [VRFC 10-311] analyzing module dbg_hub_CVsynchronizer_ff_1
INFO: [VRFC 10-311] analyzing module dbg_hub_CVsynchronizer_ff_10
INFO: [VRFC 10-311] analyzing module dbg_hub_CVsynchronizer_ff_11
INFO: [VRFC 10-311] analyzing module dbg_hub_CVsynchronizer_ff_12
INFO: [VRFC 10-311] analyzing module dbg_hub_CVsynchronizer_ff_2
INFO: [VRFC 10-311] analyzing module dbg_hub_CVsynchronizer_ff_3
INFO: [VRFC 10-311] analyzing module dbg_hub_CVsynchronizer_ff_9
INFO: [VRFC 10-311] analyzing module dbg_hub_CVsynchronizer_ff__parameterized0
INFO: [VRFC 10-311] analyzing module dbg_hub_CVsynchronizer_ff__parameterized0_18
INFO: [VRFC 10-311] analyzing module dbg_hub_CVsynchronizer_ff__parameterized0_19
INFO: [VRFC 10-311] analyzing module dbg_hub_CVsynchronizer_ff__parameterized0_20
INFO: [VRFC 10-311] analyzing module dbg_hub_CVsynchronizer_ff__parameterized0_21
INFO: [VRFC 10-311] analyzing module dbg_hub_CVsynchronizer_ff__parameterized0_4
INFO: [VRFC 10-311] analyzing module dbg_hub_CVsynchronizer_ff__parameterized0_5
INFO: [VRFC 10-311] analyzing module dbg_hub_CVsynchronizer_ff__parameterized0_6
INFO: [VRFC 10-311] analyzing module dbg_hub_CVwr_bin_cntr
INFO: [VRFC 10-311] analyzing module dbg_hub_CVwr_bin_cntr_15
INFO: [VRFC 10-311] analyzing module dbg_hub_CVwr_logic
INFO: [VRFC 10-311] analyzing module dbg_hub_CVwr_logic__parameterized0
INFO: [VRFC 10-311] analyzing module dbg_hub_CVwr_status_flags_as
INFO: [VRFC 10-311] analyzing module dbg_hub_CVwr_status_flags_as_14
INFO: [VRFC 10-311] analyzing module dbg_hub_CVxsdbm_v3_0_0_addr_ctl
INFO: [VRFC 10-311] analyzing module dbg_hub_CVxsdbm_v3_0_0_bscan_switch
INFO: [VRFC 10-311] analyzing module dbg_hub_CVxsdbm_v3_0_0_burst_wdlen_ctl
INFO: [VRFC 10-311] analyzing module dbg_hub_CVxsdbm_v3_0_0_bus_ctl
INFO: [VRFC 10-311] analyzing module dbg_hub_CVxsdbm_v3_0_0_bus_ctl_cnt
INFO: [VRFC 10-311] analyzing module dbg_hub_CVxsdbm_v3_0_0_bus_ctl_flg
INFO: [VRFC 10-311] analyzing module dbg_hub_CVxsdbm_v3_0_0_bus_ctl_flg__parameterized0
INFO: [VRFC 10-311] analyzing module dbg_hub_CVxsdbm_v3_0_0_bus_mstr2sl_if
INFO: [VRFC 10-311] analyzing module dbg_hub_CVxsdbm_v3_0_0_cmd_decode
INFO: [VRFC 10-311] analyzing module dbg_hub_CVxsdbm_v3_0_0_ctl_reg
INFO: [VRFC 10-311] analyzing module dbg_hub_CVxsdbm_v3_0_0_ctl_reg__parameterized0
INFO: [VRFC 10-311] analyzing module dbg_hub_CVxsdbm_v3_0_0_ctl_reg__parameterized1
INFO: [VRFC 10-311] analyzing module dbg_hub_CVxsdbm_v3_0_0_ctl_reg__parameterized2
INFO: [VRFC 10-311] analyzing module dbg_hub_CVxsdbm_v3_0_0_icon
INFO: [VRFC 10-311] analyzing module dbg_hub_CVxsdbm_v3_0_0_icon2xsdb
INFO: [VRFC 10-311] analyzing module dbg_hub_CVxsdbm_v3_0_0_if
INFO: [VRFC 10-311] analyzing module dbg_hub_CVxsdbm_v3_0_0_if_static_status
INFO: [VRFC 10-311] analyzing module dbg_hub_CVxsdbm_v3_0_0_rdfifo
INFO: [VRFC 10-311] analyzing module dbg_hub_CVxsdbm_v3_0_0_rdreg
INFO: [VRFC 10-311] analyzing module dbg_hub_CVxsdbm_v3_0_0_stat
INFO: [VRFC 10-311] analyzing module dbg_hub_CVxsdbm_v3_0_0_stat_reg
INFO: [VRFC 10-311] analyzing module dbg_hub_CVxsdbm_v3_0_0_stat_reg__parameterized0
INFO: [VRFC 10-311] analyzing module dbg_hub_CVxsdbm_v3_0_0_stat_reg__parameterized0_0
INFO: [VRFC 10-311] analyzing module dbg_hub_CVxsdbm_v3_0_0_sync
INFO: [VRFC 10-311] analyzing module dbg_hub_CVxsdbm_v3_0_0_wrfifo
INFO: [VRFC 10-311] analyzing module dbg_hub_CVxsdbm_v3_0_0_wrreg
INFO: [VRFC 10-311] analyzing module dbg_hub_CVxsdbm_v3_0_0_xsdbm
INFO: [VRFC 10-311] analyzing module dbg_hub_CVxsdbm_v3_0_0_xsdbm_id
INFO: [VRFC 10-311] analyzing module Divider_Multiple_top
INFO: [VRFC 10-311] analyzing module ila_0
INFO: [VRFC 10-311] analyzing module ila_0_blk_mem_gen_generic_cstr
INFO: [VRFC 10-311] analyzing module ila_0_blk_mem_gen_prim_width
INFO: [VRFC 10-311] analyzing module ila_0_blk_mem_gen_prim_wrapper
INFO: [VRFC 10-311] analyzing module ila_0_blk_mem_gen_top
INFO: [VRFC 10-311] analyzing module ila_0_blk_mem_gen_v8_3_6
INFO: [VRFC 10-311] analyzing module ila_0_blk_mem_gen_v8_3_6_synth
INFO: [VRFC 10-311] analyzing module ila_0_ila_v6_2_5_ila
INFO: [VRFC 10-311] analyzing module ila_0_ila_v6_2_5_ila_cap_addrgen
INFO: [VRFC 10-311] analyzing module ila_0_ila_v6_2_5_ila_cap_ctrl_legacy
INFO: [VRFC 10-311] analyzing module ila_0_ila_v6_2_5_ila_cap_sample_counter
INFO: [VRFC 10-311] analyzing module ila_0_ila_v6_2_5_ila_cap_window_counter
INFO: [VRFC 10-311] analyzing module ila_0_ila_v6_2_5_ila_core
INFO: [VRFC 10-311] analyzing module ila_0_ila_v6_2_5_ila_register
INFO: [VRFC 10-311] analyzing module ila_0_ila_v6_2_5_ila_reset_ctrl
INFO: [VRFC 10-311] analyzing module ila_0_ila_v6_2_5_ila_trace_memory
INFO: [VRFC 10-311] analyzing module ila_0_ila_v6_2_5_ila_trig_match
INFO: [VRFC 10-311] analyzing module ila_0_ila_v6_2_5_ila_trigger
INFO: [VRFC 10-311] analyzing module ila_0_ltlib_v1_0_0_all_typeA
INFO: [VRFC 10-311] analyzing module ila_0_ltlib_v1_0_0_all_typeA_0
INFO: [VRFC 10-311] analyzing module ila_0_ltlib_v1_0_0_all_typeA_2
INFO: [VRFC 10-311] analyzing module ila_0_ltlib_v1_0_0_all_typeA__parameterized0
INFO: [VRFC 10-311] analyzing module ila_0_ltlib_v1_0_0_all_typeA__parameterized0_29
INFO: [VRFC 10-311] analyzing module ila_0_ltlib_v1_0_0_all_typeA__parameterized0_37
INFO: [VRFC 10-311] analyzing module ila_0_ltlib_v1_0_0_all_typeA_slice
INFO: [VRFC 10-311] analyzing module ila_0_ltlib_v1_0_0_all_typeA_slice_1
INFO: [VRFC 10-311] analyzing module ila_0_ltlib_v1_0_0_all_typeA_slice_3
INFO: [VRFC 10-311] analyzing module ila_0_ltlib_v1_0_0_all_typeA_slice__parameterized0
INFO: [VRFC 10-311] analyzing module ila_0_ltlib_v1_0_0_all_typeA_slice__parameterized0_30
INFO: [VRFC 10-311] analyzing module ila_0_ltlib_v1_0_0_all_typeA_slice__parameterized0_38
INFO: [VRFC 10-311] analyzing module ila_0_ltlib_v1_0_0_all_typeA_slice__parameterized1
INFO: [VRFC 10-311] analyzing module ila_0_ltlib_v1_0_0_all_typeA_slice__parameterized1_31
INFO: [VRFC 10-311] analyzing module ila_0_ltlib_v1_0_0_all_typeA_slice__parameterized1_39
INFO: [VRFC 10-311] analyzing module ila_0_ltlib_v1_0_0_allx_typeA
INFO: [VRFC 10-311] analyzing module ila_0_ltlib_v1_0_0_allx_typeA__parameterized0
INFO: [VRFC 10-311] analyzing module ila_0_ltlib_v1_0_0_allx_typeA__parameterized1
INFO: [VRFC 10-311] analyzing module ila_0_ltlib_v1_0_0_allx_typeA_nodelay
INFO: [VRFC 10-311] analyzing module ila_0_ltlib_v1_0_0_allx_typeA_nodelay_28
INFO: [VRFC 10-311] analyzing module ila_0_ltlib_v1_0_0_allx_typeA_nodelay_36
INFO: [VRFC 10-311] analyzing module ila_0_ltlib_v1_0_0_async_edge_xfer
INFO: [VRFC 10-311] analyzing module ila_0_ltlib_v1_0_0_async_edge_xfer_4
INFO: [VRFC 10-311] analyzing module ila_0_ltlib_v1_0_0_async_edge_xfer_5
INFO: [VRFC 10-311] analyzing module ila_0_ltlib_v1_0_0_async_edge_xfer_6
INFO: [VRFC 10-311] analyzing module ila_0_ltlib_v1_0_0_cfglut4
INFO: [VRFC 10-311] analyzing module ila_0_ltlib_v1_0_0_cfglut4_32
INFO: [VRFC 10-311] analyzing module ila_0_ltlib_v1_0_0_cfglut5
INFO: [VRFC 10-311] analyzing module ila_0_ltlib_v1_0_0_cfglut5_26
INFO: [VRFC 10-311] analyzing module ila_0_ltlib_v1_0_0_cfglut5_33
INFO: [VRFC 10-311] analyzing module ila_0_ltlib_v1_0_0_cfglut6
INFO: [VRFC 10-311] analyzing module ila_0_ltlib_v1_0_0_cfglut6_34
INFO: [VRFC 10-311] analyzing module ila_0_ltlib_v1_0_0_cfglut6__parameterized0
INFO: [VRFC 10-311] analyzing module ila_0_ltlib_v1_0_0_cfglut7
INFO: [VRFC 10-311] analyzing module ila_0_ltlib_v1_0_0_cfglut7_25
INFO: [VRFC 10-311] analyzing module ila_0_ltlib_v1_0_0_generic_memrd
INFO: [VRFC 10-311] analyzing module ila_0_ltlib_v1_0_0_match
INFO: [VRFC 10-311] analyzing module ila_0_ltlib_v1_0_0_match__parameterized0
INFO: [VRFC 10-311] analyzing module ila_0_ltlib_v1_0_0_match__parameterized1
INFO: [VRFC 10-311] analyzing module ila_0_ltlib_v1_0_0_match_nodelay
INFO: [VRFC 10-311] analyzing module ila_0_ltlib_v1_0_0_match_nodelay_27
INFO: [VRFC 10-311] analyzing module ila_0_ltlib_v1_0_0_match_nodelay_35
INFO: [VRFC 10-311] analyzing module ila_0_ltlib_v1_0_0_rising_edge_detection
INFO: [VRFC 10-311] analyzing module ila_0_ltlib_v1_0_0_rising_edge_detection_7
INFO: [VRFC 10-311] analyzing module ila_0_xsdbs_v1_0_2_reg__parameterized13
INFO: [VRFC 10-311] analyzing module ila_0_xsdbs_v1_0_2_reg__parameterized14
INFO: [VRFC 10-311] analyzing module ila_0_xsdbs_v1_0_2_reg__parameterized15
INFO: [VRFC 10-311] analyzing module ila_0_xsdbs_v1_0_2_reg__parameterized16
INFO: [VRFC 10-311] analyzing module ila_0_xsdbs_v1_0_2_reg__parameterized28
INFO: [VRFC 10-311] analyzing module ila_0_xsdbs_v1_0_2_reg__parameterized29
INFO: [VRFC 10-311] analyzing module ila_0_xsdbs_v1_0_2_reg__parameterized30
INFO: [VRFC 10-311] analyzing module ila_0_xsdbs_v1_0_2_reg__parameterized31
INFO: [VRFC 10-311] analyzing module ila_0_xsdbs_v1_0_2_reg__parameterized32
INFO: [VRFC 10-311] analyzing module ila_0_xsdbs_v1_0_2_reg__parameterized33
INFO: [VRFC 10-311] analyzing module ila_0_xsdbs_v1_0_2_reg__parameterized34
INFO: [VRFC 10-311] analyzing module ila_0_xsdbs_v1_0_2_reg__parameterized35
INFO: [VRFC 10-311] analyzing module ila_0_xsdbs_v1_0_2_reg__parameterized36
INFO: [VRFC 10-311] analyzing module ila_0_xsdbs_v1_0_2_reg__parameterized37
INFO: [VRFC 10-311] analyzing module ila_0_xsdbs_v1_0_2_reg__parameterized38
INFO: [VRFC 10-311] analyzing module ila_0_xsdbs_v1_0_2_reg__parameterized39
INFO: [VRFC 10-311] analyzing module ila_0_xsdbs_v1_0_2_reg__parameterized41
INFO: [VRFC 10-311] analyzing module ila_0_xsdbs_v1_0_2_reg__parameterized43
INFO: [VRFC 10-311] analyzing module ila_0_xsdbs_v1_0_2_reg__parameterized46
INFO: [VRFC 10-311] analyzing module ila_0_xsdbs_v1_0_2_reg_ctl
INFO: [VRFC 10-311] analyzing module ila_0_xsdbs_v1_0_2_reg_ctl_11
INFO: [VRFC 10-311] analyzing module ila_0_xsdbs_v1_0_2_reg_ctl_12
INFO: [VRFC 10-311] analyzing module ila_0_xsdbs_v1_0_2_reg_ctl_13
INFO: [VRFC 10-311] analyzing module ila_0_xsdbs_v1_0_2_reg_ctl_14
INFO: [VRFC 10-311] analyzing module ila_0_xsdbs_v1_0_2_reg_ctl_17
INFO: [VRFC 10-311] analyzing module ila_0_xsdbs_v1_0_2_reg_ctl_19
INFO: [VRFC 10-311] analyzing module ila_0_xsdbs_v1_0_2_reg_ctl_20
INFO: [VRFC 10-311] analyzing module ila_0_xsdbs_v1_0_2_reg_ctl_21
INFO: [VRFC 10-311] analyzing module ila_0_xsdbs_v1_0_2_reg_ctl_22
INFO: [VRFC 10-311] analyzing module ila_0_xsdbs_v1_0_2_reg_ctl_23
INFO: [VRFC 10-311] analyzing module ila_0_xsdbs_v1_0_2_reg_ctl__parameterized0
INFO: [VRFC 10-311] analyzing module ila_0_xsdbs_v1_0_2_reg_ctl__parameterized1
INFO: [VRFC 10-311] analyzing module ila_0_xsdbs_v1_0_2_reg_ctl__parameterized1_15
INFO: [VRFC 10-311] analyzing module ila_0_xsdbs_v1_0_2_reg_ctl__parameterized1_18
INFO: [VRFC 10-311] analyzing module ila_0_xsdbs_v1_0_2_reg_p2s
INFO: [VRFC 10-311] analyzing module ila_0_xsdbs_v1_0_2_reg_p2s__parameterized0
INFO: [VRFC 10-311] analyzing module ila_0_xsdbs_v1_0_2_reg_p2s__parameterized1
INFO: [VRFC 10-311] analyzing module ila_0_xsdbs_v1_0_2_reg_p2s__parameterized2
INFO: [VRFC 10-311] analyzing module ila_0_xsdbs_v1_0_2_reg_stat
INFO: [VRFC 10-311] analyzing module ila_0_xsdbs_v1_0_2_reg_stat_10
INFO: [VRFC 10-311] analyzing module ila_0_xsdbs_v1_0_2_reg_stat_16
INFO: [VRFC 10-311] analyzing module ila_0_xsdbs_v1_0_2_reg_stat_24
INFO: [VRFC 10-311] analyzing module ila_0_xsdbs_v1_0_2_reg_stat_8
INFO: [VRFC 10-311] analyzing module ila_0_xsdbs_v1_0_2_reg_stat_9
INFO: [VRFC 10-311] analyzing module ila_0_xsdbs_v1_0_2_reg_stream
INFO: [VRFC 10-311] analyzing module ila_0_xsdbs_v1_0_2_reg_stream__parameterized0
INFO: [VRFC 10-311] analyzing module ila_0_xsdbs_v1_0_2_xsdbs
INFO: [VRFC 10-311] analyzing module glbl
INFO: [VRFC 10-2263] Analyzing Verilog file "J:/update_board/MZ7100FA/01/CH07_CLK_DIV/Miz_sys/Miz_sys.srcs/sim_1/new/Divider_Multiple_top_TB.v" into library xil_defaultlib
INFO: [VRFC 10-311] analyzing module Divider_Multiple_top_TB
