

================================================================
== Vivado HLS Report for 'AXIvideo2Mat'
================================================================
* Date:           Tue Jul 28 10:09:19 2020

* Version:        2018.3 (Build 2405991 on Thu Dec 06 23:56:15 MST 2018)
* Project:        skin_detect
* Solution:       solution1
* Product family: aartix7
* Target device:  xa7a12tcsg325-1q


================================================================
== Performance Estimates
================================================================
+ Timing (ns): 
    * Summary: 
    +--------+-------+----------+------------+
    |  Clock | Target| Estimated| Uncertainty|
    +--------+-------+----------+------------+
    |ap_clk  |  10.00|     5.572|        1.25|
    +--------+-------+----------+------------+

+ Latency (clock cycles): 
    * Summary: 
    +-----+---------+-----+---------+---------+
    |    Latency    |    Interval   | Pipeline|
    | min |   max   | min |   max   |   Type  |
    +-----+---------+-----+---------+---------+
    |    3|  2080083|    3|  2080083|   none  |
    +-----+---------+-----+---------+---------+

    + Detail: 
        * Instance: 
        N/A

        * Loop: 
        +-----------------------+-----+---------+----------+-----------+-----------+----------+----------+
        |                       |    Latency    | Iteration|  Initiation Interval  |   Trip   |          |
        |       Loop Name       | min |   max   |  Latency |  achieved |   target  |   Count  | Pipelined|
        +-----------------------+-----+---------+----------+-----------+-----------+----------+----------+
        |- loop_wait_for_start  |    0|        0|         1|          1|          1|         0|    yes   |
        |- loop_height          |    0|  2080080| 6 ~ 1926 |          -|          -| 0 ~ 1080 |    no    |
        | + loop_width          |    1|     1921|         3|          1|          1| 0 ~ 1920 |    yes   |
        | + loop_wait_for_eol   |    0|        0|         1|          1|          1|         0|    yes   |
        +-----------------------+-----+---------+----------+-----------+-----------+----------+----------+



================================================================
== Utilization Estimates
================================================================
* Summary: 
+-----------------+---------+-------+-------+------+
|       Name      | BRAM_18K| DSP48E|   FF  |  LUT |
+-----------------+---------+-------+-------+------+
|DSP              |        -|      -|      -|     -|
|Expression       |        -|      -|      0|   202|
|FIFO             |        -|      -|      -|     -|
|Instance         |        -|      -|      -|     -|
|Memory           |        -|      -|      -|     -|
|Multiplexer      |        -|      -|      -|   329|
|Register         |        -|      -|    302|     -|
+-----------------+---------+-------+-------+------+
|Total            |        0|      0|    302|   531|
+-----------------+---------+-------+-------+------+
|Available        |       40|     40|  16000|  8000|
+-----------------+---------+-------+-------+------+
|Utilization (%)  |        0|      0|      1|     6|
+-----------------+---------+-------+-------+------+

+ Detail: 
    * Instance: 
    N/A

    * DSP48: 
    N/A

    * Memory: 
    N/A

    * FIFO: 
    N/A

    * Expression: 
    +----------------------------------+----------+-------+---+----+------------+------------+
    |           Variable Name          | Operation| DSP48E| FF| LUT| Bitwidth P0| Bitwidth P1|
    +----------------------------------+----------+-------+---+----+------------+------------+
    |i_V_fu_418_p2                     |     +    |      0|  0|  39|          32|           1|
    |j_V_fu_429_p2                     |     +    |      0|  0|  39|          32|           1|
    |AXI_video_strm_V_id_V0_status     |    and   |      0|  0|   8|           1|           1|
    |ap_block_state6_pp1_stage0_iter1  |    and   |      0|  0|   8|           1|           1|
    |ap_block_state9                   |    and   |      0|  0|   8|           1|           1|
    |ap_condition_249                  |    and   |      0|  0|   8|           1|           1|
    |ap_condition_287                  |    and   |      0|  0|   8|           1|           1|
    |ap_predicate_op59_read_state6     |    and   |      0|  0|   8|           1|           1|
    |exitcond2_fu_413_p2               |   icmp   |      0|  0|  18|          32|          32|
    |exitcond_fu_424_p2                |   icmp   |      0|  0|  18|          32|          32|
    |ap_block_pp1_stage0_01001         |    or    |      0|  0|   8|           1|           1|
    |ap_block_state1                   |    or    |      0|  0|   8|           1|           1|
    |ap_block_state7_pp1_stage0_iter2  |    or    |      0|  0|   8|           1|           1|
    |brmerge_fu_438_p2                 |    or    |      0|  0|   8|           1|           1|
    |ap_enable_pp1                     |    xor   |      0|  0|   8|           1|           2|
    +----------------------------------+----------+-------+---+----+------------+------------+
    |Total                             |          |      0|  0| 202|         139|          78|
    +----------------------------------+----------+-------+---+----+------------+------------+

    * Multiplexer: 
    +---------------------------------------+----+-----------+-----+-----------+
    |                  Name                 | LUT| Input Size| Bits| Total Bits|
    +---------------------------------------+----+-----------+-----+-----------+
    |AXI_video_strm_V_data_V_blk_n          |   9|          2|    1|          2|
    |AXI_video_strm_V_dest_V_blk_n          |   9|          2|    1|          2|
    |AXI_video_strm_V_id_V_blk_n            |   9|          2|    1|          2|
    |AXI_video_strm_V_keep_V_blk_n          |   9|          2|    1|          2|
    |AXI_video_strm_V_last_V_blk_n          |   9|          2|    1|          2|
    |AXI_video_strm_V_strb_V_blk_n          |   9|          2|    1|          2|
    |AXI_video_strm_V_user_V_blk_n          |   9|          2|    1|          2|
    |ap_NS_fsm                              |  44|          9|    1|          9|
    |ap_done                                |   9|          2|    1|          2|
    |ap_enable_reg_pp1_iter1                |   9|          2|    1|          2|
    |ap_enable_reg_pp1_iter2                |  15|          3|    1|          3|
    |ap_phi_mux_axi_data_V_1_phi_fu_315_p4  |   9|          2|   32|         64|
    |ap_phi_mux_eol_1_phi_fu_304_p4         |   9|          2|    1|          2|
    |ap_phi_mux_eol_phi_fu_327_p4           |   9|          2|    1|          2|
    |ap_phi_mux_p_Val2_s_phi_fu_352_p4      |  15|          3|   32|         96|
    |axi_data_V1_reg_269                    |   9|          2|   32|         64|
    |axi_data_V_1_reg_312                   |   9|          2|   32|         64|
    |axi_data_V_3_reg_372                   |   9|          2|   32|         64|
    |axi_last_V1_reg_259                    |   9|          2|    1|          2|
    |axi_last_V_2_reg_335                   |  15|          3|    1|          3|
    |axi_last_V_3_reg_360                   |   9|          2|    1|          2|
    |eol_1_reg_301                          |   9|          2|    1|          2|
    |eol_2_reg_384                          |   9|          2|    1|          2|
    |eol_reg_323                            |   9|          2|    1|          2|
    |img_data_stream_0_V_blk_n              |   9|          2|    1|          2|
    |img_data_stream_1_V_blk_n              |   9|          2|    1|          2|
    |img_data_stream_2_V_blk_n              |   9|          2|    1|          2|
    |p_Val2_s_reg_348                       |  15|          3|   32|         96|
    |t_V_2_reg_290                          |   9|          2|   32|         64|
    |t_V_reg_279                            |   9|          2|   32|         64|
    +---------------------------------------+----+-----------+-----+-----------+
    |Total                                  | 329|         71|  278|        629|
    +---------------------------------------+----+-----------+-----+-----------+

    * Register: 
    +--------------------------------+----+----+-----+-----------+
    |              Name              | FF | LUT| Bits| Const Bits|
    +--------------------------------+----+----+-----+-----------+
    |ap_CS_fsm                       |   8|   0|    8|          0|
    |ap_done_reg                     |   1|   0|    1|          0|
    |ap_enable_reg_pp1_iter0         |   1|   0|    1|          0|
    |ap_enable_reg_pp1_iter1         |   1|   0|    1|          0|
    |ap_enable_reg_pp1_iter2         |   1|   0|    1|          0|
    |axi_data_V1_reg_269             |  32|   0|   32|          0|
    |axi_data_V_1_reg_312            |  32|   0|   32|          0|
    |axi_data_V_3_reg_372            |  32|   0|   32|          0|
    |axi_last_V1_reg_259             |   1|   0|    1|          0|
    |axi_last_V_2_reg_335            |   1|   0|    1|          0|
    |axi_last_V_3_reg_360            |   1|   0|    1|          0|
    |eol_1_reg_301                   |   1|   0|    1|          0|
    |eol_2_reg_384                   |   1|   0|    1|          0|
    |eol_reg_323                     |   1|   0|    1|          0|
    |exitcond_reg_512                |   1|   0|    1|          0|
    |exitcond_reg_512_pp1_iter1_reg  |   1|   0|    1|          0|
    |i_V_reg_507                     |  32|   0|   32|          0|
    |p_Val2_s_reg_348                |  32|   0|   32|          0|
    |sof_1_fu_204                    |   1|   0|    1|          0|
    |t_V_2_reg_290                   |  32|   0|   32|          0|
    |t_V_reg_279                     |  32|   0|   32|          0|
    |tmp_4_reg_530                   |   8|   0|    8|          0|
    |tmp_5_reg_535                   |   8|   0|    8|          0|
    |tmp_8_reg_525                   |   8|   0|    8|          0|
    |tmp_data_V_reg_483              |  32|   0|   32|          0|
    |tmp_last_V_reg_491              |   1|   0|    1|          0|
    +--------------------------------+----+----+-----+-----------+
    |Total                           | 302|   0|  302|          0|
    +--------------------------------+----+----+-----+-----------+



================================================================
== Interface
================================================================
* Summary: 
+---------------------------------+-----+-----+------------+-------------------------+--------------+
|            RTL Ports            | Dir | Bits|  Protocol  |      Source Object      |    C Type    |
+---------------------------------+-----+-----+------------+-------------------------+--------------+
|ap_clk                           |  in |    1| ap_ctrl_hs |       AXIvideo2Mat      | return value |
|ap_rst                           |  in |    1| ap_ctrl_hs |       AXIvideo2Mat      | return value |
|ap_start                         |  in |    1| ap_ctrl_hs |       AXIvideo2Mat      | return value |
|ap_done                          | out |    1| ap_ctrl_hs |       AXIvideo2Mat      | return value |
|ap_continue                      |  in |    1| ap_ctrl_hs |       AXIvideo2Mat      | return value |
|ap_idle                          | out |    1| ap_ctrl_hs |       AXIvideo2Mat      | return value |
|ap_ready                         | out |    1| ap_ctrl_hs |       AXIvideo2Mat      | return value |
|AXI_video_strm_V_data_V_dout     |  in |   32|   ap_fifo  | AXI_video_strm_V_data_V |    pointer   |
|AXI_video_strm_V_data_V_empty_n  |  in |    1|   ap_fifo  | AXI_video_strm_V_data_V |    pointer   |
|AXI_video_strm_V_data_V_read     | out |    1|   ap_fifo  | AXI_video_strm_V_data_V |    pointer   |
|AXI_video_strm_V_keep_V_dout     |  in |    4|   ap_fifo  | AXI_video_strm_V_keep_V |    pointer   |
|AXI_video_strm_V_keep_V_empty_n  |  in |    1|   ap_fifo  | AXI_video_strm_V_keep_V |    pointer   |
|AXI_video_strm_V_keep_V_read     | out |    1|   ap_fifo  | AXI_video_strm_V_keep_V |    pointer   |
|AXI_video_strm_V_strb_V_dout     |  in |    4|   ap_fifo  | AXI_video_strm_V_strb_V |    pointer   |
|AXI_video_strm_V_strb_V_empty_n  |  in |    1|   ap_fifo  | AXI_video_strm_V_strb_V |    pointer   |
|AXI_video_strm_V_strb_V_read     | out |    1|   ap_fifo  | AXI_video_strm_V_strb_V |    pointer   |
|AXI_video_strm_V_user_V_dout     |  in |    1|   ap_fifo  | AXI_video_strm_V_user_V |    pointer   |
|AXI_video_strm_V_user_V_empty_n  |  in |    1|   ap_fifo  | AXI_video_strm_V_user_V |    pointer   |
|AXI_video_strm_V_user_V_read     | out |    1|   ap_fifo  | AXI_video_strm_V_user_V |    pointer   |
|AXI_video_strm_V_last_V_dout     |  in |    1|   ap_fifo  | AXI_video_strm_V_last_V |    pointer   |
|AXI_video_strm_V_last_V_empty_n  |  in |    1|   ap_fifo  | AXI_video_strm_V_last_V |    pointer   |
|AXI_video_strm_V_last_V_read     | out |    1|   ap_fifo  | AXI_video_strm_V_last_V |    pointer   |
|AXI_video_strm_V_id_V_dout       |  in |    1|   ap_fifo  |  AXI_video_strm_V_id_V  |    pointer   |
|AXI_video_strm_V_id_V_empty_n    |  in |    1|   ap_fifo  |  AXI_video_strm_V_id_V  |    pointer   |
|AXI_video_strm_V_id_V_read       | out |    1|   ap_fifo  |  AXI_video_strm_V_id_V  |    pointer   |
|AXI_video_strm_V_dest_V_dout     |  in |    1|   ap_fifo  | AXI_video_strm_V_dest_V |    pointer   |
|AXI_video_strm_V_dest_V_empty_n  |  in |    1|   ap_fifo  | AXI_video_strm_V_dest_V |    pointer   |
|AXI_video_strm_V_dest_V_read     | out |    1|   ap_fifo  | AXI_video_strm_V_dest_V |    pointer   |
|img_rows_V_read                  |  in |   32|   ap_none  |     img_rows_V_read     |    scalar    |
|img_cols_V_read                  |  in |   32|   ap_none  |     img_cols_V_read     |    scalar    |
|img_data_stream_0_V_din          | out |    8|   ap_fifo  |   img_data_stream_0_V   |    pointer   |
|img_data_stream_0_V_full_n       |  in |    1|   ap_fifo  |   img_data_stream_0_V   |    pointer   |
|img_data_stream_0_V_write        | out |    1|   ap_fifo  |   img_data_stream_0_V   |    pointer   |
|img_data_stream_1_V_din          | out |    8|   ap_fifo  |   img_data_stream_1_V   |    pointer   |
|img_data_stream_1_V_full_n       |  in |    1|   ap_fifo  |   img_data_stream_1_V   |    pointer   |
|img_data_stream_1_V_write        | out |    1|   ap_fifo  |   img_data_stream_1_V   |    pointer   |
|img_data_stream_2_V_din          | out |    8|   ap_fifo  |   img_data_stream_2_V   |    pointer   |
|img_data_stream_2_V_full_n       |  in |    1|   ap_fifo  |   img_data_stream_2_V   |    pointer   |
|img_data_stream_2_V_write        | out |    1|   ap_fifo  |   img_data_stream_2_V   |    pointer   |
+---------------------------------+-----+-----+------------+-------------------------+--------------+

