

================================================================
== Vivado HLS Report for 'Filter2D'
================================================================
* Date:           Sat Jul 25 15:32:50 2020

* Version:        2018.3 (Build 2405991 on Thu Dec 06 23:56:15 MST 2018)
* Project:        Sobel
* Solution:       solution1
* Product family: kintexu
* Target device:  xcku115-flvd1517-2-e


================================================================
== Performance Estimates
================================================================
+ Timing (ns): 
    * Summary: 
    +--------+-------+----------+------------+
    |  Clock | Target| Estimated| Uncertainty|
    +--------+-------+----------+------------+
    |ap_clk  |  10.00|     7.786|        1.25|
    +--------+-------+----------+------------+

+ Latency (clock cycles): 
    * Summary: 
    +-----+---------+-----+---------+---------+
    |    Latency    |    Interval   | Pipeline|
    | min |   max   | min |   max   |   Type  |
    +-----+---------+-----+---------+---------+
    |  130|  2085862|  130|  2085862|   none  |
    +-----+---------+-----+---------+---------+

    + Detail: 
        * Instance: 
        N/A

        * Loop: 
        +---------------+-----+---------+-----------+-----------+-----------+-----------+----------+
        |               |    Latency    | Iteration |  Initiation Interval  |    Trip   |          |
        |   Loop Name   | min |   max   |  Latency  |  achieved |   target  |   Count   | Pipelined|
        +---------------+-----+---------+-----------+-----------+-----------+-----------+----------+
        |- Loop 1       |    2|        2|          1|          -|          -|          3|    no    |
        |- loop_height  |  126|  2085858| 14 ~ 1926 |          -|          -|  9 ~ 1083 |    no    |
        | + loop_width  |   11|     1923|          3|          1|          1| 10 ~ 1922 |    yes   |
        +---------------+-----+---------+-----------+-----------+-----------+-----------+----------+



================================================================
== Utilization Estimates
================================================================
* Summary: 
+---------------------+---------+-------+---------+--------+
|         Name        | BRAM_18K| DSP48E|    FF   |   LUT  |
+---------------------+---------+-------+---------+--------+
|DSP                  |        -|      -|        -|       -|
|Expression           |        -|      -|        0|    2493|
|FIFO                 |        -|      -|        -|       -|
|Instance             |        -|      -|        0|     234|
|Memory               |        9|      -|        0|       0|
|Multiplexer          |        -|      -|        -|     228|
|Register             |        -|      -|      536|       -|
+---------------------+---------+-------+---------+--------+
|Total                |        9|      0|      536|    2955|
+---------------------+---------+-------+---------+--------+
|Available SLR        |     2160|   2760|   663360|  331680|
+---------------------+---------+-------+---------+--------+
|Utilization SLR (%)  |    ~0   |      0|    ~0   |   ~0   |
+---------------------+---------+-------+---------+--------+
|Available            |     4320|   5520|  1326720|  663360|
+---------------------+---------+-------+---------+--------+
|Utilization (%)      |    ~0   |      0|    ~0   |   ~0   |
+---------------------+---------+-------+---------+--------+

+ Detail: 
    * Instance: 
    +--------------------------+----------------------+---------+-------+---+----+
    |         Instance         |        Module        | BRAM_18K| DSP48E| FF| LUT|
    +--------------------------+----------------------+---------+-------+---+----+
    |hls_sobel_mux_32_kbM_U13  |hls_sobel_mux_32_kbM  |        0|      0|  0|  13|
    |hls_sobel_mux_32_kbM_U14  |hls_sobel_mux_32_kbM  |        0|      0|  0|  13|
    |hls_sobel_mux_32_kbM_U15  |hls_sobel_mux_32_kbM  |        0|      0|  0|  13|
    |hls_sobel_mux_32_kbM_U16  |hls_sobel_mux_32_kbM  |        0|      0|  0|  13|
    |hls_sobel_mux_32_kbM_U17  |hls_sobel_mux_32_kbM  |        0|      0|  0|  13|
    |hls_sobel_mux_32_kbM_U18  |hls_sobel_mux_32_kbM  |        0|      0|  0|  13|
    |hls_sobel_mux_32_kbM_U19  |hls_sobel_mux_32_kbM  |        0|      0|  0|  13|
    |hls_sobel_mux_32_kbM_U20  |hls_sobel_mux_32_kbM  |        0|      0|  0|  13|
    |hls_sobel_mux_32_kbM_U21  |hls_sobel_mux_32_kbM  |        0|      0|  0|  13|
    |hls_sobel_mux_32_kbM_U22  |hls_sobel_mux_32_kbM  |        0|      0|  0|  13|
    |hls_sobel_mux_32_kbM_U23  |hls_sobel_mux_32_kbM  |        0|      0|  0|  13|
    |hls_sobel_mux_32_kbM_U24  |hls_sobel_mux_32_kbM  |        0|      0|  0|  13|
    |hls_sobel_mux_32_kbM_U25  |hls_sobel_mux_32_kbM  |        0|      0|  0|  13|
    |hls_sobel_mux_32_kbM_U26  |hls_sobel_mux_32_kbM  |        0|      0|  0|  13|
    |hls_sobel_mux_32_kbM_U27  |hls_sobel_mux_32_kbM  |        0|      0|  0|  13|
    |hls_sobel_mux_32_kbM_U28  |hls_sobel_mux_32_kbM  |        0|      0|  0|  13|
    |hls_sobel_mux_32_kbM_U29  |hls_sobel_mux_32_kbM  |        0|      0|  0|  13|
    |hls_sobel_mux_32_kbM_U30  |hls_sobel_mux_32_kbM  |        0|      0|  0|  13|
    +--------------------------+----------------------+---------+-------+---+----+
    |Total                     |                      |        0|      0|  0| 234|
    +--------------------------+----------------------+---------+-------+---+----+

    * DSP48: 
    N/A

    * Memory: 
    +-----------------+----------------------+---------+---+----+------+-----+------+-------------+
    |      Memory     |        Module        | BRAM_18K| FF| LUT| Words| Bits| Banks| W*Bits*Banks|
    +-----------------+----------------------+---------+---+----+------+-----+------+-------------+
    |k_buf_0_val_3_U  |Filter2D_k_buf_0_bkb  |        1|  0|   0|  1920|    8|     1|        15360|
    |k_buf_0_val_4_U  |Filter2D_k_buf_0_bkb  |        1|  0|   0|  1920|    8|     1|        15360|
    |k_buf_0_val_5_U  |Filter2D_k_buf_0_bkb  |        1|  0|   0|  1920|    8|     1|        15360|
    |k_buf_1_val_3_U  |Filter2D_k_buf_0_bkb  |        1|  0|   0|  1920|    8|     1|        15360|
    |k_buf_1_val_4_U  |Filter2D_k_buf_0_bkb  |        1|  0|   0|  1920|    8|     1|        15360|
    |k_buf_1_val_5_U  |Filter2D_k_buf_0_bkb  |        1|  0|   0|  1920|    8|     1|        15360|
    |k_buf_2_val_3_U  |Filter2D_k_buf_0_bkb  |        1|  0|   0|  1920|    8|     1|        15360|
    |k_buf_2_val_4_U  |Filter2D_k_buf_0_bkb  |        1|  0|   0|  1920|    8|     1|        15360|
    |k_buf_2_val_5_U  |Filter2D_k_buf_0_bkb  |        1|  0|   0|  1920|    8|     1|        15360|
    +-----------------+----------------------+---------+---+----+------+-----+------+-------------+
    |Total            |                      |        9|  0|   0| 17280|   72|     9|       138240|
    +-----------------+----------------------+---------+---+----+------+-----+------+-------------+

    * FIFO: 
    N/A

    * Expression: 
    +-----------------------------------+----------+-------+---+----+------------+------------+
    |           Variable Name           | Operation| DSP48E| FF| LUT| Bitwidth P0| Bitwidth P1|
    +-----------------------------------+----------+-------+---+----+------------+------------+
    |ImagLoc_x_fu_1019_p2               |     +    |      0|  0|  39|           2|          32|
    |i_V_fu_678_p2                      |     +    |      0|  0|  39|          32|           1|
    |j_V_fu_997_p2                      |     +    |      0|  0|  39|          32|           1|
    |p_Val2_19_fu_1455_p2               |     +    |      0|  0|  19|           8|           8|
    |p_Val2_21_fu_1795_p2               |     +    |      0|  0|  19|          11|          11|
    |p_Val2_22_fu_1827_p2               |     +    |      0|  0|  19|           8|           8|
    |p_Val2_24_fu_2149_p2               |     +    |      0|  0|  19|          11|          11|
    |p_Val2_25_fu_2181_p2               |     +    |      0|  0|  19|           8|           8|
    |p_Val2_s_fu_1423_p2                |     +    |      0|  0|  19|          11|          11|
    |p_assign_6_0_1_fu_791_p2           |     +    |      0|  0|  39|           3|          32|
    |p_assign_6_0_2_fu_854_p2           |     +    |      0|  0|  39|           3|          32|
    |p_neg466_i_fu_641_p2               |     +    |      0|  0|  39|           2|          32|
    |tmp21_fu_1401_p2                   |     +    |      0|  0|  18|          11|          11|
    |tmp22_fu_1417_p2                   |     +    |      0|  0|  19|          11|          11|
    |tmp23_fu_1407_p2                   |     +    |      0|  0|  17|          10|          10|
    |tmp24_fu_1437_p2                   |     +    |      0|  0|  15|           8|           8|
    |tmp25_fu_1449_p2                   |     +    |      0|  0|  19|           8|           8|
    |tmp26_fu_1443_p2                   |     +    |      0|  0|  15|           8|           8|
    |tmp29_fu_1773_p2                   |     +    |      0|  0|  18|          11|          11|
    |tmp30_fu_1789_p2                   |     +    |      0|  0|  19|          11|          11|
    |tmp31_fu_1779_p2                   |     +    |      0|  0|  17|          10|          10|
    |tmp32_fu_1809_p2                   |     +    |      0|  0|  15|           8|           8|
    |tmp33_fu_1821_p2                   |     +    |      0|  0|  19|           8|           8|
    |tmp34_fu_1815_p2                   |     +    |      0|  0|  15|           8|           8|
    |tmp37_fu_2127_p2                   |     +    |      0|  0|  18|          11|          11|
    |tmp38_fu_2143_p2                   |     +    |      0|  0|  19|          11|          11|
    |tmp39_fu_2133_p2                   |     +    |      0|  0|  17|          10|          10|
    |tmp40_fu_2163_p2                   |     +    |      0|  0|  15|           8|           8|
    |tmp41_fu_2175_p2                   |     +    |      0|  0|  19|           8|           8|
    |tmp42_fu_2169_p2                   |     +    |      0|  0|  15|           8|           8|
    |tmp_11_fu_728_p2                   |     +    |      0|  0|  39|           2|          32|
    |tmp_3_fu_619_p2                    |     +    |      0|  0|   9|           2|           1|
    |tmp_5_fu_636_p2                    |     +    |      0|  0|  39|           2|          32|
    |tmp_6_fu_646_p2                    |     +    |      0|  0|  39|           2|          32|
    |tmp_7_fu_656_p2                    |     +    |      0|  0|  39|           2|          32|
    |tmp_81_2_fu_667_p2                 |     +    |      0|  0|  39|           3|          32|
    |tmp_s_fu_631_p2                    |     +    |      0|  0|  39|           2|          32|
    |col_assign_2_fu_1098_p2            |     -    |      0|  0|  39|          32|          32|
    |p_assign_1_fu_1058_p2              |     -    |      0|  0|  39|           1|          32|
    |p_assign_2_fu_1077_p2              |     -    |      0|  0|  39|          32|          32|
    |p_assign_7_0_1_fu_830_p2           |     -    |      0|  0|  39|           2|          32|
    |p_assign_7_0_2_fu_893_p2           |     -    |      0|  0|  39|           2|          32|
    |p_assign_7_fu_767_p2               |     -    |      0|  0|  39|           1|          32|
    |p_assign_8_0_1_fu_849_p2           |     -    |      0|  0|  39|          32|          32|
    |p_assign_8_0_2_fu_912_p2           |     -    |      0|  0|  39|          32|          32|
    |p_assign_8_fu_786_p2               |     -    |      0|  0|  39|          32|          32|
    |r_V_2_0_1_fu_1343_p2               |     -    |      0|  0|  17|           1|          10|
    |r_V_2_0_2_fu_1383_p2               |     -    |      0|  0|  16|           1|           9|
    |r_V_2_1_1_fu_1715_p2               |     -    |      0|  0|  17|           1|          10|
    |r_V_2_1_2_fu_1755_p2               |     -    |      0|  0|  16|           1|           9|
    |r_V_2_2_1_fu_2069_p2               |     -    |      0|  0|  17|           1|          10|
    |r_V_2_2_2_fu_2109_p2               |     -    |      0|  0|  16|           1|           9|
    |row_assign_9_0_1_fu_958_p2         |     -    |      0|  0|  39|          32|          32|
    |row_assign_9_0_2_fu_983_p2         |     -    |      0|  0|  39|          32|          32|
    |row_assign_9_fu_933_p2             |     -    |      0|  0|  39|          32|          32|
    |sum_V_0_0_2_fu_1321_p2             |     -    |      0|  0|  16|           9|           9|
    |sum_V_1_0_2_fu_1693_p2             |     -    |      0|  0|  16|           9|           9|
    |sum_V_2_0_2_fu_2047_p2             |     -    |      0|  0|  16|           9|           9|
    |ap_block_pp0                       |    and   |      0|  0|   2|           1|           1|
    |ap_condition_1585                  |    and   |      0|  0|   2|           1|           1|
    |ap_enable_state4_pp0_iter0_stage0  |    and   |      0|  0|   2|           1|           1|
    |ap_enable_state5_pp0_iter1_stage0  |    and   |      0|  0|   2|           1|           1|
    |ap_predicate_op225_read_state5     |    and   |      0|  0|   2|           1|           1|
    |ap_predicate_op226_store_state5    |    and   |      0|  0|   2|           1|           1|
    |ap_predicate_op228_store_state5    |    and   |      0|  0|   2|           1|           1|
    |ap_predicate_op235_store_state5    |    and   |      0|  0|   2|           1|           1|
    |or_cond_i499_i_fu_1044_p2          |    and   |      0|  0|   2|           1|           1|
    |or_cond_i_fu_1125_p2               |    and   |      0|  0|   2|           1|           1|
    |or_cond_i_i_0_1_fu_816_p2          |    and   |      0|  0|   2|           1|           1|
    |or_cond_i_i_0_2_fu_879_p2          |    and   |      0|  0|   2|           1|           1|
    |or_cond_i_i_fu_753_p2              |    and   |      0|  0|   2|           1|           1|
    |overflow_3_fu_1855_p2              |    and   |      0|  0|   2|           1|           1|
    |overflow_4_fu_2209_p2              |    and   |      0|  0|   2|           1|           1|
    |overflow_fu_1483_p2                |    and   |      0|  0|   2|           1|           1|
    |exitcond461_i_fu_992_p2            |   icmp   |      0|  0|  20|          32|          32|
    |exitcond462_i_fu_673_p2            |   icmp   |      0|  0|  20|          32|          32|
    |icmp1_fu_1013_p2                   |   icmp   |      0|  0|  20|          31|           1|
    |icmp_fu_705_p2                     |   icmp   |      0|  0|  20|          31|           1|
    |not_i_i1_fu_1849_p2                |   icmp   |      0|  0|   9|           3|           1|
    |not_i_i2_fu_2203_p2                |   icmp   |      0|  0|   9|           3|           1|
    |not_i_i_fu_1477_p2                 |   icmp   |      0|  0|   9|           3|           1|
    |tmp_10_fu_723_p2                   |   icmp   |      0|  0|  20|          32|          32|
    |tmp_129_0_1_fu_717_p2              |   icmp   |      0|  0|  20|          32|           1|
    |tmp_12_fu_748_p2                   |   icmp   |      0|  0|  20|          32|          32|
    |tmp_14_fu_781_p2                   |   icmp   |      0|  0|  20|          32|          32|
    |tmp_155_0_1_fu_811_p2              |   icmp   |      0|  0|  20|          32|          32|
    |tmp_155_0_2_fu_874_p2              |   icmp   |      0|  0|  20|          32|          32|
    |tmp_15_fu_1039_p2                  |   icmp   |      0|  0|  20|          32|          32|
    |tmp_164_0_1_fu_844_p2              |   icmp   |      0|  0|  20|          32|          32|
    |tmp_164_0_2_fu_907_p2              |   icmp   |      0|  0|  20|          32|          32|
    |tmp_16_fu_1072_p2                  |   icmp   |      0|  0|  20|          32|          32|
    |tmp_1_fu_711_p2                    |   icmp   |      0|  0|  20|          32|           1|
    |tmp_4_fu_625_p2                    |   icmp   |      0|  0|   9|           2|           3|
    |tmp_8_fu_684_p2                    |   icmp   |      0|  0|  20|          32|          32|
    |ap_block_pp0_stage0_01001          |    or    |      0|  0|   2|           1|           1|
    |ap_block_state5_pp0_stage0_iter1   |    or    |      0|  0|   2|           1|           1|
    |ap_block_state6_pp0_stage0_iter2   |    or    |      0|  0|   2|           1|           1|
    |brmerge_fu_1103_p2                 |    or    |      0|  0|   2|           1|           1|
    |tmp_2_i_i1_fu_1869_p2              |    or    |      0|  0|   2|           1|           1|
    |tmp_2_i_i2_fu_2223_p2              |    or    |      0|  0|   2|           1|           1|
    |tmp_2_i_i_fu_1497_p2               |    or    |      0|  0|   2|           1|           1|
    |col_buf_0_val_0_0_fu_1168_p3       |  select  |      0|  0|   8|           1|           8|
    |col_buf_0_val_1_0_fu_1186_p3       |  select  |      0|  0|   8|           1|           8|
    |col_buf_0_val_2_0_fu_1204_p3       |  select  |      0|  0|   8|           1|           8|
    |col_buf_1_val_0_0_fu_1540_p3       |  select  |      0|  0|   8|           1|           8|
    |col_buf_1_val_1_0_fu_1558_p3       |  select  |      0|  0|   8|           1|           8|
    |col_buf_1_val_2_0_fu_1576_p3       |  select  |      0|  0|   8|           1|           8|
    |col_buf_2_val_0_0_fu_1903_p3       |  select  |      0|  0|   8|           1|           8|
    |col_buf_2_val_1_0_fu_1921_p3       |  select  |      0|  0|   8|           1|           8|
    |col_buf_2_val_2_0_fu_1939_p3       |  select  |      0|  0|   8|           1|           8|
    |p_Val2_27_fu_1503_p3               |  select  |      0|  0|   8|           1|           8|
    |p_Val2_28_fu_1875_p3               |  select  |      0|  0|   8|           1|           8|
    |p_Val2_29_fu_2229_p3               |  select  |      0|  0|   8|           1|           8|
    |p_mux_i_i30_cast_fu_1861_p3        |  select  |      0|  0|   2|           1|           2|
    |p_mux_i_i39_cast_fu_2215_p3        |  select  |      0|  0|   2|           1|           2|
    |p_mux_i_i_cast_fu_1489_p3          |  select  |      0|  0|   2|           1|           2|
    |p_p2_i501_i_fu_1064_p3             |  select  |      0|  0|  32|           1|          32|
    |p_p2_i501_i_p_assign_2_fu_1082_p3  |  select  |      0|  0|  32|           1|          32|
    |p_p2_i_i_0_1_fu_836_p3             |  select  |      0|  0|  32|           1|          32|
    |p_p2_i_i_0_1_p_assign_fu_942_p3    |  select  |      0|  0|  32|           1|          32|
    |p_p2_i_i_0_2_fu_899_p3             |  select  |      0|  0|  32|           1|          32|
    |p_p2_i_i_0_2_p_assign_fu_967_p3    |  select  |      0|  0|  32|           1|          32|
    |p_p2_i_i_0_p_assign_8_fu_917_p3    |  select  |      0|  0|  32|           1|          32|
    |p_p2_i_i_fu_773_p3                 |  select  |      0|  0|  32|           1|          32|
    |src_kernel_win_0_va_6_fu_1261_p3   |  select  |      0|  0|   8|           1|           8|
    |src_kernel_win_0_va_7_fu_1279_p3   |  select  |      0|  0|   8|           1|           8|
    |src_kernel_win_0_va_8_fu_1297_p3   |  select  |      0|  0|   8|           1|           8|
    |src_kernel_win_1_va_6_fu_1633_p3   |  select  |      0|  0|   8|           1|           8|
    |src_kernel_win_1_va_7_fu_1651_p3   |  select  |      0|  0|   8|           1|           8|
    |src_kernel_win_1_va_8_fu_1669_p3   |  select  |      0|  0|   8|           1|           8|
    |src_kernel_win_2_va_10_fu_2005_p3  |  select  |      0|  0|   8|           1|           8|
    |src_kernel_win_2_va_11_fu_2023_p3  |  select  |      0|  0|   8|           1|           8|
    |src_kernel_win_2_va_9_fu_1987_p3   |  select  |      0|  0|   8|           1|           8|
    |x_fu_1090_p3                       |  select  |      0|  0|  32|           1|          32|
    |y_0_1_fu_950_p3                    |  select  |      0|  0|  32|           1|          32|
    |y_0_2_fu_975_p3                    |  select  |      0|  0|  32|           1|          32|
    |y_fu_925_p3                        |  select  |      0|  0|  32|           1|          32|
    |ap_enable_pp0                      |    xor   |      0|  0|   2|           1|           2|
    |rev1_fu_805_p2                     |    xor   |      0|  0|   2|           1|           2|
    |rev2_fu_868_p2                     |    xor   |      0|  0|   2|           1|           2|
    |rev3_fu_1033_p2                    |    xor   |      0|  0|   2|           1|           2|
    |rev_fu_742_p2                      |    xor   |      0|  0|   2|           1|           2|
    |tmp_85_0_0_not_fu_689_p2           |    xor   |      0|  0|   2|           1|           2|
    |tmp_i_i1_fu_1843_p2                |    xor   |      0|  0|   2|           1|           2|
    |tmp_i_i2_fu_2197_p2                |    xor   |      0|  0|   2|           1|           2|
    |tmp_i_i_fu_1471_p2                 |    xor   |      0|  0|   2|           1|           2|
    +-----------------------------------+----------+-------+---+----+------------+------------+
    |Total                              |          |      0|  0|2493|        1198|        2009|
    +-----------------------------------+----------+-------+---+----+------------+------------+

    * Multiplexer: 
    +-----------------------------+----+-----------+-----+-----------+
    |             Name            | LUT| Input Size| Bits| Total Bits|
    +-----------------------------+----+-----------+-----+-----------+
    |ap_NS_fsm                    |  33|          6|    1|          6|
    |ap_enable_reg_pp0_iter1      |   9|          2|    1|          2|
    |ap_enable_reg_pp0_iter2      |  15|          3|    1|          3|
    |k_buf_0_val_4_d1             |  15|          3|    8|         24|
    |k_buf_0_val_5_d1             |  15|          3|    8|         24|
    |k_buf_1_val_4_d1             |  15|          3|    8|         24|
    |k_buf_1_val_5_d1             |  15|          3|    8|         24|
    |k_buf_2_val_4_d1             |  15|          3|    8|         24|
    |k_buf_2_val_5_d1             |  15|          3|    8|         24|
    |p_dst_data_stream_0_V_blk_n  |   9|          2|    1|          2|
    |p_dst_data_stream_1_V_blk_n  |   9|          2|    1|          2|
    |p_dst_data_stream_2_V_blk_n  |   9|          2|    1|          2|
    |p_src_data_stream_0_V_blk_n  |   9|          2|    1|          2|
    |p_src_data_stream_1_V_blk_n  |   9|          2|    1|          2|
    |p_src_data_stream_2_V_blk_n  |   9|          2|    1|          2|
    |t_V_4_reg_608                |   9|          2|   32|         64|
    |t_V_reg_597                  |   9|          2|   32|         64|
    |tmp_2_reg_586                |   9|          2|    2|          4|
    +-----------------------------+----+-----------+-----+-----------+
    |Total                        | 228|         47|  123|        299|
    +-----------------------------+----+-----------+-----+-----------+

    * Register: 
    +----------------------------------+----+----+-----+-----------+
    |               Name               | FF | LUT| Bits| Const Bits|
    +----------------------------------+----+----+-----+-----------+
    |ap_CS_fsm                         |   5|   0|    5|          0|
    |ap_enable_reg_pp0_iter0           |   1|   0|    1|          0|
    |ap_enable_reg_pp0_iter1           |   1|   0|    1|          0|
    |ap_enable_reg_pp0_iter2           |   1|   0|    1|          0|
    |brmerge_reg_2720                  |   1|   0|    1|          0|
    |exitcond461_i_reg_2707            |   1|   0|    1|          0|
    |i_V_reg_2646                      |  32|   0|   32|          0|
    |icmp_reg_2660                     |   1|   0|    1|          0|
    |k_buf_0_val_3_addr_reg_2733       |  11|   0|   11|          0|
    |k_buf_0_val_4_addr_reg_2752       |  11|   0|   11|          0|
    |k_buf_0_val_5_addr_reg_2758       |  11|   0|   11|          0|
    |k_buf_1_val_3_addr_reg_2768       |  11|   0|   11|          0|
    |k_buf_1_val_4_addr_reg_2774       |  11|   0|   11|          0|
    |k_buf_1_val_5_addr_reg_2780       |  11|   0|   11|          0|
    |k_buf_2_val_3_addr_reg_2786       |  11|   0|   11|          0|
    |k_buf_2_val_4_addr_reg_2792       |  11|   0|   11|          0|
    |k_buf_2_val_5_addr_reg_2798       |  11|   0|   11|          0|
    |or_cond_i499_i_reg_2716           |   1|   0|    1|          0|
    |or_cond_i_reg_2764                |   1|   0|    1|          0|
    |or_cond_i_reg_2764_pp0_iter1_reg  |   1|   0|    1|          0|
    |p_Val2_27_reg_2804                |   8|   0|    8|          0|
    |p_Val2_28_reg_2809                |   8|   0|    8|          0|
    |p_Val2_29_reg_2814                |   8|   0|    8|          0|
    |right_border_buf_0_1_fu_308       |   8|   0|    8|          0|
    |right_border_buf_0_2_fu_316       |   8|   0|    8|          0|
    |right_border_buf_0_3_fu_320       |   8|   0|    8|          0|
    |right_border_buf_0_4_fu_328       |   8|   0|    8|          0|
    |right_border_buf_0_5_fu_332       |   8|   0|    8|          0|
    |right_border_buf_0_s_fu_304       |   8|   0|    8|          0|
    |right_border_buf_1_1_fu_344       |   8|   0|    8|          0|
    |right_border_buf_1_2_fu_352       |   8|   0|    8|          0|
    |right_border_buf_1_3_fu_356       |   8|   0|    8|          0|
    |right_border_buf_1_4_fu_364       |   8|   0|    8|          0|
    |right_border_buf_1_5_fu_368       |   8|   0|    8|          0|
    |right_border_buf_1_s_fu_340       |   8|   0|    8|          0|
    |right_border_buf_2_1_fu_324       |   8|   0|    8|          0|
    |right_border_buf_2_2_fu_336       |   8|   0|    8|          0|
    |right_border_buf_2_3_fu_348       |   8|   0|    8|          0|
    |right_border_buf_2_4_fu_360       |   8|   0|    8|          0|
    |right_border_buf_2_5_fu_372       |   8|   0|    8|          0|
    |right_border_buf_2_s_fu_312       |   8|   0|    8|          0|
    |src_kernel_win_0_va_1_fu_236      |   8|   0|    8|          0|
    |src_kernel_win_0_va_2_fu_240      |   8|   0|    8|          0|
    |src_kernel_win_0_va_3_fu_244      |   8|   0|    8|          0|
    |src_kernel_win_0_va_4_fu_248      |   8|   0|    8|          0|
    |src_kernel_win_0_va_5_fu_252      |   8|   0|    8|          0|
    |src_kernel_win_0_va_fu_232        |   8|   0|    8|          0|
    |src_kernel_win_1_va_1_fu_260      |   8|   0|    8|          0|
    |src_kernel_win_1_va_2_fu_264      |   8|   0|    8|          0|
    |src_kernel_win_1_va_3_fu_268      |   8|   0|    8|          0|
    |src_kernel_win_1_va_4_fu_272      |   8|   0|    8|          0|
    |src_kernel_win_1_va_5_fu_276      |   8|   0|    8|          0|
    |src_kernel_win_1_va_fu_256        |   8|   0|    8|          0|
    |src_kernel_win_2_va_1_fu_284      |   8|   0|    8|          0|
    |src_kernel_win_2_va_2_fu_288      |   8|   0|    8|          0|
    |src_kernel_win_2_va_3_fu_292      |   8|   0|    8|          0|
    |src_kernel_win_2_va_4_fu_296      |   8|   0|    8|          0|
    |src_kernel_win_2_va_5_fu_300      |   8|   0|    8|          0|
    |src_kernel_win_2_va_fu_280        |   8|   0|    8|          0|
    |t_V_4_reg_608                     |  32|   0|   32|          0|
    |t_V_reg_597                       |  32|   0|   32|          0|
    |tmp_10_reg_2673                   |   1|   0|    1|          0|
    |tmp_129_0_1_reg_2669              |   1|   0|    1|          0|
    |tmp_1_reg_2665                    |   1|   0|    1|          0|
    |tmp_2_reg_586                     |   2|   0|    2|          0|
    |tmp_34_reg_2686                   |   2|   0|    2|          0|
    |tmp_35_reg_2693                   |   2|   0|    2|          0|
    |tmp_36_reg_2700                   |   2|   0|    2|          0|
    |tmp_47_reg_2739                   |   2|   0|    2|          0|
    |tmp_85_0_0_not_reg_2655           |   1|   0|    1|          0|
    |tmp_8_reg_2651                    |   1|   0|    1|          0|
    +----------------------------------+----+----+-----+-----------+
    |Total                             | 536|   0|  536|          0|
    +----------------------------------+----+----+-----+-----------+



================================================================
== Interface
================================================================
* Summary: 
+-------------------------------+-----+-----+------------+-----------------------+--------------+
|           RTL Ports           | Dir | Bits|  Protocol  |     Source Object     |    C Type    |
+-------------------------------+-----+-----+------------+-----------------------+--------------+
|ap_clk                         |  in |    1| ap_ctrl_hs |        Filter2D       | return value |
|ap_rst                         |  in |    1| ap_ctrl_hs |        Filter2D       | return value |
|ap_start                       |  in |    1| ap_ctrl_hs |        Filter2D       | return value |
|ap_done                        | out |    1| ap_ctrl_hs |        Filter2D       | return value |
|ap_idle                        | out |    1| ap_ctrl_hs |        Filter2D       | return value |
|ap_ready                       | out |    1| ap_ctrl_hs |        Filter2D       | return value |
|p_src_rows_V_read              |  in |   32|  ap_stable |   p_src_rows_V_read   |    scalar    |
|p_src_cols_V_read              |  in |   32|  ap_stable |   p_src_cols_V_read   |    scalar    |
|p_src_data_stream_0_V_dout     |  in |    8|   ap_fifo  | p_src_data_stream_0_V |    pointer   |
|p_src_data_stream_0_V_empty_n  |  in |    1|   ap_fifo  | p_src_data_stream_0_V |    pointer   |
|p_src_data_stream_0_V_read     | out |    1|   ap_fifo  | p_src_data_stream_0_V |    pointer   |
|p_src_data_stream_1_V_dout     |  in |    8|   ap_fifo  | p_src_data_stream_1_V |    pointer   |
|p_src_data_stream_1_V_empty_n  |  in |    1|   ap_fifo  | p_src_data_stream_1_V |    pointer   |
|p_src_data_stream_1_V_read     | out |    1|   ap_fifo  | p_src_data_stream_1_V |    pointer   |
|p_src_data_stream_2_V_dout     |  in |    8|   ap_fifo  | p_src_data_stream_2_V |    pointer   |
|p_src_data_stream_2_V_empty_n  |  in |    1|   ap_fifo  | p_src_data_stream_2_V |    pointer   |
|p_src_data_stream_2_V_read     | out |    1|   ap_fifo  | p_src_data_stream_2_V |    pointer   |
|p_dst_data_stream_0_V_din      | out |    8|   ap_fifo  | p_dst_data_stream_0_V |    pointer   |
|p_dst_data_stream_0_V_full_n   |  in |    1|   ap_fifo  | p_dst_data_stream_0_V |    pointer   |
|p_dst_data_stream_0_V_write    | out |    1|   ap_fifo  | p_dst_data_stream_0_V |    pointer   |
|p_dst_data_stream_1_V_din      | out |    8|   ap_fifo  | p_dst_data_stream_1_V |    pointer   |
|p_dst_data_stream_1_V_full_n   |  in |    1|   ap_fifo  | p_dst_data_stream_1_V |    pointer   |
|p_dst_data_stream_1_V_write    | out |    1|   ap_fifo  | p_dst_data_stream_1_V |    pointer   |
|p_dst_data_stream_2_V_din      | out |    8|   ap_fifo  | p_dst_data_stream_2_V |    pointer   |
|p_dst_data_stream_2_V_full_n   |  in |    1|   ap_fifo  | p_dst_data_stream_2_V |    pointer   |
|p_dst_data_stream_2_V_write    | out |    1|   ap_fifo  | p_dst_data_stream_2_V |    pointer   |
+-------------------------------+-----+-----+------------+-----------------------+--------------+

