

================================================================
== Vivado HLS Report for 'Duplicate'
================================================================
* Date:           Tue Jul 28 15:48:41 2020

* Version:        2018.3 (Build 2405991 on Thu Dec 06 23:56:15 MST 2018)
* Project:        fast_corner
* Solution:       solution1
* Product family: kintexu
* Target device:  xcku115-flvd1517-2-e


================================================================
== Performance Estimates
================================================================
+ Timing (ns): 
    * Summary: 
    +--------+-------+----------+------------+
    |  Clock | Target| Estimated| Uncertainty|
    +--------+-------+----------+------------+
    |ap_clk  |  10.00|     4.530|        1.25|
    +--------+-------+----------+------------+

+ Latency (clock cycles): 
    * Summary: 
    +-----+---------+-----+---------+---------+
    |    Latency    |    Interval   | Pipeline|
    | min |   max   | min |   max   |   Type  |
    +-----+---------+-----+---------+---------+
    |    1|  2076841|    1|  2076841|   none  |
    +-----+---------+-----+---------+---------+

    + Detail: 
        * Instance: 
        N/A

        * Loop: 
        +---------------+-----+---------+----------+-----------+-----------+----------+----------+
        |               |    Latency    | Iteration|  Initiation Interval  |   Trip   |          |
        |   Loop Name   | min |   max   |  Latency |  achieved |   target  |   Count  | Pipelined|
        +---------------+-----+---------+----------+-----------+-----------+----------+----------+
        |- loop_height  |    0|  2076840| 3 ~ 1923 |          -|          -| 0 ~ 1080 |    no    |
        | + loop_width  |    0|     1920|         2|          1|          1| 0 ~ 1920 |    yes   |
        +---------------+-----+---------+----------+-----------+-----------+----------+----------+

============================================================
+ Verbose Summary: Synthesis Manager
============================================================
InlineROM: 1
ExposeGlobal: 0
============================================================
+ Verbose Summary: CDFG Model
============================================================
IsTopModel: 0
ResetActiveHigh: 1
IsCombinational: 2
IsDatapathOnly: 0
HasWiredReturn: 1
HasMFsm: 0
HasVarLatency: 1
IsPipeline: 0
IsRtlPipelined: 0
IsInstanceOverlapped: 0
IsDontTouch: 0
HasImplIP: 0
IsGatedGlobalClock: 0

+ Individual pipeline summary: 
  * Pipeline-0: initiation interval (II) = 1, depth = 2


============================================================
+ Verbose Summary: Schedule
============================================================
* Number of FSM states : 5
* Pipeline : 1
  Pipeline-0 : II = 1, D = 2, States = { 3 4 }
* Dataflow Pipeline: 0

* FSM state transitions: 
1 --> 
	2  / true
2 --> 
	3  / (!exitcond1)
3 --> 
	5  / (exitcond)
	4  / (!exitcond)
4 --> 
	3  / true
5 --> 
	2  / true

* FSM state operations: 

State 1 <SV = 0> <Delay = 0.83>
ST_1 : Operation 6 [1/1] (0.00ns)   --->   "call void (...)* @_ssdm_op_SpecIFCore(i32 %src_cols_V, [1 x i8]* @p_str2, [10 x i8]* @p_str3, [1 x i8]* @p_str2, i32 -1, [1 x i8]* @p_str2, [1 x i8]* @p_str2, [1 x i8]* @p_str2, [1 x i8]* @p_str2, [24 x i8]* @p_str4)"   --->   Operation 6 'specifcore' <Predicate = true> <Delay = 0.00>
ST_1 : Operation 7 [1/1] (0.00ns)   --->   "call void (...)* @_ssdm_op_SpecIFCore(i32 %src_rows_V, [1 x i8]* @p_str2, [10 x i8]* @p_str3, [1 x i8]* @p_str2, i32 -1, [1 x i8]* @p_str2, [1 x i8]* @p_str2, [1 x i8]* @p_str2, [1 x i8]* @p_str2, [24 x i8]* @p_str4)"   --->   Operation 7 'specifcore' <Predicate = true> <Delay = 0.00>
ST_1 : Operation 8 [1/1] (0.00ns)   --->   "call void (...)* @_ssdm_op_SpecInterface(i8* %dst2_data_stream_2_V, [8 x i8]* @ap_fifo_str, i32 0, i32 0, [1 x i8]* @p_str267, i32 0, i32 0, [1 x i8]* @p_str268, [1 x i8]* @p_str269, [1 x i8]* @p_str270, i32 2, i32 2, i32 16, i32 16, [1 x i8]* @p_str271, [1 x i8]* @p_str272)"   --->   Operation 8 'specinterface' <Predicate = true> <Delay = 0.00>
ST_1 : Operation 9 [1/1] (0.00ns)   --->   "call void (...)* @_ssdm_op_SpecInterface(i8* %dst2_data_stream_1_V, [8 x i8]* @ap_fifo_str, i32 0, i32 0, [1 x i8]* @p_str260, i32 0, i32 0, [1 x i8]* @p_str261, [1 x i8]* @p_str262, [1 x i8]* @p_str263, i32 2, i32 2, i32 16, i32 16, [1 x i8]* @p_str264, [1 x i8]* @p_str265)"   --->   Operation 9 'specinterface' <Predicate = true> <Delay = 0.00>
ST_1 : Operation 10 [1/1] (0.00ns)   --->   "call void (...)* @_ssdm_op_SpecInterface(i8* %dst2_data_stream_0_V, [8 x i8]* @ap_fifo_str, i32 0, i32 0, [1 x i8]* @p_str253, i32 0, i32 0, [1 x i8]* @p_str254, [1 x i8]* @p_str255, [1 x i8]* @p_str256, i32 2, i32 2, i32 16, i32 16, [1 x i8]* @p_str257, [1 x i8]* @p_str258)"   --->   Operation 10 'specinterface' <Predicate = true> <Delay = 0.00>
ST_1 : Operation 11 [1/1] (0.00ns)   --->   "call void (...)* @_ssdm_op_SpecInterface(i8* %dst1_data_stream_2_V, [8 x i8]* @ap_fifo_str, i32 0, i32 0, [1 x i8]* @p_str246, i32 0, i32 0, [1 x i8]* @p_str247, [1 x i8]* @p_str248, [1 x i8]* @p_str249, i32 2, i32 2, i32 16, i32 16, [1 x i8]* @p_str250, [1 x i8]* @p_str251)"   --->   Operation 11 'specinterface' <Predicate = true> <Delay = 0.00>
ST_1 : Operation 12 [1/1] (0.00ns)   --->   "call void (...)* @_ssdm_op_SpecInterface(i8* %dst1_data_stream_1_V, [8 x i8]* @ap_fifo_str, i32 0, i32 0, [1 x i8]* @p_str239, i32 0, i32 0, [1 x i8]* @p_str240, [1 x i8]* @p_str241, [1 x i8]* @p_str242, i32 2, i32 2, i32 16, i32 16, [1 x i8]* @p_str243, [1 x i8]* @p_str244)"   --->   Operation 12 'specinterface' <Predicate = true> <Delay = 0.00>
ST_1 : Operation 13 [1/1] (0.00ns)   --->   "call void (...)* @_ssdm_op_SpecInterface(i8* %dst1_data_stream_0_V, [8 x i8]* @ap_fifo_str, i32 0, i32 0, [1 x i8]* @p_str232, i32 0, i32 0, [1 x i8]* @p_str233, [1 x i8]* @p_str234, [1 x i8]* @p_str235, i32 2, i32 2, i32 16, i32 16, [1 x i8]* @p_str236, [1 x i8]* @p_str237)"   --->   Operation 13 'specinterface' <Predicate = true> <Delay = 0.00>
ST_1 : Operation 14 [1/1] (0.00ns)   --->   "call void (...)* @_ssdm_op_SpecInterface(i8* %src_data_stream_2_V, [8 x i8]* @ap_fifo_str, i32 0, i32 0, [1 x i8]* @p_str204, i32 0, i32 0, [1 x i8]* @p_str205, [1 x i8]* @p_str206, [1 x i8]* @p_str207, i32 2, i32 2, i32 16, i32 16, [1 x i8]* @p_str208, [1 x i8]* @p_str209)"   --->   Operation 14 'specinterface' <Predicate = true> <Delay = 0.00>
ST_1 : Operation 15 [1/1] (0.00ns)   --->   "call void (...)* @_ssdm_op_SpecInterface(i8* %src_data_stream_1_V, [8 x i8]* @ap_fifo_str, i32 0, i32 0, [1 x i8]* @p_str197, i32 0, i32 0, [1 x i8]* @p_str198, [1 x i8]* @p_str199, [1 x i8]* @p_str200, i32 2, i32 2, i32 16, i32 16, [1 x i8]* @p_str201, [1 x i8]* @p_str202)"   --->   Operation 15 'specinterface' <Predicate = true> <Delay = 0.00>
ST_1 : Operation 16 [1/1] (0.00ns)   --->   "call void (...)* @_ssdm_op_SpecInterface(i8* %src_data_stream_0_V, [8 x i8]* @ap_fifo_str, i32 0, i32 0, [1 x i8]* @p_str190, i32 0, i32 0, [1 x i8]* @p_str191, [1 x i8]* @p_str192, [1 x i8]* @p_str193, i32 2, i32 2, i32 16, i32 16, [1 x i8]* @p_str194, [1 x i8]* @p_str195)"   --->   Operation 16 'specinterface' <Predicate = true> <Delay = 0.00>
ST_1 : Operation 17 [1/1] (0.00ns)   --->   "call void (...)* @_ssdm_op_SpecInterface(i32 %src_cols_V, [10 x i8]* @ap_stable_str, i32 0, i32 0, [1 x i8]* @p_str105, i32 0, i32 0, [1 x i8]* @p_str106, [1 x i8]* @p_str107, [1 x i8]* @p_str108, i32 2, i32 2, i32 16, i32 16, [1 x i8]* @p_str109, [1 x i8]* @p_str110)"   --->   Operation 17 'specinterface' <Predicate = true> <Delay = 0.00>
ST_1 : Operation 18 [1/1] (0.00ns)   --->   "call void (...)* @_ssdm_op_SpecInterface(i32 %src_rows_V, [10 x i8]* @ap_stable_str, i32 0, i32 0, [1 x i8]* @p_str111, i32 0, i32 0, [1 x i8]* @p_str112, [1 x i8]* @p_str113, [1 x i8]* @p_str114, i32 2, i32 2, i32 16, i32 16, [1 x i8]* @p_str115, [1 x i8]* @p_str116)"   --->   Operation 18 'specinterface' <Predicate = true> <Delay = 0.00>
ST_1 : Operation 19 [1/1] (0.00ns)   --->   "%src_cols_V_read = call i32 @_ssdm_op_Read.ap_stable.i32(i32 %src_cols_V)"   --->   Operation 19 'read' 'src_cols_V_read' <Predicate = true> <Delay = 0.00> <Core = "AXI4LiteS">   --->   Core 6 'AXI4LiteS' <Latency = 0> <II = 1> <Delay = 1.00> <Adapter> <Opcode : >
ST_1 : Operation 20 [1/1] (0.00ns)   --->   "%src_rows_V_read = call i32 @_ssdm_op_Read.ap_stable.i32(i32 %src_rows_V)"   --->   Operation 20 'read' 'src_rows_V_read' <Predicate = true> <Delay = 0.00> <Core = "AXI4LiteS">   --->   Core 6 'AXI4LiteS' <Latency = 0> <II = 1> <Delay = 1.00> <Adapter> <Opcode : >
ST_1 : Operation 21 [1/1] (0.83ns)   --->   "br label %0" [E:/Xilinx/Vivado_2018.3/Vivado/2018.3/common/technology/autopilot/hls/hls_video_arithm.h:1557]   --->   Operation 21 'br' <Predicate = true> <Delay = 0.83>

State 2 <SV = 1> <Delay = 1.48>
ST_2 : Operation 22 [1/1] (0.00ns)   --->   "%t_V = phi i32 [ 0, %._crit_edge ], [ %i_V, %3 ]"   --->   Operation 22 'phi' 't_V' <Predicate = true> <Delay = 0.00>
ST_2 : Operation 23 [1/1] (1.14ns)   --->   "%exitcond1 = icmp eq i32 %t_V, %src_rows_V_read" [E:/Xilinx/Vivado_2018.3/Vivado/2018.3/common/technology/autopilot/hls/hls_video_arithm.h:1557]   --->   Operation 23 'icmp' 'exitcond1' <Predicate = true> <Delay = 1.14> <Core = "Cmp">   --->   Core 25 'Cmp' <Latency = 0> <II = 1> <Delay = 1.14> <FuncUnit> <Opcode : 'icmp'> <InPorts = 2> <OutPorts = 1>
ST_2 : Operation 24 [1/1] (0.00ns)   --->   "call void (...)* @_ssdm_op_SpecLoopTripCount(i64 0, i64 1080, i64 0)"   --->   Operation 24 'speclooptripcount' <Predicate = true> <Delay = 0.00>
ST_2 : Operation 25 [1/1] (1.48ns)   --->   "%i_V = add i32 %t_V, 1" [E:/Xilinx/Vivado_2018.3/Vivado/2018.3/common/technology/autopilot/hls/hls_video_arithm.h:1557]   --->   Operation 25 'add' 'i_V' <Predicate = true> <Delay = 1.48> <Core = "AddSub">   --->   Core 14 'AddSub' <Latency = 0> <II = 1> <Delay = 1.48> <FuncUnit> <Opcode : 'add' 'sub'> <InPorts = 2> <OutPorts = 1>
ST_2 : Operation 26 [1/1] (0.00ns)   --->   "br i1 %exitcond1, label %4, label %1" [E:/Xilinx/Vivado_2018.3/Vivado/2018.3/common/technology/autopilot/hls/hls_video_arithm.h:1557]   --->   Operation 26 'br' <Predicate = true> <Delay = 0.00>
ST_2 : Operation 27 [1/1] (0.00ns)   --->   "call void (...)* @_ssdm_op_SpecLoopName([12 x i8]* @p_str10) nounwind" [E:/Xilinx/Vivado_2018.3/Vivado/2018.3/common/technology/autopilot/hls/hls_video_arithm.h:1557]   --->   Operation 27 'specloopname' <Predicate = (!exitcond1)> <Delay = 0.00>
ST_2 : Operation 28 [1/1] (0.00ns)   --->   "%tmp = call i32 (...)* @_ssdm_op_SpecRegionBegin([12 x i8]* @p_str10)" [E:/Xilinx/Vivado_2018.3/Vivado/2018.3/common/technology/autopilot/hls/hls_video_arithm.h:1557]   --->   Operation 28 'specregionbegin' 'tmp' <Predicate = (!exitcond1)> <Delay = 0.00>
ST_2 : Operation 29 [1/1] (0.83ns)   --->   "br label %2" [E:/Xilinx/Vivado_2018.3/Vivado/2018.3/common/technology/autopilot/hls/hls_video_arithm.h:1558]   --->   Operation 29 'br' <Predicate = (!exitcond1)> <Delay = 0.83>
ST_2 : Operation 30 [1/1] (0.00ns)   --->   "ret void" [E:/Xilinx/Vivado_2018.3/Vivado/2018.3/common/technology/autopilot/hls/hls_video_arithm.h:1566]   --->   Operation 30 'ret' <Predicate = (exitcond1)> <Delay = 0.00>

State 3 <SV = 2> <Delay = 1.48>
ST_3 : Operation 31 [1/1] (0.00ns)   --->   "%t_V_4 = phi i32 [ 0, %1 ], [ %j_V, %"operator>>.exit" ]"   --->   Operation 31 'phi' 't_V_4' <Predicate = true> <Delay = 0.00>
ST_3 : Operation 32 [1/1] (1.14ns)   --->   "%exitcond = icmp eq i32 %t_V_4, %src_cols_V_read" [E:/Xilinx/Vivado_2018.3/Vivado/2018.3/common/technology/autopilot/hls/hls_video_arithm.h:1558]   --->   Operation 32 'icmp' 'exitcond' <Predicate = true> <Delay = 1.14> <Core = "Cmp">   --->   Core 25 'Cmp' <Latency = 0> <II = 1> <Delay = 1.14> <FuncUnit> <Opcode : 'icmp'> <InPorts = 2> <OutPorts = 1>
ST_3 : Operation 33 [1/1] (0.00ns)   --->   "call void (...)* @_ssdm_op_SpecLoopTripCount(i64 0, i64 1920, i64 0)"   --->   Operation 33 'speclooptripcount' <Predicate = true> <Delay = 0.00>
ST_3 : Operation 34 [1/1] (1.48ns)   --->   "%j_V = add i32 %t_V_4, 1" [E:/Xilinx/Vivado_2018.3/Vivado/2018.3/common/technology/autopilot/hls/hls_video_arithm.h:1558]   --->   Operation 34 'add' 'j_V' <Predicate = true> <Delay = 1.48> <Core = "AddSub">   --->   Core 14 'AddSub' <Latency = 0> <II = 1> <Delay = 1.48> <FuncUnit> <Opcode : 'add' 'sub'> <InPorts = 2> <OutPorts = 1>
ST_3 : Operation 35 [1/1] (0.00ns)   --->   "br i1 %exitcond, label %3, label %"operator>>.exit"" [E:/Xilinx/Vivado_2018.3/Vivado/2018.3/common/technology/autopilot/hls/hls_video_arithm.h:1558]   --->   Operation 35 'br' <Predicate = true> <Delay = 0.00>

State 4 <SV = 3> <Delay = 4.53>
ST_4 : Operation 36 [1/1] (0.00ns)   --->   "call void (...)* @_ssdm_op_SpecLoopName([11 x i8]* @p_str11) nounwind" [E:/Xilinx/Vivado_2018.3/Vivado/2018.3/common/technology/autopilot/hls/hls_video_arithm.h:1558]   --->   Operation 36 'specloopname' <Predicate = (!exitcond)> <Delay = 0.00>
ST_4 : Operation 37 [1/1] (0.00ns)   --->   "%tmp_s = call i32 (...)* @_ssdm_op_SpecRegionBegin([11 x i8]* @p_str11)" [E:/Xilinx/Vivado_2018.3/Vivado/2018.3/common/technology/autopilot/hls/hls_video_arithm.h:1558]   --->   Operation 37 'specregionbegin' 'tmp_s' <Predicate = (!exitcond)> <Delay = 0.00>
ST_4 : Operation 38 [1/1] (0.00ns)   --->   "call void (...)* @_ssdm_op_SpecPipeline(i32 1, i32 1, i32 1, i32 0, [1 x i8]* @p_str2) nounwind" [E:/Xilinx/Vivado_2018.3/Vivado/2018.3/common/technology/autopilot/hls/hls_video_arithm.h:1560]   --->   Operation 38 'specpipeline' <Predicate = (!exitcond)> <Delay = 0.00>
ST_4 : Operation 39 [1/1] (0.00ns)   --->   "%tmp_13 = call i32 (...)* @_ssdm_op_SpecRegionBegin([12 x i8]* @p_str15)" [E:/Xilinx/Vivado_2018.3/Vivado/2018.3/common/technology/autopilot/hls/hls_video_core.h:672->E:/Xilinx/Vivado_2018.3/Vivado/2018.3/common/technology/autopilot/hls/hls_video_core.h:711->E:/Xilinx/Vivado_2018.3/Vivado/2018.3/common/technology/autopilot/hls/hls_video_arithm.h:1561]   --->   Operation 39 'specregionbegin' 'tmp_13' <Predicate = (!exitcond)> <Delay = 0.00>
ST_4 : Operation 40 [1/1] (0.00ns)   --->   "call void (...)* @_ssdm_op_SpecProtocol(i32 0, [1 x i8]* @p_str2) nounwind" [E:/Xilinx/Vivado_2018.3/Vivado/2018.3/common/technology/autopilot/hls/hls_video_core.h:676->E:/Xilinx/Vivado_2018.3/Vivado/2018.3/common/technology/autopilot/hls/hls_video_core.h:711->E:/Xilinx/Vivado_2018.3/Vivado/2018.3/common/technology/autopilot/hls/hls_video_arithm.h:1561]   --->   Operation 40 'specprotocol' <Predicate = (!exitcond)> <Delay = 0.00>
ST_4 : Operation 41 [1/1] (2.26ns)   --->   "%tmp_39 = call i8 @_ssdm_op_Read.ap_fifo.volatile.i8P(i8* %src_data_stream_0_V)" [E:/Xilinx/Vivado_2018.3/Vivado/2018.3/common/technology/autopilot/hls/hls_video_core.h:679->E:/Xilinx/Vivado_2018.3/Vivado/2018.3/common/technology/autopilot/hls/hls_video_core.h:711->E:/Xilinx/Vivado_2018.3/Vivado/2018.3/common/technology/autopilot/hls/hls_video_arithm.h:1561]   --->   Operation 41 'read' 'tmp_39' <Predicate = (!exitcond)> <Delay = 2.26> <Core = "FIFO">   --->   Core 32 'FIFO' <Latency = 0> <II = 1> <Delay = 2.26> <Storage> <Opcode : 'read' 'write' 'nbread' 'nbwrite'> <Ports = 0> <Width = 8> <Depth = 2> <FIFO>
ST_4 : Operation 42 [1/1] (2.26ns)   --->   "%tmp_40 = call i8 @_ssdm_op_Read.ap_fifo.volatile.i8P(i8* %src_data_stream_1_V)" [E:/Xilinx/Vivado_2018.3/Vivado/2018.3/common/technology/autopilot/hls/hls_video_core.h:679->E:/Xilinx/Vivado_2018.3/Vivado/2018.3/common/technology/autopilot/hls/hls_video_core.h:711->E:/Xilinx/Vivado_2018.3/Vivado/2018.3/common/technology/autopilot/hls/hls_video_arithm.h:1561]   --->   Operation 42 'read' 'tmp_40' <Predicate = (!exitcond)> <Delay = 2.26> <Core = "FIFO">   --->   Core 32 'FIFO' <Latency = 0> <II = 1> <Delay = 2.26> <Storage> <Opcode : 'read' 'write' 'nbread' 'nbwrite'> <Ports = 0> <Width = 8> <Depth = 2> <FIFO>
ST_4 : Operation 43 [1/1] (2.26ns)   --->   "%tmp_38 = call i8 @_ssdm_op_Read.ap_fifo.volatile.i8P(i8* %src_data_stream_2_V)" [E:/Xilinx/Vivado_2018.3/Vivado/2018.3/common/technology/autopilot/hls/hls_video_core.h:679->E:/Xilinx/Vivado_2018.3/Vivado/2018.3/common/technology/autopilot/hls/hls_video_core.h:711->E:/Xilinx/Vivado_2018.3/Vivado/2018.3/common/technology/autopilot/hls/hls_video_arithm.h:1561]   --->   Operation 43 'read' 'tmp_38' <Predicate = (!exitcond)> <Delay = 2.26> <Core = "FIFO">   --->   Core 32 'FIFO' <Latency = 0> <II = 1> <Delay = 2.26> <Storage> <Opcode : 'read' 'write' 'nbread' 'nbwrite'> <Ports = 0> <Width = 8> <Depth = 2> <FIFO>
ST_4 : Operation 44 [1/1] (0.00ns)   --->   "%empty = call i32 (...)* @_ssdm_op_SpecRegionEnd([12 x i8]* @p_str15, i32 %tmp_13)" [E:/Xilinx/Vivado_2018.3/Vivado/2018.3/common/technology/autopilot/hls/hls_video_core.h:681->E:/Xilinx/Vivado_2018.3/Vivado/2018.3/common/technology/autopilot/hls/hls_video_core.h:711->E:/Xilinx/Vivado_2018.3/Vivado/2018.3/common/technology/autopilot/hls/hls_video_arithm.h:1561]   --->   Operation 44 'specregionend' 'empty' <Predicate = (!exitcond)> <Delay = 0.00>
ST_4 : Operation 45 [1/1] (0.00ns)   --->   "%tmp_14 = call i32 (...)* @_ssdm_op_SpecRegionBegin([12 x i8]* @p_str19)" [E:/Xilinx/Vivado_2018.3/Vivado/2018.3/common/technology/autopilot/hls/hls_video_core.h:696->E:/Xilinx/Vivado_2018.3/Vivado/2018.3/common/technology/autopilot/hls/hls_video_core.h:717->E:/Xilinx/Vivado_2018.3/Vivado/2018.3/common/technology/autopilot/hls/hls_video_arithm.h:1562]   --->   Operation 45 'specregionbegin' 'tmp_14' <Predicate = (!exitcond)> <Delay = 0.00>
ST_4 : Operation 46 [1/1] (0.00ns)   --->   "call void (...)* @_ssdm_op_SpecProtocol(i32 0, [1 x i8]* @p_str2) nounwind" [E:/Xilinx/Vivado_2018.3/Vivado/2018.3/common/technology/autopilot/hls/hls_video_core.h:700->E:/Xilinx/Vivado_2018.3/Vivado/2018.3/common/technology/autopilot/hls/hls_video_core.h:717->E:/Xilinx/Vivado_2018.3/Vivado/2018.3/common/technology/autopilot/hls/hls_video_arithm.h:1562]   --->   Operation 46 'specprotocol' <Predicate = (!exitcond)> <Delay = 0.00>
ST_4 : Operation 47 [1/1] (2.26ns)   --->   "call void @_ssdm_op_Write.ap_fifo.volatile.i8P(i8* %dst1_data_stream_0_V, i8 %tmp_39)" [E:/Xilinx/Vivado_2018.3/Vivado/2018.3/common/technology/autopilot/hls/hls_video_core.h:703->E:/Xilinx/Vivado_2018.3/Vivado/2018.3/common/technology/autopilot/hls/hls_video_core.h:717->E:/Xilinx/Vivado_2018.3/Vivado/2018.3/common/technology/autopilot/hls/hls_video_arithm.h:1562]   --->   Operation 47 'write' <Predicate = (!exitcond)> <Delay = 2.26> <Core = "FIFO">   --->   Core 32 'FIFO' <Latency = 0> <II = 1> <Delay = 2.26> <Storage> <Opcode : 'read' 'write' 'nbread' 'nbwrite'> <Ports = 0> <Width = 8> <Depth = 2> <FIFO>
ST_4 : Operation 48 [1/1] (2.26ns)   --->   "call void @_ssdm_op_Write.ap_fifo.volatile.i8P(i8* %dst1_data_stream_1_V, i8 %tmp_40)" [E:/Xilinx/Vivado_2018.3/Vivado/2018.3/common/technology/autopilot/hls/hls_video_core.h:703->E:/Xilinx/Vivado_2018.3/Vivado/2018.3/common/technology/autopilot/hls/hls_video_core.h:717->E:/Xilinx/Vivado_2018.3/Vivado/2018.3/common/technology/autopilot/hls/hls_video_arithm.h:1562]   --->   Operation 48 'write' <Predicate = (!exitcond)> <Delay = 2.26> <Core = "FIFO">   --->   Core 32 'FIFO' <Latency = 0> <II = 1> <Delay = 2.26> <Storage> <Opcode : 'read' 'write' 'nbread' 'nbwrite'> <Ports = 0> <Width = 8> <Depth = 2> <FIFO>
ST_4 : Operation 49 [1/1] (2.26ns)   --->   "call void @_ssdm_op_Write.ap_fifo.volatile.i8P(i8* %dst1_data_stream_2_V, i8 %tmp_38)" [E:/Xilinx/Vivado_2018.3/Vivado/2018.3/common/technology/autopilot/hls/hls_video_core.h:703->E:/Xilinx/Vivado_2018.3/Vivado/2018.3/common/technology/autopilot/hls/hls_video_core.h:717->E:/Xilinx/Vivado_2018.3/Vivado/2018.3/common/technology/autopilot/hls/hls_video_arithm.h:1562]   --->   Operation 49 'write' <Predicate = (!exitcond)> <Delay = 2.26> <Core = "FIFO">   --->   Core 32 'FIFO' <Latency = 0> <II = 1> <Delay = 2.26> <Storage> <Opcode : 'read' 'write' 'nbread' 'nbwrite'> <Ports = 0> <Width = 8> <Depth = 2> <FIFO>
ST_4 : Operation 50 [1/1] (0.00ns)   --->   "%empty_64 = call i32 (...)* @_ssdm_op_SpecRegionEnd([12 x i8]* @p_str19, i32 %tmp_14)" [E:/Xilinx/Vivado_2018.3/Vivado/2018.3/common/technology/autopilot/hls/hls_video_core.h:705->E:/Xilinx/Vivado_2018.3/Vivado/2018.3/common/technology/autopilot/hls/hls_video_core.h:717->E:/Xilinx/Vivado_2018.3/Vivado/2018.3/common/technology/autopilot/hls/hls_video_arithm.h:1562]   --->   Operation 50 'specregionend' 'empty_64' <Predicate = (!exitcond)> <Delay = 0.00>
ST_4 : Operation 51 [1/1] (0.00ns)   --->   "%tmp_17 = call i32 (...)* @_ssdm_op_SpecRegionBegin([12 x i8]* @p_str19)" [E:/Xilinx/Vivado_2018.3/Vivado/2018.3/common/technology/autopilot/hls/hls_video_core.h:696->E:/Xilinx/Vivado_2018.3/Vivado/2018.3/common/technology/autopilot/hls/hls_video_core.h:717->E:/Xilinx/Vivado_2018.3/Vivado/2018.3/common/technology/autopilot/hls/hls_video_arithm.h:1563]   --->   Operation 51 'specregionbegin' 'tmp_17' <Predicate = (!exitcond)> <Delay = 0.00>
ST_4 : Operation 52 [1/1] (0.00ns)   --->   "call void (...)* @_ssdm_op_SpecProtocol(i32 0, [1 x i8]* @p_str2) nounwind" [E:/Xilinx/Vivado_2018.3/Vivado/2018.3/common/technology/autopilot/hls/hls_video_core.h:700->E:/Xilinx/Vivado_2018.3/Vivado/2018.3/common/technology/autopilot/hls/hls_video_core.h:717->E:/Xilinx/Vivado_2018.3/Vivado/2018.3/common/technology/autopilot/hls/hls_video_arithm.h:1563]   --->   Operation 52 'specprotocol' <Predicate = (!exitcond)> <Delay = 0.00>
ST_4 : Operation 53 [1/1] (2.26ns)   --->   "call void @_ssdm_op_Write.ap_fifo.volatile.i8P(i8* %dst2_data_stream_0_V, i8 %tmp_39)" [E:/Xilinx/Vivado_2018.3/Vivado/2018.3/common/technology/autopilot/hls/hls_video_core.h:703->E:/Xilinx/Vivado_2018.3/Vivado/2018.3/common/technology/autopilot/hls/hls_video_core.h:717->E:/Xilinx/Vivado_2018.3/Vivado/2018.3/common/technology/autopilot/hls/hls_video_arithm.h:1563]   --->   Operation 53 'write' <Predicate = (!exitcond)> <Delay = 2.26> <Core = "FIFO">   --->   Core 32 'FIFO' <Latency = 0> <II = 1> <Delay = 2.26> <Storage> <Opcode : 'read' 'write' 'nbread' 'nbwrite'> <Ports = 0> <Width = 8> <Depth = 2> <FIFO>
ST_4 : Operation 54 [1/1] (2.26ns)   --->   "call void @_ssdm_op_Write.ap_fifo.volatile.i8P(i8* %dst2_data_stream_1_V, i8 %tmp_40)" [E:/Xilinx/Vivado_2018.3/Vivado/2018.3/common/technology/autopilot/hls/hls_video_core.h:703->E:/Xilinx/Vivado_2018.3/Vivado/2018.3/common/technology/autopilot/hls/hls_video_core.h:717->E:/Xilinx/Vivado_2018.3/Vivado/2018.3/common/technology/autopilot/hls/hls_video_arithm.h:1563]   --->   Operation 54 'write' <Predicate = (!exitcond)> <Delay = 2.26> <Core = "FIFO">   --->   Core 32 'FIFO' <Latency = 0> <II = 1> <Delay = 2.26> <Storage> <Opcode : 'read' 'write' 'nbread' 'nbwrite'> <Ports = 0> <Width = 8> <Depth = 2> <FIFO>
ST_4 : Operation 55 [1/1] (2.26ns)   --->   "call void @_ssdm_op_Write.ap_fifo.volatile.i8P(i8* %dst2_data_stream_2_V, i8 %tmp_38)" [E:/Xilinx/Vivado_2018.3/Vivado/2018.3/common/technology/autopilot/hls/hls_video_core.h:703->E:/Xilinx/Vivado_2018.3/Vivado/2018.3/common/technology/autopilot/hls/hls_video_core.h:717->E:/Xilinx/Vivado_2018.3/Vivado/2018.3/common/technology/autopilot/hls/hls_video_arithm.h:1563]   --->   Operation 55 'write' <Predicate = (!exitcond)> <Delay = 2.26> <Core = "FIFO">   --->   Core 32 'FIFO' <Latency = 0> <II = 1> <Delay = 2.26> <Storage> <Opcode : 'read' 'write' 'nbread' 'nbwrite'> <Ports = 0> <Width = 8> <Depth = 2> <FIFO>
ST_4 : Operation 56 [1/1] (0.00ns)   --->   "%empty_65 = call i32 (...)* @_ssdm_op_SpecRegionEnd([12 x i8]* @p_str19, i32 %tmp_17)" [E:/Xilinx/Vivado_2018.3/Vivado/2018.3/common/technology/autopilot/hls/hls_video_core.h:705->E:/Xilinx/Vivado_2018.3/Vivado/2018.3/common/technology/autopilot/hls/hls_video_core.h:717->E:/Xilinx/Vivado_2018.3/Vivado/2018.3/common/technology/autopilot/hls/hls_video_arithm.h:1563]   --->   Operation 56 'specregionend' 'empty_65' <Predicate = (!exitcond)> <Delay = 0.00>
ST_4 : Operation 57 [1/1] (0.00ns)   --->   "%empty_66 = call i32 (...)* @_ssdm_op_SpecRegionEnd([11 x i8]* @p_str11, i32 %tmp_s)" [E:/Xilinx/Vivado_2018.3/Vivado/2018.3/common/technology/autopilot/hls/hls_video_arithm.h:1564]   --->   Operation 57 'specregionend' 'empty_66' <Predicate = (!exitcond)> <Delay = 0.00>
ST_4 : Operation 58 [1/1] (0.00ns)   --->   "br label %2" [E:/Xilinx/Vivado_2018.3/Vivado/2018.3/common/technology/autopilot/hls/hls_video_arithm.h:1558]   --->   Operation 58 'br' <Predicate = (!exitcond)> <Delay = 0.00>

State 5 <SV = 3> <Delay = 0.00>
ST_5 : Operation 59 [1/1] (0.00ns)   --->   "%empty_67 = call i32 (...)* @_ssdm_op_SpecRegionEnd([12 x i8]* @p_str10, i32 %tmp)" [E:/Xilinx/Vivado_2018.3/Vivado/2018.3/common/technology/autopilot/hls/hls_video_arithm.h:1565]   --->   Operation 59 'specregionend' 'empty_67' <Predicate = true> <Delay = 0.00>
ST_5 : Operation 60 [1/1] (0.00ns)   --->   "br label %0" [E:/Xilinx/Vivado_2018.3/Vivado/2018.3/common/technology/autopilot/hls/hls_video_arithm.h:1557]   --->   Operation 60 'br' <Predicate = true> <Delay = 0.00>


============================================================
+ Verbose Summary: Timing violations
============================================================
Target clock period: 10ns, clock uncertainty: 1.25ns.

 <State 1>: 0.835ns
The critical path consists of the following:
	multiplexor before 'phi' operation ('i.V') with incoming values : ('i.V', E:/Xilinx/Vivado_2018.3/Vivado/2018.3/common/technology/autopilot/hls/hls_video_arithm.h:1557) [29]  (0.835 ns)

 <State 2>: 1.49ns
The critical path consists of the following:
	'phi' operation ('i.V') with incoming values : ('i.V', E:/Xilinx/Vivado_2018.3/Vivado/2018.3/common/technology/autopilot/hls/hls_video_arithm.h:1557) [29]  (0 ns)
	'add' operation ('i.V', E:/Xilinx/Vivado_2018.3/Vivado/2018.3/common/technology/autopilot/hls/hls_video_arithm.h:1557) [32]  (1.49 ns)

 <State 3>: 1.49ns
The critical path consists of the following:
	'phi' operation ('j.V') with incoming values : ('j.V', E:/Xilinx/Vivado_2018.3/Vivado/2018.3/common/technology/autopilot/hls/hls_video_arithm.h:1558) [39]  (0 ns)
	'add' operation ('j.V', E:/Xilinx/Vivado_2018.3/Vivado/2018.3/common/technology/autopilot/hls/hls_video_arithm.h:1558) [42]  (1.49 ns)

 <State 4>: 4.53ns
The critical path consists of the following:
	fifo read on port 'src_data_stream_0_V' (E:/Xilinx/Vivado_2018.3/Vivado/2018.3/common/technology/autopilot/hls/hls_video_core.h:679->E:/Xilinx/Vivado_2018.3/Vivado/2018.3/common/technology/autopilot/hls/hls_video_core.h:711->E:/Xilinx/Vivado_2018.3/Vivado/2018.3/common/technology/autopilot/hls/hls_video_arithm.h:1561) [50]  (2.27 ns)
	fifo write on port 'dst1_data_stream_0_V' (E:/Xilinx/Vivado_2018.3/Vivado/2018.3/common/technology/autopilot/hls/hls_video_core.h:703->E:/Xilinx/Vivado_2018.3/Vivado/2018.3/common/technology/autopilot/hls/hls_video_core.h:717->E:/Xilinx/Vivado_2018.3/Vivado/2018.3/common/technology/autopilot/hls/hls_video_arithm.h:1562) [56]  (2.27 ns)

 <State 5>: 0ns
The critical path consists of the following:


============================================================
+ Verbose Summary: Binding
============================================================
N/A
* FSMD analyzer results:
  - Output states:
 - Input state : 
  - Chain level:
	State 1
	State 2
	State 3
	State 4
	State 5


============================================================
+ Verbose Summary: Datapath Resource usage 
============================================================
N/A
