

================================================================
== Vivado HLS Report for 'Mat2AXIvideo'
================================================================
* Date:           Tue Jul 28 15:48:52 2020

* Version:        2018.3 (Build 2405991 on Thu Dec 06 23:56:15 MST 2018)
* Project:        fast_corner
* Solution:       solution1
* Product family: kintexu
* Target device:  xcku115-flvd1517-2-e


================================================================
== Performance Estimates
================================================================
+ Timing (ns): 
    * Summary: 
    +--------+-------+----------+------------+
    |  Clock | Target| Estimated| Uncertainty|
    +--------+-------+----------+------------+
    |ap_clk  |  10.00|     2.265|        1.25|
    +--------+-------+----------+------------+

+ Latency (clock cycles): 
    * Summary: 
    +-----+---------+-----+---------+---------+
    |    Latency    |    Interval   | Pipeline|
    | min |   max   | min |   max   |   Type  |
    +-----+---------+-----+---------+---------+
    |    1|  2077921|    1|  2077921|   none  |
    +-----+---------+-----+---------+---------+

    + Detail: 
        * Instance: 
        N/A

        * Loop: 
        +---------------+-----+---------+----------+-----------+-----------+----------+----------+
        |               |    Latency    | Iteration|  Initiation Interval  |   Trip   |          |
        |   Loop Name   | min |   max   |  Latency |  achieved |   target  |   Count  | Pipelined|
        +---------------+-----+---------+----------+-----------+-----------+----------+----------+
        |- loop_height  |    0|  2077920| 3 ~ 1924 |          -|          -| 0 ~ 1080 |    no    |
        | + loop_width  |    0|     1921|         3|          1|          1| 0 ~ 1920 |    yes   |
        +---------------+-----+---------+----------+-----------+-----------+----------+----------+

============================================================
+ Verbose Summary: Synthesis Manager
============================================================
InlineROM: 1
ExposeGlobal: 0
============================================================
+ Verbose Summary: CDFG Model
============================================================
IsTopModel: 0
ResetActiveHigh: 1
IsCombinational: 2
IsDatapathOnly: 0
HasWiredReturn: 1
HasMFsm: 0
HasVarLatency: 1
IsPipeline: 0
IsRtlPipelined: 0
IsInstanceOverlapped: 0
IsDontTouch: 0
HasImplIP: 0
IsGatedGlobalClock: 0

+ Individual pipeline summary: 
  * Pipeline-0: initiation interval (II) = 1, depth = 3


============================================================
+ Verbose Summary: Schedule
============================================================
* Number of FSM states : 6
* Pipeline : 1
  Pipeline-0 : II = 1, D = 3, States = { 3 4 5 }
* Dataflow Pipeline: 0

* FSM state transitions: 
1 --> 
	2  / true
2 --> 
	3  / (!exitcond2)
3 --> 
	6  / (exitcond)
	4  / (!exitcond)
4 --> 
	5  / true
5 --> 
	3  / true
6 --> 
	2  / true

* FSM state operations: 

State 1 <SV = 0> <Delay = 1.48>
ST_1 : Operation 7 [1/1] (0.00ns)   --->   "%tmp_user_V = alloca i1"   --->   Operation 7 'alloca' 'tmp_user_V' <Predicate = true> <Delay = 0.00>
ST_1 : Operation 8 [1/1] (0.00ns)   --->   "call void (...)* @_ssdm_op_SpecIFCore(i32 %img_cols_V, [1 x i8]* @p_str2, [10 x i8]* @p_str3, [1 x i8]* @p_str2, i32 -1, [1 x i8]* @p_str2, [1 x i8]* @p_str2, [1 x i8]* @p_str2, [1 x i8]* @p_str2, [24 x i8]* @p_str4)"   --->   Operation 8 'specifcore' <Predicate = true> <Delay = 0.00>
ST_1 : Operation 9 [1/1] (0.00ns)   --->   "call void (...)* @_ssdm_op_SpecIFCore(i32 %img_rows_V, [1 x i8]* @p_str2, [10 x i8]* @p_str3, [1 x i8]* @p_str2, i32 -1, [1 x i8]* @p_str2, [1 x i8]* @p_str2, [1 x i8]* @p_str2, [1 x i8]* @p_str2, [24 x i8]* @p_str4)"   --->   Operation 9 'specifcore' <Predicate = true> <Delay = 0.00>
ST_1 : Operation 10 [1/1] (0.00ns)   --->   "call void (...)* @_ssdm_op_SpecInterface(i8* %img_data_stream_2_V, [8 x i8]* @ap_fifo_str, i32 0, i32 0, [1 x i8]* @p_str225, i32 0, i32 0, [1 x i8]* @p_str226, [1 x i8]* @p_str227, [1 x i8]* @p_str228, i32 2, i32 2, i32 16, i32 16, [1 x i8]* @p_str229, [1 x i8]* @p_str230)"   --->   Operation 10 'specinterface' <Predicate = true> <Delay = 0.00>
ST_1 : Operation 11 [1/1] (0.00ns)   --->   "call void (...)* @_ssdm_op_SpecInterface(i8* %img_data_stream_1_V, [8 x i8]* @ap_fifo_str, i32 0, i32 0, [1 x i8]* @p_str218, i32 0, i32 0, [1 x i8]* @p_str219, [1 x i8]* @p_str220, [1 x i8]* @p_str221, i32 2, i32 2, i32 16, i32 16, [1 x i8]* @p_str222, [1 x i8]* @p_str223)"   --->   Operation 11 'specinterface' <Predicate = true> <Delay = 0.00>
ST_1 : Operation 12 [1/1] (0.00ns)   --->   "call void (...)* @_ssdm_op_SpecInterface(i8* %img_data_stream_0_V, [8 x i8]* @ap_fifo_str, i32 0, i32 0, [1 x i8]* @p_str211, i32 0, i32 0, [1 x i8]* @p_str212, [1 x i8]* @p_str213, [1 x i8]* @p_str214, i32 2, i32 2, i32 16, i32 16, [1 x i8]* @p_str215, [1 x i8]* @p_str216)"   --->   Operation 12 'specinterface' <Predicate = true> <Delay = 0.00>
ST_1 : Operation 13 [1/1] (0.00ns)   --->   "call void (...)* @_ssdm_op_SpecInterface(i32 %img_cols_V, [10 x i8]* @ap_stable_str, i32 0, i32 0, [1 x i8]* @p_str129, i32 0, i32 0, [1 x i8]* @p_str130, [1 x i8]* @p_str131, [1 x i8]* @p_str132, i32 2, i32 2, i32 16, i32 16, [1 x i8]* @p_str133, [1 x i8]* @p_str134)"   --->   Operation 13 'specinterface' <Predicate = true> <Delay = 0.00>
ST_1 : Operation 14 [1/1] (0.00ns)   --->   "call void (...)* @_ssdm_op_SpecInterface(i32 %img_rows_V, [10 x i8]* @ap_stable_str, i32 0, i32 0, [1 x i8]* @p_str135, i32 0, i32 0, [1 x i8]* @p_str136, [1 x i8]* @p_str137, [1 x i8]* @p_str138, i32 2, i32 2, i32 16, i32 16, [1 x i8]* @p_str139, [1 x i8]* @p_str140)"   --->   Operation 14 'specinterface' <Predicate = true> <Delay = 0.00>
ST_1 : Operation 15 [1/1] (0.00ns)   --->   "call void (...)* @_ssdm_op_SpecInterface(i32* %AXI_video_strm_V_data_V, i4* %AXI_video_strm_V_keep_V, i4* %AXI_video_strm_V_strb_V, i1* %AXI_video_strm_V_user_V, i1* %AXI_video_strm_V_last_V, i1* %AXI_video_strm_V_id_V, i1* %AXI_video_strm_V_dest_V, [5 x i8]* @p_str, i32 1, i32 1, [5 x i8]* @p_str1, i32 0, i32 0, [1 x i8]* @p_str2, [1 x i8]* @p_str2, [1 x i8]* @p_str2, i32 0, i32 0, i32 0, i32 0, [1 x i8]* @p_str2, [1 x i8]* @p_str2) nounwind"   --->   Operation 15 'specinterface' <Predicate = true> <Delay = 0.00>
ST_1 : Operation 16 [1/1] (0.00ns)   --->   "%img_cols_V_read = call i32 @_ssdm_op_Read.ap_stable.i32(i32 %img_cols_V)"   --->   Operation 16 'read' 'img_cols_V_read' <Predicate = true> <Delay = 0.00> <Core = "AXI4LiteS">   --->   Core 6 'AXI4LiteS' <Latency = 0> <II = 1> <Delay = 1.00> <Adapter> <Opcode : >
ST_1 : Operation 17 [1/1] (0.00ns)   --->   "%img_rows_V_read = call i32 @_ssdm_op_Read.ap_stable.i32(i32 %img_rows_V)"   --->   Operation 17 'read' 'img_rows_V_read' <Predicate = true> <Delay = 0.00> <Core = "AXI4LiteS">   --->   Core 6 'AXI4LiteS' <Latency = 0> <II = 1> <Delay = 1.00> <Adapter> <Opcode : >
ST_1 : Operation 18 [1/1] (0.00ns)   --->   "%lhs_V_cast = zext i32 %img_cols_V_read to i33" [E:/Xilinx/Vivado_2018.3/Vivado/2018.3/common/technology/autopilot/hls/hls_video_io.h:135]   --->   Operation 18 'zext' 'lhs_V_cast' <Predicate = true> <Delay = 0.00>
ST_1 : Operation 19 [1/1] (1.48ns)   --->   "%ret_V = add i33 %lhs_V_cast, -1" [E:/Xilinx/Vivado_2018.3/Vivado/2018.3/common/technology/autopilot/hls/hls_video_io.h:135]   --->   Operation 19 'add' 'ret_V' <Predicate = true> <Delay = 1.48> <Core = "AddSub">   --->   Core 14 'AddSub' <Latency = 0> <II = 1> <Delay = 1.48> <FuncUnit> <Opcode : 'add' 'sub'> <InPorts = 2> <OutPorts = 1>
ST_1 : Operation 20 [1/1] (0.83ns)   --->   "store i1 true, i1* %tmp_user_V"   --->   Operation 20 'store' <Predicate = true> <Delay = 0.83>
ST_1 : Operation 21 [1/1] (0.83ns)   --->   "br label %0" [E:/Xilinx/Vivado_2018.3/Vivado/2018.3/common/technology/autopilot/hls/hls_video_io.h:125]   --->   Operation 21 'br' <Predicate = true> <Delay = 0.83>

State 2 <SV = 1> <Delay = 1.48>
ST_2 : Operation 22 [1/1] (0.00ns)   --->   "%t_V = phi i32 [ 0, %._crit_edge ], [ %i_V, %3 ]"   --->   Operation 22 'phi' 't_V' <Predicate = true> <Delay = 0.00>
ST_2 : Operation 23 [1/1] (1.14ns)   --->   "%exitcond2 = icmp eq i32 %t_V, %img_rows_V_read" [E:/Xilinx/Vivado_2018.3/Vivado/2018.3/common/technology/autopilot/hls/hls_video_io.h:125]   --->   Operation 23 'icmp' 'exitcond2' <Predicate = true> <Delay = 1.14> <Core = "Cmp">   --->   Core 25 'Cmp' <Latency = 0> <II = 1> <Delay = 1.14> <FuncUnit> <Opcode : 'icmp'> <InPorts = 2> <OutPorts = 1>
ST_2 : Operation 24 [1/1] (0.00ns)   --->   "call void (...)* @_ssdm_op_SpecLoopTripCount(i64 0, i64 1080, i64 0)"   --->   Operation 24 'speclooptripcount' <Predicate = true> <Delay = 0.00>
ST_2 : Operation 25 [1/1] (1.48ns)   --->   "%i_V = add i32 %t_V, 1" [E:/Xilinx/Vivado_2018.3/Vivado/2018.3/common/technology/autopilot/hls/hls_video_io.h:125]   --->   Operation 25 'add' 'i_V' <Predicate = true> <Delay = 1.48> <Core = "AddSub">   --->   Core 14 'AddSub' <Latency = 0> <II = 1> <Delay = 1.48> <FuncUnit> <Opcode : 'add' 'sub'> <InPorts = 2> <OutPorts = 1>
ST_2 : Operation 26 [1/1] (0.00ns)   --->   "br i1 %exitcond2, label %4, label %1" [E:/Xilinx/Vivado_2018.3/Vivado/2018.3/common/technology/autopilot/hls/hls_video_io.h:125]   --->   Operation 26 'br' <Predicate = true> <Delay = 0.00>
ST_2 : Operation 27 [1/1] (0.00ns)   --->   "call void (...)* @_ssdm_op_SpecLoopName([12 x i8]* @p_str10) nounwind" [E:/Xilinx/Vivado_2018.3/Vivado/2018.3/common/technology/autopilot/hls/hls_video_io.h:125]   --->   Operation 27 'specloopname' <Predicate = (!exitcond2)> <Delay = 0.00>
ST_2 : Operation 28 [1/1] (0.00ns)   --->   "%tmp = call i32 (...)* @_ssdm_op_SpecRegionBegin([12 x i8]* @p_str10)" [E:/Xilinx/Vivado_2018.3/Vivado/2018.3/common/technology/autopilot/hls/hls_video_io.h:125]   --->   Operation 28 'specregionbegin' 'tmp' <Predicate = (!exitcond2)> <Delay = 0.00>
ST_2 : Operation 29 [1/1] (0.83ns)   --->   "br label %2" [E:/Xilinx/Vivado_2018.3/Vivado/2018.3/common/technology/autopilot/hls/hls_video_io.h:126]   --->   Operation 29 'br' <Predicate = (!exitcond2)> <Delay = 0.83>
ST_2 : Operation 30 [1/1] (0.00ns)   --->   "ret void"   --->   Operation 30 'ret' <Predicate = (exitcond2)> <Delay = 0.00>

State 3 <SV = 2> <Delay = 1.48>
ST_3 : Operation 31 [1/1] (0.00ns)   --->   "%t_V_2 = phi i32 [ 0, %1 ], [ %j_V, %"operator>>.exit" ]"   --->   Operation 31 'phi' 't_V_2' <Predicate = true> <Delay = 0.00>
ST_3 : Operation 32 [1/1] (1.14ns)   --->   "%exitcond = icmp eq i32 %t_V_2, %img_cols_V_read" [E:/Xilinx/Vivado_2018.3/Vivado/2018.3/common/technology/autopilot/hls/hls_video_io.h:126]   --->   Operation 32 'icmp' 'exitcond' <Predicate = true> <Delay = 1.14> <Core = "Cmp">   --->   Core 25 'Cmp' <Latency = 0> <II = 1> <Delay = 1.14> <FuncUnit> <Opcode : 'icmp'> <InPorts = 2> <OutPorts = 1>
ST_3 : Operation 33 [1/1] (0.00ns)   --->   "call void (...)* @_ssdm_op_SpecLoopTripCount(i64 0, i64 1920, i64 0)"   --->   Operation 33 'speclooptripcount' <Predicate = true> <Delay = 0.00>
ST_3 : Operation 34 [1/1] (1.48ns)   --->   "%j_V = add i32 %t_V_2, 1" [E:/Xilinx/Vivado_2018.3/Vivado/2018.3/common/technology/autopilot/hls/hls_video_io.h:126]   --->   Operation 34 'add' 'j_V' <Predicate = true> <Delay = 1.48> <Core = "AddSub">   --->   Core 14 'AddSub' <Latency = 0> <II = 1> <Delay = 1.48> <FuncUnit> <Opcode : 'add' 'sub'> <InPorts = 2> <OutPorts = 1>
ST_3 : Operation 35 [1/1] (0.00ns)   --->   "br i1 %exitcond, label %3, label %"operator>>.exit"" [E:/Xilinx/Vivado_2018.3/Vivado/2018.3/common/technology/autopilot/hls/hls_video_io.h:126]   --->   Operation 35 'br' <Predicate = true> <Delay = 0.00>
ST_3 : Operation 36 [1/1] (0.00ns)   --->   "%tmp_8_cast = zext i32 %t_V_2 to i33" [E:/Xilinx/Vivado_2018.3/Vivado/2018.3/common/technology/autopilot/hls/hls_video_io.h:135]   --->   Operation 36 'zext' 'tmp_8_cast' <Predicate = (!exitcond)> <Delay = 0.00>
ST_3 : Operation 37 [1/1] (1.15ns)   --->   "%axi_last_V = icmp eq i33 %tmp_8_cast, %ret_V" [E:/Xilinx/Vivado_2018.3/Vivado/2018.3/common/technology/autopilot/hls/hls_video_io.h:135]   --->   Operation 37 'icmp' 'axi_last_V' <Predicate = (!exitcond)> <Delay = 1.15> <Core = "Cmp">   --->   Core 25 'Cmp' <Latency = 0> <II = 1> <Delay = 1.14> <FuncUnit> <Opcode : 'icmp'> <InPorts = 2> <OutPorts = 1>

State 4 <SV = 3> <Delay = 2.26>
ST_4 : Operation 38 [1/1] (0.00ns)   --->   "%tmp_user_V_load = load i1* %tmp_user_V" [E:/Xilinx/Vivado_2018.3/Vivado/2018.3/common/technology/autopilot/hls/hls_video_io.h:146]   --->   Operation 38 'load' 'tmp_user_V_load' <Predicate = (!exitcond)> <Delay = 0.00>
ST_4 : Operation 39 [1/1] (0.00ns)   --->   "%tmp_2 = call i32 (...)* @_ssdm_op_SpecRegionBegin([12 x i8]* @p_str15)" [E:/Xilinx/Vivado_2018.3/Vivado/2018.3/common/technology/autopilot/hls/hls_video_core.h:672->E:/Xilinx/Vivado_2018.3/Vivado/2018.3/common/technology/autopilot/hls/hls_video_core.h:711->E:/Xilinx/Vivado_2018.3/Vivado/2018.3/common/technology/autopilot/hls/hls_video_io.h:140]   --->   Operation 39 'specregionbegin' 'tmp_2' <Predicate = (!exitcond)> <Delay = 0.00>
ST_4 : Operation 40 [1/1] (0.00ns)   --->   "call void (...)* @_ssdm_op_SpecProtocol(i32 0, [1 x i8]* @p_str2) nounwind" [E:/Xilinx/Vivado_2018.3/Vivado/2018.3/common/technology/autopilot/hls/hls_video_core.h:676->E:/Xilinx/Vivado_2018.3/Vivado/2018.3/common/technology/autopilot/hls/hls_video_core.h:711->E:/Xilinx/Vivado_2018.3/Vivado/2018.3/common/technology/autopilot/hls/hls_video_io.h:140]   --->   Operation 40 'specprotocol' <Predicate = (!exitcond)> <Delay = 0.00>
ST_4 : Operation 41 [1/1] (2.26ns)   --->   "%tmp_19 = call i8 @_ssdm_op_Read.ap_fifo.volatile.i8P(i8* %img_data_stream_0_V)" [E:/Xilinx/Vivado_2018.3/Vivado/2018.3/common/technology/autopilot/hls/hls_video_core.h:679->E:/Xilinx/Vivado_2018.3/Vivado/2018.3/common/technology/autopilot/hls/hls_video_core.h:711->E:/Xilinx/Vivado_2018.3/Vivado/2018.3/common/technology/autopilot/hls/hls_video_io.h:140]   --->   Operation 41 'read' 'tmp_19' <Predicate = (!exitcond)> <Delay = 2.26> <Core = "FIFO">   --->   Core 32 'FIFO' <Latency = 0> <II = 1> <Delay = 2.26> <Storage> <Opcode : 'read' 'write' 'nbread' 'nbwrite'> <Ports = 0> <Width = 8> <Depth = 2> <FIFO>
ST_4 : Operation 42 [1/1] (2.26ns)   --->   "%tmp_20 = call i8 @_ssdm_op_Read.ap_fifo.volatile.i8P(i8* %img_data_stream_1_V)" [E:/Xilinx/Vivado_2018.3/Vivado/2018.3/common/technology/autopilot/hls/hls_video_core.h:679->E:/Xilinx/Vivado_2018.3/Vivado/2018.3/common/technology/autopilot/hls/hls_video_core.h:711->E:/Xilinx/Vivado_2018.3/Vivado/2018.3/common/technology/autopilot/hls/hls_video_io.h:140]   --->   Operation 42 'read' 'tmp_20' <Predicate = (!exitcond)> <Delay = 2.26> <Core = "FIFO">   --->   Core 32 'FIFO' <Latency = 0> <II = 1> <Delay = 2.26> <Storage> <Opcode : 'read' 'write' 'nbread' 'nbwrite'> <Ports = 0> <Width = 8> <Depth = 2> <FIFO>
ST_4 : Operation 43 [1/1] (2.26ns)   --->   "%tmp_18 = call i8 @_ssdm_op_Read.ap_fifo.volatile.i8P(i8* %img_data_stream_2_V)" [E:/Xilinx/Vivado_2018.3/Vivado/2018.3/common/technology/autopilot/hls/hls_video_core.h:679->E:/Xilinx/Vivado_2018.3/Vivado/2018.3/common/technology/autopilot/hls/hls_video_core.h:711->E:/Xilinx/Vivado_2018.3/Vivado/2018.3/common/technology/autopilot/hls/hls_video_io.h:140]   --->   Operation 43 'read' 'tmp_18' <Predicate = (!exitcond)> <Delay = 2.26> <Core = "FIFO">   --->   Core 32 'FIFO' <Latency = 0> <II = 1> <Delay = 2.26> <Storage> <Opcode : 'read' 'write' 'nbread' 'nbwrite'> <Ports = 0> <Width = 8> <Depth = 2> <FIFO>
ST_4 : Operation 44 [1/1] (0.00ns)   --->   "%empty = call i32 (...)* @_ssdm_op_SpecRegionEnd([12 x i8]* @p_str15, i32 %tmp_2)" [E:/Xilinx/Vivado_2018.3/Vivado/2018.3/common/technology/autopilot/hls/hls_video_core.h:681->E:/Xilinx/Vivado_2018.3/Vivado/2018.3/common/technology/autopilot/hls/hls_video_core.h:711->E:/Xilinx/Vivado_2018.3/Vivado/2018.3/common/technology/autopilot/hls/hls_video_io.h:140]   --->   Operation 44 'specregionend' 'empty' <Predicate = (!exitcond)> <Delay = 0.00>
ST_4 : Operation 45 [1/1] (0.00ns)   --->   "%tmp_data_V = call i32 @_ssdm_op_BitConcatenate.i32.i8.i8.i8.i8(i8 -1, i8 %tmp_18, i8 %tmp_20, i8 %tmp_19)" [E:/Xilinx/Vivado_2018.3/Vivado/2018.3/common/technology/autopilot/hls/hls_axi_io.h:78->E:/Xilinx/Vivado_2018.3/Vivado/2018.3/common/technology/autopilot/hls/hls_axi_io.h:100->E:/Xilinx/Vivado_2018.3/Vivado/2018.3/common/technology/autopilot/hls/hls_video_io.h:143]   --->   Operation 45 'bitconcatenate' 'tmp_data_V' <Predicate = (!exitcond)> <Delay = 0.00>
ST_4 : Operation 46 [2/2] (0.00ns)   --->   "call void @_ssdm_op_Write.axis.volatile.i32P.i4P.i4P.i1P.i1P.i1P.i1P(i32* %AXI_video_strm_V_data_V, i4* %AXI_video_strm_V_keep_V, i4* %AXI_video_strm_V_strb_V, i1* %AXI_video_strm_V_user_V, i1* %AXI_video_strm_V_last_V, i1* %AXI_video_strm_V_id_V, i1* %AXI_video_strm_V_dest_V, i32 %tmp_data_V, i4 -1, i4 undef, i1 %tmp_user_V_load, i1 %axi_last_V, i1 undef, i1 undef)" [E:/Xilinx/Vivado_2018.3/Vivado/2018.3/common/technology/autopilot/hls/hls_video_io.h:146]   --->   Operation 46 'write' <Predicate = (!exitcond)> <Delay = 0.00> <Core = "AXI4Stream">   --->   Core 5 'AXI4Stream' <Latency = 0> <II = 1> <Delay = 1.00> <Adapter> <Opcode : >
ST_4 : Operation 47 [1/1] (0.83ns)   --->   "store i1 false, i1* %tmp_user_V"   --->   Operation 47 'store' <Predicate = (!exitcond)> <Delay = 0.83>

State 5 <SV = 4> <Delay = 0.00>
ST_5 : Operation 48 [1/1] (0.00ns)   --->   "call void (...)* @_ssdm_op_SpecLoopName([11 x i8]* @p_str11) nounwind" [E:/Xilinx/Vivado_2018.3/Vivado/2018.3/common/technology/autopilot/hls/hls_video_io.h:126]   --->   Operation 48 'specloopname' <Predicate = (!exitcond)> <Delay = 0.00>
ST_5 : Operation 49 [1/1] (0.00ns)   --->   "%tmp_s = call i32 (...)* @_ssdm_op_SpecRegionBegin([11 x i8]* @p_str11)" [E:/Xilinx/Vivado_2018.3/Vivado/2018.3/common/technology/autopilot/hls/hls_video_io.h:126]   --->   Operation 49 'specregionbegin' 'tmp_s' <Predicate = (!exitcond)> <Delay = 0.00>
ST_5 : Operation 50 [1/1] (0.00ns)   --->   "call void (...)* @_ssdm_op_SpecPipeline(i32 1, i32 1, i32 1, i32 0, [1 x i8]* @p_str2) nounwind" [E:/Xilinx/Vivado_2018.3/Vivado/2018.3/common/technology/autopilot/hls/hls_video_io.h:128]   --->   Operation 50 'specpipeline' <Predicate = (!exitcond)> <Delay = 0.00>
ST_5 : Operation 51 [1/2] (0.00ns)   --->   "call void @_ssdm_op_Write.axis.volatile.i32P.i4P.i4P.i1P.i1P.i1P.i1P(i32* %AXI_video_strm_V_data_V, i4* %AXI_video_strm_V_keep_V, i4* %AXI_video_strm_V_strb_V, i1* %AXI_video_strm_V_user_V, i1* %AXI_video_strm_V_last_V, i1* %AXI_video_strm_V_id_V, i1* %AXI_video_strm_V_dest_V, i32 %tmp_data_V, i4 -1, i4 undef, i1 %tmp_user_V_load, i1 %axi_last_V, i1 undef, i1 undef)" [E:/Xilinx/Vivado_2018.3/Vivado/2018.3/common/technology/autopilot/hls/hls_video_io.h:146]   --->   Operation 51 'write' <Predicate = (!exitcond)> <Delay = 0.00> <Core = "AXI4Stream">   --->   Core 5 'AXI4Stream' <Latency = 0> <II = 1> <Delay = 1.00> <Adapter> <Opcode : >
ST_5 : Operation 52 [1/1] (0.00ns)   --->   "%empty_55 = call i32 (...)* @_ssdm_op_SpecRegionEnd([11 x i8]* @p_str11, i32 %tmp_s)" [E:/Xilinx/Vivado_2018.3/Vivado/2018.3/common/technology/autopilot/hls/hls_video_io.h:147]   --->   Operation 52 'specregionend' 'empty_55' <Predicate = (!exitcond)> <Delay = 0.00>
ST_5 : Operation 53 [1/1] (0.00ns)   --->   "br label %2" [E:/Xilinx/Vivado_2018.3/Vivado/2018.3/common/technology/autopilot/hls/hls_video_io.h:126]   --->   Operation 53 'br' <Predicate = (!exitcond)> <Delay = 0.00>

State 6 <SV = 3> <Delay = 0.00>
ST_6 : Operation 54 [1/1] (0.00ns)   --->   "%empty_56 = call i32 (...)* @_ssdm_op_SpecRegionEnd([12 x i8]* @p_str10, i32 %tmp)" [E:/Xilinx/Vivado_2018.3/Vivado/2018.3/common/technology/autopilot/hls/hls_video_io.h:148]   --->   Operation 54 'specregionend' 'empty_56' <Predicate = true> <Delay = 0.00>
ST_6 : Operation 55 [1/1] (0.00ns)   --->   "br label %0" [E:/Xilinx/Vivado_2018.3/Vivado/2018.3/common/technology/autopilot/hls/hls_video_io.h:125]   --->   Operation 55 'br' <Predicate = true> <Delay = 0.00>


============================================================
+ Verbose Summary: Timing violations
============================================================
Target clock period: 10ns, clock uncertainty: 1.25ns.

 <State 1>: 1.49ns
The critical path consists of the following:
	wire read on port 'img_cols_V' [22]  (0 ns)
	'add' operation ('ret.V', E:/Xilinx/Vivado_2018.3/Vivado/2018.3/common/technology/autopilot/hls/hls_video_io.h:135) [25]  (1.49 ns)

 <State 2>: 1.49ns
The critical path consists of the following:
	'phi' operation ('i.V') with incoming values : ('i.V', E:/Xilinx/Vivado_2018.3/Vivado/2018.3/common/technology/autopilot/hls/hls_video_io.h:125) [29]  (0 ns)
	'add' operation ('i.V', E:/Xilinx/Vivado_2018.3/Vivado/2018.3/common/technology/autopilot/hls/hls_video_io.h:125) [32]  (1.49 ns)

 <State 3>: 1.49ns
The critical path consists of the following:
	'phi' operation ('j.V') with incoming values : ('j.V', E:/Xilinx/Vivado_2018.3/Vivado/2018.3/common/technology/autopilot/hls/hls_video_io.h:126) [39]  (0 ns)
	'add' operation ('j.V', E:/Xilinx/Vivado_2018.3/Vivado/2018.3/common/technology/autopilot/hls/hls_video_io.h:126) [42]  (1.49 ns)

 <State 4>: 2.27ns
The critical path consists of the following:
	fifo read on port 'img_data_stream_0_V' (E:/Xilinx/Vivado_2018.3/Vivado/2018.3/common/technology/autopilot/hls/hls_video_core.h:679->E:/Xilinx/Vivado_2018.3/Vivado/2018.3/common/technology/autopilot/hls/hls_video_core.h:711->E:/Xilinx/Vivado_2018.3/Vivado/2018.3/common/technology/autopilot/hls/hls_video_io.h:140) [53]  (2.27 ns)

 <State 5>: 0ns
The critical path consists of the following:

 <State 6>: 0ns
The critical path consists of the following:


============================================================
+ Verbose Summary: Binding
============================================================
N/A
* FSMD analyzer results:
  - Output states:
 - Input state : 
  - Chain level:
	State 1
	State 2
	State 3
	State 4
	State 5
	State 6


============================================================
+ Verbose Summary: Datapath Resource usage 
============================================================
N/A
