

================================================================
== Vivado HLS Report for 'Block_Mat_exit45_pro'
================================================================
* Date:           Tue Jul 28 10:09:18 2020

* Version:        2018.3 (Build 2405991 on Thu Dec 06 23:56:15 MST 2018)
* Project:        skin_detect
* Solution:       solution1
* Product family: aartix7
* Target device:  xa7a12tcsg325-1q


================================================================
== Performance Estimates
================================================================
+ Timing (ns): 
    * Summary: 
    +--------+-------+----------+------------+
    |  Clock | Target| Estimated| Uncertainty|
    +--------+-------+----------+------------+
    |ap_clk  |  10.00|     3.908|        1.25|
    +--------+-------+----------+------------+

+ Latency (clock cycles): 
    * Summary: 
    +-----+-----+-----+-----+---------+
    |  Latency  |  Interval | Pipeline|
    | min | max | min | max |   Type  |
    +-----+-----+-----+-----+---------+
    |    0|    0|    0|    0|   none  |
    +-----+-----+-----+-----+---------+

    + Detail: 
        * Instance: 
        N/A

        * Loop: 
        N/A



================================================================
== Utilization Estimates
================================================================
* Summary: 
+-----------------+---------+-------+-------+------+
|       Name      | BRAM_18K| DSP48E|   FF  |  LUT |
+-----------------+---------+-------+-------+------+
|DSP              |        -|      -|      -|     -|
|Expression       |        -|      -|      0|     8|
|FIFO             |        -|      -|      -|     -|
|Instance         |        -|      -|      -|     -|
|Memory           |        -|      -|      -|     -|
|Multiplexer      |        -|      -|      -|   126|
|Register         |        -|      -|     67|     -|
+-----------------+---------+-------+-------+------+
|Total            |        0|      0|     67|   134|
+-----------------+---------+-------+-------+------+
|Available        |       40|     40|  16000|  8000|
+-----------------+---------+-------+-------+------+
|Utilization (%)  |        0|      0|   ~0  |     1|
+-----------------+---------+-------+-------+------+

+ Detail: 
    * Instance: 
    N/A

    * DSP48: 
    N/A

    * Memory: 
    N/A

    * FIFO: 
    N/A

    * Expression: 
    +-----------------+----------+-------+---+----+------------+------------+
    |  Variable Name  | Operation| DSP48E| FF| LUT| Bitwidth P0| Bitwidth P1|
    +-----------------+----------+-------+---+----+------------+------------+
    |ap_block_state1  |    or    |      0|  0|   8|           1|           1|
    +-----------------+----------+-------+---+----+------------+------------+
    |Total            |          |      0|  0|   8|           1|           1|
    +-----------------+----------+-------+---+----+------------+------------+

    * Multiplexer: 
    +------------------------+----+-----------+-----+-----------+
    |          Name          | LUT| Input Size| Bits| Total Bits|
    +------------------------+----+-----------+-----+-----------+
    |ap_done                 |   9|          2|    1|          2|
    |ap_return_0             |   9|          2|   32|         64|
    |ap_return_1             |   9|          2|   32|         64|
    |cb_lower_out_blk_n      |   9|          2|    1|          2|
    |cb_upper_out_blk_n      |   9|          2|    1|          2|
    |cols_out_blk_n          |   9|          2|    1|          2|
    |cr_lower_out_blk_n      |   9|          2|    1|          2|
    |cr_upper_out_blk_n      |   9|          2|    1|          2|
    |img_1_cols_V_out_blk_n  |   9|          2|    1|          2|
    |img_1_rows_V_out_blk_n  |   9|          2|    1|          2|
    |real_start              |   9|          2|    1|          2|
    |rows_out_blk_n          |   9|          2|    1|          2|
    |y_lower_out_blk_n       |   9|          2|    1|          2|
    |y_upper_out_blk_n       |   9|          2|    1|          2|
    +------------------------+----+-----------+-----+-----------+
    |Total                   | 126|         28|   76|        152|
    +------------------------+----+-----------+-----+-----------+

    * Register: 
    +------------------+----+----+-----+-----------+
    |       Name       | FF | LUT| Bits| Const Bits|
    +------------------+----+----+-----+-----------+
    |ap_CS_fsm         |   1|   0|    1|          0|
    |ap_done_reg       |   1|   0|    1|          0|
    |ap_return_0_preg  |  32|   0|   32|          0|
    |ap_return_1_preg  |  32|   0|   32|          0|
    |start_once_reg    |   1|   0|    1|          0|
    +------------------+----+----+-----+-----------+
    |Total             |  67|   0|   67|          0|
    +------------------+----+----+-----+-----------+



================================================================
== Interface
================================================================
* Summary: 
+-------------------------+-----+-----+------------+----------------------+--------------+
|        RTL Ports        | Dir | Bits|  Protocol  |     Source Object    |    C Type    |
+-------------------------+-----+-----+------------+----------------------+--------------+
|ap_clk                   |  in |    1| ap_ctrl_hs | Block_Mat.exit45_pro | return value |
|ap_rst                   |  in |    1| ap_ctrl_hs | Block_Mat.exit45_pro | return value |
|ap_start                 |  in |    1| ap_ctrl_hs | Block_Mat.exit45_pro | return value |
|start_full_n             |  in |    1| ap_ctrl_hs | Block_Mat.exit45_pro | return value |
|ap_done                  | out |    1| ap_ctrl_hs | Block_Mat.exit45_pro | return value |
|ap_continue              |  in |    1| ap_ctrl_hs | Block_Mat.exit45_pro | return value |
|ap_idle                  | out |    1| ap_ctrl_hs | Block_Mat.exit45_pro | return value |
|ap_ready                 | out |    1| ap_ctrl_hs | Block_Mat.exit45_pro | return value |
|start_out                | out |    1| ap_ctrl_hs | Block_Mat.exit45_pro | return value |
|start_write              | out |    1| ap_ctrl_hs | Block_Mat.exit45_pro | return value |
|ap_return_0              | out |   32| ap_ctrl_hs | Block_Mat.exit45_pro | return value |
|ap_return_1              | out |   32| ap_ctrl_hs | Block_Mat.exit45_pro | return value |
|rows                     |  in |   32|   ap_none  |         rows         |    scalar    |
|cols                     |  in |   32|   ap_none  |         cols         |    scalar    |
|y_lower                  |  in |   32|   ap_none  |        y_lower       |    scalar    |
|y_upper                  |  in |   32|   ap_none  |        y_upper       |    scalar    |
|cb_lower                 |  in |   32|   ap_none  |       cb_lower       |    scalar    |
|cb_upper                 |  in |   32|   ap_none  |       cb_upper       |    scalar    |
|cr_lower                 |  in |   32|   ap_none  |       cr_lower       |    scalar    |
|cr_upper                 |  in |   32|   ap_none  |       cr_upper       |    scalar    |
|rows_out_din             | out |   32|   ap_fifo  |       rows_out       |    pointer   |
|rows_out_full_n          |  in |    1|   ap_fifo  |       rows_out       |    pointer   |
|rows_out_write           | out |    1|   ap_fifo  |       rows_out       |    pointer   |
|cols_out_din             | out |   32|   ap_fifo  |       cols_out       |    pointer   |
|cols_out_full_n          |  in |    1|   ap_fifo  |       cols_out       |    pointer   |
|cols_out_write           | out |    1|   ap_fifo  |       cols_out       |    pointer   |
|img_1_rows_V_out_din     | out |   32|   ap_fifo  |   img_1_rows_V_out   |    pointer   |
|img_1_rows_V_out_full_n  |  in |    1|   ap_fifo  |   img_1_rows_V_out   |    pointer   |
|img_1_rows_V_out_write   | out |    1|   ap_fifo  |   img_1_rows_V_out   |    pointer   |
|img_1_cols_V_out_din     | out |   32|   ap_fifo  |   img_1_cols_V_out   |    pointer   |
|img_1_cols_V_out_full_n  |  in |    1|   ap_fifo  |   img_1_cols_V_out   |    pointer   |
|img_1_cols_V_out_write   | out |    1|   ap_fifo  |   img_1_cols_V_out   |    pointer   |
|y_lower_out_din          | out |   32|   ap_fifo  |      y_lower_out     |    pointer   |
|y_lower_out_full_n       |  in |    1|   ap_fifo  |      y_lower_out     |    pointer   |
|y_lower_out_write        | out |    1|   ap_fifo  |      y_lower_out     |    pointer   |
|y_upper_out_din          | out |   32|   ap_fifo  |      y_upper_out     |    pointer   |
|y_upper_out_full_n       |  in |    1|   ap_fifo  |      y_upper_out     |    pointer   |
|y_upper_out_write        | out |    1|   ap_fifo  |      y_upper_out     |    pointer   |
|cb_lower_out_din         | out |   32|   ap_fifo  |     cb_lower_out     |    pointer   |
|cb_lower_out_full_n      |  in |    1|   ap_fifo  |     cb_lower_out     |    pointer   |
|cb_lower_out_write       | out |    1|   ap_fifo  |     cb_lower_out     |    pointer   |
|cb_upper_out_din         | out |   32|   ap_fifo  |     cb_upper_out     |    pointer   |
|cb_upper_out_full_n      |  in |    1|   ap_fifo  |     cb_upper_out     |    pointer   |
|cb_upper_out_write       | out |    1|   ap_fifo  |     cb_upper_out     |    pointer   |
|cr_lower_out_din         | out |   32|   ap_fifo  |     cr_lower_out     |    pointer   |
|cr_lower_out_full_n      |  in |    1|   ap_fifo  |     cr_lower_out     |    pointer   |
|cr_lower_out_write       | out |    1|   ap_fifo  |     cr_lower_out     |    pointer   |
|cr_upper_out_din         | out |   32|   ap_fifo  |     cr_upper_out     |    pointer   |
|cr_upper_out_full_n      |  in |    1|   ap_fifo  |     cr_upper_out     |    pointer   |
|cr_upper_out_write       | out |    1|   ap_fifo  |     cr_upper_out     |    pointer   |
+-------------------------+-----+-----+------------+----------------------+--------------+

