Exception at PC 0x00007FFF21FE4008
Exception at PC 0x00007FFF21FE4008
Exception at PC 0x00007FFF21FE4008
Exception at PC 0x00007FFF21FE4008
Exception at PC 0x00007FFEB8F5E132
Attemped to write at address 0x00007FFEECDD4AA4
Printing stacktrace...

[0]  [0x00007FFEB8F5E132]
[1]  [0x00007FFEB8F5E132]
[2]  [0x00007FFEB8F5E194]
[3]  [0x00007FFEB8BAD0D7]
[4]  [0x00007FFEB8A92BCA]
[5]  [0x00007FFEB8A92FD1]
[6]  [0x00007FFEB8F5EB2F]
[7]  [0x00007FFEB8E1C19D]
[8]  [0x00007FFEB8E15942]
[9]  [0x00007FFEB8E15AB5]
[10] (RtlDeactivateActivationContextUnsafeFast+0x1b3) [0x00007FFF25201493]
[11] (LdrShutdownProcess+0x125) [0x00007FFF25230755]
[12] (RtlExitUserProcess+0xb4) [0x00007FFF25230614]
[13] (ExitProcess+0xa) [0x00007FFF245DF06A]
[14] (exit+0x75) [0x00007FFF22D59B25]
[15] (initterm_e+0x21d) [0x00007FFF22D5A16D]
[16]  [0x00000000004014CD]
[17]  [0x000000000040151B]
[18] (BaseThreadInitThunk+0x14) [0x00007FFF245E1FE4]
[19] (RtlUserThreadStart+0x21) [0x00007FFF2525F061]
Done
