

================================================================
== Vivado HLS Report for 'hls_counter_color'
================================================================
* Date:           Tue Jul 28 16:41:01 2020

* Version:        2018.3 (Build 2405991 on Thu Dec 06 23:56:15 MST 2018)
* Project:        otsu_threshold
* Solution:       solution1
* Product family: kintexu
* Target device:  xcku115-flvd1517-2-e


================================================================
== Performance Estimates
================================================================
+ Timing (ns): 
    * Summary: 
    +--------+-------+----------+------------+
    |  Clock | Target| Estimated| Uncertainty|
    +--------+-------+----------+------------+
    |ap_clk  |  10.00|     9.121|        1.25|
    +--------+-------+----------+------------+

+ Latency (clock cycles): 
    * Summary: 
    +------+---------+------+---------+----------+
    |     Latency    |    Interval    | Pipeline |
    |  min |   max   |  min |   max   |   Type   |
    +------+---------+------+---------+----------+
    |  9261|  3001869|  9258|  3001866| dataflow |
    +------+---------+------+---------+----------+

    + Detail: 
        * Instance: 
        +-----------------+--------------+------+---------+------+---------+---------+
        |                 |              |     Latency    |    Interval    | Pipeline|
        |     Instance    |    Module    |  min |   max   |  min |   max   |   Type  |
        +-----------------+--------------+------+---------+------+---------+---------+
        |threshold_U0     |threshold     |  9257|  3001865|  9257|  3001865|   none  |
        |AXIvideo2Mat_U0  |AXIvideo2Mat  |     3|  2079003|     3|  2079003|   none  |
        |Mat2AXIvideo_U0  |Mat2AXIvideo  |     1|  2077921|     1|  2077921|   none  |
        |CvtColor_U0      |CvtColor      |     1|  2077921|     1|  2077921|   none  |
        |CvtColor_1_U0    |CvtColor_1    |     1|  2076841|     1|  2076841|   none  |
        +-----------------+--------------+------+---------+------+---------+---------+

        * Loop: 
        N/A



================================================================
== Utilization Estimates
================================================================
* Summary: 
+---------------------+---------+-------+---------+--------+
|         Name        | BRAM_18K| DSP48E|    FF   |   LUT  |
+---------------------+---------+-------+---------+--------+
|DSP                  |        -|      -|        -|       -|
|Expression           |        -|      -|        0|       2|
|FIFO                 |        0|      -|       40|     160|
|Instance             |        3|     11|     3142|    6939|
|Memory               |        -|      -|        -|       -|
|Multiplexer          |        -|      -|        -|       -|
|Register             |        -|      -|        -|       -|
+---------------------+---------+-------+---------+--------+
|Total                |        3|     11|     3182|    7101|
+---------------------+---------+-------+---------+--------+
|Available SLR        |     2160|   2760|   663360|  331680|
+---------------------+---------+-------+---------+--------+
|Utilization SLR (%)  |    ~0   |   ~0  |    ~0   |       2|
+---------------------+---------+-------+---------+--------+
|Available            |     4320|   5520|  1326720|  663360|
+---------------------+---------+-------+---------+--------+
|Utilization (%)      |    ~0   |   ~0  |    ~0   |       1|
+---------------------+---------+-------+---------+--------+

+ Detail: 
    * Instance: 
    +-----------------+--------------+---------+-------+------+------+
    |     Instance    |    Module    | BRAM_18K| DSP48E|  FF  |  LUT |
    +-----------------+--------------+---------+-------+------+------+
    |AXIvideo2Mat_U0  |AXIvideo2Mat  |        0|      0|   383|   538|
    |CvtColor_U0      |CvtColor      |        0|      3|   141|   272|
    |CvtColor_1_U0    |CvtColor_1    |        0|      0|   102|   240|
    |Mat2AXIvideo_U0  |Mat2AXIvideo  |        0|      0|   200|   473|
    |threshold_U0     |threshold     |        3|      8|  2316|  5416|
    +-----------------+--------------+---------+-------+------+------+
    |Total            |              |        3|     11|  3142|  6939|
    +-----------------+--------------+---------+-------+------+------+

    * DSP48: 
    N/A

    * Memory: 
    N/A

    * FIFO: 
    +-----------------------+---------+---+----+------+-----+---------+
    |          Name         | BRAM_18K| FF| LUT| Depth| Bits| Size:D*B|
    +-----------------------+---------+---+----+------+-----+---------+
    |img_0_data_stream_0_U  |        0|  5|  20|     2|    8|       16|
    |img_0_data_stream_1_U  |        0|  5|  20|     2|    8|       16|
    |img_0_data_stream_2_U  |        0|  5|  20|     2|    8|       16|
    |img_1_data_stream_0_U  |        0|  5|  20|     2|    8|       16|
    |img_2_data_stream_0_U  |        0|  5|  20|     2|    8|       16|
    |img_3_data_stream_0_U  |        0|  5|  20|     2|    8|       16|
    |img_3_data_stream_1_U  |        0|  5|  20|     2|    8|       16|
    |img_3_data_stream_2_U  |        0|  5|  20|     2|    8|       16|
    +-----------------------+---------+---+----+------+-----+---------+
    |Total                  |        0| 40| 160|    16|   64|      128|
    +-----------------------+---------+---+----+------+-----+---------+

    * Expression: 
    +--------------+----------+-------+---+----+------------+------------+
    | Variable Name| Operation| DSP48E| FF| LUT| Bitwidth P0| Bitwidth P1|
    +--------------+----------+-------+---+----+------------+------------+
    |ap_idle       |    and   |      0|  0|   2|           1|           1|
    +--------------+----------+-------+---+----+------------+------------+
    |Total         |          |      0|  0|   2|           1|           1|
    +--------------+----------+-------+---+----+------------+------------+

    * Multiplexer: 
    N/A

    * Register: 
    N/A



================================================================
== Interface
================================================================
* Summary: 
+----------------------+-----+-----+------------+------------------------+--------------+
|       RTL Ports      | Dir | Bits|  Protocol  |      Source Object     |    C Type    |
+----------------------+-----+-----+------------+------------------------+--------------+
|INPUT_STREAM_TDATA    |  in |   32|    axis    |  INPUT_STREAM_V_data_V |    pointer   |
|INPUT_STREAM_TKEEP    |  in |    4|    axis    |  INPUT_STREAM_V_keep_V |    pointer   |
|INPUT_STREAM_TSTRB    |  in |    4|    axis    |  INPUT_STREAM_V_strb_V |    pointer   |
|INPUT_STREAM_TUSER    |  in |    1|    axis    |  INPUT_STREAM_V_user_V |    pointer   |
|INPUT_STREAM_TLAST    |  in |    1|    axis    |  INPUT_STREAM_V_last_V |    pointer   |
|INPUT_STREAM_TID      |  in |    1|    axis    |   INPUT_STREAM_V_id_V  |    pointer   |
|INPUT_STREAM_TDEST    |  in |    1|    axis    |  INPUT_STREAM_V_dest_V |    pointer   |
|INPUT_STREAM_TVALID   |  in |    1|    axis    |  INPUT_STREAM_V_dest_V |    pointer   |
|INPUT_STREAM_TREADY   | out |    1|    axis    |  INPUT_STREAM_V_dest_V |    pointer   |
|OUTPUT_STREAM_TDATA   | out |   32|    axis    | OUTPUT_STREAM_V_data_V |    pointer   |
|OUTPUT_STREAM_TKEEP   | out |    4|    axis    | OUTPUT_STREAM_V_keep_V |    pointer   |
|OUTPUT_STREAM_TSTRB   | out |    4|    axis    | OUTPUT_STREAM_V_strb_V |    pointer   |
|OUTPUT_STREAM_TUSER   | out |    1|    axis    | OUTPUT_STREAM_V_user_V |    pointer   |
|OUTPUT_STREAM_TLAST   | out |    1|    axis    | OUTPUT_STREAM_V_last_V |    pointer   |
|OUTPUT_STREAM_TID     | out |    1|    axis    |  OUTPUT_STREAM_V_id_V  |    pointer   |
|OUTPUT_STREAM_TDEST   | out |    1|    axis    | OUTPUT_STREAM_V_dest_V |    pointer   |
|OUTPUT_STREAM_TVALID  | out |    1|    axis    | OUTPUT_STREAM_V_dest_V |    pointer   |
|OUTPUT_STREAM_TREADY  |  in |    1|    axis    | OUTPUT_STREAM_V_dest_V |    pointer   |
|rows                  |  in |   32|  ap_stable |          rows          |    scalar    |
|cols                  |  in |   32|  ap_stable |          cols          |    scalar    |
|ap_clk                |  in |    1| ap_ctrl_hs |    hls_counter_color   | return value |
|ap_rst_n              |  in |    1| ap_ctrl_hs |    hls_counter_color   | return value |
|ap_start              |  in |    1| ap_ctrl_hs |    hls_counter_color   | return value |
|ap_done               | out |    1| ap_ctrl_hs |    hls_counter_color   | return value |
|ap_ready              | out |    1| ap_ctrl_hs |    hls_counter_color   | return value |
|ap_idle               | out |    1| ap_ctrl_hs |    hls_counter_color   | return value |
+----------------------+-----+-----+------------+------------------------+--------------+

