

================================================================
== Vivado HLS Report for 'Duplicate'
================================================================
* Date:           Tue Jul 28 15:48:59 2020

* Version:        2018.3 (Build 2405991 on Thu Dec 06 23:56:15 MST 2018)
* Project:        fast_corner
* Solution:       solution1
* Product family: kintexu
* Target device:  xcku115-flvd1517-2-e


================================================================
== Performance Estimates
================================================================
+ Timing (ns): 
    * Summary: 
    +--------+-------+----------+------------+
    |  Clock | Target| Estimated| Uncertainty|
    +--------+-------+----------+------------+
    |ap_clk  |  10.00|     4.530|        1.25|
    +--------+-------+----------+------------+

+ Latency (clock cycles): 
    * Summary: 
    +-----+---------+-----+---------+---------+
    |    Latency    |    Interval   | Pipeline|
    | min |   max   | min |   max   |   Type  |
    +-----+---------+-----+---------+---------+
    |    1|  2076841|    1|  2076841|   none  |
    +-----+---------+-----+---------+---------+

    + Detail: 
        * Instance: 
        N/A

        * Loop: 
        +---------------+-----+---------+----------+-----------+-----------+----------+----------+
        |               |    Latency    | Iteration|  Initiation Interval  |   Trip   |          |
        |   Loop Name   | min |   max   |  Latency |  achieved |   target  |   Count  | Pipelined|
        +---------------+-----+---------+----------+-----------+-----------+----------+----------+
        |- loop_height  |    0|  2076840| 3 ~ 1923 |          -|          -| 0 ~ 1080 |    no    |
        | + loop_width  |    0|     1920|         2|          1|          1| 0 ~ 1920 |    yes   |
        +---------------+-----+---------+----------+-----------+-----------+----------+----------+



================================================================
== Utilization Estimates
================================================================
* Summary: 
+---------------------+---------+-------+---------+--------+
|         Name        | BRAM_18K| DSP48E|    FF   |   LUT  |
+---------------------+---------+-------+---------+--------+
|DSP                  |        -|      -|        -|       -|
|Expression           |        -|      -|        0|     128|
|FIFO                 |        -|      -|        -|       -|
|Instance             |        -|      -|        -|       -|
|Memory               |        -|      -|        -|       -|
|Multiplexer          |        -|      -|        -|     159|
|Register             |        -|      -|      105|       -|
+---------------------+---------+-------+---------+--------+
|Total                |        0|      0|      105|     287|
+---------------------+---------+-------+---------+--------+
|Available SLR        |     2160|   2760|   663360|  331680|
+---------------------+---------+-------+---------+--------+
|Utilization SLR (%)  |        0|      0|    ~0   |   ~0   |
+---------------------+---------+-------+---------+--------+
|Available            |     4320|   5520|  1326720|  663360|
+---------------------+---------+-------+---------+--------+
|Utilization (%)      |        0|      0|    ~0   |   ~0   |
+---------------------+---------+-------+---------+--------+

+ Detail: 
    * Instance: 
    N/A

    * DSP48: 
    N/A

    * Memory: 
    N/A

    * FIFO: 
    N/A

    * Expression: 
    +----------------------------------+----------+-------+---+----+------------+------------+
    |           Variable Name          | Operation| DSP48E| FF| LUT| Bitwidth P0| Bitwidth P1|
    +----------------------------------+----------+-------+---+----+------------+------------+
    |i_V_fu_315_p2                     |     +    |      0|  0|  39|          32|           1|
    |j_V_fu_326_p2                     |     +    |      0|  0|  39|          32|           1|
    |ap_block_pp0_stage0_01001         |    and   |      0|  0|   2|           1|           1|
    |exitcond1_fu_310_p2               |   icmp   |      0|  0|  20|          32|          32|
    |exitcond_fu_321_p2                |   icmp   |      0|  0|  20|          32|          32|
    |ap_block_state1                   |    or    |      0|  0|   2|           1|           1|
    |ap_block_state4_pp0_stage0_iter1  |    or    |      0|  0|   2|           1|           1|
    |ap_enable_pp0                     |    xor   |      0|  0|   2|           1|           2|
    |ap_enable_reg_pp0_iter1           |    xor   |      0|  0|   2|           2|           1|
    +----------------------------------+----------+-------+---+----+------------+------------+
    |Total                             |          |      0|  0| 128|         134|          72|
    +----------------------------------+----------+-------+---+----+------------+------------+

    * Multiplexer: 
    +----------------------------+----+-----------+-----+-----------+
    |            Name            | LUT| Input Size| Bits| Total Bits|
    +----------------------------+----+-----------+-----+-----------+
    |ap_NS_fsm                   |  27|          5|    1|          5|
    |ap_done                     |   9|          2|    1|          2|
    |ap_enable_reg_pp0_iter1     |  15|          3|    1|          3|
    |dst1_data_stream_0_V_blk_n  |   9|          2|    1|          2|
    |dst1_data_stream_1_V_blk_n  |   9|          2|    1|          2|
    |dst1_data_stream_2_V_blk_n  |   9|          2|    1|          2|
    |dst2_data_stream_0_V_blk_n  |   9|          2|    1|          2|
    |dst2_data_stream_1_V_blk_n  |   9|          2|    1|          2|
    |dst2_data_stream_2_V_blk_n  |   9|          2|    1|          2|
    |real_start                  |   9|          2|    1|          2|
    |src_data_stream_0_V_blk_n   |   9|          2|    1|          2|
    |src_data_stream_1_V_blk_n   |   9|          2|    1|          2|
    |src_data_stream_2_V_blk_n   |   9|          2|    1|          2|
    |t_V_4_reg_299               |   9|          2|   32|         64|
    |t_V_reg_288                 |   9|          2|   32|         64|
    +----------------------------+----+-----------+-----+-----------+
    |Total                       | 159|         34|   77|        158|
    +----------------------------+----+-----------+-----+-----------+

    * Register: 
    +-------------------------+----+----+-----+-----------+
    |           Name          | FF | LUT| Bits| Const Bits|
    +-------------------------+----+----+-----+-----------+
    |ap_CS_fsm                |   4|   0|    4|          0|
    |ap_done_reg              |   1|   0|    1|          0|
    |ap_enable_reg_pp0_iter0  |   1|   0|    1|          0|
    |ap_enable_reg_pp0_iter1  |   1|   0|    1|          0|
    |exitcond_reg_351         |   1|   0|    1|          0|
    |i_V_reg_346              |  32|   0|   32|          0|
    |start_once_reg           |   1|   0|    1|          0|
    |t_V_4_reg_299            |  32|   0|   32|          0|
    |t_V_reg_288              |  32|   0|   32|          0|
    +-------------------------+----+----+-----+-----------+
    |Total                    | 105|   0|  105|          0|
    +-------------------------+----+----+-----+-----------+



================================================================
== Interface
================================================================
* Summary: 
+-----------------------------+-----+-----+------------+----------------------+--------------+
|          RTL Ports          | Dir | Bits|  Protocol  |     Source Object    |    C Type    |
+-----------------------------+-----+-----+------------+----------------------+--------------+
|ap_clk                       |  in |    1| ap_ctrl_hs |       Duplicate      | return value |
|ap_rst                       |  in |    1| ap_ctrl_hs |       Duplicate      | return value |
|ap_start                     |  in |    1| ap_ctrl_hs |       Duplicate      | return value |
|start_full_n                 |  in |    1| ap_ctrl_hs |       Duplicate      | return value |
|ap_done                      | out |    1| ap_ctrl_hs |       Duplicate      | return value |
|ap_continue                  |  in |    1| ap_ctrl_hs |       Duplicate      | return value |
|ap_idle                      | out |    1| ap_ctrl_hs |       Duplicate      | return value |
|ap_ready                     | out |    1| ap_ctrl_hs |       Duplicate      | return value |
|start_out                    | out |    1| ap_ctrl_hs |       Duplicate      | return value |
|start_write                  | out |    1| ap_ctrl_hs |       Duplicate      | return value |
|src_rows_V                   |  in |   32|  ap_stable |      src_rows_V      |    scalar    |
|src_cols_V                   |  in |   32|  ap_stable |      src_cols_V      |    scalar    |
|src_data_stream_0_V_dout     |  in |    8|   ap_fifo  |  src_data_stream_0_V |    pointer   |
|src_data_stream_0_V_empty_n  |  in |    1|   ap_fifo  |  src_data_stream_0_V |    pointer   |
|src_data_stream_0_V_read     | out |    1|   ap_fifo  |  src_data_stream_0_V |    pointer   |
|src_data_stream_1_V_dout     |  in |    8|   ap_fifo  |  src_data_stream_1_V |    pointer   |
|src_data_stream_1_V_empty_n  |  in |    1|   ap_fifo  |  src_data_stream_1_V |    pointer   |
|src_data_stream_1_V_read     | out |    1|   ap_fifo  |  src_data_stream_1_V |    pointer   |
|src_data_stream_2_V_dout     |  in |    8|   ap_fifo  |  src_data_stream_2_V |    pointer   |
|src_data_stream_2_V_empty_n  |  in |    1|   ap_fifo  |  src_data_stream_2_V |    pointer   |
|src_data_stream_2_V_read     | out |    1|   ap_fifo  |  src_data_stream_2_V |    pointer   |
|dst1_data_stream_0_V_din     | out |    8|   ap_fifo  | dst1_data_stream_0_V |    pointer   |
|dst1_data_stream_0_V_full_n  |  in |    1|   ap_fifo  | dst1_data_stream_0_V |    pointer   |
|dst1_data_stream_0_V_write   | out |    1|   ap_fifo  | dst1_data_stream_0_V |    pointer   |
|dst1_data_stream_1_V_din     | out |    8|   ap_fifo  | dst1_data_stream_1_V |    pointer   |
|dst1_data_stream_1_V_full_n  |  in |    1|   ap_fifo  | dst1_data_stream_1_V |    pointer   |
|dst1_data_stream_1_V_write   | out |    1|   ap_fifo  | dst1_data_stream_1_V |    pointer   |
|dst1_data_stream_2_V_din     | out |    8|   ap_fifo  | dst1_data_stream_2_V |    pointer   |
|dst1_data_stream_2_V_full_n  |  in |    1|   ap_fifo  | dst1_data_stream_2_V |    pointer   |
|dst1_data_stream_2_V_write   | out |    1|   ap_fifo  | dst1_data_stream_2_V |    pointer   |
|dst2_data_stream_0_V_din     | out |    8|   ap_fifo  | dst2_data_stream_0_V |    pointer   |
|dst2_data_stream_0_V_full_n  |  in |    1|   ap_fifo  | dst2_data_stream_0_V |    pointer   |
|dst2_data_stream_0_V_write   | out |    1|   ap_fifo  | dst2_data_stream_0_V |    pointer   |
|dst2_data_stream_1_V_din     | out |    8|   ap_fifo  | dst2_data_stream_1_V |    pointer   |
|dst2_data_stream_1_V_full_n  |  in |    1|   ap_fifo  | dst2_data_stream_1_V |    pointer   |
|dst2_data_stream_1_V_write   | out |    1|   ap_fifo  | dst2_data_stream_1_V |    pointer   |
|dst2_data_stream_2_V_din     | out |    8|   ap_fifo  | dst2_data_stream_2_V |    pointer   |
|dst2_data_stream_2_V_full_n  |  in |    1|   ap_fifo  | dst2_data_stream_2_V |    pointer   |
|dst2_data_stream_2_V_write   | out |    1|   ap_fifo  | dst2_data_stream_2_V |    pointer   |
+-----------------------------+-----+-----+------------+----------------------+--------------+

============================================================
+ Verbose Summary: Synthesis Manager
============================================================
InlineROM: 1
ExposeGlobal: 0
============================================================
+ Verbose Summary: CDFG Model
============================================================
IsTopModel: 0
ResetActiveHigh: 1
IsCombinational: 2
IsDatapathOnly: 0
HasWiredReturn: 1
HasMFsm: 0
HasVarLatency: 1
IsPipeline: 0
IsRtlPipelined: 0
IsInstanceOverlapped: 0
IsDontTouch: 0
HasImplIP: 0
IsGatedGlobalClock: 0

+ Individual pipeline summary: 
  * Pipeline-0: initiation interval (II) = 1, depth = 2


============================================================
+ Verbose Summary: Schedule
============================================================
* Number of FSM states : 5
* Pipeline : 1
  Pipeline-0 : II = 1, D = 2, States = { 3 4 }
* Dataflow Pipeline: 0

* FSM state transitions: 
1 --> 
	2  / true
2 --> 
	3  / (!exitcond1)
3 --> 
	5  / (exitcond)
	4  / (!exitcond)
4 --> 
	3  / true
5 --> 
	2  / true

* FSM state operations: 

State 1 <SV = 0> <Delay = 0.83>
ST_1 : Operation 6 [1/1] (0.00ns)   --->   "call void (...)* @_ssdm_op_SpecIFCore(i32 %src_cols_V, [1 x i8]* @p_str2, [10 x i8]* @p_str3, [1 x i8]* @p_str2, i32 -1, [1 x i8]* @p_str2, [1 x i8]* @p_str2, [1 x i8]* @p_str2, [1 x i8]* @p_str2, [24 x i8]* @p_str4)"   --->   Operation 6 'specifcore' <Predicate = true> <Delay = 0.00>
ST_1 : Operation 7 [1/1] (0.00ns)   --->   "call void (...)* @_ssdm_op_SpecIFCore(i32 %src_rows_V, [1 x i8]* @p_str2, [10 x i8]* @p_str3, [1 x i8]* @p_str2, i32 -1, [1 x i8]* @p_str2, [1 x i8]* @p_str2, [1 x i8]* @p_str2, [1 x i8]* @p_str2, [24 x i8]* @p_str4)"   --->   Operation 7 'specifcore' <Predicate = true> <Delay = 0.00>
ST_1 : Operation 8 [1/1] (0.00ns)   --->   "call void (...)* @_ssdm_op_SpecInterface(i8* %dst2_data_stream_2_V, [8 x i8]* @ap_fifo_str, i32 0, i32 0, [1 x i8]* @p_str267, i32 0, i32 0, [1 x i8]* @p_str268, [1 x i8]* @p_str269, [1 x i8]* @p_str270, i32 2, i32 2, i32 16, i32 16, [1 x i8]* @p_str271, [1 x i8]* @p_str272)"   --->   Operation 8 'specinterface' <Predicate = true> <Delay = 0.00>
ST_1 : Operation 9 [1/1] (0.00ns)   --->   "call void (...)* @_ssdm_op_SpecInterface(i8* %dst2_data_stream_1_V, [8 x i8]* @ap_fifo_str, i32 0, i32 0, [1 x i8]* @p_str260, i32 0, i32 0, [1 x i8]* @p_str261, [1 x i8]* @p_str262, [1 x i8]* @p_str263, i32 2, i32 2, i32 16, i32 16, [1 x i8]* @p_str264, [1 x i8]* @p_str265)"   --->   Operation 9 'specinterface' <Predicate = true> <Delay = 0.00>
ST_1 : Operation 10 [1/1] (0.00ns)   --->   "call void (...)* @_ssdm_op_SpecInterface(i8* %dst2_data_stream_0_V, [8 x i8]* @ap_fifo_str, i32 0, i32 0, [1 x i8]* @p_str253, i32 0, i32 0, [1 x i8]* @p_str254, [1 x i8]* @p_str255, [1 x i8]* @p_str256, i32 2, i32 2, i32 16, i32 16, [1 x i8]* @p_str257, [1 x i8]* @p_str258)"   --->   Operation 10 'specinterface' <Predicate = true> <Delay = 0.00>
ST_1 : Operation 11 [1/1] (0.00ns)   --->   "call void (...)* @_ssdm_op_SpecInterface(i8* %dst1_data_stream_2_V, [8 x i8]* @ap_fifo_str, i32 0, i32 0, [1 x i8]* @p_str246, i32 0, i32 0, [1 x i8]* @p_str247, [1 x i8]* @p_str248, [1 x i8]* @p_str249, i32 2, i32 2, i32 16, i32 16, [1 x i8]* @p_str250, [1 x i8]* @p_str251)"   --->   Operation 11 'specinterface' <Predicate = true> <Delay = 0.00>
ST_1 : Operation 12 [1/1] (0.00ns)   --->   "call void (...)* @_ssdm_op_SpecInterface(i8* %dst1_data_stream_1_V, [8 x i8]* @ap_fifo_str, i32 0, i32 0, [1 x i8]* @p_str239, i32 0, i32 0, [1 x i8]* @p_str240, [1 x i8]* @p_str241, [1 x i8]* @p_str242, i32 2, i32 2, i32 16, i32 16, [1 x i8]* @p_str243, [1 x i8]* @p_str244)"   --->   Operation 12 'specinterface' <Predicate = true> <Delay = 0.00>
ST_1 : Operation 13 [1/1] (0.00ns)   --->   "call void (...)* @_ssdm_op_SpecInterface(i8* %dst1_data_stream_0_V, [8 x i8]* @ap_fifo_str, i32 0, i32 0, [1 x i8]* @p_str232, i32 0, i32 0, [1 x i8]* @p_str233, [1 x i8]* @p_str234, [1 x i8]* @p_str235, i32 2, i32 2, i32 16, i32 16, [1 x i8]* @p_str236, [1 x i8]* @p_str237)"   --->   Operation 13 'specinterface' <Predicate = true> <Delay = 0.00>
ST_1 : Operation 14 [1/1] (0.00ns)   --->   "call void (...)* @_ssdm_op_SpecInterface(i8* %src_data_stream_2_V, [8 x i8]* @ap_fifo_str, i32 0, i32 0, [1 x i8]* @p_str204, i32 0, i32 0, [1 x i8]* @p_str205, [1 x i8]* @p_str206, [1 x i8]* @p_str207, i32 2, i32 2, i32 16, i32 16, [1 x i8]* @p_str208, [1 x i8]* @p_str209)"   --->   Operation 14 'specinterface' <Predicate = true> <Delay = 0.00>
ST_1 : Operation 15 [1/1] (0.00ns)   --->   "call void (...)* @_ssdm_op_SpecInterface(i8* %src_data_stream_1_V, [8 x i8]* @ap_fifo_str, i32 0, i32 0, [1 x i8]* @p_str197, i32 0, i32 0, [1 x i8]* @p_str198, [1 x i8]* @p_str199, [1 x i8]* @p_str200, i32 2, i32 2, i32 16, i32 16, [1 x i8]* @p_str201, [1 x i8]* @p_str202)"   --->   Operation 15 'specinterface' <Predicate = true> <Delay = 0.00>
ST_1 : Operation 16 [1/1] (0.00ns)   --->   "call void (...)* @_ssdm_op_SpecInterface(i8* %src_data_stream_0_V, [8 x i8]* @ap_fifo_str, i32 0, i32 0, [1 x i8]* @p_str190, i32 0, i32 0, [1 x i8]* @p_str191, [1 x i8]* @p_str192, [1 x i8]* @p_str193, i32 2, i32 2, i32 16, i32 16, [1 x i8]* @p_str194, [1 x i8]* @p_str195)"   --->   Operation 16 'specinterface' <Predicate = true> <Delay = 0.00>
ST_1 : Operation 17 [1/1] (0.00ns)   --->   "call void (...)* @_ssdm_op_SpecInterface(i32 %src_cols_V, [10 x i8]* @ap_stable_str, i32 0, i32 0, [1 x i8]* @p_str105, i32 0, i32 0, [1 x i8]* @p_str106, [1 x i8]* @p_str107, [1 x i8]* @p_str108, i32 2, i32 2, i32 16, i32 16, [1 x i8]* @p_str109, [1 x i8]* @p_str110)"   --->   Operation 17 'specinterface' <Predicate = true> <Delay = 0.00>
ST_1 : Operation 18 [1/1] (0.00ns)   --->   "call void (...)* @_ssdm_op_SpecInterface(i32 %src_rows_V, [10 x i8]* @ap_stable_str, i32 0, i32 0, [1 x i8]* @p_str111, i32 0, i32 0, [1 x i8]* @p_str112, [1 x i8]* @p_str113, [1 x i8]* @p_str114, i32 2, i32 2, i32 16, i32 16, [1 x i8]* @p_str115, [1 x i8]* @p_str116)"   --->   Operation 18 'specinterface' <Predicate = true> <Delay = 0.00>
ST_1 : Operation 19 [1/1] (0.00ns)   --->   "%src_cols_V_read = call i32 @_ssdm_op_Read.ap_stable.i32(i32 %src_cols_V)"   --->   Operation 19 'read' 'src_cols_V_read' <Predicate = true> <Delay = 0.00> <Core = "AXI4LiteS">   --->   Core 6 'AXI4LiteS' <Latency = 0> <II = 1> <Delay = 1.00> <Adapter> <Opcode : >
ST_1 : Operation 20 [1/1] (0.00ns)   --->   "%src_rows_V_read = call i32 @_ssdm_op_Read.ap_stable.i32(i32 %src_rows_V)"   --->   Operation 20 'read' 'src_rows_V_read' <Predicate = true> <Delay = 0.00> <Core = "AXI4LiteS">   --->   Core 6 'AXI4LiteS' <Latency = 0> <II = 1> <Delay = 1.00> <Adapter> <Opcode : >
ST_1 : Operation 21 [1/1] (0.83ns)   --->   "br label %0" [E:/Xilinx/Vivado_2018.3/Vivado/2018.3/common/technology/autopilot/hls/hls_video_arithm.h:1557]   --->   Operation 21 'br' <Predicate = true> <Delay = 0.83>

State 2 <SV = 1> <Delay = 1.48>
ST_2 : Operation 22 [1/1] (0.00ns)   --->   "%t_V = phi i32 [ 0, %._crit_edge ], [ %i_V, %3 ]"   --->   Operation 22 'phi' 't_V' <Predicate = true> <Delay = 0.00>
ST_2 : Operation 23 [1/1] (1.14ns)   --->   "%exitcond1 = icmp eq i32 %t_V, %src_rows_V_read" [E:/Xilinx/Vivado_2018.3/Vivado/2018.3/common/technology/autopilot/hls/hls_video_arithm.h:1557]   --->   Operation 23 'icmp' 'exitcond1' <Predicate = true> <Delay = 1.14> <Core = "Cmp">   --->   Core 25 'Cmp' <Latency = 0> <II = 1> <Delay = 1.14> <FuncUnit> <Opcode : 'icmp'> <InPorts = 2> <OutPorts = 1>
ST_2 : Operation 24 [1/1] (0.00ns)   --->   "call void (...)* @_ssdm_op_SpecLoopTripCount(i64 0, i64 1080, i64 0)"   --->   Operation 24 'speclooptripcount' <Predicate = true> <Delay = 0.00>
ST_2 : Operation 25 [1/1] (1.48ns)   --->   "%i_V = add i32 %t_V, 1" [E:/Xilinx/Vivado_2018.3/Vivado/2018.3/common/technology/autopilot/hls/hls_video_arithm.h:1557]   --->   Operation 25 'add' 'i_V' <Predicate = true> <Delay = 1.48> <Core = "AddSub">   --->   Core 14 'AddSub' <Latency = 0> <II = 1> <Delay = 1.48> <FuncUnit> <Opcode : 'add' 'sub'> <InPorts = 2> <OutPorts = 1>
ST_2 : Operation 26 [1/1] (0.00ns)   --->   "br i1 %exitcond1, label %4, label %1" [E:/Xilinx/Vivado_2018.3/Vivado/2018.3/common/technology/autopilot/hls/hls_video_arithm.h:1557]   --->   Operation 26 'br' <Predicate = true> <Delay = 0.00>
ST_2 : Operation 27 [1/1] (0.00ns)   --->   "call void (...)* @_ssdm_op_SpecLoopName([12 x i8]* @p_str10) nounwind" [E:/Xilinx/Vivado_2018.3/Vivado/2018.3/common/technology/autopilot/hls/hls_video_arithm.h:1557]   --->   Operation 27 'specloopname' <Predicate = (!exitcond1)> <Delay = 0.00>
ST_2 : Operation 28 [1/1] (0.00ns)   --->   "%tmp = call i32 (...)* @_ssdm_op_SpecRegionBegin([12 x i8]* @p_str10)" [E:/Xilinx/Vivado_2018.3/Vivado/2018.3/common/technology/autopilot/hls/hls_video_arithm.h:1557]   --->   Operation 28 'specregionbegin' 'tmp' <Predicate = (!exitcond1)> <Delay = 0.00>
ST_2 : Operation 29 [1/1] (0.83ns)   --->   "br label %2" [E:/Xilinx/Vivado_2018.3/Vivado/2018.3/common/technology/autopilot/hls/hls_video_arithm.h:1558]   --->   Operation 29 'br' <Predicate = (!exitcond1)> <Delay = 0.83>
ST_2 : Operation 30 [1/1] (0.00ns)   --->   "ret void" [E:/Xilinx/Vivado_2018.3/Vivado/2018.3/common/technology/autopilot/hls/hls_video_arithm.h:1566]   --->   Operation 30 'ret' <Predicate = (exitcond1)> <Delay = 0.00>

State 3 <SV = 2> <Delay = 1.48>
ST_3 : Operation 31 [1/1] (0.00ns)   --->   "%t_V_4 = phi i32 [ 0, %1 ], [ %j_V, %"operator>>.exit" ]"   --->   Operation 31 'phi' 't_V_4' <Predicate = true> <Delay = 0.00>
ST_3 : Operation 32 [1/1] (1.14ns)   --->   "%exitcond = icmp eq i32 %t_V_4, %src_cols_V_read" [E:/Xilinx/Vivado_2018.3/Vivado/2018.3/common/technology/autopilot/hls/hls_video_arithm.h:1558]   --->   Operation 32 'icmp' 'exitcond' <Predicate = true> <Delay = 1.14> <Core = "Cmp">   --->   Core 25 'Cmp' <Latency = 0> <II = 1> <Delay = 1.14> <FuncUnit> <Opcode : 'icmp'> <InPorts = 2> <OutPorts = 1>
ST_3 : Operation 33 [1/1] (0.00ns)   --->   "call void (...)* @_ssdm_op_SpecLoopTripCount(i64 0, i64 1920, i64 0)"   --->   Operation 33 'speclooptripcount' <Predicate = true> <Delay = 0.00>
ST_3 : Operation 34 [1/1] (1.48ns)   --->   "%j_V = add i32 %t_V_4, 1" [E:/Xilinx/Vivado_2018.3/Vivado/2018.3/common/technology/autopilot/hls/hls_video_arithm.h:1558]   --->   Operation 34 'add' 'j_V' <Predicate = true> <Delay = 1.48> <Core = "AddSub">   --->   Core 14 'AddSub' <Latency = 0> <II = 1> <Delay = 1.48> <FuncUnit> <Opcode : 'add' 'sub'> <InPorts = 2> <OutPorts = 1>
ST_3 : Operation 35 [1/1] (0.00ns)   --->   "br i1 %exitcond, label %3, label %"operator>>.exit"" [E:/Xilinx/Vivado_2018.3/Vivado/2018.3/common/technology/autopilot/hls/hls_video_arithm.h:1558]   --->   Operation 35 'br' <Predicate = true> <Delay = 0.00>

State 4 <SV = 3> <Delay = 4.53>
ST_4 : Operation 36 [1/1] (0.00ns)   --->   "call void (...)* @_ssdm_op_SpecLoopName([11 x i8]* @p_str11) nounwind" [E:/Xilinx/Vivado_2018.3/Vivado/2018.3/common/technology/autopilot/hls/hls_video_arithm.h:1558]   --->   Operation 36 'specloopname' <Predicate = (!exitcond)> <Delay = 0.00>
ST_4 : Operation 37 [1/1] (0.00ns)   --->   "%tmp_s = call i32 (...)* @_ssdm_op_SpecRegionBegin([11 x i8]* @p_str11)" [E:/Xilinx/Vivado_2018.3/Vivado/2018.3/common/technology/autopilot/hls/hls_video_arithm.h:1558]   --->   Operation 37 'specregionbegin' 'tmp_s' <Predicate = (!exitcond)> <Delay = 0.00>
ST_4 : Operation 38 [1/1] (0.00ns)   --->   "call void (...)* @_ssdm_op_SpecPipeline(i32 1, i32 1, i32 1, i32 0, [1 x i8]* @p_str2) nounwind" [E:/Xilinx/Vivado_2018.3/Vivado/2018.3/common/technology/autopilot/hls/hls_video_arithm.h:1560]   --->   Operation 38 'specpipeline' <Predicate = (!exitcond)> <Delay = 0.00>
ST_4 : Operation 39 [1/1] (0.00ns)   --->   "%tmp_13 = call i32 (...)* @_ssdm_op_SpecRegionBegin([12 x i8]* @p_str15)" [E:/Xilinx/Vivado_2018.3/Vivado/2018.3/common/technology/autopilot/hls/hls_video_core.h:672->E:/Xilinx/Vivado_2018.3/Vivado/2018.3/common/technology/autopilot/hls/hls_video_core.h:711->E:/Xilinx/Vivado_2018.3/Vivado/2018.3/common/technology/autopilot/hls/hls_video_arithm.h:1561]   --->   Operation 39 'specregionbegin' 'tmp_13' <Predicate = (!exitcond)> <Delay = 0.00>
ST_4 : Operation 40 [1/1] (0.00ns)   --->   "call void (...)* @_ssdm_op_SpecProtocol(i32 0, [1 x i8]* @p_str2) nounwind" [E:/Xilinx/Vivado_2018.3/Vivado/2018.3/common/technology/autopilot/hls/hls_video_core.h:676->E:/Xilinx/Vivado_2018.3/Vivado/2018.3/common/technology/autopilot/hls/hls_video_core.h:711->E:/Xilinx/Vivado_2018.3/Vivado/2018.3/common/technology/autopilot/hls/hls_video_arithm.h:1561]   --->   Operation 40 'specprotocol' <Predicate = (!exitcond)> <Delay = 0.00>
ST_4 : Operation 41 [1/1] (2.26ns)   --->   "%tmp_39 = call i8 @_ssdm_op_Read.ap_fifo.volatile.i8P(i8* %src_data_stream_0_V)" [E:/Xilinx/Vivado_2018.3/Vivado/2018.3/common/technology/autopilot/hls/hls_video_core.h:679->E:/Xilinx/Vivado_2018.3/Vivado/2018.3/common/technology/autopilot/hls/hls_video_core.h:711->E:/Xilinx/Vivado_2018.3/Vivado/2018.3/common/technology/autopilot/hls/hls_video_arithm.h:1561]   --->   Operation 41 'read' 'tmp_39' <Predicate = (!exitcond)> <Delay = 2.26> <Core = "FIFO">   --->   Core 32 'FIFO' <Latency = 0> <II = 1> <Delay = 2.26> <Storage> <Opcode : 'read' 'write' 'nbread' 'nbwrite'> <Ports = 0> <Width = 8> <Depth = 2> <FIFO>
ST_4 : Operation 42 [1/1] (2.26ns)   --->   "%tmp_40 = call i8 @_ssdm_op_Read.ap_fifo.volatile.i8P(i8* %src_data_stream_1_V)" [E:/Xilinx/Vivado_2018.3/Vivado/2018.3/common/technology/autopilot/hls/hls_video_core.h:679->E:/Xilinx/Vivado_2018.3/Vivado/2018.3/common/technology/autopilot/hls/hls_video_core.h:711->E:/Xilinx/Vivado_2018.3/Vivado/2018.3/common/technology/autopilot/hls/hls_video_arithm.h:1561]   --->   Operation 42 'read' 'tmp_40' <Predicate = (!exitcond)> <Delay = 2.26> <Core = "FIFO">   --->   Core 32 'FIFO' <Latency = 0> <II = 1> <Delay = 2.26> <Storage> <Opcode : 'read' 'write' 'nbread' 'nbwrite'> <Ports = 0> <Width = 8> <Depth = 2> <FIFO>
ST_4 : Operation 43 [1/1] (2.26ns)   --->   "%tmp_38 = call i8 @_ssdm_op_Read.ap_fifo.volatile.i8P(i8* %src_data_stream_2_V)" [E:/Xilinx/Vivado_2018.3/Vivado/2018.3/common/technology/autopilot/hls/hls_video_core.h:679->E:/Xilinx/Vivado_2018.3/Vivado/2018.3/common/technology/autopilot/hls/hls_video_core.h:711->E:/Xilinx/Vivado_2018.3/Vivado/2018.3/common/technology/autopilot/hls/hls_video_arithm.h:1561]   --->   Operation 43 'read' 'tmp_38' <Predicate = (!exitcond)> <Delay = 2.26> <Core = "FIFO">   --->   Core 32 'FIFO' <Latency = 0> <II = 1> <Delay = 2.26> <Storage> <Opcode : 'read' 'write' 'nbread' 'nbwrite'> <Ports = 0> <Width = 8> <Depth = 2> <FIFO>
ST_4 : Operation 44 [1/1] (0.00ns)   --->   "%empty = call i32 (...)* @_ssdm_op_SpecRegionEnd([12 x i8]* @p_str15, i32 %tmp_13)" [E:/Xilinx/Vivado_2018.3/Vivado/2018.3/common/technology/autopilot/hls/hls_video_core.h:681->E:/Xilinx/Vivado_2018.3/Vivado/2018.3/common/technology/autopilot/hls/hls_video_core.h:711->E:/Xilinx/Vivado_2018.3/Vivado/2018.3/common/technology/autopilot/hls/hls_video_arithm.h:1561]   --->   Operation 44 'specregionend' 'empty' <Predicate = (!exitcond)> <Delay = 0.00>
ST_4 : Operation 45 [1/1] (0.00ns)   --->   "%tmp_14 = call i32 (...)* @_ssdm_op_SpecRegionBegin([12 x i8]* @p_str19)" [E:/Xilinx/Vivado_2018.3/Vivado/2018.3/common/technology/autopilot/hls/hls_video_core.h:696->E:/Xilinx/Vivado_2018.3/Vivado/2018.3/common/technology/autopilot/hls/hls_video_core.h:717->E:/Xilinx/Vivado_2018.3/Vivado/2018.3/common/technology/autopilot/hls/hls_video_arithm.h:1562]   --->   Operation 45 'specregionbegin' 'tmp_14' <Predicate = (!exitcond)> <Delay = 0.00>
ST_4 : Operation 46 [1/1] (0.00ns)   --->   "call void (...)* @_ssdm_op_SpecProtocol(i32 0, [1 x i8]* @p_str2) nounwind" [E:/Xilinx/Vivado_2018.3/Vivado/2018.3/common/technology/autopilot/hls/hls_video_core.h:700->E:/Xilinx/Vivado_2018.3/Vivado/2018.3/common/technology/autopilot/hls/hls_video_core.h:717->E:/Xilinx/Vivado_2018.3/Vivado/2018.3/common/technology/autopilot/hls/hls_video_arithm.h:1562]   --->   Operation 46 'specprotocol' <Predicate = (!exitcond)> <Delay = 0.00>
ST_4 : Operation 47 [1/1] (2.26ns)   --->   "call void @_ssdm_op_Write.ap_fifo.volatile.i8P(i8* %dst1_data_stream_0_V, i8 %tmp_39)" [E:/Xilinx/Vivado_2018.3/Vivado/2018.3/common/technology/autopilot/hls/hls_video_core.h:703->E:/Xilinx/Vivado_2018.3/Vivado/2018.3/common/technology/autopilot/hls/hls_video_core.h:717->E:/Xilinx/Vivado_2018.3/Vivado/2018.3/common/technology/autopilot/hls/hls_video_arithm.h:1562]   --->   Operation 47 'write' <Predicate = (!exitcond)> <Delay = 2.26> <Core = "FIFO">   --->   Core 32 'FIFO' <Latency = 0> <II = 1> <Delay = 2.26> <Storage> <Opcode : 'read' 'write' 'nbread' 'nbwrite'> <Ports = 0> <Width = 8> <Depth = 2> <FIFO>
ST_4 : Operation 48 [1/1] (2.26ns)   --->   "call void @_ssdm_op_Write.ap_fifo.volatile.i8P(i8* %dst1_data_stream_1_V, i8 %tmp_40)" [E:/Xilinx/Vivado_2018.3/Vivado/2018.3/common/technology/autopilot/hls/hls_video_core.h:703->E:/Xilinx/Vivado_2018.3/Vivado/2018.3/common/technology/autopilot/hls/hls_video_core.h:717->E:/Xilinx/Vivado_2018.3/Vivado/2018.3/common/technology/autopilot/hls/hls_video_arithm.h:1562]   --->   Operation 48 'write' <Predicate = (!exitcond)> <Delay = 2.26> <Core = "FIFO">   --->   Core 32 'FIFO' <Latency = 0> <II = 1> <Delay = 2.26> <Storage> <Opcode : 'read' 'write' 'nbread' 'nbwrite'> <Ports = 0> <Width = 8> <Depth = 2> <FIFO>
ST_4 : Operation 49 [1/1] (2.26ns)   --->   "call void @_ssdm_op_Write.ap_fifo.volatile.i8P(i8* %dst1_data_stream_2_V, i8 %tmp_38)" [E:/Xilinx/Vivado_2018.3/Vivado/2018.3/common/technology/autopilot/hls/hls_video_core.h:703->E:/Xilinx/Vivado_2018.3/Vivado/2018.3/common/technology/autopilot/hls/hls_video_core.h:717->E:/Xilinx/Vivado_2018.3/Vivado/2018.3/common/technology/autopilot/hls/hls_video_arithm.h:1562]   --->   Operation 49 'write' <Predicate = (!exitcond)> <Delay = 2.26> <Core = "FIFO">   --->   Core 32 'FIFO' <Latency = 0> <II = 1> <Delay = 2.26> <Storage> <Opcode : 'read' 'write' 'nbread' 'nbwrite'> <Ports = 0> <Width = 8> <Depth = 2> <FIFO>
ST_4 : Operation 50 [1/1] (0.00ns)   --->   "%empty_64 = call i32 (...)* @_ssdm_op_SpecRegionEnd([12 x i8]* @p_str19, i32 %tmp_14)" [E:/Xilinx/Vivado_2018.3/Vivado/2018.3/common/technology/autopilot/hls/hls_video_core.h:705->E:/Xilinx/Vivado_2018.3/Vivado/2018.3/common/technology/autopilot/hls/hls_video_core.h:717->E:/Xilinx/Vivado_2018.3/Vivado/2018.3/common/technology/autopilot/hls/hls_video_arithm.h:1562]   --->   Operation 50 'specregionend' 'empty_64' <Predicate = (!exitcond)> <Delay = 0.00>
ST_4 : Operation 51 [1/1] (0.00ns)   --->   "%tmp_17 = call i32 (...)* @_ssdm_op_SpecRegionBegin([12 x i8]* @p_str19)" [E:/Xilinx/Vivado_2018.3/Vivado/2018.3/common/technology/autopilot/hls/hls_video_core.h:696->E:/Xilinx/Vivado_2018.3/Vivado/2018.3/common/technology/autopilot/hls/hls_video_core.h:717->E:/Xilinx/Vivado_2018.3/Vivado/2018.3/common/technology/autopilot/hls/hls_video_arithm.h:1563]   --->   Operation 51 'specregionbegin' 'tmp_17' <Predicate = (!exitcond)> <Delay = 0.00>
ST_4 : Operation 52 [1/1] (0.00ns)   --->   "call void (...)* @_ssdm_op_SpecProtocol(i32 0, [1 x i8]* @p_str2) nounwind" [E:/Xilinx/Vivado_2018.3/Vivado/2018.3/common/technology/autopilot/hls/hls_video_core.h:700->E:/Xilinx/Vivado_2018.3/Vivado/2018.3/common/technology/autopilot/hls/hls_video_core.h:717->E:/Xilinx/Vivado_2018.3/Vivado/2018.3/common/technology/autopilot/hls/hls_video_arithm.h:1563]   --->   Operation 52 'specprotocol' <Predicate = (!exitcond)> <Delay = 0.00>
ST_4 : Operation 53 [1/1] (2.26ns)   --->   "call void @_ssdm_op_Write.ap_fifo.volatile.i8P(i8* %dst2_data_stream_0_V, i8 %tmp_39)" [E:/Xilinx/Vivado_2018.3/Vivado/2018.3/common/technology/autopilot/hls/hls_video_core.h:703->E:/Xilinx/Vivado_2018.3/Vivado/2018.3/common/technology/autopilot/hls/hls_video_core.h:717->E:/Xilinx/Vivado_2018.3/Vivado/2018.3/common/technology/autopilot/hls/hls_video_arithm.h:1563]   --->   Operation 53 'write' <Predicate = (!exitcond)> <Delay = 2.26> <Core = "FIFO">   --->   Core 32 'FIFO' <Latency = 0> <II = 1> <Delay = 2.26> <Storage> <Opcode : 'read' 'write' 'nbread' 'nbwrite'> <Ports = 0> <Width = 8> <Depth = 2> <FIFO>
ST_4 : Operation 54 [1/1] (2.26ns)   --->   "call void @_ssdm_op_Write.ap_fifo.volatile.i8P(i8* %dst2_data_stream_1_V, i8 %tmp_40)" [E:/Xilinx/Vivado_2018.3/Vivado/2018.3/common/technology/autopilot/hls/hls_video_core.h:703->E:/Xilinx/Vivado_2018.3/Vivado/2018.3/common/technology/autopilot/hls/hls_video_core.h:717->E:/Xilinx/Vivado_2018.3/Vivado/2018.3/common/technology/autopilot/hls/hls_video_arithm.h:1563]   --->   Operation 54 'write' <Predicate = (!exitcond)> <Delay = 2.26> <Core = "FIFO">   --->   Core 32 'FIFO' <Latency = 0> <II = 1> <Delay = 2.26> <Storage> <Opcode : 'read' 'write' 'nbread' 'nbwrite'> <Ports = 0> <Width = 8> <Depth = 2> <FIFO>
ST_4 : Operation 55 [1/1] (2.26ns)   --->   "call void @_ssdm_op_Write.ap_fifo.volatile.i8P(i8* %dst2_data_stream_2_V, i8 %tmp_38)" [E:/Xilinx/Vivado_2018.3/Vivado/2018.3/common/technology/autopilot/hls/hls_video_core.h:703->E:/Xilinx/Vivado_2018.3/Vivado/2018.3/common/technology/autopilot/hls/hls_video_core.h:717->E:/Xilinx/Vivado_2018.3/Vivado/2018.3/common/technology/autopilot/hls/hls_video_arithm.h:1563]   --->   Operation 55 'write' <Predicate = (!exitcond)> <Delay = 2.26> <Core = "FIFO">   --->   Core 32 'FIFO' <Latency = 0> <II = 1> <Delay = 2.26> <Storage> <Opcode : 'read' 'write' 'nbread' 'nbwrite'> <Ports = 0> <Width = 8> <Depth = 2> <FIFO>
ST_4 : Operation 56 [1/1] (0.00ns)   --->   "%empty_65 = call i32 (...)* @_ssdm_op_SpecRegionEnd([12 x i8]* @p_str19, i32 %tmp_17)" [E:/Xilinx/Vivado_2018.3/Vivado/2018.3/common/technology/autopilot/hls/hls_video_core.h:705->E:/Xilinx/Vivado_2018.3/Vivado/2018.3/common/technology/autopilot/hls/hls_video_core.h:717->E:/Xilinx/Vivado_2018.3/Vivado/2018.3/common/technology/autopilot/hls/hls_video_arithm.h:1563]   --->   Operation 56 'specregionend' 'empty_65' <Predicate = (!exitcond)> <Delay = 0.00>
ST_4 : Operation 57 [1/1] (0.00ns)   --->   "%empty_66 = call i32 (...)* @_ssdm_op_SpecRegionEnd([11 x i8]* @p_str11, i32 %tmp_s)" [E:/Xilinx/Vivado_2018.3/Vivado/2018.3/common/technology/autopilot/hls/hls_video_arithm.h:1564]   --->   Operation 57 'specregionend' 'empty_66' <Predicate = (!exitcond)> <Delay = 0.00>
ST_4 : Operation 58 [1/1] (0.00ns)   --->   "br label %2" [E:/Xilinx/Vivado_2018.3/Vivado/2018.3/common/technology/autopilot/hls/hls_video_arithm.h:1558]   --->   Operation 58 'br' <Predicate = (!exitcond)> <Delay = 0.00>

State 5 <SV = 3> <Delay = 0.00>
ST_5 : Operation 59 [1/1] (0.00ns)   --->   "%empty_67 = call i32 (...)* @_ssdm_op_SpecRegionEnd([12 x i8]* @p_str10, i32 %tmp)" [E:/Xilinx/Vivado_2018.3/Vivado/2018.3/common/technology/autopilot/hls/hls_video_arithm.h:1565]   --->   Operation 59 'specregionend' 'empty_67' <Predicate = true> <Delay = 0.00>
ST_5 : Operation 60 [1/1] (0.00ns)   --->   "br label %0" [E:/Xilinx/Vivado_2018.3/Vivado/2018.3/common/technology/autopilot/hls/hls_video_arithm.h:1557]   --->   Operation 60 'br' <Predicate = true> <Delay = 0.00>


============================================================
+ Verbose Summary: Binding
============================================================
STG Binding: 
---------------- STG Properties BEGIN ----------------
- Is combinational: 0
- Is one-state seq: 0
- Is datapath-only: 0
- Is pipelined: 0
- Is top level: 0
Port [ Return ] is wired: 1; IO mode=ap_ctrl_hs:ce=0
Port [ src_rows_V]:  wired=1; compound=0; hidden=0; nouse=0; global=0; static=0; extern=0; dir=0; type=0; pingpong=0; private_global=0; IO mode=ap_stable:ce=0
Port [ src_cols_V]:  wired=1; compound=0; hidden=0; nouse=0; global=0; static=0; extern=0; dir=0; type=0; pingpong=0; private_global=0; IO mode=ap_stable:ce=0
Port [ src_data_stream_0_V]:  wired=1; compound=1; hidden=0; nouse=0; global=0; static=0; extern=0; dir=0; type=3; pingpong=0; private_global=0; IO mode=ap_fifo:ce=0
Port [ src_data_stream_1_V]:  wired=1; compound=1; hidden=0; nouse=0; global=0; static=0; extern=0; dir=0; type=3; pingpong=0; private_global=0; IO mode=ap_fifo:ce=0
Port [ src_data_stream_2_V]:  wired=1; compound=1; hidden=0; nouse=0; global=0; static=0; extern=0; dir=0; type=3; pingpong=0; private_global=0; IO mode=ap_fifo:ce=0
Port [ dst1_data_stream_0_V]:  wired=1; compound=1; hidden=0; nouse=0; global=0; static=0; extern=0; dir=1; type=3; pingpong=0; private_global=0; IO mode=ap_fifo:ce=0
Port [ dst1_data_stream_1_V]:  wired=1; compound=1; hidden=0; nouse=0; global=0; static=0; extern=0; dir=1; type=3; pingpong=0; private_global=0; IO mode=ap_fifo:ce=0
Port [ dst1_data_stream_2_V]:  wired=1; compound=1; hidden=0; nouse=0; global=0; static=0; extern=0; dir=1; type=3; pingpong=0; private_global=0; IO mode=ap_fifo:ce=0
Port [ dst2_data_stream_0_V]:  wired=1; compound=1; hidden=0; nouse=0; global=0; static=0; extern=0; dir=1; type=3; pingpong=0; private_global=0; IO mode=ap_fifo:ce=0
Port [ dst2_data_stream_1_V]:  wired=1; compound=1; hidden=0; nouse=0; global=0; static=0; extern=0; dir=1; type=3; pingpong=0; private_global=0; IO mode=ap_fifo:ce=0
Port [ dst2_data_stream_2_V]:  wired=1; compound=1; hidden=0; nouse=0; global=0; static=0; extern=0; dir=1; type=3; pingpong=0; private_global=0; IO mode=ap_fifo:ce=0
---------------- STG Properties END ------------------

---------------- Datapath Model BEGIN ----------------

<LifeTime>
<method=bitvector/>
StgValue_6      (specifcore       ) [ 000000]
StgValue_7      (specifcore       ) [ 000000]
StgValue_8      (specinterface    ) [ 000000]
StgValue_9      (specinterface    ) [ 000000]
StgValue_10     (specinterface    ) [ 000000]
StgValue_11     (specinterface    ) [ 000000]
StgValue_12     (specinterface    ) [ 000000]
StgValue_13     (specinterface    ) [ 000000]
StgValue_14     (specinterface    ) [ 000000]
StgValue_15     (specinterface    ) [ 000000]
StgValue_16     (specinterface    ) [ 000000]
StgValue_17     (specinterface    ) [ 000000]
StgValue_18     (specinterface    ) [ 000000]
src_cols_V_read (read             ) [ 001111]
src_rows_V_read (read             ) [ 001111]
StgValue_21     (br               ) [ 011111]
t_V             (phi              ) [ 001000]
exitcond1       (icmp             ) [ 001111]
StgValue_24     (speclooptripcount) [ 000000]
i_V             (add              ) [ 011111]
StgValue_26     (br               ) [ 000000]
StgValue_27     (specloopname     ) [ 000000]
tmp             (specregionbegin  ) [ 000111]
StgValue_29     (br               ) [ 001111]
StgValue_30     (ret              ) [ 000000]
t_V_4           (phi              ) [ 000100]
exitcond        (icmp             ) [ 001111]
StgValue_33     (speclooptripcount) [ 000000]
j_V             (add              ) [ 001111]
StgValue_35     (br               ) [ 000000]
StgValue_36     (specloopname     ) [ 000000]
tmp_s           (specregionbegin  ) [ 000000]
StgValue_38     (specpipeline     ) [ 000000]
tmp_13          (specregionbegin  ) [ 000000]
StgValue_40     (specprotocol     ) [ 000000]
tmp_39          (read             ) [ 000000]
tmp_40          (read             ) [ 000000]
tmp_38          (read             ) [ 000000]
empty           (specregionend    ) [ 000000]
tmp_14          (specregionbegin  ) [ 000000]
StgValue_46     (specprotocol     ) [ 000000]
StgValue_47     (write            ) [ 000000]
StgValue_48     (write            ) [ 000000]
StgValue_49     (write            ) [ 000000]
empty_64        (specregionend    ) [ 000000]
tmp_17          (specregionbegin  ) [ 000000]
StgValue_52     (specprotocol     ) [ 000000]
StgValue_53     (write            ) [ 000000]
StgValue_54     (write            ) [ 000000]
StgValue_55     (write            ) [ 000000]
empty_65        (specregionend    ) [ 000000]
empty_66        (specregionend    ) [ 000000]
StgValue_58     (br               ) [ 001111]
empty_67        (specregionend    ) [ 000000]
StgValue_60     (br               ) [ 011111]
</LifeTime>

<model>

<comp_list>
<comp id="0" class="1000" name="src_rows_V">
<pin_list>
<pin id="1" dir="1" index="0" bw="1" slack="0"/>
</pin_list>
<bind>
<StgValue><ssdm name="src_rows_V"/></StgValue>
</bind>
</comp>

<comp id="2" class="1000" name="src_cols_V">
<pin_list>
<pin id="3" dir="1" index="0" bw="1" slack="0"/>
</pin_list>
<bind>
<StgValue><ssdm name="src_cols_V"/></StgValue>
</bind>
</comp>

<comp id="4" class="1000" name="src_data_stream_0_V">
<pin_list>
<pin id="5" dir="1" index="0" bw="1" slack="0"/>
</pin_list>
<bind>
<StgValue><ssdm name="src_data_stream_0_V"/></StgValue>
</bind>
</comp>

<comp id="6" class="1000" name="src_data_stream_1_V">
<pin_list>
<pin id="7" dir="1" index="0" bw="1" slack="0"/>
</pin_list>
<bind>
<StgValue><ssdm name="src_data_stream_1_V"/></StgValue>
</bind>
</comp>

<comp id="8" class="1000" name="src_data_stream_2_V">
<pin_list>
<pin id="9" dir="1" index="0" bw="1" slack="0"/>
</pin_list>
<bind>
<StgValue><ssdm name="src_data_stream_2_V"/></StgValue>
</bind>
</comp>

<comp id="10" class="1000" name="dst1_data_stream_0_V">
<pin_list>
<pin id="11" dir="1" index="0" bw="1" slack="0"/>
</pin_list>
<bind>
<StgValue><ssdm name="dst1_data_stream_0_V"/></StgValue>
</bind>
</comp>

<comp id="12" class="1000" name="dst1_data_stream_1_V">
<pin_list>
<pin id="13" dir="1" index="0" bw="1" slack="0"/>
</pin_list>
<bind>
<StgValue><ssdm name="dst1_data_stream_1_V"/></StgValue>
</bind>
</comp>

<comp id="14" class="1000" name="dst1_data_stream_2_V">
<pin_list>
<pin id="15" dir="1" index="0" bw="1" slack="0"/>
</pin_list>
<bind>
<StgValue><ssdm name="dst1_data_stream_2_V"/></StgValue>
</bind>
</comp>

<comp id="16" class="1000" name="dst2_data_stream_0_V">
<pin_list>
<pin id="17" dir="1" index="0" bw="1" slack="0"/>
</pin_list>
<bind>
<StgValue><ssdm name="dst2_data_stream_0_V"/></StgValue>
</bind>
</comp>

<comp id="18" class="1000" name="dst2_data_stream_1_V">
<pin_list>
<pin id="19" dir="1" index="0" bw="1" slack="0"/>
</pin_list>
<bind>
<StgValue><ssdm name="dst2_data_stream_1_V"/></StgValue>
</bind>
</comp>

<comp id="20" class="1000" name="dst2_data_stream_2_V">
<pin_list>
<pin id="21" dir="1" index="0" bw="1" slack="0"/>
</pin_list>
<bind>
<StgValue><ssdm name="dst2_data_stream_2_V"/></StgValue>
</bind>
</comp>

<comp id="22" class="1001" name="const_22">
<pin_list>
<pin id="23" dir="1" index="0" bw="1" slack="2147483647"/>
</pin_list>
<bind>
<StgValue><ssdm name="_ssdm_op_SpecIFCore"/></StgValue>
</bind>
</comp>

<comp id="24" class="1001" name="const_24">
<pin_list>
<pin id="25" dir="1" index="0" bw="1" slack="2147483647"/>
</pin_list>
<bind>
<StgValue><ssdm name="p_str2"/></StgValue>
</bind>
</comp>

<comp id="26" class="1001" name="const_26">
<pin_list>
<pin id="27" dir="1" index="0" bw="1" slack="2147483647"/>
</pin_list>
<bind>
<StgValue><ssdm name="p_str3"/></StgValue>
</bind>
</comp>

<comp id="28" class="1001" name="const_28">
<pin_list>
<pin id="29" dir="1" index="0" bw="1" slack="2147483647"/>
</pin_list>
<bind>
<StgValue><ssdm name=""/></StgValue>
</bind>
</comp>

<comp id="30" class="1001" name="const_30">
<pin_list>
<pin id="31" dir="1" index="0" bw="1" slack="2147483647"/>
</pin_list>
<bind>
<StgValue><ssdm name="p_str4"/></StgValue>
</bind>
</comp>

<comp id="32" class="1001" name="const_32">
<pin_list>
<pin id="33" dir="1" index="0" bw="1" slack="2147483647"/>
</pin_list>
<bind>
<StgValue><ssdm name="_ssdm_op_SpecInterface"/></StgValue>
</bind>
</comp>

<comp id="34" class="1001" name="const_34">
<pin_list>
<pin id="35" dir="1" index="0" bw="1" slack="2147483647"/>
</pin_list>
<bind>
<StgValue><ssdm name="ap_fifo_str"/></StgValue>
</bind>
</comp>

<comp id="36" class="1001" name="const_36">
<pin_list>
<pin id="37" dir="1" index="0" bw="1" slack="1"/>
</pin_list>
<bind>
<StgValue><ssdm name=""/></StgValue>
</bind>
</comp>

<comp id="38" class="1001" name="const_38">
<pin_list>
<pin id="39" dir="1" index="0" bw="1" slack="2147483647"/>
</pin_list>
<bind>
<StgValue><ssdm name="p_str267"/></StgValue>
</bind>
</comp>

<comp id="40" class="1001" name="const_40">
<pin_list>
<pin id="41" dir="1" index="0" bw="1" slack="2147483647"/>
</pin_list>
<bind>
<StgValue><ssdm name="p_str268"/></StgValue>
</bind>
</comp>

<comp id="42" class="1001" name="const_42">
<pin_list>
<pin id="43" dir="1" index="0" bw="1" slack="2147483647"/>
</pin_list>
<bind>
<StgValue><ssdm name="p_str269"/></StgValue>
</bind>
</comp>

<comp id="44" class="1001" name="const_44">
<pin_list>
<pin id="45" dir="1" index="0" bw="1" slack="2147483647"/>
</pin_list>
<bind>
<StgValue><ssdm name="p_str270"/></StgValue>
</bind>
</comp>

<comp id="46" class="1001" name="const_46">
<pin_list>
<pin id="47" dir="1" index="0" bw="1" slack="2147483647"/>
</pin_list>
<bind>
<StgValue><ssdm name=""/></StgValue>
</bind>
</comp>

<comp id="48" class="1001" name="const_48">
<pin_list>
<pin id="49" dir="1" index="0" bw="1" slack="2147483647"/>
</pin_list>
<bind>
<StgValue><ssdm name=""/></StgValue>
</bind>
</comp>

<comp id="50" class="1001" name="const_50">
<pin_list>
<pin id="51" dir="1" index="0" bw="1" slack="2147483647"/>
</pin_list>
<bind>
<StgValue><ssdm name="p_str271"/></StgValue>
</bind>
</comp>

<comp id="52" class="1001" name="const_52">
<pin_list>
<pin id="53" dir="1" index="0" bw="1" slack="2147483647"/>
</pin_list>
<bind>
<StgValue><ssdm name="p_str272"/></StgValue>
</bind>
</comp>

<comp id="54" class="1001" name="const_54">
<pin_list>
<pin id="55" dir="1" index="0" bw="1" slack="2147483647"/>
</pin_list>
<bind>
<StgValue><ssdm name="p_str260"/></StgValue>
</bind>
</comp>

<comp id="56" class="1001" name="const_56">
<pin_list>
<pin id="57" dir="1" index="0" bw="1" slack="2147483647"/>
</pin_list>
<bind>
<StgValue><ssdm name="p_str261"/></StgValue>
</bind>
</comp>

<comp id="58" class="1001" name="const_58">
<pin_list>
<pin id="59" dir="1" index="0" bw="1" slack="2147483647"/>
</pin_list>
<bind>
<StgValue><ssdm name="p_str262"/></StgValue>
</bind>
</comp>

<comp id="60" class="1001" name="const_60">
<pin_list>
<pin id="61" dir="1" index="0" bw="1" slack="2147483647"/>
</pin_list>
<bind>
<StgValue><ssdm name="p_str263"/></StgValue>
</bind>
</comp>

<comp id="62" class="1001" name="const_62">
<pin_list>
<pin id="63" dir="1" index="0" bw="1" slack="2147483647"/>
</pin_list>
<bind>
<StgValue><ssdm name="p_str264"/></StgValue>
</bind>
</comp>

<comp id="64" class="1001" name="const_64">
<pin_list>
<pin id="65" dir="1" index="0" bw="1" slack="2147483647"/>
</pin_list>
<bind>
<StgValue><ssdm name="p_str265"/></StgValue>
</bind>
</comp>

<comp id="66" class="1001" name="const_66">
<pin_list>
<pin id="67" dir="1" index="0" bw="1" slack="2147483647"/>
</pin_list>
<bind>
<StgValue><ssdm name="p_str253"/></StgValue>
</bind>
</comp>

<comp id="68" class="1001" name="const_68">
<pin_list>
<pin id="69" dir="1" index="0" bw="1" slack="2147483647"/>
</pin_list>
<bind>
<StgValue><ssdm name="p_str254"/></StgValue>
</bind>
</comp>

<comp id="70" class="1001" name="const_70">
<pin_list>
<pin id="71" dir="1" index="0" bw="1" slack="2147483647"/>
</pin_list>
<bind>
<StgValue><ssdm name="p_str255"/></StgValue>
</bind>
</comp>

<comp id="72" class="1001" name="const_72">
<pin_list>
<pin id="73" dir="1" index="0" bw="1" slack="2147483647"/>
</pin_list>
<bind>
<StgValue><ssdm name="p_str256"/></StgValue>
</bind>
</comp>

<comp id="74" class="1001" name="const_74">
<pin_list>
<pin id="75" dir="1" index="0" bw="1" slack="2147483647"/>
</pin_list>
<bind>
<StgValue><ssdm name="p_str257"/></StgValue>
</bind>
</comp>

<comp id="76" class="1001" name="const_76">
<pin_list>
<pin id="77" dir="1" index="0" bw="1" slack="2147483647"/>
</pin_list>
<bind>
<StgValue><ssdm name="p_str258"/></StgValue>
</bind>
</comp>

<comp id="78" class="1001" name="const_78">
<pin_list>
<pin id="79" dir="1" index="0" bw="1" slack="2147483647"/>
</pin_list>
<bind>
<StgValue><ssdm name="p_str246"/></StgValue>
</bind>
</comp>

<comp id="80" class="1001" name="const_80">
<pin_list>
<pin id="81" dir="1" index="0" bw="1" slack="2147483647"/>
</pin_list>
<bind>
<StgValue><ssdm name="p_str247"/></StgValue>
</bind>
</comp>

<comp id="82" class="1001" name="const_82">
<pin_list>
<pin id="83" dir="1" index="0" bw="1" slack="2147483647"/>
</pin_list>
<bind>
<StgValue><ssdm name="p_str248"/></StgValue>
</bind>
</comp>

<comp id="84" class="1001" name="const_84">
<pin_list>
<pin id="85" dir="1" index="0" bw="1" slack="2147483647"/>
</pin_list>
<bind>
<StgValue><ssdm name="p_str249"/></StgValue>
</bind>
</comp>

<comp id="86" class="1001" name="const_86">
<pin_list>
<pin id="87" dir="1" index="0" bw="1" slack="2147483647"/>
</pin_list>
<bind>
<StgValue><ssdm name="p_str250"/></StgValue>
</bind>
</comp>

<comp id="88" class="1001" name="const_88">
<pin_list>
<pin id="89" dir="1" index="0" bw="1" slack="2147483647"/>
</pin_list>
<bind>
<StgValue><ssdm name="p_str251"/></StgValue>
</bind>
</comp>

<comp id="90" class="1001" name="const_90">
<pin_list>
<pin id="91" dir="1" index="0" bw="1" slack="2147483647"/>
</pin_list>
<bind>
<StgValue><ssdm name="p_str239"/></StgValue>
</bind>
</comp>

<comp id="92" class="1001" name="const_92">
<pin_list>
<pin id="93" dir="1" index="0" bw="1" slack="2147483647"/>
</pin_list>
<bind>
<StgValue><ssdm name="p_str240"/></StgValue>
</bind>
</comp>

<comp id="94" class="1001" name="const_94">
<pin_list>
<pin id="95" dir="1" index="0" bw="1" slack="2147483647"/>
</pin_list>
<bind>
<StgValue><ssdm name="p_str241"/></StgValue>
</bind>
</comp>

<comp id="96" class="1001" name="const_96">
<pin_list>
<pin id="97" dir="1" index="0" bw="1" slack="2147483647"/>
</pin_list>
<bind>
<StgValue><ssdm name="p_str242"/></StgValue>
</bind>
</comp>

<comp id="98" class="1001" name="const_98">
<pin_list>
<pin id="99" dir="1" index="0" bw="1" slack="2147483647"/>
</pin_list>
<bind>
<StgValue><ssdm name="p_str243"/></StgValue>
</bind>
</comp>

<comp id="100" class="1001" name="const_100">
<pin_list>
<pin id="101" dir="1" index="0" bw="1" slack="2147483647"/>
</pin_list>
<bind>
<StgValue><ssdm name="p_str244"/></StgValue>
</bind>
</comp>

<comp id="102" class="1001" name="const_102">
<pin_list>
<pin id="103" dir="1" index="0" bw="1" slack="2147483647"/>
</pin_list>
<bind>
<StgValue><ssdm name="p_str232"/></StgValue>
</bind>
</comp>

<comp id="104" class="1001" name="const_104">
<pin_list>
<pin id="105" dir="1" index="0" bw="1" slack="2147483647"/>
</pin_list>
<bind>
<StgValue><ssdm name="p_str233"/></StgValue>
</bind>
</comp>

<comp id="106" class="1001" name="const_106">
<pin_list>
<pin id="107" dir="1" index="0" bw="1" slack="2147483647"/>
</pin_list>
<bind>
<StgValue><ssdm name="p_str234"/></StgValue>
</bind>
</comp>

<comp id="108" class="1001" name="const_108">
<pin_list>
<pin id="109" dir="1" index="0" bw="1" slack="2147483647"/>
</pin_list>
<bind>
<StgValue><ssdm name="p_str235"/></StgValue>
</bind>
</comp>

<comp id="110" class="1001" name="const_110">
<pin_list>
<pin id="111" dir="1" index="0" bw="1" slack="2147483647"/>
</pin_list>
<bind>
<StgValue><ssdm name="p_str236"/></StgValue>
</bind>
</comp>

<comp id="112" class="1001" name="const_112">
<pin_list>
<pin id="113" dir="1" index="0" bw="1" slack="2147483647"/>
</pin_list>
<bind>
<StgValue><ssdm name="p_str237"/></StgValue>
</bind>
</comp>

<comp id="114" class="1001" name="const_114">
<pin_list>
<pin id="115" dir="1" index="0" bw="1" slack="2147483647"/>
</pin_list>
<bind>
<StgValue><ssdm name="p_str204"/></StgValue>
</bind>
</comp>

<comp id="116" class="1001" name="const_116">
<pin_list>
<pin id="117" dir="1" index="0" bw="1" slack="2147483647"/>
</pin_list>
<bind>
<StgValue><ssdm name="p_str205"/></StgValue>
</bind>
</comp>

<comp id="118" class="1001" name="const_118">
<pin_list>
<pin id="119" dir="1" index="0" bw="1" slack="2147483647"/>
</pin_list>
<bind>
<StgValue><ssdm name="p_str206"/></StgValue>
</bind>
</comp>

<comp id="120" class="1001" name="const_120">
<pin_list>
<pin id="121" dir="1" index="0" bw="1" slack="2147483647"/>
</pin_list>
<bind>
<StgValue><ssdm name="p_str207"/></StgValue>
</bind>
</comp>

<comp id="122" class="1001" name="const_122">
<pin_list>
<pin id="123" dir="1" index="0" bw="1" slack="2147483647"/>
</pin_list>
<bind>
<StgValue><ssdm name="p_str208"/></StgValue>
</bind>
</comp>

<comp id="124" class="1001" name="const_124">
<pin_list>
<pin id="125" dir="1" index="0" bw="1" slack="2147483647"/>
</pin_list>
<bind>
<StgValue><ssdm name="p_str209"/></StgValue>
</bind>
</comp>

<comp id="126" class="1001" name="const_126">
<pin_list>
<pin id="127" dir="1" index="0" bw="1" slack="2147483647"/>
</pin_list>
<bind>
<StgValue><ssdm name="p_str197"/></StgValue>
</bind>
</comp>

<comp id="128" class="1001" name="const_128">
<pin_list>
<pin id="129" dir="1" index="0" bw="1" slack="2147483647"/>
</pin_list>
<bind>
<StgValue><ssdm name="p_str198"/></StgValue>
</bind>
</comp>

<comp id="130" class="1001" name="const_130">
<pin_list>
<pin id="131" dir="1" index="0" bw="1" slack="2147483647"/>
</pin_list>
<bind>
<StgValue><ssdm name="p_str199"/></StgValue>
</bind>
</comp>

<comp id="132" class="1001" name="const_132">
<pin_list>
<pin id="133" dir="1" index="0" bw="1" slack="2147483647"/>
</pin_list>
<bind>
<StgValue><ssdm name="p_str200"/></StgValue>
</bind>
</comp>

<comp id="134" class="1001" name="const_134">
<pin_list>
<pin id="135" dir="1" index="0" bw="1" slack="2147483647"/>
</pin_list>
<bind>
<StgValue><ssdm name="p_str201"/></StgValue>
</bind>
</comp>

<comp id="136" class="1001" name="const_136">
<pin_list>
<pin id="137" dir="1" index="0" bw="1" slack="2147483647"/>
</pin_list>
<bind>
<StgValue><ssdm name="p_str202"/></StgValue>
</bind>
</comp>

<comp id="138" class="1001" name="const_138">
<pin_list>
<pin id="139" dir="1" index="0" bw="1" slack="2147483647"/>
</pin_list>
<bind>
<StgValue><ssdm name="p_str190"/></StgValue>
</bind>
</comp>

<comp id="140" class="1001" name="const_140">
<pin_list>
<pin id="141" dir="1" index="0" bw="1" slack="2147483647"/>
</pin_list>
<bind>
<StgValue><ssdm name="p_str191"/></StgValue>
</bind>
</comp>

<comp id="142" class="1001" name="const_142">
<pin_list>
<pin id="143" dir="1" index="0" bw="1" slack="2147483647"/>
</pin_list>
<bind>
<StgValue><ssdm name="p_str192"/></StgValue>
</bind>
</comp>

<comp id="144" class="1001" name="const_144">
<pin_list>
<pin id="145" dir="1" index="0" bw="1" slack="2147483647"/>
</pin_list>
<bind>
<StgValue><ssdm name="p_str193"/></StgValue>
</bind>
</comp>

<comp id="146" class="1001" name="const_146">
<pin_list>
<pin id="147" dir="1" index="0" bw="1" slack="2147483647"/>
</pin_list>
<bind>
<StgValue><ssdm name="p_str194"/></StgValue>
</bind>
</comp>

<comp id="148" class="1001" name="const_148">
<pin_list>
<pin id="149" dir="1" index="0" bw="1" slack="2147483647"/>
</pin_list>
<bind>
<StgValue><ssdm name="p_str195"/></StgValue>
</bind>
</comp>

<comp id="150" class="1001" name="const_150">
<pin_list>
<pin id="151" dir="1" index="0" bw="1" slack="2147483647"/>
</pin_list>
<bind>
<StgValue><ssdm name="ap_stable_str"/></StgValue>
</bind>
</comp>

<comp id="152" class="1001" name="const_152">
<pin_list>
<pin id="153" dir="1" index="0" bw="1" slack="2147483647"/>
</pin_list>
<bind>
<StgValue><ssdm name="p_str105"/></StgValue>
</bind>
</comp>

<comp id="154" class="1001" name="const_154">
<pin_list>
<pin id="155" dir="1" index="0" bw="1" slack="2147483647"/>
</pin_list>
<bind>
<StgValue><ssdm name="p_str106"/></StgValue>
</bind>
</comp>

<comp id="156" class="1001" name="const_156">
<pin_list>
<pin id="157" dir="1" index="0" bw="1" slack="2147483647"/>
</pin_list>
<bind>
<StgValue><ssdm name="p_str107"/></StgValue>
</bind>
</comp>

<comp id="158" class="1001" name="const_158">
<pin_list>
<pin id="159" dir="1" index="0" bw="1" slack="2147483647"/>
</pin_list>
<bind>
<StgValue><ssdm name="p_str108"/></StgValue>
</bind>
</comp>

<comp id="160" class="1001" name="const_160">
<pin_list>
<pin id="161" dir="1" index="0" bw="1" slack="2147483647"/>
</pin_list>
<bind>
<StgValue><ssdm name="p_str109"/></StgValue>
</bind>
</comp>

<comp id="162" class="1001" name="const_162">
<pin_list>
<pin id="163" dir="1" index="0" bw="1" slack="2147483647"/>
</pin_list>
<bind>
<StgValue><ssdm name="p_str110"/></StgValue>
</bind>
</comp>

<comp id="164" class="1001" name="const_164">
<pin_list>
<pin id="165" dir="1" index="0" bw="1" slack="2147483647"/>
</pin_list>
<bind>
<StgValue><ssdm name="p_str111"/></StgValue>
</bind>
</comp>

<comp id="166" class="1001" name="const_166">
<pin_list>
<pin id="167" dir="1" index="0" bw="1" slack="2147483647"/>
</pin_list>
<bind>
<StgValue><ssdm name="p_str112"/></StgValue>
</bind>
</comp>

<comp id="168" class="1001" name="const_168">
<pin_list>
<pin id="169" dir="1" index="0" bw="1" slack="2147483647"/>
</pin_list>
<bind>
<StgValue><ssdm name="p_str113"/></StgValue>
</bind>
</comp>

<comp id="170" class="1001" name="const_170">
<pin_list>
<pin id="171" dir="1" index="0" bw="1" slack="2147483647"/>
</pin_list>
<bind>
<StgValue><ssdm name="p_str114"/></StgValue>
</bind>
</comp>

<comp id="172" class="1001" name="const_172">
<pin_list>
<pin id="173" dir="1" index="0" bw="1" slack="2147483647"/>
</pin_list>
<bind>
<StgValue><ssdm name="p_str115"/></StgValue>
</bind>
</comp>

<comp id="174" class="1001" name="const_174">
<pin_list>
<pin id="175" dir="1" index="0" bw="1" slack="2147483647"/>
</pin_list>
<bind>
<StgValue><ssdm name="p_str116"/></StgValue>
</bind>
</comp>

<comp id="176" class="1001" name="const_176">
<pin_list>
<pin id="177" dir="1" index="0" bw="1" slack="0"/>
</pin_list>
<bind>
<StgValue><ssdm name="_ssdm_op_Read.ap_stable.i32"/></StgValue>
</bind>
</comp>

<comp id="178" class="1001" name="const_178">
<pin_list>
<pin id="179" dir="1" index="0" bw="1" slack="2147483647"/>
</pin_list>
<bind>
<StgValue><ssdm name="_ssdm_op_SpecLoopTripCount"/></StgValue>
</bind>
</comp>

<comp id="180" class="1001" name="const_180">
<pin_list>
<pin id="181" dir="1" index="0" bw="1" slack="2147483647"/>
</pin_list>
<bind>
<StgValue><ssdm name=""/></StgValue>
</bind>
</comp>

<comp id="182" class="1001" name="const_182">
<pin_list>
<pin id="183" dir="1" index="0" bw="1" slack="2147483647"/>
</pin_list>
<bind>
<StgValue><ssdm name=""/></StgValue>
</bind>
</comp>

<comp id="184" class="1001" name="const_184">
<pin_list>
<pin id="185" dir="1" index="0" bw="1" slack="0"/>
</pin_list>
<bind>
<StgValue><ssdm name=""/></StgValue>
</bind>
</comp>

<comp id="186" class="1001" name="const_186">
<pin_list>
<pin id="187" dir="1" index="0" bw="1" slack="2147483647"/>
</pin_list>
<bind>
<StgValue><ssdm name="_ssdm_op_SpecLoopName"/></StgValue>
</bind>
</comp>

<comp id="188" class="1001" name="const_188">
<pin_list>
<pin id="189" dir="1" index="0" bw="1" slack="2147483647"/>
</pin_list>
<bind>
<StgValue><ssdm name="p_str10"/></StgValue>
</bind>
</comp>

<comp id="190" class="1001" name="const_190">
<pin_list>
<pin id="191" dir="1" index="0" bw="1" slack="2147483647"/>
</pin_list>
<bind>
<StgValue><ssdm name="_ssdm_op_SpecRegionBegin"/></StgValue>
</bind>
</comp>

<comp id="192" class="1001" name="const_192">
<pin_list>
<pin id="193" dir="1" index="0" bw="1" slack="2147483647"/>
</pin_list>
<bind>
<StgValue><ssdm name=""/></StgValue>
</bind>
</comp>

<comp id="194" class="1001" name="const_194">
<pin_list>
<pin id="195" dir="1" index="0" bw="1" slack="2147483647"/>
</pin_list>
<bind>
<StgValue><ssdm name="p_str11"/></StgValue>
</bind>
</comp>

<comp id="196" class="1001" name="const_196">
<pin_list>
<pin id="197" dir="1" index="0" bw="1" slack="2147483647"/>
</pin_list>
<bind>
<StgValue><ssdm name="_ssdm_op_SpecPipeline"/></StgValue>
</bind>
</comp>

<comp id="198" class="1001" name="const_198">
<pin_list>
<pin id="199" dir="1" index="0" bw="1" slack="2147483647"/>
</pin_list>
<bind>
<StgValue><ssdm name="p_str15"/></StgValue>
</bind>
</comp>

<comp id="200" class="1001" name="const_200">
<pin_list>
<pin id="201" dir="1" index="0" bw="1" slack="2147483647"/>
</pin_list>
<bind>
<StgValue><ssdm name="_ssdm_op_SpecProtocol"/></StgValue>
</bind>
</comp>

<comp id="202" class="1001" name="const_202">
<pin_list>
<pin id="203" dir="1" index="0" bw="1" slack="0"/>
</pin_list>
<bind>
<StgValue><ssdm name="_ssdm_op_Read.ap_fifo.volatile.i8P"/></StgValue>
</bind>
</comp>

<comp id="204" class="1001" name="const_204">
<pin_list>
<pin id="205" dir="1" index="0" bw="1" slack="2147483647"/>
</pin_list>
<bind>
<StgValue><ssdm name="_ssdm_op_SpecRegionEnd"/></StgValue>
</bind>
</comp>

<comp id="206" class="1001" name="const_206">
<pin_list>
<pin id="207" dir="1" index="0" bw="1" slack="2147483647"/>
</pin_list>
<bind>
<StgValue><ssdm name="p_str19"/></StgValue>
</bind>
</comp>

<comp id="208" class="1001" name="const_208">
<pin_list>
<pin id="209" dir="1" index="0" bw="1" slack="0"/>
</pin_list>
<bind>
<StgValue><ssdm name="_ssdm_op_Write.ap_fifo.volatile.i8P"/></StgValue>
</bind>
</comp>

<comp id="210" class="1004" name="src_cols_V_read_read_fu_210">
<pin_list>
<pin id="211" dir="0" index="0" bw="32" slack="0"/>
<pin id="212" dir="0" index="1" bw="32" slack="0"/>
<pin id="213" dir="1" index="2" bw="32" slack="2"/>
</pin_list>
<bind>
<opcode="read(1150) " fcode="read"/>
<opset="src_cols_V_read/1 "/>
</bind>
</comp>

<comp id="216" class="1004" name="src_rows_V_read_read_fu_216">
<pin_list>
<pin id="217" dir="0" index="0" bw="32" slack="0"/>
<pin id="218" dir="0" index="1" bw="32" slack="0"/>
<pin id="219" dir="1" index="2" bw="32" slack="1"/>
</pin_list>
<bind>
<opcode="read(1150) " fcode="read"/>
<opset="src_rows_V_read/1 "/>
</bind>
</comp>

<comp id="222" class="1004" name="tmp_39_read_fu_222">
<pin_list>
<pin id="223" dir="0" index="0" bw="8" slack="0"/>
<pin id="224" dir="0" index="1" bw="8" slack="0"/>
<pin id="225" dir="1" index="2" bw="8" slack="0"/>
</pin_list>
<bind>
<opcode="read(1150) " fcode="read"/>
<opset="tmp_39/4 "/>
</bind>
</comp>

<comp id="228" class="1004" name="tmp_40_read_fu_228">
<pin_list>
<pin id="229" dir="0" index="0" bw="8" slack="0"/>
<pin id="230" dir="0" index="1" bw="8" slack="0"/>
<pin id="231" dir="1" index="2" bw="8" slack="0"/>
</pin_list>
<bind>
<opcode="read(1150) " fcode="read"/>
<opset="tmp_40/4 "/>
</bind>
</comp>

<comp id="234" class="1004" name="tmp_38_read_fu_234">
<pin_list>
<pin id="235" dir="0" index="0" bw="8" slack="0"/>
<pin id="236" dir="0" index="1" bw="8" slack="0"/>
<pin id="237" dir="1" index="2" bw="8" slack="0"/>
</pin_list>
<bind>
<opcode="read(1150) " fcode="read"/>
<opset="tmp_38/4 "/>
</bind>
</comp>

<comp id="240" class="1004" name="StgValue_47_write_fu_240">
<pin_list>
<pin id="241" dir="0" index="0" bw="0" slack="0"/>
<pin id="242" dir="0" index="1" bw="8" slack="0"/>
<pin id="243" dir="0" index="2" bw="8" slack="0"/>
<pin id="244" dir="1" index="3" bw="0" slack="2147483647"/>
</pin_list>
<bind>
<opcode="write(1151) " fcode="write"/>
<opset="StgValue_47/4 "/>
</bind>
</comp>

<comp id="248" class="1004" name="StgValue_48_write_fu_248">
<pin_list>
<pin id="249" dir="0" index="0" bw="0" slack="0"/>
<pin id="250" dir="0" index="1" bw="8" slack="0"/>
<pin id="251" dir="0" index="2" bw="8" slack="0"/>
<pin id="252" dir="1" index="3" bw="0" slack="2147483647"/>
</pin_list>
<bind>
<opcode="write(1151) " fcode="write"/>
<opset="StgValue_48/4 "/>
</bind>
</comp>

<comp id="256" class="1004" name="StgValue_49_write_fu_256">
<pin_list>
<pin id="257" dir="0" index="0" bw="0" slack="0"/>
<pin id="258" dir="0" index="1" bw="8" slack="0"/>
<pin id="259" dir="0" index="2" bw="8" slack="0"/>
<pin id="260" dir="1" index="3" bw="0" slack="2147483647"/>
</pin_list>
<bind>
<opcode="write(1151) " fcode="write"/>
<opset="StgValue_49/4 "/>
</bind>
</comp>

<comp id="264" class="1004" name="StgValue_53_write_fu_264">
<pin_list>
<pin id="265" dir="0" index="0" bw="0" slack="0"/>
<pin id="266" dir="0" index="1" bw="8" slack="0"/>
<pin id="267" dir="0" index="2" bw="8" slack="0"/>
<pin id="268" dir="1" index="3" bw="0" slack="2147483647"/>
</pin_list>
<bind>
<opcode="write(1151) " fcode="write"/>
<opset="StgValue_53/4 "/>
</bind>
</comp>

<comp id="272" class="1004" name="StgValue_54_write_fu_272">
<pin_list>
<pin id="273" dir="0" index="0" bw="0" slack="0"/>
<pin id="274" dir="0" index="1" bw="8" slack="0"/>
<pin id="275" dir="0" index="2" bw="8" slack="0"/>
<pin id="276" dir="1" index="3" bw="0" slack="2147483647"/>
</pin_list>
<bind>
<opcode="write(1151) " fcode="write"/>
<opset="StgValue_54/4 "/>
</bind>
</comp>

<comp id="280" class="1004" name="StgValue_55_write_fu_280">
<pin_list>
<pin id="281" dir="0" index="0" bw="0" slack="0"/>
<pin id="282" dir="0" index="1" bw="8" slack="0"/>
<pin id="283" dir="0" index="2" bw="8" slack="0"/>
<pin id="284" dir="1" index="3" bw="0" slack="2147483647"/>
</pin_list>
<bind>
<opcode="write(1151) " fcode="write"/>
<opset="StgValue_55/4 "/>
</bind>
</comp>

<comp id="288" class="1005" name="t_V_reg_288">
<pin_list>
<pin id="289" dir="0" index="0" bw="32" slack="1"/>
<pin id="290" dir="1" index="1" bw="32" slack="1"/>
</pin_list>
<bind>
<opset="t_V (phireg) "/>
</bind>
</comp>

<comp id="292" class="1004" name="t_V_phi_fu_292">
<pin_list>
<pin id="293" dir="0" index="0" bw="1" slack="1"/>
<pin id="294" dir="0" index="1" bw="0" slack="2147483647"/>
<pin id="295" dir="0" index="2" bw="32" slack="0"/>
<pin id="296" dir="0" index="3" bw="0" slack="2147483647"/>
<pin id="297" dir="1" index="4" bw="32" slack="0"/>
</pin_list>
<bind>
<opcode="phi(47) " fcode="phi"/>
<opset="t_V/2 "/>
</bind>
</comp>

<comp id="299" class="1005" name="t_V_4_reg_299">
<pin_list>
<pin id="300" dir="0" index="0" bw="32" slack="1"/>
<pin id="301" dir="1" index="1" bw="32" slack="1"/>
</pin_list>
<bind>
<opset="t_V_4 (phireg) "/>
</bind>
</comp>

<comp id="303" class="1004" name="t_V_4_phi_fu_303">
<pin_list>
<pin id="304" dir="0" index="0" bw="1" slack="1"/>
<pin id="305" dir="0" index="1" bw="0" slack="2147483647"/>
<pin id="306" dir="0" index="2" bw="32" slack="0"/>
<pin id="307" dir="0" index="3" bw="0" slack="2147483647"/>
<pin id="308" dir="1" index="4" bw="32" slack="0"/>
</pin_list>
<bind>
<opcode="phi(47) " fcode="phi"/>
<opset="t_V_4/3 "/>
</bind>
</comp>

<comp id="310" class="1004" name="exitcond1_fu_310">
<pin_list>
<pin id="311" dir="0" index="0" bw="32" slack="0"/>
<pin id="312" dir="0" index="1" bw="32" slack="1"/>
<pin id="313" dir="1" index="2" bw="1" slack="1"/>
</pin_list>
<bind>
<opcode="icmp(45) " fcode="icmp"/>
<opset="exitcond1/2 "/>
</bind>
</comp>

<comp id="315" class="1004" name="i_V_fu_315">
<pin_list>
<pin id="316" dir="0" index="0" bw="32" slack="0"/>
<pin id="317" dir="0" index="1" bw="1" slack="0"/>
<pin id="318" dir="1" index="2" bw="32" slack="0"/>
</pin_list>
<bind>
<opcode="add(8) " fcode="add"/>
<opset="i_V/2 "/>
</bind>
</comp>

<comp id="321" class="1004" name="exitcond_fu_321">
<pin_list>
<pin id="322" dir="0" index="0" bw="32" slack="0"/>
<pin id="323" dir="0" index="1" bw="32" slack="2"/>
<pin id="324" dir="1" index="2" bw="1" slack="1"/>
</pin_list>
<bind>
<opcode="icmp(45) " fcode="icmp"/>
<opset="exitcond/3 "/>
</bind>
</comp>

<comp id="326" class="1004" name="j_V_fu_326">
<pin_list>
<pin id="327" dir="0" index="0" bw="32" slack="0"/>
<pin id="328" dir="0" index="1" bw="1" slack="0"/>
<pin id="329" dir="1" index="2" bw="32" slack="0"/>
</pin_list>
<bind>
<opcode="add(8) " fcode="add"/>
<opset="j_V/3 "/>
</bind>
</comp>

<comp id="332" class="1005" name="src_cols_V_read_reg_332">
<pin_list>
<pin id="333" dir="0" index="0" bw="32" slack="2"/>
<pin id="334" dir="1" index="1" bw="32" slack="2"/>
</pin_list>
<bind>
<opset="src_cols_V_read "/>
</bind>
</comp>

<comp id="337" class="1005" name="src_rows_V_read_reg_337">
<pin_list>
<pin id="338" dir="0" index="0" bw="32" slack="1"/>
<pin id="339" dir="1" index="1" bw="32" slack="1"/>
</pin_list>
<bind>
<opset="src_rows_V_read "/>
</bind>
</comp>

<comp id="342" class="1005" name="exitcond1_reg_342">
<pin_list>
<pin id="343" dir="0" index="0" bw="1" slack="1"/>
<pin id="344" dir="1" index="1" bw="1" slack="2147483647"/>
</pin_list>
<bind>
<opset="exitcond1 "/>
</bind>
</comp>

<comp id="346" class="1005" name="i_V_reg_346">
<pin_list>
<pin id="347" dir="0" index="0" bw="32" slack="0"/>
<pin id="348" dir="1" index="1" bw="32" slack="0"/>
</pin_list>
<bind>
<opset="i_V "/>
</bind>
</comp>

<comp id="351" class="1005" name="exitcond_reg_351">
<pin_list>
<pin id="352" dir="0" index="0" bw="1" slack="1"/>
<pin id="353" dir="1" index="1" bw="1" slack="2147483647"/>
</pin_list>
<bind>
<opset="exitcond "/>
</bind>
</comp>

<comp id="355" class="1005" name="j_V_reg_355">
<pin_list>
<pin id="356" dir="0" index="0" bw="32" slack="0"/>
<pin id="357" dir="1" index="1" bw="32" slack="0"/>
</pin_list>
<bind>
<opset="j_V "/>
</bind>
</comp>

</comp_list>

<net_list>
<net id="214"><net_src comp="176" pin="0"/><net_sink comp="210" pin=0"/></net>

<net id="215"><net_src comp="2" pin="0"/><net_sink comp="210" pin=1"/></net>

<net id="220"><net_src comp="176" pin="0"/><net_sink comp="216" pin=0"/></net>

<net id="221"><net_src comp="0" pin="0"/><net_sink comp="216" pin=1"/></net>

<net id="226"><net_src comp="202" pin="0"/><net_sink comp="222" pin=0"/></net>

<net id="227"><net_src comp="4" pin="0"/><net_sink comp="222" pin=1"/></net>

<net id="232"><net_src comp="202" pin="0"/><net_sink comp="228" pin=0"/></net>

<net id="233"><net_src comp="6" pin="0"/><net_sink comp="228" pin=1"/></net>

<net id="238"><net_src comp="202" pin="0"/><net_sink comp="234" pin=0"/></net>

<net id="239"><net_src comp="8" pin="0"/><net_sink comp="234" pin=1"/></net>

<net id="245"><net_src comp="208" pin="0"/><net_sink comp="240" pin=0"/></net>

<net id="246"><net_src comp="10" pin="0"/><net_sink comp="240" pin=1"/></net>

<net id="247"><net_src comp="222" pin="2"/><net_sink comp="240" pin=2"/></net>

<net id="253"><net_src comp="208" pin="0"/><net_sink comp="248" pin=0"/></net>

<net id="254"><net_src comp="12" pin="0"/><net_sink comp="248" pin=1"/></net>

<net id="255"><net_src comp="228" pin="2"/><net_sink comp="248" pin=2"/></net>

<net id="261"><net_src comp="208" pin="0"/><net_sink comp="256" pin=0"/></net>

<net id="262"><net_src comp="14" pin="0"/><net_sink comp="256" pin=1"/></net>

<net id="263"><net_src comp="234" pin="2"/><net_sink comp="256" pin=2"/></net>

<net id="269"><net_src comp="208" pin="0"/><net_sink comp="264" pin=0"/></net>

<net id="270"><net_src comp="16" pin="0"/><net_sink comp="264" pin=1"/></net>

<net id="271"><net_src comp="222" pin="2"/><net_sink comp="264" pin=2"/></net>

<net id="277"><net_src comp="208" pin="0"/><net_sink comp="272" pin=0"/></net>

<net id="278"><net_src comp="18" pin="0"/><net_sink comp="272" pin=1"/></net>

<net id="279"><net_src comp="228" pin="2"/><net_sink comp="272" pin=2"/></net>

<net id="285"><net_src comp="208" pin="0"/><net_sink comp="280" pin=0"/></net>

<net id="286"><net_src comp="20" pin="0"/><net_sink comp="280" pin=1"/></net>

<net id="287"><net_src comp="234" pin="2"/><net_sink comp="280" pin=2"/></net>

<net id="291"><net_src comp="36" pin="0"/><net_sink comp="288" pin=0"/></net>

<net id="298"><net_src comp="288" pin="1"/><net_sink comp="292" pin=0"/></net>

<net id="302"><net_src comp="36" pin="0"/><net_sink comp="299" pin=0"/></net>

<net id="309"><net_src comp="299" pin="1"/><net_sink comp="303" pin=0"/></net>

<net id="314"><net_src comp="292" pin="4"/><net_sink comp="310" pin=0"/></net>

<net id="319"><net_src comp="292" pin="4"/><net_sink comp="315" pin=0"/></net>

<net id="320"><net_src comp="184" pin="0"/><net_sink comp="315" pin=1"/></net>

<net id="325"><net_src comp="303" pin="4"/><net_sink comp="321" pin=0"/></net>

<net id="330"><net_src comp="303" pin="4"/><net_sink comp="326" pin=0"/></net>

<net id="331"><net_src comp="184" pin="0"/><net_sink comp="326" pin=1"/></net>

<net id="335"><net_src comp="210" pin="2"/><net_sink comp="332" pin=0"/></net>

<net id="336"><net_src comp="332" pin="1"/><net_sink comp="321" pin=1"/></net>

<net id="340"><net_src comp="216" pin="2"/><net_sink comp="337" pin=0"/></net>

<net id="341"><net_src comp="337" pin="1"/><net_sink comp="310" pin=1"/></net>

<net id="345"><net_src comp="310" pin="2"/><net_sink comp="342" pin=0"/></net>

<net id="349"><net_src comp="315" pin="2"/><net_sink comp="346" pin=0"/></net>

<net id="350"><net_src comp="346" pin="1"/><net_sink comp="292" pin=2"/></net>

<net id="354"><net_src comp="321" pin="2"/><net_sink comp="351" pin=0"/></net>

<net id="358"><net_src comp="326" pin="2"/><net_sink comp="355" pin=0"/></net>

<net id="359"><net_src comp="355" pin="1"/><net_sink comp="303" pin=2"/></net>

</net_list>

</model> 
---------------- Datapath Model END ------------------

* FSMD analyzer results:
  - Output states:
	Port: dst1_data_stream_0_V | {4 }
	Port: dst1_data_stream_1_V | {4 }
	Port: dst1_data_stream_2_V | {4 }
	Port: dst2_data_stream_0_V | {4 }
	Port: dst2_data_stream_1_V | {4 }
	Port: dst2_data_stream_2_V | {4 }
 - Input state : 
	Port: Duplicate : src_rows_V | {1 }
	Port: Duplicate : src_cols_V | {1 }
	Port: Duplicate : src_data_stream_0_V | {4 }
	Port: Duplicate : src_data_stream_1_V | {4 }
	Port: Duplicate : src_data_stream_2_V | {4 }
  - Chain level:
	State 1
	State 2
		exitcond1 : 1
		i_V : 1
		StgValue_26 : 2
	State 3
		exitcond : 1
		j_V : 1
		StgValue_35 : 2
	State 4
		empty : 1
		empty_64 : 1
		empty_65 : 1
		empty_66 : 1
	State 5


============================================================
+ Verbose Summary: Datapath Resource usage 
============================================================

* Functional unit list:
|----------|-----------------------------|---------|---------|
| Operation|       Functional Unit       |    FF   |   LUT   |
|----------|-----------------------------|---------|---------|
|    add   |          i_V_fu_315         |    0    |    39   |
|          |          j_V_fu_326         |    0    |    39   |
|----------|-----------------------------|---------|---------|
|   icmp   |       exitcond1_fu_310      |    0    |    20   |
|          |       exitcond_fu_321       |    0    |    20   |
|----------|-----------------------------|---------|---------|
|          | src_cols_V_read_read_fu_210 |    0    |    0    |
|          | src_rows_V_read_read_fu_216 |    0    |    0    |
|   read   |      tmp_39_read_fu_222     |    0    |    0    |
|          |      tmp_40_read_fu_228     |    0    |    0    |
|          |      tmp_38_read_fu_234     |    0    |    0    |
|----------|-----------------------------|---------|---------|
|          |   StgValue_47_write_fu_240  |    0    |    0    |
|          |   StgValue_48_write_fu_248  |    0    |    0    |
|   write  |   StgValue_49_write_fu_256  |    0    |    0    |
|          |   StgValue_53_write_fu_264  |    0    |    0    |
|          |   StgValue_54_write_fu_272  |    0    |    0    |
|          |   StgValue_55_write_fu_280  |    0    |    0    |
|----------|-----------------------------|---------|---------|
|   Total  |                             |    0    |   118   |
|----------|-----------------------------|---------|---------|

Memories:
N/A

* Register list:
+-----------------------+--------+
|                       |   FF   |
+-----------------------+--------+
|   exitcond1_reg_342   |    1   |
|    exitcond_reg_351   |    1   |
|      i_V_reg_346      |   32   |
|      j_V_reg_355      |   32   |
|src_cols_V_read_reg_332|   32   |
|src_rows_V_read_reg_337|   32   |
|     t_V_4_reg_299     |   32   |
|      t_V_reg_288      |   32   |
+-----------------------+--------+
|         Total         |   194  |
+-----------------------+--------+

* Multiplexer (MUX) list: 
|--------|------|------|------|--------|
|  Comp  |  Pin | Size |  BW  | S x BW |
|--------|------|------|------|--------|
|  Total |      |      |      |    0   |
|--------|------|------|------|--------|



* Summary:
+-----------+--------+--------+
|           |   FF   |   LUT  |
+-----------+--------+--------+
|  Function |    0   |   118  |
|   Memory  |    -   |    -   |
|Multiplexer|    -   |    -   |
|  Register |   194  |    -   |
+-----------+--------+--------+
|   Total   |   194  |   118  |
+-----------+--------+--------+
