

================================================================
== Vivado HLS Report for 'shift_led'
================================================================
* Date:           Thu Jul 23 15:32:21 2020

* Version:        2018.3 (Build 2405991 on Thu Dec 06 23:56:15 MST 2018)
* Project:        shift_led
* Solution:       solution1
* Product family: kintexu
* Target device:  xcku115-flva1517-2-e


================================================================
== Performance Estimates
================================================================
+ Timing (ns): 
    * Summary: 
    +--------+-------+----------+------------+
    |  Clock | Target| Estimated| Uncertainty|
    +--------+-------+----------+------------+
    |ap_clk  |  10.00|     1.461|        1.25|
    +--------+-------+----------+------------+

+ Latency (clock cycles): 
    * Summary: 
    +----------+----------+----------+----------+---------+
    |       Latency       |       Interval      | Pipeline|
    |    min   |    max   |    min   |    max   |   Type  |
    +----------+----------+----------+----------+---------+
    |  50000001|  50000001|  50000001|  50000001|   none  |
    +----------+----------+----------+----------+---------+

    + Detail: 
        * Instance: 
        N/A

        * Loop: 
        +----------+----------+----------+----------+-----------+-----------+----------+----------+
        |          |       Latency       | Iteration|  Initiation Interval  |   Trip   |          |
        | Loop Name|    min   |    max   |  Latency |  achieved |   target  |   Count  | Pipelined|
        +----------+----------+----------+----------+-----------+-----------+----------+----------+
        |- Loop 1  |  50000000|  50000000|         1|          -|          -|  50000000|    no    |
        +----------+----------+----------+----------+-----------+-----------+----------+----------+



================================================================
== Utilization Estimates
================================================================
* Summary: 
+---------------------+---------+-------+---------+--------+
|         Name        | BRAM_18K| DSP48E|    FF   |   LUT  |
+---------------------+---------+-------+---------+--------+
|DSP                  |        -|      -|        -|       -|
|Expression           |        -|      -|        0|      75|
|FIFO                 |        -|      -|        -|       -|
|Instance             |        -|      -|        -|       -|
|Memory               |        -|      -|        -|       -|
|Multiplexer          |        -|      -|        -|      69|
|Register             |        -|      -|       45|       -|
+---------------------+---------+-------+---------+--------+
|Total                |        0|      0|       45|     144|
+---------------------+---------+-------+---------+--------+
|Available SLR        |     2160|   2760|   663360|  331680|
+---------------------+---------+-------+---------+--------+
|Utilization SLR (%)  |        0|      0|    ~0   |   ~0   |
+---------------------+---------+-------+---------+--------+
|Available            |     4320|   5520|  1326720|  663360|
+---------------------+---------+-------+---------+--------+
|Utilization (%)      |        0|      0|    ~0   |   ~0   |
+---------------------+---------+-------+---------+--------+

+ Detail: 
    * Instance: 
    N/A

    * DSP48: 
    N/A

    * Memory: 
    N/A

    * FIFO: 
    N/A

    * Expression: 
    +-------------------+----------+-------+---+----+------------+------------+
    |   Variable Name   | Operation| DSP48E| FF| LUT| Bitwidth P0| Bitwidth P1|
    +-------------------+----------+-------+---+----+------------+------------+
    |i_V_fu_83_p2       |     +    |      0|  0|  33|          26|           1|
    |exitcond_fu_77_p2  |   icmp   |      0|  0|  20|          26|          26|
    |tmp_fu_89_p2       |   icmp   |      0|  0|  20|          26|          26|
    |ap_block_state1    |    or    |      0|  0|   2|           1|           1|
    +-------------------+----------+-------+---+----+------------+------------+
    |Total              |          |      0|  0|  75|          79|          54|
    +-------------------+----------+-------+---+----+------------+------------+

    * Multiplexer: 
    +-----------------------+----+-----------+-----+-----------+
    |          Name         | LUT| Input Size| Bits| Total Bits|
    +-----------------------+----+-----------+-----+-----------+
    |ap_NS_fsm              |  15|          3|    1|          3|
    |led_i_V_ap_vld_in_sig  |   9|          2|    1|          2|
    |led_i_V_ap_vld_preg    |   9|          2|    1|          2|
    |led_i_V_blk_n          |   9|          2|    1|          2|
    |led_i_V_in_sig         |   9|          2|    8|         16|
    |p_Val2_s_reg_61        |   9|          2|   26|         52|
    |p_s_fu_44              |   9|          2|    8|         16|
    +-----------------------+----+-----------+-----+-----------+
    |Total                  |  69|         15|   46|         93|
    +-----------------------+----+-----------+-----+-----------+

    * Register: 
    +---------------------+----+----+-----+-----------+
    |         Name        | FF | LUT| Bits| Const Bits|
    +---------------------+----+----+-----+-----------+
    |ap_CS_fsm            |   2|   0|    2|          0|
    |led_i_V_ap_vld_preg  |   1|   0|    1|          0|
    |led_i_V_preg         |   8|   0|    8|          0|
    |p_Val2_s_reg_61      |  26|   0|   26|          0|
    |p_s_fu_44            |   8|   0|    8|          0|
    +---------------------+----+----+-----+-----------+
    |Total                |  45|   0|   45|          0|
    +---------------------+----+----+-----+-----------+



================================================================
== Interface
================================================================
* Summary: 
+----------------+-----+-----+------------+--------------+--------------+
|    RTL Ports   | Dir | Bits|  Protocol  | Source Object|    C Type    |
+----------------+-----+-----+------------+--------------+--------------+
|ap_clk          |  in |    1| ap_ctrl_hs |   shift_led  | return value |
|ap_rst          |  in |    1| ap_ctrl_hs |   shift_led  | return value |
|ap_start        |  in |    1| ap_ctrl_hs |   shift_led  | return value |
|ap_done         | out |    1| ap_ctrl_hs |   shift_led  | return value |
|ap_idle         | out |    1| ap_ctrl_hs |   shift_led  | return value |
|ap_ready        | out |    1| ap_ctrl_hs |   shift_led  | return value |
|led_o_V         | out |    8|   ap_ovld  |    led_o_V   |    pointer   |
|led_o_V_ap_vld  | out |    1|   ap_ovld  |    led_o_V   |    pointer   |
|led_i_V         |  in |    8|   ap_vld   |    led_i_V   |    scalar    |
|led_i_V_ap_vld  |  in |    1|   ap_vld   |    led_i_V   |    scalar    |
+----------------+-----+-----+------------+--------------+--------------+

