INFO-FLOW: Workspace D:/PJ_for_HLS/shift_led/solution1 opened at Thu Jul 23 15:32:06 +0800 2020
Execute     config_clock -quiet -name default -period 10 -default=false 
INFO: [SYN 201-201] Setting up clock 'default' with a period of 10ns.
Execute     open_platform DefaultPlatform 
Execute     import_lib E:/Xilinx/Vivado_2018.3/Vivado/2018.3/common/technology/xilinx/kintexu/kintexu 
Execute       source E:/Xilinx/Vivado_2018.3/Vivado/2018.3/common/technology/xilinx/common/xilinx.lib 
Execute         source E:/Xilinx/Vivado_2018.3/Vivado/2018.3/common/technology/xilinx/interface/xilinx_interface.lib 
Execute           source E:/Xilinx/Vivado_2018.3/Vivado/2018.3/common/technology/xilinx/interface/plb46.lib 
Execute           source E:/Xilinx/Vivado_2018.3/Vivado/2018.3/common/technology/xilinx/interface/fsl.lib 
Execute           source E:/Xilinx/Vivado_2018.3/Vivado/2018.3/common/technology/xilinx/interface/axi4.lib 
Execute           source E:/Xilinx/Vivado_2018.3/Vivado/2018.3/common/technology/xilinx/interface/maxi.lib 
Execute           source E:/Xilinx/Vivado_2018.3/Vivado/2018.3/common/technology/xilinx/interface/saxilite.lib 
Execute         source E:/Xilinx/Vivado_2018.3/Vivado/2018.3/common/technology/xilinx/common/dsp48.lib 
Execute         source E:/Xilinx/Vivado_2018.3/Vivado/2018.3/common/technology/xilinx/ip/dds_compiler.lib 
Execute         source E:/Xilinx/Vivado_2018.3/Vivado/2018.3/common/technology/xilinx/ip/xfft.lib 
Execute         source E:/Xilinx/Vivado_2018.3/Vivado/2018.3/common/technology/xilinx/ip/xfir.lib 
Execute       source E:/Xilinx/Vivado_2018.3/Vivado/2018.3/common/technology/xilinx/common/xilinx_old.lib 
Execute       source E:/Xilinx/Vivado_2018.3/Vivado/2018.3/common/technology/xilinx/common/xilinx_vivado.lib 
Execute       source E:/Xilinx/Vivado_2018.3/Vivado/2018.3/common/technology/xilinx/common/xilinx.hlp 
Execute         source E:/Xilinx/Vivado_2018.3/Vivado/2018.3/common/technology/xilinx/common/target_info.tcl 
Execute         source E:/Xilinx/Vivado_2018.3/Vivado/2018.3/common/technology/xilinx/interface/xilinx_interface.hlp 
Execute           source E:/Xilinx/Vivado_2018.3/Vivado/2018.3/common/technology/xilinx/interface/maxi.hlp 
Execute           source E:/Xilinx/Vivado_2018.3/Vivado/2018.3/common/technology/xilinx/interface/saxilite.hlp 
Execute         source E:/Xilinx/Vivado_2018.3/Vivado/2018.3/common/technology/xilinx/common/dsp48.hlp 
Execute       source E:/Xilinx/Vivado_2018.3/Vivado/2018.3/common/technology/xilinx/kintexu/dsp48e2.hlp 
Execute       get_default_platform 
Execute       config_chip_info -quiet -resource  {SLICE 30300} {LUT 242400}    {FF 484800} {DSP48E 1920}   {BRAM 1200}  
Execute       config_chip_info -quiet -speed medium 
Execute       source E:/Xilinx/Vivado_2018.3/Vivado/2018.3/common/technology/xilinx/common/xilinx.hlp 
Execute         source E:/Xilinx/Vivado_2018.3/Vivado/2018.3/common/technology/xilinx/common/target_info.tcl 
Execute         source E:/Xilinx/Vivado_2018.3/Vivado/2018.3/common/technology/xilinx/interface/xilinx_interface.hlp 
Execute           source E:/Xilinx/Vivado_2018.3/Vivado/2018.3/common/technology/xilinx/interface/maxi.hlp 
Execute           source E:/Xilinx/Vivado_2018.3/Vivado/2018.3/common/technology/xilinx/interface/saxilite.hlp 
Execute         source E:/Xilinx/Vivado_2018.3/Vivado/2018.3/common/technology/xilinx/common/dsp48.hlp 
Execute     source E:/Xilinx/Vivado_2018.3/Vivado/2018.3/common/technology/xilinx/kintexu/kintexu.gen 
Execute       source E:/Xilinx/Vivado_2018.3/Vivado/2018.3/common/technology/xilinx/common/virtex.gen 
Execute         source E:/Xilinx/Vivado_2018.3/Vivado/2018.3/common/technology/xilinx/common/xilinx.gen 
Execute           source E:/Xilinx/Vivado_2018.3/Vivado/2018.3/common/technology/xilinx/interface/plb46.gen 
Execute           source E:/Xilinx/Vivado_2018.3/Vivado/2018.3/common/technology/xilinx/interface/fsl.gen 
Execute           source E:/Xilinx/Vivado_2018.3/Vivado/2018.3/common/technology/xilinx/interface/axi4.gen 
Execute           source E:/Xilinx/Vivado_2018.3/Vivado/2018.3/common/technology/xilinx/interface/nativeAXI4.gen 
Execute             source E:/Xilinx/Vivado_2018.3/Vivado/2018.3/common/technology/xilinx/interface/saxilite.gen 
Execute             source E:/Xilinx/Vivado_2018.3/Vivado/2018.3/common/technology/xilinx/interface/maxi.gen 
Execute           source E:/Xilinx/Vivado_2018.3/Vivado/2018.3/common/technology/xilinx/scripts/xilinxcoregen.gen 
Execute           source E:/Xilinx/Vivado_2018.3/Vivado/2018.3/common/technology/xilinx/interface/XilEDKCoreGen.gen 
Execute           source E:/Xilinx/Vivado_2018.3/Vivado/2018.3/common/technology/xilinx/ip/dds_compiler.gen 
Execute           source E:/Xilinx/Vivado_2018.3/Vivado/2018.3/common/technology/xilinx/ip/util.gen 
Execute           source E:/Xilinx/Vivado_2018.3/Vivado/2018.3/common/technology/xilinx/ip/xfft.gen 
Command           ap_source done; 0.128 sec.
Execute           source E:/Xilinx/Vivado_2018.3/Vivado/2018.3/common/technology/xilinx/ip/xfir.gen 
Command         ap_source done; 0.258 sec.
Execute         source E:/Xilinx/Vivado_2018.3/Vivado/2018.3/common/technology/xilinx/common/dsp48.gen 
Command       ap_source done; 0.263 sec.
Command     ap_source done; 0.264 sec.
Execute     open_platform DefaultPlatform 
Execute     import_lib E:/Xilinx/Vivado_2018.3/Vivado/2018.3/common/technology/xilinx/kintexu/kintexu_fpv7 
Execute       source E:/Xilinx/Vivado_2018.3/Vivado/2018.3/common/technology/xilinx/common/xilinx_fpv7.lib 
Execute         source E:/Xilinx/Vivado_2018.3/Vivado/2018.3/common/technology/xilinx/common/xilinx_hp.lib 
Execute       source E:/Xilinx/Vivado_2018.3/Vivado/2018.3/common/technology/xilinx/common/xilinx_fpv.hlp 
Execute         source E:/Xilinx/Vivado_2018.3/Vivado/2018.3/common/technology/xilinx/common/xilinx.hlp 
Execute           source E:/Xilinx/Vivado_2018.3/Vivado/2018.3/common/technology/xilinx/common/target_info.tcl 
Execute           source E:/Xilinx/Vivado_2018.3/Vivado/2018.3/common/technology/xilinx/interface/xilinx_interface.hlp 
Execute             source E:/Xilinx/Vivado_2018.3/Vivado/2018.3/common/technology/xilinx/interface/maxi.hlp 
Execute             source E:/Xilinx/Vivado_2018.3/Vivado/2018.3/common/technology/xilinx/interface/saxilite.hlp 
Execute           source E:/Xilinx/Vivado_2018.3/Vivado/2018.3/common/technology/xilinx/common/dsp48.hlp 
Execute       source E:/Xilinx/Vivado_2018.3/Vivado/2018.3/common/technology/xilinx/kintexu/kintexu_hp.hlp 
Execute     source E:/Xilinx/Vivado_2018.3/Vivado/2018.3/common/technology/xilinx/kintexu/kintexu_fpv7.gen 
Execute       source E:/Xilinx/Vivado_2018.3/Vivado/2018.3/common/technology/xilinx/common/xilinx_fpv6.gen 
Execute     set_part xcku115-flva1517-2-e 
Execute       add_library xilinx/kintexu/kintexu:xcku115:-flva1517:-2-e 
Execute         get_default_platform 
Execute         license_isbetapart xcku115 
Command         license_isbetapart done; error code: 1; 
Execute         get_default_platform 
Execute         config_chip_info -quiet -resource  {SLICE 82920} {LUT 663360}    {FF 1326720} {DSP48E 5520}  {BRAM 4320} {SLR 2}  
Execute         config_chip_info -quiet -speed medium 
Execute       add_library xilinx/kintexu/kintexu_fpv7 
Execute         get_default_platform 
INFO: [HLS 200-10] Setting target device to 'xcku115-flva1517-2-e'
Execute       get_default_platform 
Execute     get_default_platform 
Execute     config_chip_info -quiet -resource  {SLICE 82920} {LUT 663360}    {FF 1326720} {DSP48E 5520}  {BRAM 4320} {SLR 2}  
Execute     config_chip_info -quiet -speed medium 
Command   open_solution done; 0.472 sec.
Execute   set_part xcku115-flva1517-2-e -tool vivado 
Execute     add_library xilinx/kintexu/kintexu:xcku115:-flva1517:-2-e 
Execute       get_default_platform 
Execute       license_isbetapart xcku115 
Command       license_isbetapart done; error code: 1; 
Execute       get_default_platform 
Execute       config_chip_info -quiet -resource  {SLICE 82920} {LUT 663360}    {FF 1326720} {DSP48E 5520}  {BRAM 4320} {SLR 2}  
Execute       config_chip_info -quiet -speed medium 
Execute     add_library xilinx/kintexu/kintexu_fpv7 
Execute       get_default_platform 
Execute     get_default_platform 
Execute   create_clock -period 10 -name default 
Execute   csynth_design 
Execute     get_config_compile -effort 
Execute     get_config_compile -enable_clang39 
Execute     get_config_compile -g 
Execute     get_config_compile -lm 
Execute     get_config_compile -ng 
Execute     get_config_compile -opt_fp 
Execute     get_config_compile -skip_cdt 
Execute     get_config_compile -skip_syncheck 
Execute     get_config_compile -skip_transform 
Execute     config_compile -blackbox  
Execute     get_config_compile -keep_printf 
Execute     elaborate -effort=medium -skip_syncheck=0 -keep_printf=0 -lm=0 -skip_cdt=0 -skip_transform=0 -ng=0 -g=0 -opt_fp=0 -from_csynth_design=1 
Execute       get_config_schedule -relax_ii_for_timing 
INFO: [SCHED 204-61] Option 'relax_ii_for_timing' is enabled, will increase II to preserve clock frequency constraints.
Execute       get_config_schedule -suppress_dependence_error_break 
INFO: [HLS 200-10] Analyzing design file 'shift_led/src/top.cpp' ... 
INFO-FLOW: Compiling one TU...
Execute       is_m_axi_addr64 
INFO-FLOW: Handling shift_led/src/top.cpp as C++
Execute       get_default_platform 
Execute       is_encrypted shift_led/src/top.cpp 
Execute       get_default_platform 
INFO-FLOW: Running: GCC PP
INFO-FLOW: Source preprocessing
Execute       clang  -fno-limit-debug-info -gcc-toolchain "E:/Xilinx/Vivado_2018.3/Vivado/2018.3/msys" -hls  -fno-exceptions  -D__llvm__  -E "shift_led/src/top.cpp"     -fno-math-errno -c -emit-llvm -O0  -mllvm -disable-llvm-optzns -fno-threadsafe-statics  -fno-use-cxa-atexit  -fno-threadsafe-statics -fno-use-cxa-atexit -D__CLANG_3_1__ -D__cdecl= -DAESL_SYN -D__SYNTHESIS__ -D__HLS_SYN__ -I "E:/Xilinx/Vivado_2018.3/Vivado/2018.3/common/technology/autopilot" -I "E:/Xilinx/Vivado_2018.3/Vivado/2018.3/common/technology/autopilot/ap_sysc" -include etc/autopilot_ssdm_op.h -D__DSP48E2__  -o "D:/PJ_for_HLS/shift_led/solution1/.autopilot/db/top.pp.0.cpp" 
INFO-FLOW: exec E:/Xilinx/Vivado_2018.3/Vivado/2018.3/win64/tools/clang/bin/clang -fno-limit-debug-info -gcc-toolchain E:/Xilinx/Vivado_2018.3/Vivado/2018.3/msys -hls -fno-exceptions -D__llvm__ -E shift_led/src/top.cpp -fno-math-errno -c -emit-llvm -O0 -mllvm -disable-llvm-optzns -fno-threadsafe-statics -fno-use-cxa-atexit -fno-threadsafe-statics -fno-use-cxa-atexit -D__CLANG_3_1__ -D__cdecl= -DAESL_SYN -D__SYNTHESIS__ -D__HLS_SYN__ -I E:/Xilinx/Vivado_2018.3/Vivado/2018.3/common/technology/autopilot -I E:/Xilinx/Vivado_2018.3/Vivado/2018.3/common/technology/autopilot/ap_sysc -include etc/autopilot_ssdm_op.h -D__DSP48E2__ -o D:/PJ_for_HLS/shift_led/solution1/.autopilot/db/top.pp.0.cpp
Command       clang done; 1.347 sec.
Execute       tidy_31 xilinx-xfmat-array-geometry D:/PJ_for_HLS/shift_led/solution1/.autopilot/db/top.pp.0.cpp std=gnu++98 
INFO-FLOW: exec E:/Xilinx/Vivado_2018.3/Vivado/2018.3/win64/tools/clang-3.9-csynth/bin/tidy-3.1 -header-filter=.* -checks=-*,xilinx-xfmat-array-geometry -quiet -fix D:/PJ_for_HLS/shift_led/solution1/.autopilot/db/top.pp.0.cpp -- -std=gnu++98 -fhls -ferror-limit=0
Command       tidy_31 done; 0.759 sec.
INFO-FLOW: Syntax Checking before pre-processing...
Execute       clang -syntaxcheck -src D:/PJ_for_HLS/shift_led/solution1/.autopilot/db/top.pp.0.cpp  -fno-limit-debug-info -gcc-toolchain "E:/Xilinx/Vivado_2018.3/Vivado/2018.3/msys" -hls    -fno-math-errno -c -emit-llvm -O0  -mllvm -disable-llvm-optzns -fno-threadsafe-statics  -fno-use-cxa-atexit  -fno-threadsafe-statics -fno-use-cxa-atexit -D__CLANG_3_1__ -D__cdecl= -DAESL_SYN -D__SYNTHESIS__ -D__HLS_SYN__ -I "E:/Xilinx/Vivado_2018.3/Vivado/2018.3/common/technology/autopilot" -I "E:/Xilinx/Vivado_2018.3/Vivado/2018.3/common/technology/autopilot/ap_sysc" -include etc/autopilot_ssdm_op.h -D__DSP48E2__  "D:/PJ_for_HLS/shift_led/solution1/.autopilot/db/top.pp.0.cpp"  -o "D:/PJ_for_HLS/shift_led/solution1/.autopilot/db/useless.bc"  
INFO-FLOW: exec E:/Xilinx/Vivado_2018.3/Vivado/2018.3/win64/tools/clang/bin/clang -fno-limit-debug-info -gcc-toolchain E:/Xilinx/Vivado_2018.3/Vivado/2018.3/msys -hls -fno-math-errno -c -emit-llvm -O0 -mllvm -disable-llvm-optzns -fno-threadsafe-statics -fno-use-cxa-atexit -fno-threadsafe-statics -fno-use-cxa-atexit -D__CLANG_3_1__ -D__cdecl= -DAESL_SYN -D__SYNTHESIS__ -D__HLS_SYN__ -I E:/Xilinx/Vivado_2018.3/Vivado/2018.3/common/technology/autopilot -I E:/Xilinx/Vivado_2018.3/Vivado/2018.3/common/technology/autopilot/ap_sysc -include etc/autopilot_ssdm_op.h -D__DSP48E2__ D:/PJ_for_HLS/shift_led/solution1/.autopilot/db/top.pp.0.cpp -o D:/PJ_for_HLS/shift_led/solution1/.autopilot/db/useless.bc
Command       clang done; 1.69 sec.
INFO-FLOW: Done: GCC PP time: 3.8 seconds per iteration
Execute       list_core -type functional_unit 
Execute       tidy_31 xilinx-systemc-detector D:/PJ_for_HLS/shift_led/solution1/.autopilot/db/top.pp.0.cpp std=gnu++98 -directive=D:/PJ_for_HLS/shift_led/solution1/.autopilot/db/.systemc_flag 
INFO-FLOW: exec E:/Xilinx/Vivado_2018.3/Vivado/2018.3/win64/tools/clang-3.9-csynth/bin/tidy-3.1 -header-filter=.* -checks=-*,xilinx-systemc-detector -import-directive=D:/PJ_for_HLS/shift_led/solution1/.autopilot/db/.systemc_flag -quiet -fix-errors D:/PJ_for_HLS/shift_led/solution1/.autopilot/db/top.pp.0.cpp -- -std=gnu++98 -fhls -ferror-limit=0
Command       tidy_31 done; 0.694 sec.
INFO-FLOW: Running: tidy-3.1 CDT preprocess
Execute       tidy_31 xilinx-directive2pragma D:/PJ_for_HLS/shift_led/solution1/.autopilot/db/top.pp.0.cpp std=gnu++98 -directive=D:/PJ_for_HLS/shift_led/solution1/.autopilot/db/all.directive.json 
INFO-FLOW: exec E:/Xilinx/Vivado_2018.3/Vivado/2018.3/win64/tools/clang-3.9-csynth/bin/tidy-3.1 -header-filter=.* -checks=-*,xilinx-directive2pragma -import-directive=D:/PJ_for_HLS/shift_led/solution1/.autopilot/db/all.directive.json -quiet -fix-errors D:/PJ_for_HLS/shift_led/solution1/.autopilot/db/top.pp.0.cpp -- -std=gnu++98 -fhls -ferror-limit=0
Command       tidy_31 done; 0.696 sec.
Execute       get_config_dataflow -strict_mode 
Execute       ap_eval exec -ignorestderr E:/Xilinx/Vivado_2018.3/Vivado/2018.3/win64/tools/clang-3.9-csynth/bin/xilinx-dataflow-lawyer -export-fixes=D:/PJ_for_HLS/shift_led/solution1/.autopilot/db/xilinx-dataflow-lawyer.top.pp.0.cpp.diag.yml D:/PJ_for_HLS/shift_led/solution1/.autopilot/db/top.pp.0.cpp -- -std=gnu++98 -fhls -ferror-limit=0 -fstrict-dataflow > D:/PJ_for_HLS/shift_led/solution1/.autopilot/db/xilinx-dataflow-lawyer.top.pp.0.cpp.out.log 2> D:/PJ_for_HLS/shift_led/solution1/.autopilot/db/xilinx-dataflow-lawyer.top.pp.0.cpp.err.log 
Command       ap_eval done; 0.645 sec.
Execute       tidy_31 -errorcheck xilinx-constantarray-param,xilinx-resource-pragma-transformer,xilinx-xfmat-array-geometry D:/PJ_for_HLS/shift_led/solution1/.autopilot/db/top.pp.0.cpp std=gnu++98 
Execute         ap_eval exec -ignorestderr E:/Xilinx/Vivado_2018.3/Vivado/2018.3/win64/tools/clang-3.9-csynth/bin/tidy-3.1 -export-fixes=D:/PJ_for_HLS/shift_led/solution1/.autopilot/db/tidy-3.1.top.pp.0.cpp.diag.yml -header-filter=.* -checks=-*,xilinx-constantarray-param,xilinx-resource-pragma-transformer,xilinx-xfmat-array-geometry -quiet -fix-errors D:/PJ_for_HLS/shift_led/solution1/.autopilot/db/top.pp.0.cpp -- -std=gnu++98 -fhls -ferror-limit=0 > D:/PJ_for_HLS/shift_led/solution1/.autopilot/db/tidy-3.1.top.pp.0.cpp.out.log 2> D:/PJ_for_HLS/shift_led/solution1/.autopilot/db/tidy-3.1.top.pp.0.cpp.err.log 
Command         ap_eval done; 0.825 sec.
Execute         ap_eval exec -ignorestderr E:/Xilinx/Vivado_2018.3/Vivado/2018.3/win64/tools/clang-3.9-csynth/bin/xilinx-legacy-rewriter D:/PJ_for_HLS/shift_led/solution1/.autopilot/db/top.pp.0.cpp -- -std=gnu++98 -fhls -ferror-limit=0 > D:/PJ_for_HLS/shift_led/solution1/.autopilot/db/xilinx-legacy-rewriter.top.pp.0.cpp.out.log 2> D:/PJ_for_HLS/shift_led/solution1/.autopilot/db/xilinx-legacy-rewriter.top.pp.0.cpp.err.log 
Command         ap_eval done; 0.683 sec.
Command       tidy_31 done; 1.519 sec.
INFO-FLOW: Done: tidy-3.1 CDT preprocess time: 2.9 seconds per iteration
INFO-FLOW: Pragma Handling...
Execute       tidy_31 xilinx-ssdm-intrinsics-arguments D:/PJ_for_HLS/shift_led/solution1/.autopilot/db/top.pragma.1.cpp std=gnu++98 
INFO-FLOW: exec E:/Xilinx/Vivado_2018.3/Vivado/2018.3/win64/tools/clang-3.9-csynth/bin/tidy-3.1 -header-filter=.* -checks=-*,xilinx-ssdm-intrinsics-arguments -quiet -fix-errors D:/PJ_for_HLS/shift_led/solution1/.autopilot/db/top.pragma.1.cpp -- -std=gnu++98 -fhls -ferror-limit=0
Command       tidy_31 done; 1.425 sec.
Execute       get_default_platform 
INFO-FLOW: Processing labels
Execute       clang -src D:/PJ_for_HLS/shift_led/solution1/.autopilot/db/top.pragma.2.cpp  -fno-limit-debug-info -gcc-toolchain E:/Xilinx/Vivado_2018.3/Vivado/2018.3/msys -hls -hls-analyze-label -hls-analyze-pragma -fno-exceptions  -D__llvm__  -w  "D:/PJ_for_HLS/shift_led/solution1/.autopilot/db/top.pragma.2.cpp"    -fno-math-errno -c -emit-llvm -O0  -mllvm -disable-llvm-optzns -fno-threadsafe-statics  -fno-use-cxa-atexit -DAESL_SYN -D__SYNTHESIS__ -D__HLS_SYN__ -I "E:/Xilinx/Vivado_2018.3/Vivado/2018.3/common/technology/autopilot" -I "E:/Xilinx/Vivado_2018.3/Vivado/2018.3/common/technology/autopilot/ap_sysc" -include etc/autopilot_ssdm_op.h -D__DSP48E2__ -g -o "D:/PJ_for_HLS/shift_led/solution1/.autopilot/db/top.bc" 
INFO-FLOW: exec E:/Xilinx/Vivado_2018.3/Vivado/2018.3/win64/tools/clang/bin/clang -fno-limit-debug-info -gcc-toolchain E:/Xilinx/Vivado_2018.3/Vivado/2018.3/msys -hls -hls-analyze-label -hls-analyze-pragma -fno-exceptions -D__llvm__ -w D:/PJ_for_HLS/shift_led/solution1/.autopilot/db/top.pragma.2.cpp -fno-math-errno -c -emit-llvm -O0 -mllvm -disable-llvm-optzns -fno-threadsafe-statics -fno-use-cxa-atexit -DAESL_SYN -D__SYNTHESIS__ -D__HLS_SYN__ -I E:/Xilinx/Vivado_2018.3/Vivado/2018.3/common/technology/autopilot -I E:/Xilinx/Vivado_2018.3/Vivado/2018.3/common/technology/autopilot/ap_sysc -include etc/autopilot_ssdm_op.h -D__DSP48E2__ -g -o D:/PJ_for_HLS/shift_led/solution1/.autopilot/db/top.bc
Command       clang done; 1.767 sec.
INFO-FLOW: Linking Debug ...
Execute       llvm-ld D:/PJ_for_HLS/shift_led/solution1/.autopilot/db/top.g.bc -hls-opt -except-internalize shift_led -LE:/Xilinx/Vivado_2018.3/Vivado/2018.3/win64/lib -lhlsm -lhlsmc++ -o D:/PJ_for_HLS/shift_led/solution1/.autopilot/db/a.g 
Command       llvm-ld done; 1.498 sec.
INFO: [HLS 200-111] Finished Linking Time (s): cpu = 00:00:01 ; elapsed = 00:00:14 . Memory (MB): peak = 104.777 ; gain = 18.563
INFO: [HLS 200-111] Finished Checking Pragmas Time (s): cpu = 00:00:01 ; elapsed = 00:00:14 . Memory (MB): peak = 104.777 ; gain = 18.563
Execute       get_config_sdx -target 
Execute       opt_and_import_c a -opt_level=2 -skip_syncheck=0 -ng=0 -keep_printf=0 
Execute         cleanup_all_models 
INFO: [HLS 200-10] Starting code transformations ...
Execute         transform -promote-dbg-pointer D:/PJ_for_HLS/shift_led/solution1/.autopilot/db/a.pp.bc -o D:/PJ_for_HLS/shift_led/solution1/.autopilot/db/a.pp.0.bc -f 
Execute         llvm-ld D:/PJ_for_HLS/shift_led/solution1/.autopilot/db/a.pp.0.bc -disable-opt -LE:/Xilinx/Vivado_2018.3/Vivado/2018.3/win64/lib -lfloatconversion -o D:/PJ_for_HLS/shift_led/solution1/.autopilot/db/a.g.0 
Command         llvm-ld done; 0.821 sec.
INFO-FLOW: Running Standard Transforms...
Execute         transform -hls -share-std-xform -demangle-name -inline-byval-memcpy -always-inline -promote-dbg-pointer -interface-preproc -mem2reg -lower-blackbox -scalarrepl -mem2reg -keep-read-access -instcombine -dce -promote-dbg-pointer -bitop-raise -loop-simplify -indvarspre -indvars -loop-simplify -xunroll -constprop -instcombine -simplifycfg -indvars -simplifycfg -dce -globaldce -basicaa -simplifycfg -mem2reg -globalopt -global-constprop -deadargelim -instcombine -simplifycfg -prune-eh -simplifycfg -scalarrepl -instcombine -reassociate -licm -simplifycfg -loop-simplify -indvars -instcombine -simplifycfg -mem2reg -loop-simplify -indvars -instcombine -gvn -gvn -instcombine -adce -break-crit-edges -simplifycfg -loop-delete -global-array-opt -dce -dse -adce -find-syn-modules -top shift_led -deadargelim -mem2reg -instcombine -dce -presyn-prepare -auto-rom-infer -interface-preproc -syn-check -check-rec-only -find-region -simplifycfg -func-extr -function-inline -globaldce -mem2reg -instcombine -dce -gvn -globaldce -adce -adse -constprop -instcombine -bit-constprop -instcombine -dce -simplifycfg -bitop-raise -simplifycfg -dce -loop-delete -reassociate -globalopt -global-privatize -mem2reg -dce -global-constprop -pointer-simplify -constprop -dce -func-inst -deadargelim -auto-shift-reg-idiom -promote-dbg-pointer -norm-name D:/PJ_for_HLS/shift_led/solution1/.autopilot/db/a.g.0.bc -o D:/PJ_for_HLS/shift_led/solution1/.autopilot/db/a.g.1.bc -f -phase std-opt 
INFO: [HLS 200-111] Finished Standard Transforms Time (s): cpu = 00:00:01 ; elapsed = 00:00:15 . Memory (MB): peak = 110.539 ; gain = 24.324
INFO: [HLS 200-10] Checking synthesizability ...
INFO-FLOW: Checking Synthesizability 1/2..
Execute         transform -hls -syn-check -check-rec-only -disaggr -scalarrepl -norm-name -dce -mem2reg -instcombine -function-uniquify -directive-preproc -mem2reg -dse -dce -auto-rom-infer -dce -pag -array-normalize -instcombine -dce -warn-fifo-pointer -array-seg-normalize -instcombine -dce -array-flatten -instcombine -dce -array-burst -dce -deadargelim -promote-global-argument -simplifycfg -mem2reg -globaldce -resolve-double-ptr -dce -deadargelim -dce -instcombine -function-inline -globaldce -dce -doublePtrSimplify -doublePtrElim -dce -doublePtrSimplify -promote-dbg-pointer -dce -scalarrepl -dse -adse -instcombine -ptrLegalization -simplifycfg -dce -instcombine -pointer-simplify -ptrArgReplace -dce -instcombine -disaggr -scalarrepl -norm-name -dce -mem2reg -instcombine -ptrLegalization -simplifycfg -deadargelim -instcombine -dce -inst-simplify -function-uniquify -directive-preproc -mem2reg -dse -dce -globaldce -check-dspbuiltin D:/PJ_for_HLS/shift_led/solution1/.autopilot/db/a.g.1.bc -o D:/PJ_for_HLS/shift_led/solution1/.autopilot/db/a.g.2.prechk.bc -f 
INFO-FLOW: Checking Synthesizability 2/2..
Execute         transform -syn-check D:/PJ_for_HLS/shift_led/solution1/.autopilot/db/a.g.2.prechk.bc -o D:/PJ_for_HLS/shift_led/solution1/.autopilot/db/a.g.2.bc -f -phase syn-check 
INFO: [HLS 200-111] Finished Checking Synthesizability Time (s): cpu = 00:00:01 ; elapsed = 00:00:15 . Memory (MB): peak = 113.133 ; gain = 26.918
INFO-FLOW: Compiler optimizing ...
INFO-FLOW: Share syncheck's 1.bc for syn flow: copy D:/PJ_for_HLS/shift_led/solution1/.autopilot/db/a.g.1.bc to D:/PJ_for_HLS/shift_led/solution1/.autopilot/db/a.o.1.bc
INFO-FLOW: Presyn 1...
Execute         transform -hls -tmp D:/PJ_for_HLS/shift_led/solution1/.autopilot/db -interface-port-rename -type-info -function-uniquify -directive-preproc -mem2reg -dse -dce -disaggr -scalarrepl -norm-name -deadargelim -mem2reg -instcombine -dce -simplifycfg -auto-rom-infer -dce -function-uniquify -resource-proc -simplifycfg -mem2reg -globaldce -resolve-double-ptr -dce -deadargelim -dce -instcombine -clib-intrinsic-prepare -dce -func-buffer -dce -pag -array-normalize -func-legal -instcombine -gvn -constprop -dce -ptrArgReplace -mem2reg -instcombine -dce -array-seg-normalize -deadargelim -instcombine -dce -pointer-simplify -dce -port-alignment -dce -interface-preproc -data-pack -instcombine -dce -basicaa -aggr-aa -aggrmodref-aa -aggr-aa -gvn -gvn -basicaa -aggr-aa -aggrmodref-aa -aggr-aa -dse -adse -adce -loop-simplify -indvars -instcombine -gvn -loop-simplify -mem2reg -dce -find-region -instcombine -auto-loop-pipeline -inst-simplify -interface-preproc -cfgopt -instcombine -indvars -auto-loop-unroll -loop-simplify -loop-bound -xunroll -constprop -instcombine -simplifycfg -indvars -simplifycfg -dce -globaldce -clean-region -attach-range -gvn -inst-simplify -constprop -simplifycfg -dce -pointer-simplify -dce -globalopt -constprop -dce -array-promote -constprop -instcombine -dce -ptrArgReplace -mem2reg -instcombine -simplifycfg -dce -auto-par -instcombine -dce -array-transform-check -array-reshape -instcombine -simplifycfg -dce -ptrArgReplace -deadargelim -mem2reg -instcombine -simplifycfg -dce -indvars -loop-simplify -loop-bound -xunroll -constprop -instcombine -simplifycfg -indvars -simplifycfg -dce -globaldce -basicaa -aggr-aa -aggrmodref-aa -aggr-aa -dse -duplicate-dataflow-processes -globaldce -instcombine -array-partition -instcombine -simplifycfg -dce -ptrArgReplace -global-constprop -deadargelim -mem2reg -func-legal -instcombine -dce -global-constprop -deadargelim -mem2reg -instcombine -simplifycfg -dce -merge-param -deadargelim -globalopt -constprop -dce -array-promote -constprop -instcombine -dce -ptrArgReplace -mem2reg -instcombine -simplifycfg -dce -mem-intrinsic-preproc -dce -global-internalize -global-privatize -mem2reg -globaldce -promote-global-argument -ptrArgReplace -mem2reg -instcombine -dce -globalopt -mergereturn -simplify-global-access -mem2reg -dce -pointer-simplify -dce -functionattrs -basicaa -aggr-aa -aggrmodref-aa -aggr-aa -gvn -gvn -basicaa -aggr-aa -aggrmodref-aa -aggr-aa -dse -adse -adce -inst-simplify -dce -norm-name -function-inline -globaldce -func-inst -constprop -instcombine -simplifycfg -dce -func-legal -dce -loop-bound -arraycheck -bitwidthmin -on-by-dataflow -loop-delete -instcombine -simplifycfg -globaldce -dce -gvn -deadargelim -dce -loop-simplify -clean-region -simplifycfg -propagate-stable-arguments -loop-stream -instcombine -simplifycfg -dce -globaldce -duplicate-dataflow-processes -stream-intrinsic-preproc -dce -check-ap-stream -loop-simplify -eliminate-keepreads -extract-dataflow-in-loop -loop-simplify -dce -gvn -deadargelim -dse -check-dataflow-syntax -legalize-stream-variable -legalize-global -extract-subproc -dce -dead-channel-elimination -canonicalize-gep -globaldce -dce -gvn -deadargelim -annotate-dataflow-channels -scalar-propagation -deadargelim -globaldce -mem2reg -check-dataflow-channels -function-stream -dce -globaldce -prop-fifo-spec -internal-stream-gen -canonicalize-gep -globaldce -dce -gvn -deadargelim -mergereturn -indvars -loop-simplify -instcombine -array-stream -array-seg-normalize -array-partition -func-legal -instcombine -simplifycfg -dce -bundle-memfifo-ops -deadargelim -function-uniquify -directive-preproc -mem2reg -dse -dce -group-axi-access -licm -simplifycfg -dce -loop-delete -norm-name D:/PJ_for_HLS/shift_led/solution1/.autopilot/db/a.o.1.bc -o D:/PJ_for_HLS/shift_led/solution1/.autopilot/db/a.o.1.tmp.bc -f 
INFO-FLOW: Presyn 2...
Execute         transform -hls -keep-callgraph -scalarrepl -mem2reg -port-alignment -attach-range -dce -pipe-mux-gen -indvars -loop-bound -inst-simplify -instcombine -dce -merge-array-access -mem2reg -dce -clean-region -mergereturn -if-conv -instcombine -dce -constprop -basicaa -aggr-aa -aggrmodref-aa -aggr-aa -gvn -gvn -basicaa -aggr-aa -aggrmodref-aa -aggr-aa -dse -adse -adce -scalarrepl -mem2reg -global-constprop -deadargelim -deadargelim -instcombine -dce -simplifycfg -ptrArgReplace -mem2reg -function-inline -globaldce -mem2reg -instcombine -dce -expr-balance -instcombine -dce -bitwidthmin -interface-preproc -directive-preproc -inst-rectify -instcombine -dce -functionattrs -constprop -instcombine -bit-constprop -simplify-global-access -globalopt -globaldce -inst-simplify -instcombine -elimdeaddata -dce -loop-delete -simplifycfg -loop-simplify -auto-burst -norm-name D:/PJ_for_HLS/shift_led/solution1/.autopilot/db/a.o.1.tmp.bc -o D:/PJ_for_HLS/shift_led/solution1/.autopilot/db/a.o.2.bc -f -phase presyn 
INFO: [HLS 200-111] Finished Pre-synthesis Time (s): cpu = 00:00:01 ; elapsed = 00:00:15 . Memory (MB): peak = 135.980 ; gain = 49.766
INFO-FLOW: Building ssdm...
Execute         transform -hls -function-uniquify -auto-function-inline -globaldce -ptrArgReplace -mem2reg -instcombine -dce -reset-lda -loop-simplify -indvars -licm -loop-dep -loop-bound -licm -loop-simplify -flattenloopnest -array-flatten -gvn -instcombine -dce -array-map -dce -func-legal -gvn -adce -instcombine -cfgopt -simplifycfg -loop-simplify -array-burst -promote-global-argument -dce -axi4-lower -array-seg-normalize -basicaa -aggrmodref-aa -globalsmodref-aa -aggr-aa -gvn -gvn -basicaa -aggrmodref-aa -globalsmodref-aa -aggr-aa -dse -adse -adce -licm -inst-simplify -dce -globaldce -instcombine -array-stream -eliminate-keepreads -instcombine -dce -deadargelim -doublePtrSimplify -doublePtrElim -dce -doublePtrSimplify -promote-dbg-pointer -dce -scalarrepl -mem2reg -disaggr -norm-name -mem2reg -instcombine -dse -adse -adce -ptrLegalization -dce -auto-rom-infer -array-flatten -dce -instcombine -check-doubleptr -loop-rot -constprop -cfgopt -simplifycfg -loop-simplify -indvars -pointer-simplify -dce -loop-bound -loop-simplify -loop-preproc -constprop -global-constprop -gvn -mem2reg -instcombine -dce -loop-bound -loop-merge -dce -bitwidthmin -deadargelim -dce -canonicalize-dataflow -dce -scalar-propagation -deadargelim -globaldce -mem2reg -read-loop-dep -interface-preproc -directive-preproc -interface-gen -bram-byte-enable -deadargelim -inst-simplify -dce -gvn -mem2reg -instcombine -dce -adse -loop-bound -instcombine -cfgopt -simplifycfg -loop-simplify -clean-region -io-protocol -find-region -mem2reg -bitop-raise -inst-simplify -inst-rectify -instcombine -adce -deadargelim -loop-simplify -phi-opt -bitop-raise -cfgopt -simplifycfg -strip-dead-prototypes -interface-lower -bitop-lower -intrinsic-lower -auto-function-inline -basicaa -aggrmodref-aa -globalsmodref-aa -aggr-aa -inst-simplify -simplifycfg -loop-simplify -mergereturn -inst-simplify -inst-rectify -dce -load-elim -bitop-lower -loop-rewind -pointer-simplify -dce -cfgopt -dce -bitwidth -loop-bound -loop-dep -read-loop-dep -dce -check-stream -norm-name -legalize -validate-dataflow -inst-clarity -cdfg-build D:/PJ_for_HLS/shift_led/solution1/.autopilot/db/a.o.2.bc -o D:/PJ_for_HLS/shift_led/solution1/.autopilot/db/a.o.3.bc -f -phase build-ssdm 
INFO: [HLS 200-111] Finished Architecture Synthesis Time (s): cpu = 00:00:01 ; elapsed = 00:00:15 . Memory (MB): peak = 136.766 ; gain = 50.551
INFO-FLOW: Finish building internal data model.
Command       opt_and_import_c done; 1.209 sec.
Command     elaborate done; 13.421 sec.
Execute     autosyn -from_csynth_design=1 
INFO: [HLS 200-10] Starting hardware synthesis ...
INFO-FLOW: Synthesizing C/C++ design ...
INFO: [HLS 200-10] Synthesizing 'shift_led' ...
Execute       ap_set_top_model shift_led 
Execute       get_model_list shift_led -filter all-wo-channel -topdown 
Execute       preproc_iomode -model shift_led 
Execute       get_model_list shift_led -filter all-wo-channel 
INFO-FLOW: Model list for configure: shift_led
INFO-FLOW: Configuring Module : shift_led ...
Execute       set_default_model shift_led 
Execute       apply_spec_resource_limit shift_led 
INFO-FLOW: Model list for preprocess: shift_led
INFO-FLOW: Preprocessing Module: shift_led ...
Execute       set_default_model shift_led 
Execute       cdfg_preprocess -model shift_led 
Execute       rtl_gen_preprocess shift_led 
INFO-FLOW: Model list for synthesis: shift_led
INFO: [HLS 200-10] ----------------------------------------------------------------
INFO: [HLS 200-42] -- Implementing module 'shift_led' 
INFO: [HLS 200-10] ----------------------------------------------------------------
Execute       set_default_model shift_led 
Execute       schedule -model shift_led 
INFO: [SCHED 204-11] Starting scheduling ...
INFO: [SCHED 204-11] Finished scheduling.
INFO: [HLS 200-111]  Elapsed time: 15.406 seconds; current allocated memory: 86.622 MB.
Execute       report -o D:/PJ_for_HLS/shift_led/solution1/.autopilot/db/shift_led.verbose.sched.rpt -verbose -f 
INFO: [HLS 200-434] Only 0 loops out of a total 1 loops have been pipelined in this design.
Execute       db_write -o D:/PJ_for_HLS/shift_led/solution1/.autopilot/db/shift_led.sched.adb -f 
INFO-FLOW: Finish scheduling shift_led.
Execute       set_default_model shift_led 
Execute       bind -model shift_led 
BIND OPTION: fu_weight=[ 0.0 -- 1.0 ]
BIND OPTION: model=shift_led
BIND OPTION: reg_weight=[ 0.0 -- 1.0 ]
INFO: [BIND 205-100] Starting micro-architecture generation ...
INFO: [BIND 205-101] Performing variable lifetime analysis.
INFO: [BIND 205-101] Exploring resource sharing.
INFO: [BIND 205-101] Binding ...
INFO: [BIND 205-100] Finished micro-architecture generation.
INFO: [HLS 200-111]  Elapsed time: 0.05 seconds; current allocated memory: 86.850 MB.
Execute       report -o D:/PJ_for_HLS/shift_led/solution1/.autopilot/db/shift_led.verbose.bind.rpt -verbose -f 
Execute       db_write -o D:/PJ_for_HLS/shift_led/solution1/.autopilot/db/shift_led.bind.adb -f 
INFO-FLOW: Finish binding shift_led.
Execute       get_model_list shift_led -filter all-wo-channel 
INFO-FLOW: Preprocessing for RTLGen ...
Execute       rtl_gen_preprocess shift_led 
INFO-FLOW: Model list for RTL generation: shift_led
INFO: [HLS 200-10] ----------------------------------------------------------------
INFO: [HLS 200-10] -- Generating RTL for module 'shift_led' 
INFO: [HLS 200-10] ----------------------------------------------------------------
Execute       get_config_rtl -prefix 
Execute       get_config_rtl -auto_prefix 
Execute       create_rtl_model shift_led -vendor xilinx -mg_file D:/PJ_for_HLS/shift_led/solution1/.autopilot/db/shift_led.compgen.tcl 
INFO: [RTGEN 206-500] Setting interface mode on port 'shift_led/led_o_V' to 'ap_ovld'.
INFO: [RTGEN 206-500] Setting interface mode on port 'shift_led/led_i_V' to 'ap_vld'.
INFO: [RTGEN 206-500] Setting interface mode on function 'shift_led' to 'ap_ctrl_hs'.
INFO: [RTGEN 206-100] Finished creating RTL model for 'shift_led'.
INFO: [HLS 200-111]  Elapsed time: 0.062 seconds; current allocated memory: 87.043 MB.
Execute       source D:/PJ_for_HLS/shift_led/solution1/.autopilot/db/shift_led.rtl_wrap.cfg.tcl 
Execute       gen_rtl shift_led -istop -style xilinx -tracefl mytrace -tracefmt vcd -traceopt all -f -lang sc -o D:/PJ_for_HLS/shift_led/solution1/syn/systemc/shift_led -synmodules shift_led 
Execute       gen_rtl shift_led -istop -style xilinx -f -lang vhdl -o D:/PJ_for_HLS/shift_led/solution1/syn/vhdl/shift_led 
Execute       gen_rtl shift_led -istop -style xilinx -f -lang vlog -o D:/PJ_for_HLS/shift_led/solution1/syn/verilog/shift_led 
Execute       export_constraint_db -o D:/PJ_for_HLS/shift_led/solution1/.autopilot/db/shift_led.constraint.tcl -f -tool general 
Execute       report -model shift_led -o D:/PJ_for_HLS/shift_led/solution1/.autopilot/db/shift_led.design.xml -verbose -f -dv 
Execute       report -model shift_led -o D:/PJ_for_HLS/shift_led/solution1/.autopilot/db/shift_led.sdaccel.xml -verbose -f -sdaccel 
Execute       gen_tb_info shift_led -o D:/PJ_for_HLS/shift_led/solution1/.autopilot/db/shift_led -p D:/PJ_for_HLS/shift_led/solution1/.autopilot/db 
Execute       report -model shift_led -o D:/PJ_for_HLS/shift_led/solution1/syn/report/shift_led_csynth.rpt -f 
Execute       report -model shift_led -o D:/PJ_for_HLS/shift_led/solution1/syn/report/shift_led_csynth.xml -f -x 
Execute       report -model shift_led -o D:/PJ_for_HLS/shift_led/solution1/.autopilot/db/shift_led.verbose.rpt -verbose -f 
Execute       db_write -model shift_led -o D:/PJ_for_HLS/shift_led/solution1/.autopilot/db/shift_led.adb -f 
Execute       sc_get_clocks shift_led 
Execute       get_config_export -vivado_clock 
Execute       sc_get_portdomain shift_led 
INFO-FLOW: Model list for RTL component generation: shift_led
INFO-FLOW: Handling components in module [shift_led] ... 
Execute       source D:/PJ_for_HLS/shift_led/solution1/.autopilot/db/shift_led.compgen.tcl 
INFO-FLOW: Append model shift_led
INFO-FLOW: Generating RTL model list ...
INFO-FLOW: All models in this session: shift_led
INFO-FLOW: To file: write model shift_led
INFO-FLOW: Finished generating RTL model list.


INFO-FLOW: RTL Generation done.
INFO-FLOW: CAS Generation done.
INFO-FLOW: CBC Generation done.
INFO-FLOW: DBG:CMD: auto_generate_csynth_design
INFO-FLOW: DBG:CMD:     auto_generate --sim-model -phase csynth_design -d D:/PJ_for_HLS/shift_led/solution1
Execute       source D:/PJ_for_HLS/shift_led/solution1/.autopilot/db/global.setting.tcl 
INFO-FLOW: DBG:CMD: read_platform_lib D:/PJ_for_HLS/shift_led/solution1/.autopilot/db/global.setting.tcl
Execute       source E:/Xilinx/Vivado_2018.3/Vivado/2018.3/common/technology/generic/autopilot/common.gen 
Execute         source E:/Xilinx/Vivado_2018.3/Vivado/2018.3/common/technology/generic/autopilot/APCoreGen.gen 
Execute       source E:/Xilinx/Vivado_2018.3/Vivado/2018.3/common/technology/generic/autopilot/op.gen 
Execute       source E:/Xilinx/Vivado_2018.3/Vivado/2018.3/common/technology/generic/autopilot/op_simcore.gen 
Execute       source E:/Xilinx/Vivado_2018.3/Vivado/2018.3/common/technology/generic/autopilot/interface.gen 
Execute       source D:/PJ_for_HLS/shift_led/solution1/.autopilot/db/global.setting.tcl 
Execute       source E:/Xilinx/Vivado_2018.3/Vivado/2018.3/common/technology/xilinx/kintexu/kintexu.gen 
Execute         source E:/Xilinx/Vivado_2018.3/Vivado/2018.3/common/technology/xilinx/common/virtex.gen 
Execute           source E:/Xilinx/Vivado_2018.3/Vivado/2018.3/common/technology/xilinx/common/xilinx.gen 
Execute             source E:/Xilinx/Vivado_2018.3/Vivado/2018.3/common/technology/xilinx/interface/plb46.gen 
Execute             source E:/Xilinx/Vivado_2018.3/Vivado/2018.3/common/technology/xilinx/interface/fsl.gen 
Execute             source E:/Xilinx/Vivado_2018.3/Vivado/2018.3/common/technology/xilinx/interface/axi4.gen 
Execute             source E:/Xilinx/Vivado_2018.3/Vivado/2018.3/common/technology/xilinx/interface/nativeAXI4.gen 
Execute               source E:/Xilinx/Vivado_2018.3/Vivado/2018.3/common/technology/xilinx/interface/saxilite.gen 
Execute               source E:/Xilinx/Vivado_2018.3/Vivado/2018.3/common/technology/xilinx/interface/maxi.gen 
Execute             source E:/Xilinx/Vivado_2018.3/Vivado/2018.3/common/technology/xilinx/scripts/xilinxcoregen.gen 
Execute             source E:/Xilinx/Vivado_2018.3/Vivado/2018.3/common/technology/xilinx/interface/XilEDKCoreGen.gen 
Execute             source E:/Xilinx/Vivado_2018.3/Vivado/2018.3/common/technology/xilinx/ip/dds_compiler.gen 
Execute             source E:/Xilinx/Vivado_2018.3/Vivado/2018.3/common/technology/xilinx/ip/util.gen 
Execute             source E:/Xilinx/Vivado_2018.3/Vivado/2018.3/common/technology/xilinx/ip/xfft.gen 
Command             ap_source done; 0.102 sec.
Execute             source E:/Xilinx/Vivado_2018.3/Vivado/2018.3/common/technology/xilinx/ip/xfir.gen 
Command           ap_source done; 0.153 sec.
Execute           source E:/Xilinx/Vivado_2018.3/Vivado/2018.3/common/technology/xilinx/common/dsp48.gen 
Command         ap_source done; 0.157 sec.
Command       ap_source done; 0.157 sec.
Execute       source E:/Xilinx/Vivado_2018.3/Vivado/2018.3/common/technology/xilinx/kintexu/kintexu_fpv7.gen 
Execute         source E:/Xilinx/Vivado_2018.3/Vivado/2018.3/common/technology/xilinx/common/xilinx_fpv6.gen 
INFO-FLOW: DBG:CMD:   using AESL_AUTOCG::g_clock_period=10.000 (was NA)
INFO-FLOW: DBG:CMD:       generate_ip_cores sim=1 export=0 expOnly=0 dstVlogDir=syn/verilog
Execute       source D:/PJ_for_HLS/shift_led/solution1/.autopilot/db/global.setting.tcl 
Execute       source D:/PJ_for_HLS/shift_led/solution1/.autopilot/db/global.setting.tcl 
Execute       source D:/PJ_for_HLS/shift_led/solution1/.autopilot/db/global.setting.tcl 
Execute       source D:/PJ_for_HLS/shift_led/solution1/.autopilot/db/shift_led.compgen.tcl 
INFO-FLOW: DBG:CMD:     auto_generate -export -impltomg_flag -rtl both -tool Vivado -pcore_version 1.00.a -phase csynth_design -d D:/PJ_for_HLS/shift_led/solution1
Execute       source D:/PJ_for_HLS/shift_led/solution1/.autopilot/db/global.setting.tcl 
INFO-FLOW: DBG:CMD: read_platform_lib D:/PJ_for_HLS/shift_led/solution1/.autopilot/db/global.setting.tcl
Execute       source E:/Xilinx/Vivado_2018.3/Vivado/2018.3/common/technology/generic/autopilot/common.gen 
Execute         source E:/Xilinx/Vivado_2018.3/Vivado/2018.3/common/technology/generic/autopilot/APCoreGen.gen 
Execute       source E:/Xilinx/Vivado_2018.3/Vivado/2018.3/common/technology/generic/autopilot/op.gen 
Execute       source E:/Xilinx/Vivado_2018.3/Vivado/2018.3/common/technology/generic/autopilot/op_simcore.gen 
Execute       source E:/Xilinx/Vivado_2018.3/Vivado/2018.3/common/technology/generic/autopilot/interface.gen 
Execute       source D:/PJ_for_HLS/shift_led/solution1/.autopilot/db/global.setting.tcl 
Execute       source E:/Xilinx/Vivado_2018.3/Vivado/2018.3/common/technology/xilinx/kintexu/kintexu.gen 
Execute         source E:/Xilinx/Vivado_2018.3/Vivado/2018.3/common/technology/xilinx/common/virtex.gen 
Execute           source E:/Xilinx/Vivado_2018.3/Vivado/2018.3/common/technology/xilinx/common/xilinx.gen 
Execute             source E:/Xilinx/Vivado_2018.3/Vivado/2018.3/common/technology/xilinx/interface/plb46.gen 
Execute             source E:/Xilinx/Vivado_2018.3/Vivado/2018.3/common/technology/xilinx/interface/fsl.gen 
Execute             source E:/Xilinx/Vivado_2018.3/Vivado/2018.3/common/technology/xilinx/interface/axi4.gen 
Execute             source E:/Xilinx/Vivado_2018.3/Vivado/2018.3/common/technology/xilinx/interface/nativeAXI4.gen 
Execute               source E:/Xilinx/Vivado_2018.3/Vivado/2018.3/common/technology/xilinx/interface/saxilite.gen 
Execute               source E:/Xilinx/Vivado_2018.3/Vivado/2018.3/common/technology/xilinx/interface/maxi.gen 
Execute             source E:/Xilinx/Vivado_2018.3/Vivado/2018.3/common/technology/xilinx/scripts/xilinxcoregen.gen 
Execute             source E:/Xilinx/Vivado_2018.3/Vivado/2018.3/common/technology/xilinx/interface/XilEDKCoreGen.gen 
Execute             source E:/Xilinx/Vivado_2018.3/Vivado/2018.3/common/technology/xilinx/ip/dds_compiler.gen 
Execute             source E:/Xilinx/Vivado_2018.3/Vivado/2018.3/common/technology/xilinx/ip/util.gen 
Execute             source E:/Xilinx/Vivado_2018.3/Vivado/2018.3/common/technology/xilinx/ip/xfft.gen 
Command             ap_source done; 0.102 sec.
Execute             source E:/Xilinx/Vivado_2018.3/Vivado/2018.3/common/technology/xilinx/ip/xfir.gen 
Command           ap_source done; 0.153 sec.
Execute           source E:/Xilinx/Vivado_2018.3/Vivado/2018.3/common/technology/xilinx/common/dsp48.gen 
Command         ap_source done; 0.156 sec.
Command       ap_source done; 0.156 sec.
Execute       source E:/Xilinx/Vivado_2018.3/Vivado/2018.3/common/technology/xilinx/kintexu/kintexu_fpv7.gen 
Execute         source E:/Xilinx/Vivado_2018.3/Vivado/2018.3/common/technology/xilinx/common/xilinx_fpv6.gen 
INFO-FLOW: DBG:CMD:       initCTypeInfo top_module=shift_led xml_exists=0
Execute       source D:/PJ_for_HLS/shift_led/solution1/.autopilot/db/shift_led.rtl_wrap.cfg.tcl 
Execute       source D:/PJ_for_HLS/shift_led/solution1/.autopilot/db/shift_led.rtl_wrap.cfg.tcl 
Execute       source D:/PJ_for_HLS/shift_led/solution1/.autopilot/db/shift_led.rtl_wrap.cfg.tcl 
Execute       source D:/PJ_for_HLS/shift_led/solution1/.autopilot/db/shift_led.tbgen.tcl 
Execute       source D:/PJ_for_HLS/shift_led/solution1/.autopilot/db/shift_led.tbgen.tcl 
INFO-FLOW: DBG:CMD:       export_impl_rtl
INFO-FLOW: DBG:CMD:       generate_ip_cores sim=0 export=0 expOnly=0 dstVlogDir=impl/.verilog
Execute       source D:/PJ_for_HLS/shift_led/solution1/.autopilot/db/global.setting.tcl 
Execute       source D:/PJ_for_HLS/shift_led/solution1/.autopilot/db/shift_led.compgen.tcl 
INFO-FLOW: DBG:CMD:       generate_ip_cores sim=0 export=1 expOnly=1 dstVlogDir=impl/.pcores/verilog
Execute       source D:/PJ_for_HLS/shift_led/solution1/.autopilot/db/global.setting.tcl 
Execute       source D:/PJ_for_HLS/shift_led/solution1/.autopilot/db/shift_led.compgen.tcl 
INFO-FLOW: DBG:CMD:       generate_ip_cores sim=0 export=0 expOnly=0 dstVlogDir=impl/.pcores/verilog_sim
Execute       source D:/PJ_for_HLS/shift_led/solution1/.autopilot/db/global.setting.tcl 
Execute       source D:/PJ_for_HLS/shift_led/solution1/.autopilot/db/shift_led.compgen.tcl 
Execute       source D:/PJ_for_HLS/shift_led/solution1/.autopilot/db/global.setting.tcl 
Execute       source D:/PJ_for_HLS/shift_led/solution1/.autopilot/db/shift_led.constraint.tcl 
Execute       source D:/PJ_for_HLS/shift_led/solution1/.autopilot/db/shift_led.tbgen.tcl 
INFO-FLOW: DBG:CMD:       hasPcoreIpAdapter=false #gSsdmPorts=6
INFO-FLOW: DBG:CMD: Skipping loadAnalyze_DB, #g_database=2
INFO-FLOW: DBG:CMD:       generate_json is_phase_csynth=1 g_has_adaptors=false generate_bd_files=0 #modelList=1 #gSsdmPorts=6
Execute       source D:/PJ_for_HLS/shift_led/solution1/.autopilot/db/global.setting.tcl 
Execute       source D:/PJ_for_HLS/shift_led/solution1/.autopilot/db/global.setting.tcl 
Execute       source D:/PJ_for_HLS/shift_led/solution1/.autopilot/db/shift_led.tbgen.tcl 
Execute       source D:/PJ_for_HLS/shift_led/solution1/.autopilot/db/shift_led.tbgen.tcl 
Execute       source D:/PJ_for_HLS/shift_led/solution1/.autopilot/db/global.setting.tcl 
Execute       get_config_sdx -target 
Execute       get_config_export -xo 
Execute       source D:/PJ_for_HLS/shift_led/solution1/.autopilot/db/global.setting.tcl 
Execute       source D:/PJ_for_HLS/shift_led/solution1/.autopilot/db/shift_led.constraint.tcl 
Execute       sc_get_clocks shift_led 
Execute       source D:/PJ_for_HLS/shift_led/solution1/.autopilot/db/global.setting.tcl 
Execute       get_config_sdx -target 
Execute       get_config_sdx -profile 
Execute       ::config_rtl 
INFO-FLOW: DBG:CMD: add_json_sdx_info kernel file does not exist: D:/PJ_for_HLS/shift_led/solution1/.autopilot/db/kernel.internal.xml
INFO-FLOW: DBG:CMD:       delete-temp-dirs (skipped for debug)
INFO: [HLS 200-111] Finished generating all RTL models Time (s): cpu = 00:00:02 ; elapsed = 00:00:17 . Memory (MB): peak = 136.766 ; gain = 50.551
INFO: [SYSC 207-301] Generating SystemC RTL for shift_led.
INFO: [VHDL 208-304] Generating VHDL RTL for shift_led.
INFO: [VLOG 209-307] Generating Verilog RTL for shift_led.
Command     autosyn done; 1.239 sec.
Execute     get_part 
Execute     get_config_export -sdx_tcl 
Command   csynth_design done; 14.692 sec.
Command ap_source done; 15.259 sec.
Execute cleanup_all 
INFO-FLOW: Workspace D:/PJ_for_HLS/shift_led/solution1 opened at Thu Jul 23 15:35:43 +0800 2020
Execute     config_clock -quiet -name default -period 10 -default=false 
INFO: [SYN 201-201] Setting up clock 'default' with a period of 10ns.
Execute     open_platform DefaultPlatform 
Execute     import_lib E:/Xilinx/Vivado_2018.3/Vivado/2018.3/common/technology/xilinx/kintexu/kintexu 
Execute       source E:/Xilinx/Vivado_2018.3/Vivado/2018.3/common/technology/xilinx/common/xilinx.lib 
Execute         source E:/Xilinx/Vivado_2018.3/Vivado/2018.3/common/technology/xilinx/interface/xilinx_interface.lib 
Execute           source E:/Xilinx/Vivado_2018.3/Vivado/2018.3/common/technology/xilinx/interface/plb46.lib 
Execute           source E:/Xilinx/Vivado_2018.3/Vivado/2018.3/common/technology/xilinx/interface/fsl.lib 
Execute           source E:/Xilinx/Vivado_2018.3/Vivado/2018.3/common/technology/xilinx/interface/axi4.lib 
Execute           source E:/Xilinx/Vivado_2018.3/Vivado/2018.3/common/technology/xilinx/interface/maxi.lib 
Execute           source E:/Xilinx/Vivado_2018.3/Vivado/2018.3/common/technology/xilinx/interface/saxilite.lib 
Execute         source E:/Xilinx/Vivado_2018.3/Vivado/2018.3/common/technology/xilinx/common/dsp48.lib 
Execute         source E:/Xilinx/Vivado_2018.3/Vivado/2018.3/common/technology/xilinx/ip/dds_compiler.lib 
Execute         source E:/Xilinx/Vivado_2018.3/Vivado/2018.3/common/technology/xilinx/ip/xfft.lib 
Execute         source E:/Xilinx/Vivado_2018.3/Vivado/2018.3/common/technology/xilinx/ip/xfir.lib 
Execute       source E:/Xilinx/Vivado_2018.3/Vivado/2018.3/common/technology/xilinx/common/xilinx_old.lib 
Execute       source E:/Xilinx/Vivado_2018.3/Vivado/2018.3/common/technology/xilinx/common/xilinx_vivado.lib 
Execute       source E:/Xilinx/Vivado_2018.3/Vivado/2018.3/common/technology/xilinx/common/xilinx.hlp 
Execute         source E:/Xilinx/Vivado_2018.3/Vivado/2018.3/common/technology/xilinx/common/target_info.tcl 
Execute         source E:/Xilinx/Vivado_2018.3/Vivado/2018.3/common/technology/xilinx/interface/xilinx_interface.hlp 
Execute           source E:/Xilinx/Vivado_2018.3/Vivado/2018.3/common/technology/xilinx/interface/maxi.hlp 
Execute           source E:/Xilinx/Vivado_2018.3/Vivado/2018.3/common/technology/xilinx/interface/saxilite.hlp 
Execute         source E:/Xilinx/Vivado_2018.3/Vivado/2018.3/common/technology/xilinx/common/dsp48.hlp 
Execute       source E:/Xilinx/Vivado_2018.3/Vivado/2018.3/common/technology/xilinx/kintexu/dsp48e2.hlp 
Execute       get_default_platform 
Execute       config_chip_info -quiet -resource  {SLICE 30300} {LUT 242400}    {FF 484800} {DSP48E 1920}   {BRAM 1200}  
Execute       config_chip_info -quiet -speed medium 
Execute       source E:/Xilinx/Vivado_2018.3/Vivado/2018.3/common/technology/xilinx/common/xilinx.hlp 
Execute         source E:/Xilinx/Vivado_2018.3/Vivado/2018.3/common/technology/xilinx/common/target_info.tcl 
Execute         source E:/Xilinx/Vivado_2018.3/Vivado/2018.3/common/technology/xilinx/interface/xilinx_interface.hlp 
Execute           source E:/Xilinx/Vivado_2018.3/Vivado/2018.3/common/technology/xilinx/interface/maxi.hlp 
Execute           source E:/Xilinx/Vivado_2018.3/Vivado/2018.3/common/technology/xilinx/interface/saxilite.hlp 
Execute         source E:/Xilinx/Vivado_2018.3/Vivado/2018.3/common/technology/xilinx/common/dsp48.hlp 
Execute     source E:/Xilinx/Vivado_2018.3/Vivado/2018.3/common/technology/xilinx/kintexu/kintexu.gen 
Execute       source E:/Xilinx/Vivado_2018.3/Vivado/2018.3/common/technology/xilinx/common/virtex.gen 
Execute         source E:/Xilinx/Vivado_2018.3/Vivado/2018.3/common/technology/xilinx/common/xilinx.gen 
Execute           source E:/Xilinx/Vivado_2018.3/Vivado/2018.3/common/technology/xilinx/interface/plb46.gen 
Execute           source E:/Xilinx/Vivado_2018.3/Vivado/2018.3/common/technology/xilinx/interface/fsl.gen 
Execute           source E:/Xilinx/Vivado_2018.3/Vivado/2018.3/common/technology/xilinx/interface/axi4.gen 
Execute           source E:/Xilinx/Vivado_2018.3/Vivado/2018.3/common/technology/xilinx/interface/nativeAXI4.gen 
Execute             source E:/Xilinx/Vivado_2018.3/Vivado/2018.3/common/technology/xilinx/interface/saxilite.gen 
Execute             source E:/Xilinx/Vivado_2018.3/Vivado/2018.3/common/technology/xilinx/interface/maxi.gen 
Execute           source E:/Xilinx/Vivado_2018.3/Vivado/2018.3/common/technology/xilinx/scripts/xilinxcoregen.gen 
Execute           source E:/Xilinx/Vivado_2018.3/Vivado/2018.3/common/technology/xilinx/interface/XilEDKCoreGen.gen 
Execute           source E:/Xilinx/Vivado_2018.3/Vivado/2018.3/common/technology/xilinx/ip/dds_compiler.gen 
Execute           source E:/Xilinx/Vivado_2018.3/Vivado/2018.3/common/technology/xilinx/ip/util.gen 
Execute           source E:/Xilinx/Vivado_2018.3/Vivado/2018.3/common/technology/xilinx/ip/xfft.gen 
Command           ap_source done; 0.249 sec.
Execute           source E:/Xilinx/Vivado_2018.3/Vivado/2018.3/common/technology/xilinx/ip/xfir.gen 
Command         ap_source done; 0.367 sec.
Execute         source E:/Xilinx/Vivado_2018.3/Vivado/2018.3/common/technology/xilinx/common/dsp48.gen 
Command       ap_source done; 0.373 sec.
Command     ap_source done; 0.374 sec.
Execute     open_platform DefaultPlatform 
Execute     import_lib E:/Xilinx/Vivado_2018.3/Vivado/2018.3/common/technology/xilinx/kintexu/kintexu_fpv7 
Execute       source E:/Xilinx/Vivado_2018.3/Vivado/2018.3/common/technology/xilinx/common/xilinx_fpv7.lib 
Execute         source E:/Xilinx/Vivado_2018.3/Vivado/2018.3/common/technology/xilinx/common/xilinx_hp.lib 
Execute       source E:/Xilinx/Vivado_2018.3/Vivado/2018.3/common/technology/xilinx/common/xilinx_fpv.hlp 
Execute         source E:/Xilinx/Vivado_2018.3/Vivado/2018.3/common/technology/xilinx/common/xilinx.hlp 
Execute           source E:/Xilinx/Vivado_2018.3/Vivado/2018.3/common/technology/xilinx/common/target_info.tcl 
Execute           source E:/Xilinx/Vivado_2018.3/Vivado/2018.3/common/technology/xilinx/interface/xilinx_interface.hlp 
Execute             source E:/Xilinx/Vivado_2018.3/Vivado/2018.3/common/technology/xilinx/interface/maxi.hlp 
Execute             source E:/Xilinx/Vivado_2018.3/Vivado/2018.3/common/technology/xilinx/interface/saxilite.hlp 
Execute           source E:/Xilinx/Vivado_2018.3/Vivado/2018.3/common/technology/xilinx/common/dsp48.hlp 
Execute       source E:/Xilinx/Vivado_2018.3/Vivado/2018.3/common/technology/xilinx/kintexu/kintexu_hp.hlp 
Execute     source E:/Xilinx/Vivado_2018.3/Vivado/2018.3/common/technology/xilinx/kintexu/kintexu_fpv7.gen 
Execute       source E:/Xilinx/Vivado_2018.3/Vivado/2018.3/common/technology/xilinx/common/xilinx_fpv6.gen 
Execute     set_part xcku115-flva1517-2-e 
Execute       add_library xilinx/kintexu/kintexu:xcku115:-flva1517:-2-e 
Execute         get_default_platform 
Execute         license_isbetapart xcku115 
Command         license_isbetapart done; error code: 1; 
Execute         get_default_platform 
Execute         config_chip_info -quiet -resource  {SLICE 82920} {LUT 663360}    {FF 1326720} {DSP48E 5520}  {BRAM 4320} {SLR 2}  
Execute         config_chip_info -quiet -speed medium 
Execute       add_library xilinx/kintexu/kintexu_fpv7 
Execute         get_default_platform 
INFO: [HLS 200-10] Setting target device to 'xcku115-flva1517-2-e'
Execute       get_default_platform 
Command     set_part done; 0.362 sec.
Execute     get_default_platform 
Execute     config_chip_info -quiet -resource  {SLICE 82920} {LUT 663360}    {FF 1326720} {DSP48E 5520}  {BRAM 4320} {SLR 2}  
Execute     config_chip_info -quiet -speed medium 
Command   open_solution done; 0.888 sec.
Execute   csim_design -quiet 
Execute     source D:/PJ_for_HLS/shift_led/solution1/.autopilot/db/global.setting.tcl 
INFO: [SIM 211-2] *************** CSIM start ***************
INFO: [SIM 211-4] CSIM will launch GCC as the compiler.
Execute     is_encrypted D:/PJ_for_HLS/shift_led/src/Test_shift_led.cpp 
Execute     is_xip D:/PJ_for_HLS/shift_led/src/Test_shift_led.cpp 
Execute     is_encrypted D:/PJ_for_HLS/shift_led/src/shift_led.h 
Execute     is_xip D:/PJ_for_HLS/shift_led/src/shift_led.h 
Execute     is_encrypted D:/PJ_for_HLS/shift_led/src/top.cpp 
Execute     is_xip D:/PJ_for_HLS/shift_led/src/top.cpp 
Execute     get_default_platform 
Execute     source run_sim.tcl 
Command     ap_source done; 193.946 sec.
INFO: [SIM 211-1] CSim done with 0 errors.
INFO: [SIM 211-3] *************** CSIM finish ***************
Command   csim_design done; 211.761 sec.
Command ap_source done; 212.659 sec.
Execute cleanup_all 
INFO-FLOW: Workspace D:/PJ_for_HLS/shift_led/solution1 opened at Thu Jul 23 15:40:25 +0800 2020
Execute     config_clock -quiet -name default -period 10 -default=false 
INFO: [SYN 201-201] Setting up clock 'default' with a period of 10ns.
Execute     open_platform DefaultPlatform 
Execute     import_lib E:/Xilinx/Vivado_2018.3/Vivado/2018.3/common/technology/xilinx/kintexu/kintexu 
Execute       source E:/Xilinx/Vivado_2018.3/Vivado/2018.3/common/technology/xilinx/common/xilinx.lib 
Execute         source E:/Xilinx/Vivado_2018.3/Vivado/2018.3/common/technology/xilinx/interface/xilinx_interface.lib 
Execute           source E:/Xilinx/Vivado_2018.3/Vivado/2018.3/common/technology/xilinx/interface/plb46.lib 
Execute           source E:/Xilinx/Vivado_2018.3/Vivado/2018.3/common/technology/xilinx/interface/fsl.lib 
Execute           source E:/Xilinx/Vivado_2018.3/Vivado/2018.3/common/technology/xilinx/interface/axi4.lib 
Execute           source E:/Xilinx/Vivado_2018.3/Vivado/2018.3/common/technology/xilinx/interface/maxi.lib 
Execute           source E:/Xilinx/Vivado_2018.3/Vivado/2018.3/common/technology/xilinx/interface/saxilite.lib 
Execute         source E:/Xilinx/Vivado_2018.3/Vivado/2018.3/common/technology/xilinx/common/dsp48.lib 
Execute         source E:/Xilinx/Vivado_2018.3/Vivado/2018.3/common/technology/xilinx/ip/dds_compiler.lib 
Execute         source E:/Xilinx/Vivado_2018.3/Vivado/2018.3/common/technology/xilinx/ip/xfft.lib 
Execute         source E:/Xilinx/Vivado_2018.3/Vivado/2018.3/common/technology/xilinx/ip/xfir.lib 
Execute       source E:/Xilinx/Vivado_2018.3/Vivado/2018.3/common/technology/xilinx/common/xilinx_old.lib 
Execute       source E:/Xilinx/Vivado_2018.3/Vivado/2018.3/common/technology/xilinx/common/xilinx_vivado.lib 
Execute       source E:/Xilinx/Vivado_2018.3/Vivado/2018.3/common/technology/xilinx/common/xilinx.hlp 
Execute         source E:/Xilinx/Vivado_2018.3/Vivado/2018.3/common/technology/xilinx/common/target_info.tcl 
Execute         source E:/Xilinx/Vivado_2018.3/Vivado/2018.3/common/technology/xilinx/interface/xilinx_interface.hlp 
Execute           source E:/Xilinx/Vivado_2018.3/Vivado/2018.3/common/technology/xilinx/interface/maxi.hlp 
Execute           source E:/Xilinx/Vivado_2018.3/Vivado/2018.3/common/technology/xilinx/interface/saxilite.hlp 
Execute         source E:/Xilinx/Vivado_2018.3/Vivado/2018.3/common/technology/xilinx/common/dsp48.hlp 
Execute       source E:/Xilinx/Vivado_2018.3/Vivado/2018.3/common/technology/xilinx/kintexu/dsp48e2.hlp 
Execute       get_default_platform 
Execute       config_chip_info -quiet -resource  {SLICE 30300} {LUT 242400}    {FF 484800} {DSP48E 1920}   {BRAM 1200}  
Execute       config_chip_info -quiet -speed medium 
Execute       source E:/Xilinx/Vivado_2018.3/Vivado/2018.3/common/technology/xilinx/common/xilinx.hlp 
Execute         source E:/Xilinx/Vivado_2018.3/Vivado/2018.3/common/technology/xilinx/common/target_info.tcl 
Execute         source E:/Xilinx/Vivado_2018.3/Vivado/2018.3/common/technology/xilinx/interface/xilinx_interface.hlp 
Execute           source E:/Xilinx/Vivado_2018.3/Vivado/2018.3/common/technology/xilinx/interface/maxi.hlp 
Execute           source E:/Xilinx/Vivado_2018.3/Vivado/2018.3/common/technology/xilinx/interface/saxilite.hlp 
Execute         source E:/Xilinx/Vivado_2018.3/Vivado/2018.3/common/technology/xilinx/common/dsp48.hlp 
Execute     source E:/Xilinx/Vivado_2018.3/Vivado/2018.3/common/technology/xilinx/kintexu/kintexu.gen 
Execute       source E:/Xilinx/Vivado_2018.3/Vivado/2018.3/common/technology/xilinx/common/virtex.gen 
Execute         source E:/Xilinx/Vivado_2018.3/Vivado/2018.3/common/technology/xilinx/common/xilinx.gen 
Execute           source E:/Xilinx/Vivado_2018.3/Vivado/2018.3/common/technology/xilinx/interface/plb46.gen 
Execute           source E:/Xilinx/Vivado_2018.3/Vivado/2018.3/common/technology/xilinx/interface/fsl.gen 
Execute           source E:/Xilinx/Vivado_2018.3/Vivado/2018.3/common/technology/xilinx/interface/axi4.gen 
Execute           source E:/Xilinx/Vivado_2018.3/Vivado/2018.3/common/technology/xilinx/interface/nativeAXI4.gen 
Execute             source E:/Xilinx/Vivado_2018.3/Vivado/2018.3/common/technology/xilinx/interface/saxilite.gen 
Execute             source E:/Xilinx/Vivado_2018.3/Vivado/2018.3/common/technology/xilinx/interface/maxi.gen 
Execute           source E:/Xilinx/Vivado_2018.3/Vivado/2018.3/common/technology/xilinx/scripts/xilinxcoregen.gen 
Execute           source E:/Xilinx/Vivado_2018.3/Vivado/2018.3/common/technology/xilinx/interface/XilEDKCoreGen.gen 
Execute           source E:/Xilinx/Vivado_2018.3/Vivado/2018.3/common/technology/xilinx/ip/dds_compiler.gen 
Execute           source E:/Xilinx/Vivado_2018.3/Vivado/2018.3/common/technology/xilinx/ip/util.gen 
Execute           source E:/Xilinx/Vivado_2018.3/Vivado/2018.3/common/technology/xilinx/ip/xfft.gen 
Command           ap_source done; 0.152 sec.
Execute           source E:/Xilinx/Vivado_2018.3/Vivado/2018.3/common/technology/xilinx/ip/xfir.gen 
Command         ap_source done; 0.216 sec.
Execute         source E:/Xilinx/Vivado_2018.3/Vivado/2018.3/common/technology/xilinx/common/dsp48.gen 
Command       ap_source done; 0.221 sec.
Command     ap_source done; 0.221 sec.
Execute     open_platform DefaultPlatform 
Execute     import_lib E:/Xilinx/Vivado_2018.3/Vivado/2018.3/common/technology/xilinx/kintexu/kintexu_fpv7 
Execute       source E:/Xilinx/Vivado_2018.3/Vivado/2018.3/common/technology/xilinx/common/xilinx_fpv7.lib 
Execute         source E:/Xilinx/Vivado_2018.3/Vivado/2018.3/common/technology/xilinx/common/xilinx_hp.lib 
Execute       source E:/Xilinx/Vivado_2018.3/Vivado/2018.3/common/technology/xilinx/common/xilinx_fpv.hlp 
Execute         source E:/Xilinx/Vivado_2018.3/Vivado/2018.3/common/technology/xilinx/common/xilinx.hlp 
Execute           source E:/Xilinx/Vivado_2018.3/Vivado/2018.3/common/technology/xilinx/common/target_info.tcl 
Execute           source E:/Xilinx/Vivado_2018.3/Vivado/2018.3/common/technology/xilinx/interface/xilinx_interface.hlp 
Execute             source E:/Xilinx/Vivado_2018.3/Vivado/2018.3/common/technology/xilinx/interface/maxi.hlp 
Execute             source E:/Xilinx/Vivado_2018.3/Vivado/2018.3/common/technology/xilinx/interface/saxilite.hlp 
Execute           source E:/Xilinx/Vivado_2018.3/Vivado/2018.3/common/technology/xilinx/common/dsp48.hlp 
Execute       source E:/Xilinx/Vivado_2018.3/Vivado/2018.3/common/technology/xilinx/kintexu/kintexu_hp.hlp 
Execute     source E:/Xilinx/Vivado_2018.3/Vivado/2018.3/common/technology/xilinx/kintexu/kintexu_fpv7.gen 
Execute       source E:/Xilinx/Vivado_2018.3/Vivado/2018.3/common/technology/xilinx/common/xilinx_fpv6.gen 
Execute     set_part xcku115-flva1517-2-e 
Execute       add_library xilinx/kintexu/kintexu:xcku115:-flva1517:-2-e 
Execute         get_default_platform 
Execute         license_isbetapart xcku115 
Command         license_isbetapart done; error code: 1; 
Execute         get_default_platform 
Execute         config_chip_info -quiet -resource  {SLICE 82920} {LUT 663360}    {FF 1326720} {DSP48E 5520}  {BRAM 4320} {SLR 2}  
Execute         config_chip_info -quiet -speed medium 
Execute       add_library xilinx/kintexu/kintexu_fpv7 
Execute         get_default_platform 
INFO: [HLS 200-10] Setting target device to 'xcku115-flva1517-2-e'
Execute       get_default_platform 
Command     set_part done; 0.165 sec.
Execute     get_default_platform 
Execute     config_chip_info -quiet -resource  {SLICE 82920} {LUT 663360}    {FF 1326720} {DSP48E 5520}  {BRAM 4320} {SLR 2}  
Execute     config_chip_info -quiet -speed medium 
Command   open_solution done; 0.497 sec.
Execute   cosim_design -trace_level all -tool modelsim 
Execute     source D:/PJ_for_HLS/shift_led/solution1/.autopilot/db/global.setting.tcl 
Execute     source D:/PJ_for_HLS/shift_led/solution1/.autopilot/db/global.setting.tcl 
Execute     source D:/PJ_for_HLS/shift_led/solution1/.autopilot/db/global.setting.tcl 
INFO-FLOW: DBG:CMD: read_platform_lib D:/PJ_for_HLS/shift_led/solution1/.autopilot/db/global.setting.tcl
Execute     source E:/Xilinx/Vivado_2018.3/Vivado/2018.3/common/technology/generic/autopilot/common.gen 
Execute       source E:/Xilinx/Vivado_2018.3/Vivado/2018.3/common/technology/generic/autopilot/APCoreGen.gen 
Execute     source E:/Xilinx/Vivado_2018.3/Vivado/2018.3/common/technology/generic/autopilot/op.gen 
Execute     source E:/Xilinx/Vivado_2018.3/Vivado/2018.3/common/technology/generic/autopilot/op_simcore.gen 
Execute     source E:/Xilinx/Vivado_2018.3/Vivado/2018.3/common/technology/generic/autopilot/interface.gen 
Execute     source D:/PJ_for_HLS/shift_led/solution1/.autopilot/db/global.setting.tcl 
Execute     source E:/Xilinx/Vivado_2018.3/Vivado/2018.3/common/technology/xilinx/kintexu/kintexu.gen 
Execute       source E:/Xilinx/Vivado_2018.3/Vivado/2018.3/common/technology/xilinx/common/virtex.gen 
Execute         source E:/Xilinx/Vivado_2018.3/Vivado/2018.3/common/technology/xilinx/common/xilinx.gen 
Execute           source E:/Xilinx/Vivado_2018.3/Vivado/2018.3/common/technology/xilinx/interface/plb46.gen 
Execute           source E:/Xilinx/Vivado_2018.3/Vivado/2018.3/common/technology/xilinx/interface/fsl.gen 
Execute           source E:/Xilinx/Vivado_2018.3/Vivado/2018.3/common/technology/xilinx/interface/axi4.gen 
Execute           source E:/Xilinx/Vivado_2018.3/Vivado/2018.3/common/technology/xilinx/interface/nativeAXI4.gen 
Execute             source E:/Xilinx/Vivado_2018.3/Vivado/2018.3/common/technology/xilinx/interface/saxilite.gen 
Execute             source E:/Xilinx/Vivado_2018.3/Vivado/2018.3/common/technology/xilinx/interface/maxi.gen 
Execute           source E:/Xilinx/Vivado_2018.3/Vivado/2018.3/common/technology/xilinx/scripts/xilinxcoregen.gen 
Execute           source E:/Xilinx/Vivado_2018.3/Vivado/2018.3/common/technology/xilinx/interface/XilEDKCoreGen.gen 
Execute           source E:/Xilinx/Vivado_2018.3/Vivado/2018.3/common/technology/xilinx/ip/dds_compiler.gen 
Execute           source E:/Xilinx/Vivado_2018.3/Vivado/2018.3/common/technology/xilinx/ip/util.gen 
Execute           source E:/Xilinx/Vivado_2018.3/Vivado/2018.3/common/technology/xilinx/ip/xfft.gen 
Command           ap_source done; 0.124 sec.
Execute           source E:/Xilinx/Vivado_2018.3/Vivado/2018.3/common/technology/xilinx/ip/xfir.gen 
Command         ap_source done; 0.194 sec.
Execute         source E:/Xilinx/Vivado_2018.3/Vivado/2018.3/common/technology/xilinx/common/dsp48.gen 
Command       ap_source done; 0.199 sec.
Command     ap_source done; 0.199 sec.
Execute     source E:/Xilinx/Vivado_2018.3/Vivado/2018.3/common/technology/xilinx/kintexu/kintexu_fpv7.gen 
Execute       source E:/Xilinx/Vivado_2018.3/Vivado/2018.3/common/technology/xilinx/common/xilinx_fpv6.gen 
INFO-FLOW: DBG:CMD:   using AESL_AUTOCG::g_clock_period=10.000 (was NA)
Execute     source D:/PJ_for_HLS/shift_led/solution1/.autopilot/db/global.setting.tcl 
Execute     source D:/PJ_for_HLS/shift_led/solution1/.autopilot/db/shift_led.rtl_wrap.cfg.tcl 
Execute     source D:/PJ_for_HLS/shift_led/solution1/.autopilot/db/shift_led.tbgen.tcl 
Execute     is_encrypted D:/PJ_for_HLS/shift_led/src/Test_shift_led.cpp 
Execute     is_encrypted D:/PJ_for_HLS/shift_led/src/shift_led.h 
Execute     is_encrypted D:/PJ_for_HLS/shift_led/src/top.cpp 
Execute     source D:/PJ_for_HLS/shift_led/solution1/.autopilot/db/shift_led.tbgen.tcl 
Execute     source D:/PJ_for_HLS/shift_led/solution1/.autopilot/db/shift_led.tbgen.tcl 
INFO: [COSIM 212-47] Using Modelsim for RTL simulation.
INFO: [COSIM 212-14] Instrumenting C test bench ...
Execute     get_default_platform 
INFO-FLOW: TB processing: D:/PJ_for_HLS/shift_led/src/Test_shift_led.cpp D:/PJ_for_HLS/shift_led/solution1/./sim/autowrap/testbench/Test_shift_led.cpp_pre.cpp
Execute     tidy_31 xilinx-tb-xfmat D:/PJ_for_HLS/shift_led/solution1/./sim/autowrap/testbench/Test_shift_led.cpp_pre.cpp std=c++11 
INFO-FLOW: exec E:/Xilinx/Vivado_2018.3/Vivado/2018.3/win64/tools/clang-3.9-csynth/bin/tidy-3.1 -header-filter=.* -checks=-*,xilinx-tb-xfmat -quiet -fix-errors D:/PJ_for_HLS/shift_led/solution1/./sim/autowrap/testbench/Test_shift_led.cpp_pre.cpp -- -std=c++11 -fhls -ferror-limit=0
Command     tidy_31 done; 1.324 sec.
INFO-FLOW: Marker-Pragma convertor: D:/PJ_for_HLS/shift_led/solution1/./sim/autowrap/testbench/Test_shift_led.cpp_pre.cpp D:/PJ_for_HLS/shift_led/solution1/./sim/autowrap/testbench/Test_shift_led.cpp_pre.cpp.line.cpp ./sim/autowrap/testbench/line.tmp 1
INFO-FLOW: Converting Markers to Pragmas...
INFO-FLOW: Marker-Pragma convertor: D:/PJ_for_HLS/shift_led/solution1/./sim/autowrap/testbench/Test_shift_led.cpp_pre.cpp.tb.cpp.line D:/PJ_for_HLS/shift_led/solution1/./sim/autowrap/testbench/Test_shift_led.cpp_pre.cpp.tb.cpp ./sim/autowrap/testbench/line.tmp 0
INFO-FLOW: Converting Pragmas to Markers...
Execute     get_default_platform 
INFO-FLOW: TB processing: D:/PJ_for_HLS/shift_led/src/top.cpp D:/PJ_for_HLS/shift_led/solution1/./sim/autowrap/testbench/top.cpp_pre.cpp
Execute     tidy_31 xilinx-tb-xfmat D:/PJ_for_HLS/shift_led/solution1/./sim/autowrap/testbench/top.cpp_pre.cpp std=c++11 
INFO-FLOW: exec E:/Xilinx/Vivado_2018.3/Vivado/2018.3/win64/tools/clang-3.9-csynth/bin/tidy-3.1 -header-filter=.* -checks=-*,xilinx-tb-xfmat -quiet -fix-errors D:/PJ_for_HLS/shift_led/solution1/./sim/autowrap/testbench/top.cpp_pre.cpp -- -std=c++11 -fhls -ferror-limit=0
Command     tidy_31 done; 1.495 sec.
INFO-FLOW: Marker-Pragma convertor: D:/PJ_for_HLS/shift_led/solution1/./sim/autowrap/testbench/top.cpp_pre.cpp D:/PJ_for_HLS/shift_led/solution1/./sim/autowrap/testbench/top.cpp_pre.cpp.line.cpp ./sim/autowrap/testbench/line.tmp 1
INFO-FLOW: Converting Markers to Pragmas...
INFO-FLOW: Marker-Pragma convertor: D:/PJ_for_HLS/shift_led/solution1/./sim/autowrap/testbench/top.cpp_pre.cpp.tb.cpp.line D:/PJ_for_HLS/shift_led/solution1/./sim/autowrap/testbench/top.cpp_pre.cpp.tb.cpp ./sim/autowrap/testbench/line.tmp 0
INFO-FLOW: Converting Pragmas to Markers...
Execute     source D:/PJ_for_HLS/shift_led/solution1/./sim/autowrap/testbench/tb.status.tcl 
Execute     source D:/PJ_for_HLS/shift_led/solution1/.autopilot/db/global.setting.tcl 
Execute     source D:/PJ_for_HLS/shift_led/solution1/.autopilot/db/shift_led.rtl_wrap.cfg.tcl 
Execute     source D:/PJ_for_HLS/shift_led/solution1/.autopilot/db/shift_led.rtl_wrap.cfg.tcl 
Execute     source D:/PJ_for_HLS/shift_led/solution1/.autopilot/db/shift_led.rtl_wrap.cfg.tcl 
Execute     source D:/PJ_for_HLS/shift_led/solution1/.autopilot/db/shift_led.tbgen.tcl 
Execute     source D:/PJ_for_HLS/shift_led/solution1/.autopilot/db/shift_led.tbgen.tcl 
Execute     get_default_platform 
Execute     source .run_sim.tcl 
INFO: [COSIM 212-302] Starting C TB testing ... 
Command     ap_source done; 194.559 sec.
INFO: [COSIM 212-333] Generating C post check test bench ...
Execute     get_default_platform 
INFO: [COSIM 212-12] Generating RTL test bench ...
Execute     source D:/PJ_for_HLS/shift_led/solution1/.autopilot/db/shift_led.tbgen.tcl 
Execute     source D:/PJ_for_HLS/shift_led/solution1/.autopilot/db/shift_led.tbgen.tcl 
Execute     source D:/PJ_for_HLS/shift_led/solution1/.autopilot/db/shift_led.tbgen.tcl 
Execute     source D:/PJ_for_HLS/shift_led/solution1/.autopilot/db/shift_led.tbgen.tcl 
Execute     source ../tv/cdatafile/ref.tcl 
Execute     source D:/PJ_for_HLS/shift_led/solution1/.autopilot/db/shift_led.tbgen.tcl 
Execute     source D:/PJ_for_HLS/shift_led/solution1/.autopilot/db/shift_led.tbgen.tcl 
Execute     source D:/PJ_for_HLS/shift_led/solution1/.autopilot/db/shift_led.tbgen.tcl 
Execute     source D:/PJ_for_HLS/shift_led/solution1/.autopilot/db/shift_led.tbgen.tcl 
Execute     source D:/PJ_for_HLS/shift_led/solution1/.autopilot/db/shift_led.tbgen.tcl 
Execute     source D:/PJ_for_HLS/shift_led/solution1/.autopilot/db/shift_led.tbgen.tcl 
Execute     source D:/PJ_for_HLS/shift_led/solution1/.autopilot/db/shift_led.tbgen.tcl 
Execute     source D:/PJ_for_HLS/shift_led/solution1/.autopilot/db/shift_led.tbgen.tcl 
Execute     source D:/PJ_for_HLS/shift_led/solution1/.autopilot/db/shift_led.tbgen.tcl 
Execute     source D:/PJ_for_HLS/shift_led/solution1/.autopilot/db/shift_led.tbgen.tcl 
Execute     source D:/PJ_for_HLS/shift_led/solution1/.autopilot/db/shift_led.tbgen.tcl 
Execute     source D:/PJ_for_HLS/shift_led/solution1/.autopilot/db/shift_led.tbgen.tcl 
Execute     source D:/PJ_for_HLS/shift_led/solution1/.autopilot/db/shift_led.tbgen.tcl 
Execute     source D:/PJ_for_HLS/shift_led/solution1/.autopilot/db/shift_led.tbgen.tcl 
Execute     source D:/PJ_for_HLS/shift_led/solution1/.autopilot/db/shift_led.tbgen.tcl 
Execute     source D:/PJ_for_HLS/shift_led/solution1/.autopilot/db/shift_led.tbgen.tcl 
Execute     source ../tv/cdatafile/ref.tcl 
Execute     source D:/PJ_for_HLS/shift_led/solution1/.autopilot/db/shift_led.tbgen.tcl 
Execute     source D:/PJ_for_HLS/shift_led/solution1/.autopilot/db/shift_led.tbgen.tcl 
Execute     source D:/PJ_for_HLS/shift_led/solution1/.autopilot/db/shift_led.tbgen.tcl 
Execute     source D:/PJ_for_HLS/shift_led/solution1/.autopilot/db/shift_led.tbgen.tcl 
Execute     source D:/PJ_for_HLS/shift_led/solution1/.autopilot/db/shift_led.tbgen.tcl 
Execute     source D:/PJ_for_HLS/shift_led/solution1/.autopilot/db/shift_led.tbgen.tcl 
Execute     source D:/PJ_for_HLS/shift_led/solution1/.autopilot/db/shift_led.tbgen.tcl 
Execute     source D:/PJ_for_HLS/shift_led/solution1/.autopilot/db/shift_led.tbgen.tcl 
Execute     source D:/PJ_for_HLS/shift_led/solution1/.autopilot/db/shift_led.tbgen.tcl 
Execute     source D:/PJ_for_HLS/shift_led/solution1/.autopilot/db/shift_led.tbgen.tcl 
Execute     source D:/PJ_for_HLS/shift_led/solution1/.autopilot/db/shift_led.tbgen.tcl 
Execute     source D:/PJ_for_HLS/shift_led/solution1/.autopilot/db/shift_led.tbgen.tcl 
Execute     source .run_sim.tcl 
Execute       source check_sim.tcl 
Execute       source .sim.status.tcl 
INFO: [COSIM 212-323] Starting verilog simulation. 
INFO: [COSIM 212-15] Starting Modelsim ...
INFO: [COSIM 212-316] Starting C post checking ...
Command     ap_source done; 2311.55 sec.
INFO: [COSIM 212-1000] *** C/RTL co-simulation finished: PASS ***
Command   cosim_design done; 2570.99 sec.
Command ap_source done; 2571.5 sec.
Execute cleanup_all 
Command cleanup_all done; 0.133 sec.
INFO-FLOW: Workspace D:/PJ_for_HLS/shift_led/solution1 opened at Thu Jul 23 16:31:41 +0800 2020
Execute     config_clock -quiet -name default -period 10 -default=false 
INFO: [SYN 201-201] Setting up clock 'default' with a period of 10ns.
Execute     open_platform DefaultPlatform 
Execute     import_lib E:/Xilinx/Vivado_2018.3/Vivado/2018.3/common/technology/xilinx/kintexu/kintexu 
Execute       source E:/Xilinx/Vivado_2018.3/Vivado/2018.3/common/technology/xilinx/common/xilinx.lib 
Execute         source E:/Xilinx/Vivado_2018.3/Vivado/2018.3/common/technology/xilinx/interface/xilinx_interface.lib 
Execute           source E:/Xilinx/Vivado_2018.3/Vivado/2018.3/common/technology/xilinx/interface/plb46.lib 
Execute           source E:/Xilinx/Vivado_2018.3/Vivado/2018.3/common/technology/xilinx/interface/fsl.lib 
Execute           source E:/Xilinx/Vivado_2018.3/Vivado/2018.3/common/technology/xilinx/interface/axi4.lib 
Execute           source E:/Xilinx/Vivado_2018.3/Vivado/2018.3/common/technology/xilinx/interface/maxi.lib 
Execute           source E:/Xilinx/Vivado_2018.3/Vivado/2018.3/common/technology/xilinx/interface/saxilite.lib 
Execute         source E:/Xilinx/Vivado_2018.3/Vivado/2018.3/common/technology/xilinx/common/dsp48.lib 
Execute         source E:/Xilinx/Vivado_2018.3/Vivado/2018.3/common/technology/xilinx/ip/dds_compiler.lib 
Execute         source E:/Xilinx/Vivado_2018.3/Vivado/2018.3/common/technology/xilinx/ip/xfft.lib 
Execute         source E:/Xilinx/Vivado_2018.3/Vivado/2018.3/common/technology/xilinx/ip/xfir.lib 
Execute       source E:/Xilinx/Vivado_2018.3/Vivado/2018.3/common/technology/xilinx/common/xilinx_old.lib 
Execute       source E:/Xilinx/Vivado_2018.3/Vivado/2018.3/common/technology/xilinx/common/xilinx_vivado.lib 
Execute       source E:/Xilinx/Vivado_2018.3/Vivado/2018.3/common/technology/xilinx/common/xilinx.hlp 
Execute         source E:/Xilinx/Vivado_2018.3/Vivado/2018.3/common/technology/xilinx/common/target_info.tcl 
Execute         source E:/Xilinx/Vivado_2018.3/Vivado/2018.3/common/technology/xilinx/interface/xilinx_interface.hlp 
Execute           source E:/Xilinx/Vivado_2018.3/Vivado/2018.3/common/technology/xilinx/interface/maxi.hlp 
Execute           source E:/Xilinx/Vivado_2018.3/Vivado/2018.3/common/technology/xilinx/interface/saxilite.hlp 
Execute         source E:/Xilinx/Vivado_2018.3/Vivado/2018.3/common/technology/xilinx/common/dsp48.hlp 
Execute       source E:/Xilinx/Vivado_2018.3/Vivado/2018.3/common/technology/xilinx/kintexu/dsp48e2.hlp 
Execute       get_default_platform 
Execute       config_chip_info -quiet -resource  {SLICE 30300} {LUT 242400}    {FF 484800} {DSP48E 1920}   {BRAM 1200}  
Execute       config_chip_info -quiet -speed medium 
Execute       source E:/Xilinx/Vivado_2018.3/Vivado/2018.3/common/technology/xilinx/common/xilinx.hlp 
Execute         source E:/Xilinx/Vivado_2018.3/Vivado/2018.3/common/technology/xilinx/common/target_info.tcl 
Execute         source E:/Xilinx/Vivado_2018.3/Vivado/2018.3/common/technology/xilinx/interface/xilinx_interface.hlp 
Execute           source E:/Xilinx/Vivado_2018.3/Vivado/2018.3/common/technology/xilinx/interface/maxi.hlp 
Execute           source E:/Xilinx/Vivado_2018.3/Vivado/2018.3/common/technology/xilinx/interface/saxilite.hlp 
Execute         source E:/Xilinx/Vivado_2018.3/Vivado/2018.3/common/technology/xilinx/common/dsp48.hlp 
Execute     source E:/Xilinx/Vivado_2018.3/Vivado/2018.3/common/technology/xilinx/kintexu/kintexu.gen 
Execute       source E:/Xilinx/Vivado_2018.3/Vivado/2018.3/common/technology/xilinx/common/virtex.gen 
Execute         source E:/Xilinx/Vivado_2018.3/Vivado/2018.3/common/technology/xilinx/common/xilinx.gen 
Execute           source E:/Xilinx/Vivado_2018.3/Vivado/2018.3/common/technology/xilinx/interface/plb46.gen 
Execute           source E:/Xilinx/Vivado_2018.3/Vivado/2018.3/common/technology/xilinx/interface/fsl.gen 
Execute           source E:/Xilinx/Vivado_2018.3/Vivado/2018.3/common/technology/xilinx/interface/axi4.gen 
Execute           source E:/Xilinx/Vivado_2018.3/Vivado/2018.3/common/technology/xilinx/interface/nativeAXI4.gen 
Execute             source E:/Xilinx/Vivado_2018.3/Vivado/2018.3/common/technology/xilinx/interface/saxilite.gen 
Execute             source E:/Xilinx/Vivado_2018.3/Vivado/2018.3/common/technology/xilinx/interface/maxi.gen 
Execute           source E:/Xilinx/Vivado_2018.3/Vivado/2018.3/common/technology/xilinx/scripts/xilinxcoregen.gen 
Execute           source E:/Xilinx/Vivado_2018.3/Vivado/2018.3/common/technology/xilinx/interface/XilEDKCoreGen.gen 
Execute           source E:/Xilinx/Vivado_2018.3/Vivado/2018.3/common/technology/xilinx/ip/dds_compiler.gen 
Execute           source E:/Xilinx/Vivado_2018.3/Vivado/2018.3/common/technology/xilinx/ip/util.gen 
Execute           source E:/Xilinx/Vivado_2018.3/Vivado/2018.3/common/technology/xilinx/ip/xfft.gen 
Command           ap_source done; 0.122 sec.
Execute           source E:/Xilinx/Vivado_2018.3/Vivado/2018.3/common/technology/xilinx/ip/xfir.gen 
Command         ap_source done; 0.177 sec.
Execute         source E:/Xilinx/Vivado_2018.3/Vivado/2018.3/common/technology/xilinx/common/dsp48.gen 
Command       ap_source done; 0.18 sec.
Command     ap_source done; 0.18 sec.
Execute     open_platform DefaultPlatform 
Execute     import_lib E:/Xilinx/Vivado_2018.3/Vivado/2018.3/common/technology/xilinx/kintexu/kintexu_fpv7 
Execute       source E:/Xilinx/Vivado_2018.3/Vivado/2018.3/common/technology/xilinx/common/xilinx_fpv7.lib 
Execute         source E:/Xilinx/Vivado_2018.3/Vivado/2018.3/common/technology/xilinx/common/xilinx_hp.lib 
Execute       source E:/Xilinx/Vivado_2018.3/Vivado/2018.3/common/technology/xilinx/common/xilinx_fpv.hlp 
Execute         source E:/Xilinx/Vivado_2018.3/Vivado/2018.3/common/technology/xilinx/common/xilinx.hlp 
Execute           source E:/Xilinx/Vivado_2018.3/Vivado/2018.3/common/technology/xilinx/common/target_info.tcl 
Execute           source E:/Xilinx/Vivado_2018.3/Vivado/2018.3/common/technology/xilinx/interface/xilinx_interface.hlp 
Execute             source E:/Xilinx/Vivado_2018.3/Vivado/2018.3/common/technology/xilinx/interface/maxi.hlp 
Execute             source E:/Xilinx/Vivado_2018.3/Vivado/2018.3/common/technology/xilinx/interface/saxilite.hlp 
Execute           source E:/Xilinx/Vivado_2018.3/Vivado/2018.3/common/technology/xilinx/common/dsp48.hlp 
Execute       source E:/Xilinx/Vivado_2018.3/Vivado/2018.3/common/technology/xilinx/kintexu/kintexu_hp.hlp 
Execute     source E:/Xilinx/Vivado_2018.3/Vivado/2018.3/common/technology/xilinx/kintexu/kintexu_fpv7.gen 
Execute       source E:/Xilinx/Vivado_2018.3/Vivado/2018.3/common/technology/xilinx/common/xilinx_fpv6.gen 
Execute     set_part xcku115-flva1517-2-e 
Execute       add_library xilinx/kintexu/kintexu:xcku115:-flva1517:-2-e 
Execute         get_default_platform 
Execute         license_isbetapart xcku115 
Command         license_isbetapart done; error code: 1; 
Execute         get_default_platform 
Execute         config_chip_info -quiet -resource  {SLICE 82920} {LUT 663360}    {FF 1326720} {DSP48E 5520}  {BRAM 4320} {SLR 2}  
Execute         config_chip_info -quiet -speed medium 
Execute       add_library xilinx/kintexu/kintexu_fpv7 
Execute         get_default_platform 
INFO: [HLS 200-10] Setting target device to 'xcku115-flva1517-2-e'
Execute       get_default_platform 
Command     set_part done; 0.119 sec.
Execute     get_default_platform 
Execute     config_chip_info -quiet -resource  {SLICE 82920} {LUT 663360}    {FF 1326720} {DSP48E 5520}  {BRAM 4320} {SLR 2}  
Execute     config_chip_info -quiet -speed medium 
Command   open_solution done; 0.39 sec.
Execute   export_design -rtl verilog -format ip_catalog -description 8bit_shift_led 
Execute     get_config_export -acc 
Execute     get_config_export -clock_margin 
Execute     get_config_export -custom_script 
Execute     get_config_export -display_name 
Execute     get_config_export -driver_input_dir 
Execute     get_config_export -ipname 
Execute     get_config_export -kernel_drc 
Execute     get_config_export -library 
Execute     get_config_export -qor_test 
Execute     get_config_export -sdaccel 
Execute     get_config_export -sim 
Execute     get_config_export -taxonomy 
Execute     get_config_export -use_ip 
Execute     get_config_export -use_netlist 
Execute     get_config_export -vendor 
Execute     get_config_export -version 
Execute     get_config_export -xo 
Execute     config_export -description=8bit_shift_led -format=ip_catalog -rtl=verilog 
INFO-FLOW: DBG:CMD: export_design_wrap: -format ip_catalog -rtl verilog -description 8bit_shift_led
Execute     source D:/PJ_for_HLS/shift_led/solution1/.autopilot/db/global.setting.tcl 
Execute     get_config_export -vivado_clock 
Execute     get_top 
Execute     get_config_sdx -target 
Execute     get_config_rtl -auto_prefix 
Execute     get_config_sdx -target 
INFO-FLOW: DBG:CMD:   auto_impl: pack: -export -tool vivado -rtl verilog -sdx-target none
Execute     source D:/PJ_for_HLS/shift_led/solution1/.autopilot/db/global.setting.tcl 
INFO-FLOW: DBG:CMD: read_platform_lib D:/PJ_for_HLS/shift_led/solution1/.autopilot/db/global.setting.tcl
Execute     source E:/Xilinx/Vivado_2018.3/Vivado/2018.3/common/technology/generic/autopilot/common.gen 
Execute       source E:/Xilinx/Vivado_2018.3/Vivado/2018.3/common/technology/generic/autopilot/APCoreGen.gen 
Execute     source E:/Xilinx/Vivado_2018.3/Vivado/2018.3/common/technology/generic/autopilot/op.gen 
Execute     source E:/Xilinx/Vivado_2018.3/Vivado/2018.3/common/technology/generic/autopilot/op_simcore.gen 
Execute     source E:/Xilinx/Vivado_2018.3/Vivado/2018.3/common/technology/generic/autopilot/interface.gen 
Execute     source D:/PJ_for_HLS/shift_led/solution1/.autopilot/db/global.setting.tcl 
Execute     source E:/Xilinx/Vivado_2018.3/Vivado/2018.3/common/technology/xilinx/kintexu/kintexu.gen 
Execute       source E:/Xilinx/Vivado_2018.3/Vivado/2018.3/common/technology/xilinx/common/virtex.gen 
Execute         source E:/Xilinx/Vivado_2018.3/Vivado/2018.3/common/technology/xilinx/common/xilinx.gen 
Execute           source E:/Xilinx/Vivado_2018.3/Vivado/2018.3/common/technology/xilinx/interface/plb46.gen 
Execute           source E:/Xilinx/Vivado_2018.3/Vivado/2018.3/common/technology/xilinx/interface/fsl.gen 
Execute           source E:/Xilinx/Vivado_2018.3/Vivado/2018.3/common/technology/xilinx/interface/axi4.gen 
Execute           source E:/Xilinx/Vivado_2018.3/Vivado/2018.3/common/technology/xilinx/interface/nativeAXI4.gen 
Execute             source E:/Xilinx/Vivado_2018.3/Vivado/2018.3/common/technology/xilinx/interface/saxilite.gen 
Execute             source E:/Xilinx/Vivado_2018.3/Vivado/2018.3/common/technology/xilinx/interface/maxi.gen 
Execute           source E:/Xilinx/Vivado_2018.3/Vivado/2018.3/common/technology/xilinx/scripts/xilinxcoregen.gen 
Execute           source E:/Xilinx/Vivado_2018.3/Vivado/2018.3/common/technology/xilinx/interface/XilEDKCoreGen.gen 
Execute           source E:/Xilinx/Vivado_2018.3/Vivado/2018.3/common/technology/xilinx/ip/dds_compiler.gen 
Execute           source E:/Xilinx/Vivado_2018.3/Vivado/2018.3/common/technology/xilinx/ip/util.gen 
Execute           source E:/Xilinx/Vivado_2018.3/Vivado/2018.3/common/technology/xilinx/ip/xfft.gen 
Command           ap_source done; 0.102 sec.
Execute           source E:/Xilinx/Vivado_2018.3/Vivado/2018.3/common/technology/xilinx/ip/xfir.gen 
Command         ap_source done; 0.153 sec.
Execute         source E:/Xilinx/Vivado_2018.3/Vivado/2018.3/common/technology/xilinx/common/dsp48.gen 
Command       ap_source done; 0.157 sec.
Command     ap_source done; 0.158 sec.
Execute     source E:/Xilinx/Vivado_2018.3/Vivado/2018.3/common/technology/xilinx/kintexu/kintexu_fpv7.gen 
Execute       source E:/Xilinx/Vivado_2018.3/Vivado/2018.3/common/technology/xilinx/common/xilinx_fpv6.gen 
INFO-FLOW: DBG:CMD:   using AESL_AUTOCG::g_clock_period=10.000 (was NA)
Execute     source D:/PJ_for_HLS/shift_led/solution1/.autopilot/db/global.setting.tcl 
INFO: [IMPL 213-8] Exporting RTL as a Vivado IP.
Execute     source D:/PJ_for_HLS/shift_led/solution1/.autopilot/db/global.setting.tcl 
INFO-FLOW: DBG:CMD: automg_wrap -export -pcore_version 1.00.a -rtl vlog -sdx-target none -tool Vivado -impltomg_flag
INFO-FLOW: DBG:CMD:     auto_generate -export -pcore_version 1.00.a -rtl vlog -sdx-target none -tool Vivado -impltomg_flag
Execute     source D:/PJ_for_HLS/shift_led/solution1/.autopilot/db/global.setting.tcl 
INFO-FLOW: DBG:CMD: read_platform_lib D:/PJ_for_HLS/shift_led/solution1/.autopilot/db/global.setting.tcl
Execute     source E:/Xilinx/Vivado_2018.3/Vivado/2018.3/common/technology/generic/autopilot/common.gen 
Execute       source E:/Xilinx/Vivado_2018.3/Vivado/2018.3/common/technology/generic/autopilot/APCoreGen.gen 
Execute     source E:/Xilinx/Vivado_2018.3/Vivado/2018.3/common/technology/generic/autopilot/op.gen 
Execute     source E:/Xilinx/Vivado_2018.3/Vivado/2018.3/common/technology/generic/autopilot/op_simcore.gen 
Execute     source E:/Xilinx/Vivado_2018.3/Vivado/2018.3/common/technology/generic/autopilot/interface.gen 
Execute     source D:/PJ_for_HLS/shift_led/solution1/.autopilot/db/global.setting.tcl 
Execute     source E:/Xilinx/Vivado_2018.3/Vivado/2018.3/common/technology/xilinx/kintexu/kintexu.gen 
Execute       source E:/Xilinx/Vivado_2018.3/Vivado/2018.3/common/technology/xilinx/common/virtex.gen 
Execute         source E:/Xilinx/Vivado_2018.3/Vivado/2018.3/common/technology/xilinx/common/xilinx.gen 
Execute           source E:/Xilinx/Vivado_2018.3/Vivado/2018.3/common/technology/xilinx/interface/plb46.gen 
Execute           source E:/Xilinx/Vivado_2018.3/Vivado/2018.3/common/technology/xilinx/interface/fsl.gen 
Execute           source E:/Xilinx/Vivado_2018.3/Vivado/2018.3/common/technology/xilinx/interface/axi4.gen 
Execute           source E:/Xilinx/Vivado_2018.3/Vivado/2018.3/common/technology/xilinx/interface/nativeAXI4.gen 
Execute             source E:/Xilinx/Vivado_2018.3/Vivado/2018.3/common/technology/xilinx/interface/saxilite.gen 
Execute             source E:/Xilinx/Vivado_2018.3/Vivado/2018.3/common/technology/xilinx/interface/maxi.gen 
Execute           source E:/Xilinx/Vivado_2018.3/Vivado/2018.3/common/technology/xilinx/scripts/xilinxcoregen.gen 
Execute           source E:/Xilinx/Vivado_2018.3/Vivado/2018.3/common/technology/xilinx/interface/XilEDKCoreGen.gen 
Execute           source E:/Xilinx/Vivado_2018.3/Vivado/2018.3/common/technology/xilinx/ip/dds_compiler.gen 
Execute           source E:/Xilinx/Vivado_2018.3/Vivado/2018.3/common/technology/xilinx/ip/util.gen 
Execute           source E:/Xilinx/Vivado_2018.3/Vivado/2018.3/common/technology/xilinx/ip/xfft.gen 
Command           ap_source done; 0.102 sec.
Execute           source E:/Xilinx/Vivado_2018.3/Vivado/2018.3/common/technology/xilinx/ip/xfir.gen 
Command         ap_source done; 0.152 sec.
Execute         source E:/Xilinx/Vivado_2018.3/Vivado/2018.3/common/technology/xilinx/common/dsp48.gen 
Command       ap_source done; 0.156 sec.
Command     ap_source done; 0.156 sec.
Execute     source E:/Xilinx/Vivado_2018.3/Vivado/2018.3/common/technology/xilinx/kintexu/kintexu_fpv7.gen 
Execute       source E:/Xilinx/Vivado_2018.3/Vivado/2018.3/common/technology/xilinx/common/xilinx_fpv6.gen 
INFO-FLOW: DBG:CMD:       initCTypeInfo top_module=shift_led xml_exists=1
Execute     source D:/PJ_for_HLS/shift_led/solution1/.autopilot/db/shift_led.rtl_wrap.cfg.tcl 
Execute     source D:/PJ_for_HLS/shift_led/solution1/.autopilot/db/shift_led.rtl_wrap.cfg.tcl 
Execute     source D:/PJ_for_HLS/shift_led/solution1/.autopilot/db/shift_led.rtl_wrap.cfg.tcl 
Execute     source D:/PJ_for_HLS/shift_led/solution1/.autopilot/db/shift_led.tbgen.tcl 
Execute     source D:/PJ_for_HLS/shift_led/solution1/.autopilot/db/shift_led.tbgen.tcl 
INFO-FLOW: DBG:CMD:       export_impl_rtl
INFO-FLOW: DBG:CMD:       generate_ip_cores sim=0 export=0 expOnly=0 dstVlogDir=impl/.verilog
Execute     source D:/PJ_for_HLS/shift_led/solution1/.autopilot/db/global.setting.tcl 
Execute     source D:/PJ_for_HLS/shift_led/solution1/.autopilot/db/shift_led.compgen.tcl 
INFO-FLOW: DBG:CMD:       generate_ip_cores sim=0 export=1 expOnly=1 dstVlogDir=impl/.pcores/verilog
Execute     source D:/PJ_for_HLS/shift_led/solution1/.autopilot/db/global.setting.tcl 
Execute     source D:/PJ_for_HLS/shift_led/solution1/.autopilot/db/shift_led.compgen.tcl 
INFO-FLOW: DBG:CMD:       generate_ip_cores sim=0 export=0 expOnly=0 dstVlogDir=impl/.pcores/verilog_sim
Execute     source D:/PJ_for_HLS/shift_led/solution1/.autopilot/db/global.setting.tcl 
Execute     source D:/PJ_for_HLS/shift_led/solution1/.autopilot/db/shift_led.compgen.tcl 
Execute     source D:/PJ_for_HLS/shift_led/solution1/.autopilot/db/global.setting.tcl 
Execute     source D:/PJ_for_HLS/shift_led/solution1/.autopilot/db/shift_led.constraint.tcl 
Execute     source D:/PJ_for_HLS/shift_led/solution1/.autopilot/db/shift_led.tbgen.tcl 
INFO-FLOW: DBG:CMD:       hasPcoreIpAdapter=false #gSsdmPorts=6
INFO-FLOW: DBG:CMD: Skipping loadAnalyze_DB, #g_database=2
INFO-FLOW: DBG:CMD:       generate_json is_phase_csynth=0 g_has_adaptors=false generate_bd_files=0 #modelList=1 #gSsdmPorts=6
Execute     source D:/PJ_for_HLS/shift_led/solution1/.autopilot/db/global.setting.tcl 
Execute     source D:/PJ_for_HLS/shift_led/solution1/.autopilot/db/global.setting.tcl 
Execute     source D:/PJ_for_HLS/shift_led/solution1/.autopilot/db/shift_led.tbgen.tcl 
Execute     source D:/PJ_for_HLS/shift_led/solution1/.autopilot/db/shift_led.tbgen.tcl 
Execute     source D:/PJ_for_HLS/shift_led/solution1/.autopilot/db/global.setting.tcl 
Execute     get_config_sdx -target 
Execute     get_config_export -xo 
Execute     source D:/PJ_for_HLS/shift_led/solution1/.autopilot/db/global.setting.tcl 
Execute     source D:/PJ_for_HLS/shift_led/solution1/.autopilot/db/shift_led.constraint.tcl 
Execute     sc_get_clocks shift_led 
Execute     source D:/PJ_for_HLS/shift_led/solution1/.autopilot/db/global.setting.tcl 
Execute     get_config_sdx -target 
Execute     get_config_sdx -profile 
Execute     ::config_rtl 
INFO-FLOW: DBG:CMD: add_json_sdx_info kernel file does not exist: D:/PJ_for_HLS/shift_led/solution1/.autopilot/db/kernel.internal.xml
INFO-FLOW: DBG:CMD:       generate_ip_script #gSsdmPorts=6
Execute     source D:/PJ_for_HLS/shift_led/solution1/.autopilot/db/shift_led.tbgen.tcl 
Execute     source D:/PJ_for_HLS/shift_led/solution1/.autopilot/db/shift_led.tbgen.tcl 
Execute     source D:/PJ_for_HLS/shift_led/solution1/.autopilot/db/global.setting.tcl 
Execute     get_config_sdx -target 
INFO-FLOW: DBG:CMD:       generate_ip_auxiliary
Execute     source D:/PJ_for_HLS/shift_led/solution1/.autopilot/db/global.setting.tcl 
INFO-FLOW: DBG:CMD:       prepArgInfo -> loadAnalyze_DB top_module=shift_led
Execute     source D:/PJ_for_HLS/shift_led/solution1/.autopilot/db/shift_led.rtl_wrap.cfg.tcl 
Execute     source D:/PJ_for_HLS/shift_led/solution1/.autopilot/db/shift_led.rtl_wrap.cfg.tcl 
Execute     source D:/PJ_for_HLS/shift_led/solution1/.autopilot/db/shift_led.rtl_wrap.cfg.tcl 
Execute     source D:/PJ_for_HLS/shift_led/solution1/.autopilot/db/shift_led.tbgen.tcl 
Execute     source D:/PJ_for_HLS/shift_led/solution1/.autopilot/db/shift_led.tbgen.tcl 
Execute     source D:/PJ_for_HLS/shift_led/solution1/.autopilot/db/shift_led.tbgen.tcl 
INFO-FLOW: DBG:CMD:       generate_top_info
INFO-FLOW: DBG:CMD:       prepArgInfo -> loadAnalyze_DB top_module=shift_led
Execute     source D:/PJ_for_HLS/shift_led/solution1/.autopilot/db/shift_led.rtl_wrap.cfg.tcl 
Execute     source D:/PJ_for_HLS/shift_led/solution1/.autopilot/db/shift_led.rtl_wrap.cfg.tcl 
Execute     source D:/PJ_for_HLS/shift_led/solution1/.autopilot/db/shift_led.rtl_wrap.cfg.tcl 
Execute     source D:/PJ_for_HLS/shift_led/solution1/.autopilot/db/shift_led.tbgen.tcl 
Execute     source D:/PJ_for_HLS/shift_led/solution1/.autopilot/db/shift_led.tbgen.tcl 
Execute     source D:/PJ_for_HLS/shift_led/solution1/.autopilot/db/shift_led.tbgen.tcl 
Execute     source D:/PJ_for_HLS/shift_led/solution1/.autopilot/db/global.setting.tcl 
Execute     source D:/PJ_for_HLS/shift_led/solution1/.autopilot/db/shift_led.constraint.tcl 
INFO-FLOW: DBG:CMD:       generate_ipi_example_script
INFO-FLOW: DBG:CMD:       generate_syn_sh
Execute     source D:/PJ_for_HLS/shift_led/solution1/.autopilot/db/global.setting.tcl 
Execute     source D:/PJ_for_HLS/shift_led/solution1/.autopilot/db/global.setting.tcl 
INFO-FLOW: DBG:CMD:       generate_imp_constraints
Execute     source D:/PJ_for_HLS/shift_led/solution1/.autopilot/db/shift_led.constraint.tcl 
Execute     source D:/PJ_for_HLS/shift_led/solution1/.autopilot/db/shift_led.tbgen.tcl 
Execute     source D:/PJ_for_HLS/shift_led/solution1/.autopilot/db/shift_led.constraint.tcl 
Execute     source D:/PJ_for_HLS/shift_led/solution1/.autopilot/db/shift_led.tbgen.tcl 
INFO-FLOW: DBG:CMD:       copy-tb-rtl-files
INFO-FLOW: DBG:CMD:       copy-tb-data-files
INFO-FLOW: DBG:CMD:       delete-temp-dirs (skipped for debug)
INFO-FLOW: DBG:CMD: read_platform_lib D:/PJ_for_HLS/shift_led/solution1/.autopilot/db/global.setting.tcl
Execute     source E:/Xilinx/Vivado_2018.3/Vivado/2018.3/common/technology/generic/autopilot/common.gen 
Execute       source E:/Xilinx/Vivado_2018.3/Vivado/2018.3/common/technology/generic/autopilot/APCoreGen.gen 
Execute     source E:/Xilinx/Vivado_2018.3/Vivado/2018.3/common/technology/generic/autopilot/op.gen 
Execute     source E:/Xilinx/Vivado_2018.3/Vivado/2018.3/common/technology/generic/autopilot/op_simcore.gen 
Execute     source E:/Xilinx/Vivado_2018.3/Vivado/2018.3/common/technology/generic/autopilot/interface.gen 
Execute     source D:/PJ_for_HLS/shift_led/solution1/.autopilot/db/global.setting.tcl 
Execute     source E:/Xilinx/Vivado_2018.3/Vivado/2018.3/common/technology/xilinx/kintexu/kintexu.gen 
Execute       source E:/Xilinx/Vivado_2018.3/Vivado/2018.3/common/technology/xilinx/common/virtex.gen 
Execute         source E:/Xilinx/Vivado_2018.3/Vivado/2018.3/common/technology/xilinx/common/xilinx.gen 
Execute           source E:/Xilinx/Vivado_2018.3/Vivado/2018.3/common/technology/xilinx/interface/plb46.gen 
Execute           source E:/Xilinx/Vivado_2018.3/Vivado/2018.3/common/technology/xilinx/interface/fsl.gen 
Execute           source E:/Xilinx/Vivado_2018.3/Vivado/2018.3/common/technology/xilinx/interface/axi4.gen 
Execute           source E:/Xilinx/Vivado_2018.3/Vivado/2018.3/common/technology/xilinx/interface/nativeAXI4.gen 
Execute             source E:/Xilinx/Vivado_2018.3/Vivado/2018.3/common/technology/xilinx/interface/saxilite.gen 
Execute             source E:/Xilinx/Vivado_2018.3/Vivado/2018.3/common/technology/xilinx/interface/maxi.gen 
Execute           source E:/Xilinx/Vivado_2018.3/Vivado/2018.3/common/technology/xilinx/scripts/xilinxcoregen.gen 
Execute           source E:/Xilinx/Vivado_2018.3/Vivado/2018.3/common/technology/xilinx/interface/XilEDKCoreGen.gen 
Execute           source E:/Xilinx/Vivado_2018.3/Vivado/2018.3/common/technology/xilinx/ip/dds_compiler.gen 
Execute           source E:/Xilinx/Vivado_2018.3/Vivado/2018.3/common/technology/xilinx/ip/util.gen 
Execute           source E:/Xilinx/Vivado_2018.3/Vivado/2018.3/common/technology/xilinx/ip/xfft.gen 
Command           ap_source done; 0.102 sec.
Execute           source E:/Xilinx/Vivado_2018.3/Vivado/2018.3/common/technology/xilinx/ip/xfir.gen 
Command         ap_source done; 0.153 sec.
Execute         source E:/Xilinx/Vivado_2018.3/Vivado/2018.3/common/technology/xilinx/common/dsp48.gen 
Command       ap_source done; 0.156 sec.
Command     ap_source done; 0.157 sec.
Execute     source E:/Xilinx/Vivado_2018.3/Vivado/2018.3/common/technology/xilinx/kintexu/kintexu_fpv7.gen 
Execute       source E:/Xilinx/Vivado_2018.3/Vivado/2018.3/common/technology/xilinx/common/xilinx_fpv6.gen 
INFO-FLOW: DBG:CMD:     exec D:/PJ_for_HLS/shift_led/solution1/impl/ip/pack.bat
Command   export_design done; 72.134 sec.
Command ap_source done; 72.532 sec.
Execute cleanup_all 
