==============================================================
File generated on Sat Jul 25 15:23:14 +0800 2020
Vivado(TM) HLS - High-Level Synthesis from C, C++ and SystemC v2018.3 (64-bit)
SW Build 2405991 on Thu Dec  6 23:38:27 MST 2018
IP Build 2404404 on Fri Dec  7 01:43:56 MST 2018
Copyright 1986-2018 Xilinx, Inc. All Rights Reserved.
==============================================================
INFO: [SYN 201-201] Setting up clock 'default' with a period of 10ns.
INFO: [HLS 200-10] Setting target device to 'xcku115-flvd1517-2-e'
INFO: [SYN 201-201] Setting up clock 'default' with a period of 10ns.
INFO: [SCHED 204-61] Option 'relax_ii_for_timing' is enabled, will increase II to preserve clock frequency constraints.
INFO: [HLS 200-10] Analyzing design file 'Sobel/src/Top.cpp' ... 
ERROR: [HLS 200-70] Compilation errors found: In file included from Sobel/src/Top.cpp:1:
Sobel/src/Top.cpp:8:1: error: use of undeclared identifier 'metadata'
metadata="-bus_bundle CONTROL_BUS"
^
Sobel/src/Top.cpp:23:34: error: use of undeclared identifier 'img_0'
 hls::AXIvideo2Mat(INPUT_STREAM, img_0);
                                 ^
Sobel/src/Top.cpp:24:20: error: use of undeclared identifier 'img_0'
 hls::Sobel<1,0,3>(img_0, img_1);
                   ^
3 errors generated.
==============================================================
File generated on Sat Jul 25 15:31:21 +0800 2020
Vivado(TM) HLS - High-Level Synthesis from C, C++ and SystemC v2018.3 (64-bit)
SW Build 2405991 on Thu Dec  6 23:38:27 MST 2018
IP Build 2404404 on Fri Dec  7 01:43:56 MST 2018
Copyright 1986-2018 Xilinx, Inc. All Rights Reserved.
==============================================================
INFO: [SYN 201-201] Setting up clock 'default' with a period of 10ns.
INFO: [HLS 200-10] Setting target device to 'xcku115-flvd1517-2-e'
INFO: [SCHED 204-61] Option 'relax_ii_for_timing' is enabled, will increase II to preserve clock frequency constraints.
INFO: [HLS 200-10] Analyzing design file 'Sobel/src/Top.cpp' ... 
INFO: [HLS 200-111] Finished Linking Time (s): cpu = 00:00:01 ; elapsed = 00:00:44 . Memory (MB): peak = 105.555 ; gain = 21.051
INFO: [HLS 200-111] Finished Checking Pragmas Time (s): cpu = 00:00:01 ; elapsed = 00:00:44 . Memory (MB): peak = 105.555 ; gain = 21.051
INFO: [HLS 200-10] Starting code transformations ...
INFO: [XFORM 203-603] Inlining function 'hls::Mat<1080, 1920, 4096>::init' into 'hls::Mat<1080, 1920, 4096>::Mat.1' (E:/Xilinx/Vivado_2018.3/Vivado/2018.3/common/technology/autopilot/hls/hls_video_core.h:642).
INFO: [XFORM 203-603] Inlining function 'hls::AXIGetBitFields<32, unsigned char>.1' into 'hls::AXIGetBitFields<32, unsigned char>' (E:/Xilinx/Vivado_2018.3/Vivado/2018.3/common/technology/autopilot/hls/hls_axi_io.h:71).
INFO: [XFORM 203-603] Inlining function 'hls::AXIGetBitFields<32, unsigned char>' into 'hls::AXIvideo2Mat<32, 1080, 1920, 4096>' (E:/Xilinx/Vivado_2018.3/Vivado/2018.3/common/technology/autopilot/hls/hls_video_io.h:92).
INFO: [XFORM 203-603] Inlining function 'hls::Mat<1080, 1920, 4096>::write' into 'hls::Mat<1080, 1920, 4096>::operator<<' (E:/Xilinx/Vivado_2018.3/Vivado/2018.3/common/technology/autopilot/hls/hls_video_core.h:717).
INFO: [XFORM 203-603] Inlining function 'hls::Mat<1080, 1920, 4096>::operator<<' into 'hls::arithm_pro<hls::kernel_sub, 1080, 1920, 4096, unsigned char, 4096, int, int, int>' (E:/Xilinx/Vivado_2018.3/Vivado/2018.3/common/technology/autopilot/hls/hls_video_arithm.h:436).
INFO: [XFORM 203-603] Inlining function 'hls::Mat<1080, 1920, 4096>::operator<<' into 'hls::arithm_pro<hls::kernel_scale, 1080, 1920, 4096, unsigned char, 4096, int, int, int>' (E:/Xilinx/Vivado_2018.3/Vivado/2018.3/common/technology/autopilot/hls/hls_video_arithm.h:436).
INFO: [XFORM 203-603] Inlining function 'hls::Mat<1080, 1920, 4096>::operator<<' into 'hls::AXIvideo2Mat<32, 1080, 1920, 4096>' (E:/Xilinx/Vivado_2018.3/Vivado/2018.3/common/technology/autopilot/hls/hls_video_io.h:94).
INFO: [XFORM 203-603] Inlining function 'hls::Window<1, 3, ap_int<8> >::getval' into 'hls::Window<1, 3, ap_int<8> >::operator()' (E:/Xilinx/Vivado_2018.3/Vivado/2018.3/common/technology/autopilot/hls/hls_video_mem.h:501).
INFO: [XFORM 203-603] Inlining function 'hls::Window<1, 3, ap_int<8> >::operator()' into 'hls::Sobel_kernel<1, 0, 3, ap_int<8> >' (E:/Xilinx/Vivado_2018.3/Vivado/2018.3/common/technology/autopilot/hls/hls_video_imgproc.h:2591).
INFO: [XFORM 203-603] Inlining function 'hls::Window<1, 3, ap_int<8> >::operator()' into 'hls::Sobel_kernel<1, 0, 3, ap_int<8> >' (E:/Xilinx/Vivado_2018.3/Vivado/2018.3/common/technology/autopilot/hls/hls_video_imgproc.h:2599).
INFO: [XFORM 203-603] Inlining function 'hls::Window<3, 1, ap_int<8> >::getval' into 'hls::Window<3, 1, ap_int<8> >::operator()' (E:/Xilinx/Vivado_2018.3/Vivado/2018.3/common/technology/autopilot/hls/hls_video_mem.h:501).
INFO: [XFORM 203-603] Inlining function 'hls::Window<3, 1, ap_int<8> >::operator()' into 'hls::Sobel_kernel<1, 0, 3, ap_int<8> >' (E:/Xilinx/Vivado_2018.3/Vivado/2018.3/common/technology/autopilot/hls/hls_video_imgproc.h:2593).
INFO: [XFORM 203-603] Inlining function 'hls::Window<3, 1, ap_int<8> >::operator()' into 'hls::Sobel_kernel<1, 0, 3, ap_int<8> >' (E:/Xilinx/Vivado_2018.3/Vivado/2018.3/common/technology/autopilot/hls/hls_video_imgproc.h:2599).
INFO: [XFORM 203-603] Inlining function 'hls::Window<3, 3, ap_int<8> >::getval' into 'hls::Window<3, 3, ap_int<8> >::operator()' (E:/Xilinx/Vivado_2018.3/Vivado/2018.3/common/technology/autopilot/hls/hls_video_mem.h:501).
INFO: [XFORM 203-603] Inlining function 'hls::Window<3, 3, ap_int<8> >::operator()' into 'hls::Sobel_kernel<1, 0, 3, ap_int<8> >' (E:/Xilinx/Vivado_2018.3/Vivado/2018.3/common/technology/autopilot/hls/hls_video_imgproc.h:2599).
INFO: [XFORM 203-603] Inlining function 'hls::normalizeAnchor<int, int>' into 'hls::filter_opr<hls::filter2d_kernel, hls::BORDER_DEFAULT>::filter<4096, 4096, ap_int<8>, int, 1080, 1920, 3, 3>' (E:/Xilinx/Vivado_2018.3/Vivado/2018.3/common/technology/autopilot/hls/hls_video_imgproc.h:424).
INFO: [XFORM 203-603] Inlining function 'hls::normalizeAnchor<int, int>' into 'hls::filter_opr<hls::erode_kernel, hls::BORDER_REPLICATE>::filter<4096, 4096, unsigned char, int, 1080, 1920, 3, 3>' (E:/Xilinx/Vivado_2018.3/Vivado/2018.3/common/technology/autopilot/hls/hls_video_imgproc.h:424).
INFO: [XFORM 203-603] Inlining function 'hls::normalizeAnchor<int, int>' into 'hls::filter_opr<hls::dilate_kernel, hls::BORDER_REPLICATE>::filter<4096, 4096, unsigned char, int, 1080, 1920, 3, 3>' (E:/Xilinx/Vivado_2018.3/Vivado/2018.3/common/technology/autopilot/hls/hls_video_imgproc.h:424).
INFO: [XFORM 203-603] Inlining function 'hls::filter_opr<hls::filter2d_kernel, hls::BORDER_DEFAULT>::get_parameters<3, 3, int>' into 'hls::filter_opr<hls::filter2d_kernel, hls::BORDER_DEFAULT>::filter<4096, 4096, ap_int<8>, int, 1080, 1920, 3, 3>' (E:/Xilinx/Vivado_2018.3/Vivado/2018.3/common/technology/autopilot/hls/hls_video_imgproc.h:434).
INFO: [XFORM 203-603] Inlining function 'hls::borderInterpolate' into 'hls::filter_opr<hls::filter2d_kernel, hls::BORDER_DEFAULT>::filter<4096, 4096, ap_int<8>, int, 1080, 1920, 3, 3>' (E:/Xilinx/Vivado_2018.3/Vivado/2018.3/common/technology/autopilot/hls/hls_video_imgproc.h:506).
INFO: [XFORM 203-603] Inlining function 'hls::borderInterpolate' into 'hls::filter_opr<hls::filter2d_kernel, hls::BORDER_DEFAULT>::filter<4096, 4096, ap_int<8>, int, 1080, 1920, 3, 3>' (E:/Xilinx/Vivado_2018.3/Vivado/2018.3/common/technology/autopilot/hls/hls_video_imgproc.h:470).
INFO: [XFORM 203-603] Inlining function 'hls::borderInterpolate' into 'hls::filter_opr<hls::filter2d_kernel, hls::BORDER_DEFAULT>::filter<4096, 4096, ap_int<8>, int, 1080, 1920, 3, 3>' (E:/Xilinx/Vivado_2018.3/Vivado/2018.3/common/technology/autopilot/hls/hls_video_imgproc.h:452).
INFO: [XFORM 203-603] Inlining function 'hls::borderInterpolate' into 'hls::filter_opr<hls::erode_kernel, hls::BORDER_REPLICATE>::filter<4096, 4096, unsigned char, int, 1080, 1920, 3, 3>' (E:/Xilinx/Vivado_2018.3/Vivado/2018.3/common/technology/autopilot/hls/hls_video_imgproc.h:506).
INFO: [XFORM 203-603] Inlining function 'hls::borderInterpolate' into 'hls::filter_opr<hls::erode_kernel, hls::BORDER_REPLICATE>::filter<4096, 4096, unsigned char, int, 1080, 1920, 3, 3>' (E:/Xilinx/Vivado_2018.3/Vivado/2018.3/common/technology/autopilot/hls/hls_video_imgproc.h:470).
INFO: [XFORM 203-603] Inlining function 'hls::borderInterpolate' into 'hls::filter_opr<hls::erode_kernel, hls::BORDER_REPLICATE>::filter<4096, 4096, unsigned char, int, 1080, 1920, 3, 3>' (E:/Xilinx/Vivado_2018.3/Vivado/2018.3/common/technology/autopilot/hls/hls_video_imgproc.h:452).
INFO: [XFORM 203-603] Inlining function 'hls::borderInterpolate' into 'hls::filter_opr<hls::dilate_kernel, hls::BORDER_REPLICATE>::filter<4096, 4096, unsigned char, int, 1080, 1920, 3, 3>' (E:/Xilinx/Vivado_2018.3/Vivado/2018.3/common/technology/autopilot/hls/hls_video_imgproc.h:506).
INFO: [XFORM 203-603] Inlining function 'hls::borderInterpolate' into 'hls::filter_opr<hls::dilate_kernel, hls::BORDER_REPLICATE>::filter<4096, 4096, unsigned char, int, 1080, 1920, 3, 3>' (E:/Xilinx/Vivado_2018.3/Vivado/2018.3/common/technology/autopilot/hls/hls_video_imgproc.h:470).
INFO: [XFORM 203-603] Inlining function 'hls::borderInterpolate' into 'hls::filter_opr<hls::dilate_kernel, hls::BORDER_REPLICATE>::filter<4096, 4096, unsigned char, int, 1080, 1920, 3, 3>' (E:/Xilinx/Vivado_2018.3/Vivado/2018.3/common/technology/autopilot/hls/hls_video_imgproc.h:452).
INFO: [XFORM 203-603] Inlining function 'hls::Window<3, 3, unsigned char>::getval' into 'hls::Window<3, 3, unsigned char>::operator()' (E:/Xilinx/Vivado_2018.3/Vivado/2018.3/common/technology/autopilot/hls/hls_video_mem.h:501).
INFO: [XFORM 203-603] Inlining function 'hls::Window<3, 3, unsigned char>::operator()' into 'hls::filter_opr<hls::filter2d_kernel, hls::BORDER_DEFAULT>::filter<4096, 4096, ap_int<8>, int, 1080, 1920, 3, 3>' (E:/Xilinx/Vivado_2018.3/Vivado/2018.3/common/technology/autopilot/hls/hls_video_imgproc.h:507).
INFO: [XFORM 203-603] Inlining function 'hls::Window<3, 3, unsigned char>::operator()' into 'hls::filter_opr<hls::filter2d_kernel, hls::BORDER_DEFAULT>::filter<4096, 4096, ap_int<8>, int, 1080, 1920, 3, 3>' (E:/Xilinx/Vivado_2018.3/Vivado/2018.3/common/technology/autopilot/hls/hls_video_imgproc.h:503).
INFO: [XFORM 203-603] Inlining function 'hls::Window<3, 3, unsigned char>::operator()' into 'hls::filter_opr<hls::filter2d_kernel, hls::BORDER_DEFAULT>::filter<4096, 4096, ap_int<8>, int, 1080, 1920, 3, 3>' (E:/Xilinx/Vivado_2018.3/Vivado/2018.3/common/technology/autopilot/hls/hls_video_imgproc.h:484).
INFO: [XFORM 203-603] Inlining function 'hls::Window<3, 3, unsigned char>::operator()' into 'hls::filter_opr<hls::filter2d_kernel, hls::BORDER_DEFAULT>::filter<4096, 4096, ap_int<8>, int, 1080, 1920, 3, 3>' (E:/Xilinx/Vivado_2018.3/Vivado/2018.3/common/technology/autopilot/hls/hls_video_imgproc.h:481).
INFO: [XFORM 203-603] Inlining function 'hls::Window<3, 3, unsigned char>::operator()' into 'hls::filter_opr<hls::filter2d_kernel, hls::BORDER_DEFAULT>::filter<4096, 4096, ap_int<8>, int, 1080, 1920, 3, 3>' (E:/Xilinx/Vivado_2018.3/Vivado/2018.3/common/technology/autopilot/hls/hls_video_imgproc.h:481).
INFO: [XFORM 203-603] Inlining function 'hls::Window<3, 3, unsigned char>::operator()' into 'hls::filter_opr<hls::filter2d_kernel, hls::BORDER_DEFAULT>::filter<4096, 4096, ap_int<8>, int, 1080, 1920, 3, 3>' (E:/Xilinx/Vivado_2018.3/Vivado/2018.3/common/technology/autopilot/hls/hls_video_imgproc.h:458).
INFO: [XFORM 203-603] Inlining function 'hls::Window<3, 3, unsigned char>::operator()' into 'hls::filter_opr<hls::erode_kernel, hls::BORDER_REPLICATE>::filter<4096, 4096, unsigned char, int, 1080, 1920, 3, 3>' (E:/Xilinx/Vivado_2018.3/Vivado/2018.3/common/technology/autopilot/hls/hls_video_imgproc.h:507).
INFO: [XFORM 203-603] Inlining function 'hls::Window<3, 3, unsigned char>::operator()' into 'hls::filter_opr<hls::erode_kernel, hls::BORDER_REPLICATE>::filter<4096, 4096, unsigned char, int, 1080, 1920, 3, 3>' (E:/Xilinx/Vivado_2018.3/Vivado/2018.3/common/technology/autopilot/hls/hls_video_imgproc.h:503).
INFO: [XFORM 203-603] Inlining function 'hls::Window<3, 3, unsigned char>::operator()' into 'hls::filter_opr<hls::erode_kernel, hls::BORDER_REPLICATE>::filter<4096, 4096, unsigned char, int, 1080, 1920, 3, 3>' (E:/Xilinx/Vivado_2018.3/Vivado/2018.3/common/technology/autopilot/hls/hls_video_imgproc.h:484).
INFO: [XFORM 203-603] Inlining function 'hls::Window<3, 3, unsigned char>::operator()' into 'hls::filter_opr<hls::erode_kernel, hls::BORDER_REPLICATE>::filter<4096, 4096, unsigned char, int, 1080, 1920, 3, 3>' (E:/Xilinx/Vivado_2018.3/Vivado/2018.3/common/technology/autopilot/hls/hls_video_imgproc.h:481).
INFO: [XFORM 203-603] Inlining function 'hls::Window<3, 3, unsigned char>::operator()' into 'hls::filter_opr<hls::erode_kernel, hls::BORDER_REPLICATE>::filter<4096, 4096, unsigned char, int, 1080, 1920, 3, 3>' (E:/Xilinx/Vivado_2018.3/Vivado/2018.3/common/technology/autopilot/hls/hls_video_imgproc.h:481).
INFO: [XFORM 203-603] Inlining function 'hls::Window<3, 3, unsigned char>::operator()' into 'hls::filter_opr<hls::erode_kernel, hls::BORDER_REPLICATE>::filter<4096, 4096, unsigned char, int, 1080, 1920, 3, 3>' (E:/Xilinx/Vivado_2018.3/Vivado/2018.3/common/technology/autopilot/hls/hls_video_imgproc.h:458).
INFO: [XFORM 203-603] Inlining function 'hls::Window<3, 3, unsigned char>::operator()' into 'hls::filter_opr<hls::dilate_kernel, hls::BORDER_REPLICATE>::filter<4096, 4096, unsigned char, int, 1080, 1920, 3, 3>' (E:/Xilinx/Vivado_2018.3/Vivado/2018.3/common/technology/autopilot/hls/hls_video_imgproc.h:507).
INFO: [XFORM 203-603] Inlining function 'hls::Window<3, 3, unsigned char>::operator()' into 'hls::filter_opr<hls::dilate_kernel, hls::BORDER_REPLICATE>::filter<4096, 4096, unsigned char, int, 1080, 1920, 3, 3>' (E:/Xilinx/Vivado_2018.3/Vivado/2018.3/common/technology/autopilot/hls/hls_video_imgproc.h:503).
INFO: [XFORM 203-603] Inlining function 'hls::Window<3, 3, unsigned char>::operator()' into 'hls::filter_opr<hls::dilate_kernel, hls::BORDER_REPLICATE>::filter<4096, 4096, unsigned char, int, 1080, 1920, 3, 3>' (E:/Xilinx/Vivado_2018.3/Vivado/2018.3/common/technology/autopilot/hls/hls_video_imgproc.h:484).
INFO: [XFORM 203-603] Inlining function 'hls::Window<3, 3, unsigned char>::operator()' into 'hls::filter_opr<hls::dilate_kernel, hls::BORDER_REPLICATE>::filter<4096, 4096, unsigned char, int, 1080, 1920, 3, 3>' (E:/Xilinx/Vivado_2018.3/Vivado/2018.3/common/technology/autopilot/hls/hls_video_imgproc.h:481).
INFO: [XFORM 203-603] Inlining function 'hls::Window<3, 3, unsigned char>::operator()' into 'hls::filter_opr<hls::dilate_kernel, hls::BORDER_REPLICATE>::filter<4096, 4096, unsigned char, int, 1080, 1920, 3, 3>' (E:/Xilinx/Vivado_2018.3/Vivado/2018.3/common/technology/autopilot/hls/hls_video_imgproc.h:481).
INFO: [XFORM 203-603] Inlining function 'hls::Window<3, 3, unsigned char>::operator()' into 'hls::filter_opr<hls::dilate_kernel, hls::BORDER_REPLICATE>::filter<4096, 4096, unsigned char, int, 1080, 1920, 3, 3>' (E:/Xilinx/Vivado_2018.3/Vivado/2018.3/common/technology/autopilot/hls/hls_video_imgproc.h:458).
INFO: [XFORM 203-603] Inlining function 'hls::Window<3, 1, unsigned char>::getval' into 'hls::Window<3, 1, unsigned char>::operator()' (E:/Xilinx/Vivado_2018.3/Vivado/2018.3/common/technology/autopilot/hls/hls_video_mem.h:501).
INFO: [XFORM 203-603] Inlining function 'hls::Window<3, 1, unsigned char>::operator()' into 'hls::filter_opr<hls::dilate_kernel, hls::BORDER_REPLICATE>::filter<4096, 4096, unsigned char, int, 1080, 1920, 3, 3>' (E:/Xilinx/Vivado_2018.3/Vivado/2018.3/common/technology/autopilot/hls/hls_video_imgproc.h:458).
INFO: [XFORM 203-603] Inlining function 'hls::Window<3, 1, unsigned char>::operator()' into 'hls::filter_opr<hls::dilate_kernel, hls::BORDER_REPLICATE>::filter<4096, 4096, unsigned char, int, 1080, 1920, 3, 3>' (E:/Xilinx/Vivado_2018.3/Vivado/2018.3/common/technology/autopilot/hls/hls_video_imgproc.h:460).
INFO: [XFORM 203-603] Inlining function 'hls::Window<3, 1, unsigned char>::operator()' into 'hls::filter_opr<hls::dilate_kernel, hls::BORDER_REPLICATE>::filter<4096, 4096, unsigned char, int, 1080, 1920, 3, 3>' (E:/Xilinx/Vivado_2018.3/Vivado/2018.3/common/technology/autopilot/hls/hls_video_imgproc.h:484).
INFO: [XFORM 203-603] Inlining function 'hls::Window<3, 1, unsigned char>::operator()' into 'hls::filter_opr<hls::dilate_kernel, hls::BORDER_REPLICATE>::filter<4096, 4096, unsigned char, int, 1080, 1920, 3, 3>' (E:/Xilinx/Vivado_2018.3/Vivado/2018.3/common/technology/autopilot/hls/hls_video_imgproc.h:503).
INFO: [XFORM 203-603] Inlining function 'hls::Window<3, 1, unsigned char>::operator()' into 'hls::filter_opr<hls::dilate_kernel, hls::BORDER_REPLICATE>::filter<4096, 4096, unsigned char, int, 1080, 1920, 3, 3>' (E:/Xilinx/Vivado_2018.3/Vivado/2018.3/common/technology/autopilot/hls/hls_video_imgproc.h:507).
INFO: [XFORM 203-603] Inlining function 'hls::Window<3, 1, unsigned char>::operator()' into 'hls::filter_opr<hls::erode_kernel, hls::BORDER_REPLICATE>::filter<4096, 4096, unsigned char, int, 1080, 1920, 3, 3>' (E:/Xilinx/Vivado_2018.3/Vivado/2018.3/common/technology/autopilot/hls/hls_video_imgproc.h:458).
INFO: [XFORM 203-603] Inlining function 'hls::Window<3, 1, unsigned char>::operator()' into 'hls::filter_opr<hls::erode_kernel, hls::BORDER_REPLICATE>::filter<4096, 4096, unsigned char, int, 1080, 1920, 3, 3>' (E:/Xilinx/Vivado_2018.3/Vivado/2018.3/common/technology/autopilot/hls/hls_video_imgproc.h:460).
INFO: [XFORM 203-603] Inlining function 'hls::Window<3, 1, unsigned char>::operator()' into 'hls::filter_opr<hls::erode_kernel, hls::BORDER_REPLICATE>::filter<4096, 4096, unsigned char, int, 1080, 1920, 3, 3>' (E:/Xilinx/Vivado_2018.3/Vivado/2018.3/common/technology/autopilot/hls/hls_video_imgproc.h:484).
INFO: [XFORM 203-603] Inlining function 'hls::Window<3, 1, unsigned char>::operator()' into 'hls::filter_opr<hls::erode_kernel, hls::BORDER_REPLICATE>::filter<4096, 4096, unsigned char, int, 1080, 1920, 3, 3>' (E:/Xilinx/Vivado_2018.3/Vivado/2018.3/common/technology/autopilot/hls/hls_video_imgproc.h:503).
INFO: [XFORM 203-603] Inlining function 'hls::Window<3, 1, unsigned char>::operator()' into 'hls::filter_opr<hls::erode_kernel, hls::BORDER_REPLICATE>::filter<4096, 4096, unsigned char, int, 1080, 1920, 3, 3>' (E:/Xilinx/Vivado_2018.3/Vivado/2018.3/common/technology/autopilot/hls/hls_video_imgproc.h:507).
INFO: [XFORM 203-603] Inlining function 'hls::Window<3, 1, unsigned char>::operator()' into 'hls::filter_opr<hls::filter2d_kernel, hls::BORDER_DEFAULT>::filter<4096, 4096, ap_int<8>, int, 1080, 1920, 3, 3>' (E:/Xilinx/Vivado_2018.3/Vivado/2018.3/common/technology/autopilot/hls/hls_video_imgproc.h:458).
INFO: [XFORM 203-603] Inlining function 'hls::Window<3, 1, unsigned char>::operator()' into 'hls::filter_opr<hls::filter2d_kernel, hls::BORDER_DEFAULT>::filter<4096, 4096, ap_int<8>, int, 1080, 1920, 3, 3>' (E:/Xilinx/Vivado_2018.3/Vivado/2018.3/common/technology/autopilot/hls/hls_video_imgproc.h:460).
INFO: [XFORM 203-603] Inlining function 'hls::Window<3, 1, unsigned char>::operator()' into 'hls::filter_opr<hls::filter2d_kernel, hls::BORDER_DEFAULT>::filter<4096, 4096, ap_int<8>, int, 1080, 1920, 3, 3>' (E:/Xilinx/Vivado_2018.3/Vivado/2018.3/common/technology/autopilot/hls/hls_video_imgproc.h:484).
INFO: [XFORM 203-603] Inlining function 'hls::Window<3, 1, unsigned char>::operator()' into 'hls::filter_opr<hls::filter2d_kernel, hls::BORDER_DEFAULT>::filter<4096, 4096, ap_int<8>, int, 1080, 1920, 3, 3>' (E:/Xilinx/Vivado_2018.3/Vivado/2018.3/common/technology/autopilot/hls/hls_video_imgproc.h:503).
INFO: [XFORM 203-603] Inlining function 'hls::Window<3, 1, unsigned char>::operator()' into 'hls::filter_opr<hls::filter2d_kernel, hls::BORDER_DEFAULT>::filter<4096, 4096, ap_int<8>, int, 1080, 1920, 3, 3>' (E:/Xilinx/Vivado_2018.3/Vivado/2018.3/common/technology/autopilot/hls/hls_video_imgproc.h:507).
INFO: [XFORM 203-603] Inlining function 'hls::LineBuffer<6, 1920, unsigned char, 0>::getval' into 'hls::LineBuffer<6, 1920, unsigned char, 0>::operator()' (E:/Xilinx/Vivado_2018.3/Vivado/2018.3/common/technology/autopilot/hls/hls_video_mem.h:843).
INFO: [XFORM 203-603] Inlining function 'hls::LineBuffer<6, 1920, unsigned char, 0>::operator()' into 'hls::filter_opr<hls::filter2d_kernel, hls::BORDER_DEFAULT>::filter<4096, 4096, ap_int<8>, int, 1080, 1920, 3, 3>' (E:/Xilinx/Vivado_2018.3/Vivado/2018.3/common/technology/autopilot/hls/hls_video_imgproc.h:493).
INFO: [XFORM 203-603] Inlining function 'hls::LineBuffer<6, 1920, unsigned char, 0>::operator()' into 'hls::filter_opr<hls::filter2d_kernel, hls::BORDER_DEFAULT>::filter<4096, 4096, ap_int<8>, int, 1080, 1920, 3, 3>' (E:/Xilinx/Vivado_2018.3/Vivado/2018.3/common/technology/autopilot/hls/hls_video_imgproc.h:489).
INFO: [XFORM 203-603] Inlining function 'hls::LineBuffer<6, 1920, unsigned char, 0>::operator()' into 'hls::filter_opr<hls::filter2d_kernel, hls::BORDER_DEFAULT>::filter<4096, 4096, ap_int<8>, int, 1080, 1920, 3, 3>' (E:/Xilinx/Vivado_2018.3/Vivado/2018.3/common/technology/autopilot/hls/hls_video_imgproc.h:489).
INFO: [XFORM 203-603] Inlining function 'hls::LineBuffer<6, 1920, unsigned char, 0>::operator()' into 'hls::filter_opr<hls::filter2d_kernel, hls::BORDER_DEFAULT>::filter<4096, 4096, ap_int<8>, int, 1080, 1920, 3, 3>' (E:/Xilinx/Vivado_2018.3/Vivado/2018.3/common/technology/autopilot/hls/hls_video_imgproc.h:472).
INFO: [XFORM 203-603] Inlining function 'hls::LineBuffer<6, 1920, unsigned char, 0>::operator()' into 'hls::filter_opr<hls::filter2d_kernel, hls::BORDER_DEFAULT>::filter<4096, 4096, ap_int<8>, int, 1080, 1920, 3, 3>' (E:/Xilinx/Vivado_2018.3/Vivado/2018.3/common/technology/autopilot/hls/hls_video_imgproc.h:460).
INFO: [XFORM 203-603] Inlining function 'hls::LineBuffer<6, 1920, unsigned char, 0>::operator()' into 'hls::filter_opr<hls::erode_kernel, hls::BORDER_REPLICATE>::filter<4096, 4096, unsigned char, int, 1080, 1920, 3, 3>' (E:/Xilinx/Vivado_2018.3/Vivado/2018.3/common/technology/autopilot/hls/hls_video_imgproc.h:493).
INFO: [XFORM 203-603] Inlining function 'hls::LineBuffer<6, 1920, unsigned char, 0>::operator()' into 'hls::filter_opr<hls::erode_kernel, hls::BORDER_REPLICATE>::filter<4096, 4096, unsigned char, int, 1080, 1920, 3, 3>' (E:/Xilinx/Vivado_2018.3/Vivado/2018.3/common/technology/autopilot/hls/hls_video_imgproc.h:489).
INFO: [XFORM 203-603] Inlining function 'hls::LineBuffer<6, 1920, unsigned char, 0>::operator()' into 'hls::filter_opr<hls::erode_kernel, hls::BORDER_REPLICATE>::filter<4096, 4096, unsigned char, int, 1080, 1920, 3, 3>' (E:/Xilinx/Vivado_2018.3/Vivado/2018.3/common/technology/autopilot/hls/hls_video_imgproc.h:489).
INFO: [XFORM 203-603] Inlining function 'hls::LineBuffer<6, 1920, unsigned char, 0>::operator()' into 'hls::filter_opr<hls::erode_kernel, hls::BORDER_REPLICATE>::filter<4096, 4096, unsigned char, int, 1080, 1920, 3, 3>' (E:/Xilinx/Vivado_2018.3/Vivado/2018.3/common/technology/autopilot/hls/hls_video_imgproc.h:472).
INFO: [XFORM 203-603] Inlining function 'hls::LineBuffer<6, 1920, unsigned char, 0>::operator()' into 'hls::filter_opr<hls::erode_kernel, hls::BORDER_REPLICATE>::filter<4096, 4096, unsigned char, int, 1080, 1920, 3, 3>' (E:/Xilinx/Vivado_2018.3/Vivado/2018.3/common/technology/autopilot/hls/hls_video_imgproc.h:460).
INFO: [XFORM 203-603] Inlining function 'hls::LineBuffer<6, 1920, unsigned char, 0>::operator()' into 'hls::filter_opr<hls::dilate_kernel, hls::BORDER_REPLICATE>::filter<4096, 4096, unsigned char, int, 1080, 1920, 3, 3>' (E:/Xilinx/Vivado_2018.3/Vivado/2018.3/common/technology/autopilot/hls/hls_video_imgproc.h:493).
INFO: [XFORM 203-603] Inlining function 'hls::LineBuffer<6, 1920, unsigned char, 0>::operator()' into 'hls::filter_opr<hls::dilate_kernel, hls::BORDER_REPLICATE>::filter<4096, 4096, unsigned char, int, 1080, 1920, 3, 3>' (E:/Xilinx/Vivado_2018.3/Vivado/2018.3/common/technology/autopilot/hls/hls_video_imgproc.h:489).
INFO: [XFORM 203-603] Inlining function 'hls::LineBuffer<6, 1920, unsigned char, 0>::operator()' into 'hls::filter_opr<hls::dilate_kernel, hls::BORDER_REPLICATE>::filter<4096, 4096, unsigned char, int, 1080, 1920, 3, 3>' (E:/Xilinx/Vivado_2018.3/Vivado/2018.3/common/technology/autopilot/hls/hls_video_imgproc.h:489).
INFO: [XFORM 203-603] Inlining function 'hls::LineBuffer<6, 1920, unsigned char, 0>::operator()' into 'hls::filter_opr<hls::dilate_kernel, hls::BORDER_REPLICATE>::filter<4096, 4096, unsigned char, int, 1080, 1920, 3, 3>' (E:/Xilinx/Vivado_2018.3/Vivado/2018.3/common/technology/autopilot/hls/hls_video_imgproc.h:472).
INFO: [XFORM 203-603] Inlining function 'hls::LineBuffer<6, 1920, unsigned char, 0>::operator()' into 'hls::filter_opr<hls::dilate_kernel, hls::BORDER_REPLICATE>::filter<4096, 4096, unsigned char, int, 1080, 1920, 3, 3>' (E:/Xilinx/Vivado_2018.3/Vivado/2018.3/common/technology/autopilot/hls/hls_video_imgproc.h:460).
INFO: [XFORM 203-603] Inlining function 'hls::Window<3, 3, unsigned char>::shift_pixels_right' into 'hls::Window<3, 3, unsigned char>::shift_right' (E:/Xilinx/Vivado_2018.3/Vivado/2018.3/common/technology/autopilot/hls/hls_video_mem.h:543).
INFO: [XFORM 203-603] Inlining function 'hls::Window<3, 3, unsigned char>::shift_right' into 'hls::filter_opr<hls::filter2d_kernel, hls::BORDER_DEFAULT>::filter<4096, 4096, ap_int<8>, int, 1080, 1920, 3, 3>' (E:/Xilinx/Vivado_2018.3/Vivado/2018.3/common/technology/autopilot/hls/hls_video_imgproc.h:499).
INFO: [XFORM 203-603] Inlining function 'hls::Window<3, 3, unsigned char>::shift_right' into 'hls::filter_opr<hls::erode_kernel, hls::BORDER_REPLICATE>::filter<4096, 4096, unsigned char, int, 1080, 1920, 3, 3>' (E:/Xilinx/Vivado_2018.3/Vivado/2018.3/common/technology/autopilot/hls/hls_video_imgproc.h:499).
INFO: [XFORM 203-603] Inlining function 'hls::Window<3, 3, unsigned char>::shift_right' into 'hls::filter_opr<hls::dilate_kernel, hls::BORDER_REPLICATE>::filter<4096, 4096, unsigned char, int, 1080, 1920, 3, 3>' (E:/Xilinx/Vivado_2018.3/Vivado/2018.3/common/technology/autopilot/hls/hls_video_imgproc.h:499).
INFO: [XFORM 203-603] Inlining function 'hls::filter2d_kernel::apply<unsigned char, ap_fixed<20, 20, (ap_q_mode)5, (ap_o_mode)3, 0>, ap_int<8>, 3, 3>' into 'hls::filter2d_kernel::apply<unsigned char, unsigned char, ap_int<8>, 3, 3>' (E:/Xilinx/Vivado_2018.3/Vivado/2018.3/common/technology/autopilot/hls/hls_video_imgproc.h:303).
INFO: [XFORM 203-603] Inlining function 'hls::filter2d_kernel::apply<unsigned char, unsigned char, ap_int<8>, 3, 3>' into 'hls::filter_opr<hls::filter2d_kernel, hls::BORDER_DEFAULT>::filter<4096, 4096, ap_int<8>, int, 1080, 1920, 3, 3>' (E:/Xilinx/Vivado_2018.3/Vivado/2018.3/common/technology/autopilot/hls/hls_video_imgproc.h:514).
INFO: [XFORM 203-603] Inlining function 'hls::filter_opr<hls::filter2d_kernel, hls::BORDER_DEFAULT>::filter<4096, 4096, ap_int<8>, int, 1080, 1920, 3, 3>' into 'hls::Filter2D<hls::BORDER_DEFAULT, 4096, 4096, ap_int<8>, int, 1080, 1920, 3, 3>' (E:/Xilinx/Vivado_2018.3/Vivado/2018.3/common/technology/autopilot/hls/hls_video_imgproc.h:1289).
INFO: [XFORM 203-603] Inlining function 'hls::Mat<1080, 1920, 4096>::read' into 'hls::Mat<1080, 1920, 4096>::operator>>' (E:/Xilinx/Vivado_2018.3/Vivado/2018.3/common/technology/autopilot/hls/hls_video_core.h:711).
INFO: [XFORM 203-603] Inlining function 'hls::Mat<1080, 1920, 4096>::operator>>' into 'hls::arithm_pro<hls::kernel_sub, 1080, 1920, 4096, unsigned char, 4096, int, int, int>' (E:/Xilinx/Vivado_2018.3/Vivado/2018.3/common/technology/autopilot/hls/hls_video_arithm.h:430).
INFO: [XFORM 203-603] Inlining function 'hls::Mat<1080, 1920, 4096>::operator>>' into 'hls::arithm_pro<hls::kernel_scale, 1080, 1920, 4096, unsigned char, 4096, int, int, int>' (E:/Xilinx/Vivado_2018.3/Vivado/2018.3/common/technology/autopilot/hls/hls_video_arithm.h:430).
INFO: [XFORM 203-603] Inlining function 'hls::Mat<1080, 1920, 4096>::operator>>' into 'hls::Mat2AXIvideo<32, 1080, 1920, 4096>' (E:/Xilinx/Vivado_2018.3/Vivado/2018.3/common/technology/autopilot/hls/hls_video_io.h:140).
INFO: [XFORM 203-603] Inlining function 'hls::kernel_sub::apply<unsigned char, unsigned char, unsigned char, int>' into 'hls::arithm_pro<hls::kernel_sub, 1080, 1920, 4096, unsigned char, 4096, int, int, int>' (E:/Xilinx/Vivado_2018.3/Vivado/2018.3/common/technology/autopilot/hls/hls_video_arithm.h:433).
INFO: [XFORM 203-603] Inlining function 'hls::kernel_scale::apply<unsigned char, unsigned char, unsigned char, int>' into 'hls::arithm_pro<hls::kernel_scale, 1080, 1920, 4096, unsigned char, 4096, int, int, int>' (E:/Xilinx/Vivado_2018.3/Vivado/2018.3/common/technology/autopilot/hls/hls_video_arithm.h:433).
INFO: [XFORM 203-603] Inlining function 'hls::getStructuringElement<unsigned char, int, int, 3, 3>' into 'hls::morp_opr<hls::erode_kernel, hls::BORDER_REPLICATE, 4096, 4096, 1080, 1920>' (E:/Xilinx/Vivado_2018.3/Vivado/2018.3/common/technology/autopilot/hls/hls_video_imgproc.h:1182).
INFO: [XFORM 203-603] Inlining function 'hls::getStructuringElement<unsigned char, int, int, 3, 3>' into 'hls::morp_opr<hls::dilate_kernel, hls::BORDER_REPLICATE, 4096, 4096, 1080, 1920>' (E:/Xilinx/Vivado_2018.3/Vivado/2018.3/common/technology/autopilot/hls/hls_video_imgproc.h:1182).
INFO: [XFORM 203-603] Inlining function 'hls::filter_opr<hls::erode_kernel, hls::BORDER_REPLICATE>::get_parameters<3, 3, int>' into 'hls::filter_opr<hls::erode_kernel, hls::BORDER_REPLICATE>::filter<4096, 4096, unsigned char, int, 1080, 1920, 3, 3>' (E:/Xilinx/Vivado_2018.3/Vivado/2018.3/common/technology/autopilot/hls/hls_video_imgproc.h:434).
INFO: [XFORM 203-603] Inlining function 'hls::erode_kernel::apply<unsigned char, unsigned char, unsigned char, 3, 3>' into 'hls::filter_opr<hls::erode_kernel, hls::BORDER_REPLICATE>::filter<4096, 4096, unsigned char, int, 1080, 1920, 3, 3>' (E:/Xilinx/Vivado_2018.3/Vivado/2018.3/common/technology/autopilot/hls/hls_video_imgproc.h:514).
INFO: [XFORM 203-603] Inlining function 'hls::filter_opr<hls::erode_kernel, hls::BORDER_REPLICATE>::filter<4096, 4096, unsigned char, int, 1080, 1920, 3, 3>' into 'hls::morp_opr<hls::erode_kernel, hls::BORDER_REPLICATE, 4096, 4096, 1080, 1920>' (E:/Xilinx/Vivado_2018.3/Vivado/2018.3/common/technology/autopilot/hls/hls_video_imgproc.h:1184).
INFO: [XFORM 203-603] Inlining function 'hls::morp_opr<hls::erode_kernel, hls::BORDER_REPLICATE, 4096, 4096, 1080, 1920>' into 'hls::Erode<4096, 4096, 1080, 1920>' (E:/Xilinx/Vivado_2018.3/Vivado/2018.3/common/technology/autopilot/hls/hls_video_imgproc.h:1231).
INFO: [XFORM 203-603] Inlining function 'hls::filter_opr<hls::dilate_kernel, hls::BORDER_REPLICATE>::get_parameters<3, 3, int>' into 'hls::filter_opr<hls::dilate_kernel, hls::BORDER_REPLICATE>::filter<4096, 4096, unsigned char, int, 1080, 1920, 3, 3>' (E:/Xilinx/Vivado_2018.3/Vivado/2018.3/common/technology/autopilot/hls/hls_video_imgproc.h:434).
INFO: [XFORM 203-603] Inlining function 'hls::dilate_kernel::apply<unsigned char, unsigned char, unsigned char, 3, 3>' into 'hls::filter_opr<hls::dilate_kernel, hls::BORDER_REPLICATE>::filter<4096, 4096, unsigned char, int, 1080, 1920, 3, 3>' (E:/Xilinx/Vivado_2018.3/Vivado/2018.3/common/technology/autopilot/hls/hls_video_imgproc.h:514).
INFO: [XFORM 203-603] Inlining function 'hls::filter_opr<hls::dilate_kernel, hls::BORDER_REPLICATE>::filter<4096, 4096, unsigned char, int, 1080, 1920, 3, 3>' into 'hls::morp_opr<hls::dilate_kernel, hls::BORDER_REPLICATE, 4096, 4096, 1080, 1920>' (E:/Xilinx/Vivado_2018.3/Vivado/2018.3/common/technology/autopilot/hls/hls_video_imgproc.h:1184).
INFO: [XFORM 203-603] Inlining function 'hls::morp_opr<hls::dilate_kernel, hls::BORDER_REPLICATE, 4096, 4096, 1080, 1920>' into 'hls::Dilate<4096, 4096, 1080, 1920>' (E:/Xilinx/Vivado_2018.3/Vivado/2018.3/common/technology/autopilot/hls/hls_video_imgproc.h:1258).
INFO: [XFORM 203-603] Inlining function 'hls::AXISetBitFields<32, unsigned char>.1' into 'hls::AXISetBitFields<32, unsigned char>' (E:/Xilinx/Vivado_2018.3/Vivado/2018.3/common/technology/autopilot/hls/hls_axi_io.h:100).
INFO: [XFORM 203-603] Inlining function 'hls::AXISetBitFields<32, unsigned char>' into 'hls::Mat2AXIvideo<32, 1080, 1920, 4096>' (E:/Xilinx/Vivado_2018.3/Vivado/2018.3/common/technology/autopilot/hls/hls_video_io.h:143).
INFO: [HLS 200-111] Finished Standard Transforms Time (s): cpu = 00:00:04 ; elapsed = 00:00:50 . Memory (MB): peak = 181.672 ; gain = 97.168
INFO: [HLS 200-10] Checking synthesizability ...
INFO: [XFORM 203-602] Inlining function 'hls::sr_cast_class<ap_uint<8> >::operator()<20, 20, (ap_q_mode)5, (ap_o_mode)3>' into 'hls::sr_cast<unsigned char, ap_fixed<20, 20, (ap_q_mode)5, (ap_o_mode)3, 0> >' (E:/Xilinx/Vivado_2018.3/Vivado/2018.3/common/technology/autopilot/hls/hls_video_types.h:500) automatically.
INFO: [XFORM 203-602] Inlining function 'hls::sr_cast<unsigned char, ap_fixed<20, 20, (ap_q_mode)5, (ap_o_mode)3, 0> >' into 'hls::Filter2D<hls::BORDER_DEFAULT, 4096, 4096, ap_int<8>, int, 1080, 1920, 3, 3>' (E:/Xilinx/Vivado_2018.3/Vivado/2018.3/common/technology/autopilot/hls/hls_video_imgproc.h:304->E:/Xilinx/Vivado_2018.3/Vivado/2018.3/common/technology/autopilot/hls/hls_video_imgproc.h:514->E:/Xilinx/Vivado_2018.3/Vivado/2018.3/common/technology/autopilot/hls/hls_video_imgproc.h:1289) automatically.
INFO: [XFORM 203-602] Inlining function 'hls::Sobel<1, 0, 3, hls::BORDER_DEFAULT, 4096, 4096, 1080, 1920, 1080, 1920>' into 'hls::Sobel<1, 0, 3, 4096, 4096, 1080, 1920, 1080, 1920>' (E:/Xilinx/Vivado_2018.3/Vivado/2018.3/common/technology/autopilot/hls/hls_video_imgproc.h:2627) automatically.
INFO: [XFORM 203-602] Inlining function 'hls::sr_cast_class<ap_uint<8> >::operator()<9>' into 'hls::sr_cast<unsigned char, ap_int<9> >' (E:/Xilinx/Vivado_2018.3/Vivado/2018.3/common/technology/autopilot/hls/hls_video_types.h:500) automatically.
INFO: [XFORM 203-602] Inlining function 'hls::sr_cast<unsigned char, ap_int<9> >' into 'hls::arithm_pro<hls::kernel_sub, 1080, 1920, 4096, unsigned char, 4096, int, int, int>' (E:/Xilinx/Vivado_2018.3/Vivado/2018.3/common/technology/autopilot/hls/hls_video_arithm.h:230->E:/Xilinx/Vivado_2018.3/Vivado/2018.3/common/technology/autopilot/hls/hls_video_arithm.h:433) automatically.
INFO: [XFORM 203-602] Inlining function 'hls::sr_cast_class<ap_uint<8> >::operator()<41>' into 'hls::sr_cast<unsigned char, ap_int<41> >' (E:/Xilinx/Vivado_2018.3/Vivado/2018.3/common/technology/autopilot/hls/hls_video_types.h:500) automatically.
INFO: [XFORM 203-602] Inlining function 'hls::sr_cast<unsigned char, ap_int<41> >' into 'hls::arithm_pro<hls::kernel_scale, 1080, 1920, 4096, unsigned char, 4096, int, int, int>' (E:/Xilinx/Vivado_2018.3/Vivado/2018.3/common/technology/autopilot/hls/hls_video_arithm.h:208->E:/Xilinx/Vivado_2018.3/Vivado/2018.3/common/technology/autopilot/hls/hls_video_arithm.h:433) automatically.
INFO: [XFORM 203-602] Inlining function 'std::numeric_limits<unsigned char>::max' into 'hls::numeric_limits<unsigned char>::max' (E:/Xilinx/Vivado_2018.3/Vivado/2018.3/common/technology/autopilot\utils/x_hls_utils.h:73) automatically.
INFO: [XFORM 203-602] Inlining function 'hls::numeric_limits<unsigned char>::max' into 'hls::Erode<4096, 4096, 1080, 1920>' (E:/Xilinx/Vivado_2018.3/Vivado/2018.3/common/technology/autopilot/hls/hls_video_imgproc.h:153->E:/Xilinx/Vivado_2018.3/Vivado/2018.3/common/technology/autopilot/hls/hls_video_imgproc.h:514->E:/Xilinx/Vivado_2018.3/Vivado/2018.3/common/technology/autopilot/hls/hls_video_imgproc.h:1184->E:/Xilinx/Vivado_2018.3/Vivado/2018.3/common/technology/autopilot/hls/hls_video_imgproc.h:1231) automatically.
INFO: [XFORM 203-602] Inlining function 'std::numeric_limits<unsigned char>::min' into 'hls::numeric_limits<unsigned char>::min' (E:/Xilinx/Vivado_2018.3/Vivado/2018.3/common/technology/autopilot\utils/x_hls_utils.h:74) automatically.
INFO: [XFORM 203-602] Inlining function 'hls::numeric_limits<unsigned char>::min' into 'hls::Dilate<4096, 4096, 1080, 1920>' (E:/Xilinx/Vivado_2018.3/Vivado/2018.3/common/technology/autopilot/hls/hls_video_imgproc.h:179->E:/Xilinx/Vivado_2018.3/Vivado/2018.3/common/technology/autopilot/hls/hls_video_imgproc.h:514->E:/Xilinx/Vivado_2018.3/Vivado/2018.3/common/technology/autopilot/hls/hls_video_imgproc.h:1184->E:/Xilinx/Vivado_2018.3/Vivado/2018.3/common/technology/autopilot/hls/hls_video_imgproc.h:1258) automatically.
WARNING: [SYNCHK 200-23] E:/Xilinx/Vivado_2018.3/Vivado/2018.3/common/technology/autopilot/hls/hls_axi_io.h:78: variable-indexed range selection may cause suboptimal QoR.
INFO: [SYNCHK 200-10] 0 error(s), 1 warning(s).
INFO: [HLS 200-111] Finished Checking Synthesizability Time (s): cpu = 00:00:05 ; elapsed = 00:00:52 . Memory (MB): peak = 228.934 ; gain = 144.430
WARNING: [XFORM 203-1103] Ignored data pack directive on non-struct variable 'img_2.data_stream.V' (Sobel/src/Top.cpp:14).
WARNING: [XFORM 203-1103] Ignored data pack directive on non-struct variable 'img_3.data_stream.V' (Sobel/src/Top.cpp:15).
WARNING: [XFORM 203-1103] Ignored data pack directive on non-struct variable 'img_0.data_stream.V' (Sobel/src/Top.cpp:12).
INFO: [XFORM 203-502] Unrolling all sub-loops inside loop 'loop_width' (E:/Xilinx/Vivado_2018.3/Vivado/2018.3/common/technology/autopilot/hls/hls_video_arithm.h:427) in function 'hls::arithm_pro<hls::kernel_sub, 1080, 1920, 4096, unsigned char, 4096, int, int, int>' for pipelining.
INFO: [XFORM 203-502] Unrolling all sub-loops inside loop 'loop_width' (E:/Xilinx/Vivado_2018.3/Vivado/2018.3/common/technology/autopilot/hls/hls_video_arithm.h:427) in function 'hls::arithm_pro<hls::kernel_scale, 1080, 1920, 4096, unsigned char, 4096, int, int, int>' for pipelining.
INFO: [XFORM 203-502] Unrolling all sub-loops inside loop 'loop_width' (E:/Xilinx/Vivado_2018.3/Vivado/2018.3/common/technology/autopilot/hls/hls_video_io.h:126) in function 'hls::Mat2AXIvideo<32, 1080, 1920, 4096>' for pipelining.
INFO: [XFORM 203-502] Unrolling all sub-loops inside loop 'loop_width' (E:/Xilinx/Vivado_2018.3/Vivado/2018.3/common/technology/autopilot/hls/hls_video_imgproc.h:444) in function 'hls::Filter2D<hls::BORDER_DEFAULT, 4096, 4096, ap_int<8>, int, 1080, 1920, 3, 3>' for pipelining.
INFO: [XFORM 203-502] Unrolling all sub-loops inside loop 'loop_width' (E:/Xilinx/Vivado_2018.3/Vivado/2018.3/common/technology/autopilot/hls/hls_video_imgproc.h:444) in function 'hls::Erode<4096, 4096, 1080, 1920>' for pipelining.
INFO: [XFORM 203-502] Unrolling all sub-loops inside loop 'loop_width' (E:/Xilinx/Vivado_2018.3/Vivado/2018.3/common/technology/autopilot/hls/hls_video_imgproc.h:444) in function 'hls::Dilate<4096, 4096, 1080, 1920>' for pipelining.
INFO: [XFORM 203-502] Unrolling all sub-loops inside loop 'loop_width' (E:/Xilinx/Vivado_2018.3/Vivado/2018.3/common/technology/autopilot/hls/hls_video_io.h:73) in function 'hls::AXIvideo2Mat<32, 1080, 1920, 4096>' for pipelining.
INFO: [HLS 200-489] Unrolling loop 'Loop-1.1.1' (E:/Xilinx/Vivado_2018.3/Vivado/2018.3/common/technology/autopilot/hls/hls_video_core.h:677) in function 'hls::arithm_pro<hls::kernel_sub, 1080, 1920, 4096, unsigned char, 4096, int, int, int>' completely with a factor of 3.
INFO: [HLS 200-489] Unrolling loop 'loop_channels' (E:/Xilinx/Vivado_2018.3/Vivado/2018.3/common/technology/autopilot/hls/hls_video_arithm.h:431) in function 'hls::arithm_pro<hls::kernel_sub, 1080, 1920, 4096, unsigned char, 4096, int, int, int>' completely with a factor of 3.
INFO: [HLS 200-489] Unrolling loop 'Loop-1.1.3' (E:/Xilinx/Vivado_2018.3/Vivado/2018.3/common/technology/autopilot/hls/hls_video_core.h:701) in function 'hls::arithm_pro<hls::kernel_sub, 1080, 1920, 4096, unsigned char, 4096, int, int, int>' completely with a factor of 3.
INFO: [HLS 200-489] Unrolling loop 'Loop-1.1.1' (E:/Xilinx/Vivado_2018.3/Vivado/2018.3/common/technology/autopilot/hls/hls_video_core.h:677) in function 'hls::arithm_pro<hls::kernel_scale, 1080, 1920, 4096, unsigned char, 4096, int, int, int>' completely with a factor of 3.
INFO: [HLS 200-489] Unrolling loop 'loop_channels' (E:/Xilinx/Vivado_2018.3/Vivado/2018.3/common/technology/autopilot/hls/hls_video_arithm.h:431) in function 'hls::arithm_pro<hls::kernel_scale, 1080, 1920, 4096, unsigned char, 4096, int, int, int>' completely with a factor of 3.
INFO: [HLS 200-489] Unrolling loop 'Loop-1.1.3' (E:/Xilinx/Vivado_2018.3/Vivado/2018.3/common/technology/autopilot/hls/hls_video_core.h:701) in function 'hls::arithm_pro<hls::kernel_scale, 1080, 1920, 4096, unsigned char, 4096, int, int, int>' completely with a factor of 3.
INFO: [HLS 200-489] Unrolling loop 'Loop-1.1.1' (E:/Xilinx/Vivado_2018.3/Vivado/2018.3/common/technology/autopilot/hls/hls_video_core.h:677) in function 'hls::Mat2AXIvideo<32, 1080, 1920, 4096>' completely with a factor of 3.
INFO: [HLS 200-489] Unrolling loop 'loop_channels' (E:/Xilinx/Vivado_2018.3/Vivado/2018.3/common/technology/autopilot/hls/hls_video_io.h:142) in function 'hls::Mat2AXIvideo<32, 1080, 1920, 4096>' completely with a factor of 3.
INFO: [HLS 200-489] Unrolling loop 'channelloop' (E:/Xilinx/Vivado_2018.3/Vivado/2018.3/common/technology/autopilot/hls/hls_video_imgproc.h:450) in function 'hls::Filter2D<hls::BORDER_DEFAULT, 4096, 4096, ap_int<8>, int, 1080, 1920, 3, 3>' completely with a factor of 3.
INFO: [HLS 200-489] Unrolling loop 'Loop-5.1.1.1' (E:/Xilinx/Vivado_2018.3/Vivado/2018.3/common/technology/autopilot/hls/hls_video_imgproc.h:456) in function 'hls::Filter2D<hls::BORDER_DEFAULT, 4096, 4096, ap_int<8>, int, 1080, 1920, 3, 3>' completely with a factor of 3.
INFO: [HLS 200-489] Unrolling loop 'Loop-5.1.1.2' (E:/Xilinx/Vivado_2018.3/Vivado/2018.3/common/technology/autopilot/hls/hls_video_imgproc.h:469) in function 'hls::Filter2D<hls::BORDER_DEFAULT, 4096, 4096, ap_int<8>, int, 1080, 1920, 3, 3>' completely with a factor of 6.
INFO: [HLS 200-489] Unrolling loop 'Loop-5.1.1.3' (E:/Xilinx/Vivado_2018.3/Vivado/2018.3/common/technology/autopilot/hls/hls_video_imgproc.h:478) in function 'hls::Filter2D<hls::BORDER_DEFAULT, 4096, 4096, ap_int<8>, int, 1080, 1920, 3, 3>' completely with a factor of 3.
INFO: [HLS 200-489] Unrolling loop 'Loop-5.1.1.3.1' (E:/Xilinx/Vivado_2018.3/Vivado/2018.3/common/technology/autopilot/hls/hls_video_imgproc.h:479) in function 'hls::Filter2D<hls::BORDER_DEFAULT, 4096, 4096, ap_int<8>, int, 1080, 1920, 3, 3>' completely with a factor of 2.
INFO: [HLS 200-489] Unrolling loop 'Loop-5.1.1.4' (E:/Xilinx/Vivado_2018.3/Vivado/2018.3/common/technology/autopilot/hls/hls_video_imgproc.h:487) in function 'hls::Filter2D<hls::BORDER_DEFAULT, 4096, 4096, ap_int<8>, int, 1080, 1920, 3, 3>' completely with a factor of 5.
INFO: [HLS 200-489] Unrolling loop 'Loop-5.1.1.5' (E:/Xilinx/Vivado_2018.3/Vivado/2018.3/common/technology/autopilot/hls/hls_video_mem.h:161) in function 'hls::Filter2D<hls::BORDER_DEFAULT, 4096, 4096, ap_int<8>, int, 1080, 1920, 3, 3>' completely with a factor of 3.
INFO: [HLS 200-489] Unrolling loop 'Loop-5.1.1.5.1' (E:/Xilinx/Vivado_2018.3/Vivado/2018.3/common/technology/autopilot/hls/hls_video_mem.h:163) in function 'hls::Filter2D<hls::BORDER_DEFAULT, 4096, 4096, ap_int<8>, int, 1080, 1920, 3, 3>' completely with a factor of 2.
INFO: [HLS 200-489] Unrolling loop 'Loop-5.1.1.6' (E:/Xilinx/Vivado_2018.3/Vivado/2018.3/common/technology/autopilot/hls/hls_video_imgproc.h:501) in function 'hls::Filter2D<hls::BORDER_DEFAULT, 4096, 4096, ap_int<8>, int, 1080, 1920, 3, 3>' completely with a factor of 3.
INFO: [HLS 200-489] Unrolling loop 'loop_height' (E:/Xilinx/Vivado_2018.3/Vivado/2018.3/common/technology/autopilot/hls/hls_video_imgproc.h:285) in function 'hls::Filter2D<hls::BORDER_DEFAULT, 4096, 4096, ap_int<8>, int, 1080, 1920, 3, 3>' completely with a factor of 3.
INFO: [HLS 200-489] Unrolling loop 'loop_width' (E:/Xilinx/Vivado_2018.3/Vivado/2018.3/common/technology/autopilot/hls/hls_video_imgproc.h:286) in function 'hls::Filter2D<hls::BORDER_DEFAULT, 4096, 4096, ap_int<8>, int, 1080, 1920, 3, 3>' completely with a factor of 3.
INFO: [HLS 200-489] Unrolling loop 'channelloop' (E:/Xilinx/Vivado_2018.3/Vivado/2018.3/common/technology/autopilot/hls/hls_video_imgproc.h:450) in function 'hls::Erode<4096, 4096, 1080, 1920>' completely with a factor of 3.
INFO: [HLS 200-489] Unrolling loop 'Loop-6.1.1.1' (E:/Xilinx/Vivado_2018.3/Vivado/2018.3/common/technology/autopilot/hls/hls_video_imgproc.h:456) in function 'hls::Erode<4096, 4096, 1080, 1920>' completely with a factor of 3.
INFO: [HLS 200-489] Unrolling loop 'Loop-6.1.1.2' (E:/Xilinx/Vivado_2018.3/Vivado/2018.3/common/technology/autopilot/hls/hls_video_imgproc.h:469) in function 'hls::Erode<4096, 4096, 1080, 1920>' completely with a factor of 6.
INFO: [HLS 200-489] Unrolling loop 'Loop-6.1.1.3' (E:/Xilinx/Vivado_2018.3/Vivado/2018.3/common/technology/autopilot/hls/hls_video_imgproc.h:478) in function 'hls::Erode<4096, 4096, 1080, 1920>' completely with a factor of 3.
INFO: [HLS 200-489] Unrolling loop 'Loop-6.1.1.4' (E:/Xilinx/Vivado_2018.3/Vivado/2018.3/common/technology/autopilot/hls/hls_video_imgproc.h:487) in function 'hls::Erode<4096, 4096, 1080, 1920>' completely with a factor of 5.
INFO: [HLS 200-489] Unrolling loop 'Loop-6.1.1.5' (E:/Xilinx/Vivado_2018.3/Vivado/2018.3/common/technology/autopilot/hls/hls_video_mem.h:161) in function 'hls::Erode<4096, 4096, 1080, 1920>' completely with a factor of 3.
INFO: [HLS 200-489] Unrolling loop 'Loop-6.1.1.5.1' (E:/Xilinx/Vivado_2018.3/Vivado/2018.3/common/technology/autopilot/hls/hls_video_mem.h:163) in function 'hls::Erode<4096, 4096, 1080, 1920>' completely with a factor of 2.
INFO: [HLS 200-489] Unrolling loop 'Loop-6.1.1.6' (E:/Xilinx/Vivado_2018.3/Vivado/2018.3/common/technology/autopilot/hls/hls_video_imgproc.h:501) in function 'hls::Erode<4096, 4096, 1080, 1920>' completely with a factor of 3.
INFO: [HLS 200-489] Unrolling loop 'loop_height' (E:/Xilinx/Vivado_2018.3/Vivado/2018.3/common/technology/autopilot/hls/hls_video_imgproc.h:155) in function 'hls::Erode<4096, 4096, 1080, 1920>' completely with a factor of 3.
INFO: [HLS 200-489] Unrolling loop 'loop_width' (E:/Xilinx/Vivado_2018.3/Vivado/2018.3/common/technology/autopilot/hls/hls_video_imgproc.h:157) in function 'hls::Erode<4096, 4096, 1080, 1920>' completely with a factor of 3.
INFO: [HLS 200-489] Unrolling loop 'channelloop' (E:/Xilinx/Vivado_2018.3/Vivado/2018.3/common/technology/autopilot/hls/hls_video_imgproc.h:450) in function 'hls::Dilate<4096, 4096, 1080, 1920>' completely with a factor of 3.
INFO: [HLS 200-489] Unrolling loop 'Loop-6.1.1.1' (E:/Xilinx/Vivado_2018.3/Vivado/2018.3/common/technology/autopilot/hls/hls_video_imgproc.h:456) in function 'hls::Dilate<4096, 4096, 1080, 1920>' completely with a factor of 3.
INFO: [HLS 200-489] Unrolling loop 'Loop-6.1.1.2' (E:/Xilinx/Vivado_2018.3/Vivado/2018.3/common/technology/autopilot/hls/hls_video_imgproc.h:469) in function 'hls::Dilate<4096, 4096, 1080, 1920>' completely with a factor of 6.
INFO: [HLS 200-489] Unrolling loop 'Loop-6.1.1.3' (E:/Xilinx/Vivado_2018.3/Vivado/2018.3/common/technology/autopilot/hls/hls_video_imgproc.h:478) in function 'hls::Dilate<4096, 4096, 1080, 1920>' completely with a factor of 3.
INFO: [HLS 200-489] Unrolling loop 'Loop-6.1.1.4' (E:/Xilinx/Vivado_2018.3/Vivado/2018.3/common/technology/autopilot/hls/hls_video_imgproc.h:487) in function 'hls::Dilate<4096, 4096, 1080, 1920>' completely with a factor of 5.
INFO: [HLS 200-489] Unrolling loop 'Loop-6.1.1.5' (E:/Xilinx/Vivado_2018.3/Vivado/2018.3/common/technology/autopilot/hls/hls_video_mem.h:161) in function 'hls::Dilate<4096, 4096, 1080, 1920>' completely with a factor of 3.
INFO: [HLS 200-489] Unrolling loop 'Loop-6.1.1.5.1' (E:/Xilinx/Vivado_2018.3/Vivado/2018.3/common/technology/autopilot/hls/hls_video_mem.h:163) in function 'hls::Dilate<4096, 4096, 1080, 1920>' completely with a factor of 2.
INFO: [HLS 200-489] Unrolling loop 'Loop-6.1.1.6' (E:/Xilinx/Vivado_2018.3/Vivado/2018.3/common/technology/autopilot/hls/hls_video_imgproc.h:501) in function 'hls::Dilate<4096, 4096, 1080, 1920>' completely with a factor of 3.
INFO: [HLS 200-489] Unrolling loop 'loop_height' (E:/Xilinx/Vivado_2018.3/Vivado/2018.3/common/technology/autopilot/hls/hls_video_imgproc.h:181) in function 'hls::Dilate<4096, 4096, 1080, 1920>' completely with a factor of 3.
INFO: [HLS 200-489] Unrolling loop 'loop_width' (E:/Xilinx/Vivado_2018.3/Vivado/2018.3/common/technology/autopilot/hls/hls_video_imgproc.h:183) in function 'hls::Dilate<4096, 4096, 1080, 1920>' completely with a factor of 3.
INFO: [HLS 200-489] Unrolling loop 'loop_channels' (E:/Xilinx/Vivado_2018.3/Vivado/2018.3/common/technology/autopilot/hls/hls_video_io.h:91) in function 'hls::AXIvideo2Mat<32, 1080, 1920, 4096>' completely with a factor of 3.
INFO: [HLS 200-489] Unrolling loop 'Loop-2.1.2' (E:/Xilinx/Vivado_2018.3/Vivado/2018.3/common/technology/autopilot/hls/hls_video_core.h:701) in function 'hls::AXIvideo2Mat<32, 1080, 1920, 4096>' completely with a factor of 3.
INFO: [XFORM 203-102] Partitioning array 's.val.assign' (E:/Xilinx/Vivado_2018.3/Vivado/2018.3/common/technology/autopilot/hls/hls_video_core.h:589) automatically.
INFO: [XFORM 203-102] Partitioning array 's.val.assign.1' (E:/Xilinx/Vivado_2018.3/Vivado/2018.3/common/technology/autopilot/hls/hls_video_core.h:589) automatically.
INFO: [XFORM 203-102] Partitioning array 's.val.assign.2' (E:/Xilinx/Vivado_2018.3/Vivado/2018.3/common/technology/autopilot/hls/hls_video_core.h:589) automatically.
INFO: [XFORM 203-102] Automatically partitioning streamed array 'img_0.data_stream.V' (Sobel/src/Top.cpp:12) .
INFO: [XFORM 203-102] Automatically partitioning streamed array 'img_1.data_stream.V' (Sobel/src/Top.cpp:13) .
INFO: [XFORM 203-102] Automatically partitioning streamed array 'img_2.data_stream.V' (Sobel/src/Top.cpp:14) .
INFO: [XFORM 203-102] Automatically partitioning streamed array 'img_3.data_stream.V' (Sobel/src/Top.cpp:15) .
INFO: [XFORM 203-102] Automatically partitioning streamed array 'img_4.data_stream.V' (Sobel/src/Top.cpp:16) .
INFO: [XFORM 203-102] Automatically partitioning streamed array 'img_5.data_stream.V' (Sobel/src/Top.cpp:17) .
INFO: [XFORM 203-101] Partitioning array 'pix.val'  in dimension 1 completely.
INFO: [XFORM 203-101] Partitioning array 's.val' (E:/Xilinx/Vivado_2018.3/Vivado/2018.3/common/technology/autopilot/hls/hls_video_arithm.h:422) in dimension 1 completely.
INFO: [XFORM 203-101] Partitioning array '_s.val' (E:/Xilinx/Vivado_2018.3/Vivado/2018.3/common/technology/autopilot/hls/hls_video_arithm.h:423) in dimension 1 completely.
INFO: [XFORM 203-101] Partitioning array 'd.val' (E:/Xilinx/Vivado_2018.3/Vivado/2018.3/common/technology/autopilot/hls/hls_video_arithm.h:424) in dimension 1 completely.
INFO: [XFORM 203-101] Partitioning array 'scl.val.1' (E:/Xilinx/Vivado_2018.3/Vivado/2018.3/common/technology/autopilot/hls/hls_video_core.h:670) in dimension 1 completely.
INFO: [XFORM 203-101] Partitioning array 's.val' (E:/Xilinx/Vivado_2018.3/Vivado/2018.3/common/technology/autopilot/hls/hls_video_arithm.h:422) in dimension 1 completely.
INFO: [XFORM 203-101] Partitioning array '_s.val' (E:/Xilinx/Vivado_2018.3/Vivado/2018.3/common/technology/autopilot/hls/hls_video_arithm.h:423) in dimension 1 completely.
INFO: [XFORM 203-101] Partitioning array 'd.val' (E:/Xilinx/Vivado_2018.3/Vivado/2018.3/common/technology/autopilot/hls/hls_video_arithm.h:424) in dimension 1 completely.
INFO: [XFORM 203-101] Partitioning array 'scl.val.2' (E:/Xilinx/Vivado_2018.3/Vivado/2018.3/common/technology/autopilot/hls/hls_video_core.h:670) in dimension 1 completely.
INFO: [XFORM 203-101] Partitioning array 'kernel.val.V'  in dimension 1 completely.
INFO: [XFORM 203-101] Partitioning array 'pix.val' (E:/Xilinx/Vivado_2018.3/Vivado/2018.3/common/technology/autopilot/hls/hls_video_io.h:115) in dimension 1 completely.
INFO: [XFORM 203-101] Partitioning array 'scl.val' (E:/Xilinx/Vivado_2018.3/Vivado/2018.3/common/technology/autopilot/hls/hls_video_core.h:670) in dimension 1 completely.
INFO: [XFORM 203-101] Partitioning array 'src_kernel_win.val' (E:/Xilinx/Vivado_2018.3/Vivado/2018.3/common/technology/autopilot/hls/hls_video_imgproc.h:398) in dimension 1 completely.
INFO: [XFORM 203-101] Partitioning array 'k_buf.val' (E:/Xilinx/Vivado_2018.3/Vivado/2018.3/common/technology/autopilot/hls/hls_video_imgproc.h:400) in dimension 1 completely.
INFO: [XFORM 203-101] Partitioning array 'right_border_buf.val' (E:/Xilinx/Vivado_2018.3/Vivado/2018.3/common/technology/autopilot/hls/hls_video_imgproc.h:403) in dimension 1 completely.
INFO: [XFORM 203-101] Partitioning array 'col_buf.val' (E:/Xilinx/Vivado_2018.3/Vivado/2018.3/common/technology/autopilot/hls/hls_video_imgproc.h:405) in dimension 1 completely.
INFO: [XFORM 203-101] Partitioning array 'temp_kernel.val'  in dimension 1 completely.
INFO: [XFORM 203-101] Partitioning array 'src_kernel_win.val' (E:/Xilinx/Vivado_2018.3/Vivado/2018.3/common/technology/autopilot/hls/hls_video_imgproc.h:398) in dimension 1 completely.
INFO: [XFORM 203-101] Partitioning array 'k_buf.val' (E:/Xilinx/Vivado_2018.3/Vivado/2018.3/common/technology/autopilot/hls/hls_video_imgproc.h:400) in dimension 1 completely.
INFO: [XFORM 203-101] Partitioning array 'right_border_buf.val' (E:/Xilinx/Vivado_2018.3/Vivado/2018.3/common/technology/autopilot/hls/hls_video_imgproc.h:403) in dimension 1 completely.
INFO: [XFORM 203-101] Partitioning array 'col_buf.val' (E:/Xilinx/Vivado_2018.3/Vivado/2018.3/common/technology/autopilot/hls/hls_video_imgproc.h:405) in dimension 1 completely.
INFO: [XFORM 203-101] Partitioning array 'temp_kernel.val84'  in dimension 1 completely.
INFO: [XFORM 203-101] Partitioning array 'src_kernel_win.val' (E:/Xilinx/Vivado_2018.3/Vivado/2018.3/common/technology/autopilot/hls/hls_video_imgproc.h:398) in dimension 1 completely.
INFO: [XFORM 203-101] Partitioning array 'k_buf.val' (E:/Xilinx/Vivado_2018.3/Vivado/2018.3/common/technology/autopilot/hls/hls_video_imgproc.h:400) in dimension 1 completely.
INFO: [XFORM 203-101] Partitioning array 'right_border_buf.val' (E:/Xilinx/Vivado_2018.3/Vivado/2018.3/common/technology/autopilot/hls/hls_video_imgproc.h:403) in dimension 1 completely.
INFO: [XFORM 203-101] Partitioning array 'col_buf.val' (E:/Xilinx/Vivado_2018.3/Vivado/2018.3/common/technology/autopilot/hls/hls_video_imgproc.h:405) in dimension 1 completely.
INFO: [XFORM 203-101] Partitioning array 'pix.val' (E:/Xilinx/Vivado_2018.3/Vivado/2018.3/common/technology/autopilot/hls/hls_video_io.h:56) in dimension 1 completely.
INFO: [XFORM 203-101] Partitioning array 'img_0.data_stream.V' (Sobel/src/Top.cpp:12) in dimension 1 completely.
INFO: [XFORM 203-101] Partitioning array 'img_1.data_stream.V' (Sobel/src/Top.cpp:13) in dimension 1 completely.
INFO: [XFORM 203-101] Partitioning array 'img_2.data_stream.V' (Sobel/src/Top.cpp:14) in dimension 1 completely.
INFO: [XFORM 203-101] Partitioning array 'img_3.data_stream.V' (Sobel/src/Top.cpp:15) in dimension 1 completely.
INFO: [XFORM 203-101] Partitioning array 'img_4.data_stream.V' (Sobel/src/Top.cpp:16) in dimension 1 completely.
INFO: [XFORM 203-101] Partitioning array 'img_5.data_stream.V' (Sobel/src/Top.cpp:17) in dimension 1 completely.
INFO: [XFORM 203-101] Partitioning array 'kernel.val.V'  in dimension 2 completely.
INFO: [XFORM 203-101] Partitioning array 'src_kernel_win.val' (E:/Xilinx/Vivado_2018.3/Vivado/2018.3/common/technology/autopilot/hls/hls_video_imgproc.h:398) in dimension 2 completely.
INFO: [XFORM 203-101] Partitioning array 'k_buf.val' (E:/Xilinx/Vivado_2018.3/Vivado/2018.3/common/technology/autopilot/hls/hls_video_imgproc.h:400) in dimension 2 completely.
INFO: [XFORM 203-101] Partitioning array 'right_border_buf.val' (E:/Xilinx/Vivado_2018.3/Vivado/2018.3/common/technology/autopilot/hls/hls_video_imgproc.h:403) in dimension 2 completely.
INFO: [XFORM 203-101] Partitioning array 'col_buf.val' (E:/Xilinx/Vivado_2018.3/Vivado/2018.3/common/technology/autopilot/hls/hls_video_imgproc.h:405) in dimension 2 completely.
INFO: [XFORM 203-101] Partitioning array 'temp_kernel.val'  in dimension 2 completely.
INFO: [XFORM 203-101] Partitioning array 'src_kernel_win.val' (E:/Xilinx/Vivado_2018.3/Vivado/2018.3/common/technology/autopilot/hls/hls_video_imgproc.h:398) in dimension 2 completely.
INFO: [XFORM 203-101] Partitioning array 'k_buf.val' (E:/Xilinx/Vivado_2018.3/Vivado/2018.3/common/technology/autopilot/hls/hls_video_imgproc.h:400) in dimension 2 completely.
INFO: [XFORM 203-101] Partitioning array 'right_border_buf.val' (E:/Xilinx/Vivado_2018.3/Vivado/2018.3/common/technology/autopilot/hls/hls_video_imgproc.h:403) in dimension 2 completely.
INFO: [XFORM 203-101] Partitioning array 'col_buf.val' (E:/Xilinx/Vivado_2018.3/Vivado/2018.3/common/technology/autopilot/hls/hls_video_imgproc.h:405) in dimension 2 completely.
INFO: [XFORM 203-101] Partitioning array 'temp_kernel.val84'  in dimension 2 completely.
INFO: [XFORM 203-101] Partitioning array 'src_kernel_win.val' (E:/Xilinx/Vivado_2018.3/Vivado/2018.3/common/technology/autopilot/hls/hls_video_imgproc.h:398) in dimension 2 completely.
INFO: [XFORM 203-101] Partitioning array 'k_buf.val' (E:/Xilinx/Vivado_2018.3/Vivado/2018.3/common/technology/autopilot/hls/hls_video_imgproc.h:400) in dimension 2 completely.
INFO: [XFORM 203-101] Partitioning array 'right_border_buf.val' (E:/Xilinx/Vivado_2018.3/Vivado/2018.3/common/technology/autopilot/hls/hls_video_imgproc.h:403) in dimension 2 completely.
INFO: [XFORM 203-101] Partitioning array 'col_buf.val' (E:/Xilinx/Vivado_2018.3/Vivado/2018.3/common/technology/autopilot/hls/hls_video_imgproc.h:405) in dimension 2 completely.
INFO: [XFORM 203-101] Partitioning array 'src_kernel_win.val' (E:/Xilinx/Vivado_2018.3/Vivado/2018.3/common/technology/autopilot/hls/hls_video_imgproc.h:398) in dimension 3 completely.
INFO: [XFORM 203-101] Partitioning array 'right_border_buf.val' (E:/Xilinx/Vivado_2018.3/Vivado/2018.3/common/technology/autopilot/hls/hls_video_imgproc.h:403) in dimension 3 completely.
INFO: [XFORM 203-101] Partitioning array 'col_buf.val' (E:/Xilinx/Vivado_2018.3/Vivado/2018.3/common/technology/autopilot/hls/hls_video_imgproc.h:405) in dimension 3 completely.
INFO: [XFORM 203-101] Partitioning array 'src_kernel_win.val' (E:/Xilinx/Vivado_2018.3/Vivado/2018.3/common/technology/autopilot/hls/hls_video_imgproc.h:398) in dimension 3 completely.
INFO: [XFORM 203-101] Partitioning array 'right_border_buf.val' (E:/Xilinx/Vivado_2018.3/Vivado/2018.3/common/technology/autopilot/hls/hls_video_imgproc.h:403) in dimension 3 completely.
INFO: [XFORM 203-101] Partitioning array 'col_buf.val' (E:/Xilinx/Vivado_2018.3/Vivado/2018.3/common/technology/autopilot/hls/hls_video_imgproc.h:405) in dimension 3 completely.
INFO: [XFORM 203-101] Partitioning array 'src_kernel_win.val' (E:/Xilinx/Vivado_2018.3/Vivado/2018.3/common/technology/autopilot/hls/hls_video_imgproc.h:398) in dimension 3 completely.
INFO: [XFORM 203-101] Partitioning array 'right_border_buf.val' (E:/Xilinx/Vivado_2018.3/Vivado/2018.3/common/technology/autopilot/hls/hls_video_imgproc.h:403) in dimension 3 completely.
INFO: [XFORM 203-101] Partitioning array 'col_buf.val' (E:/Xilinx/Vivado_2018.3/Vivado/2018.3/common/technology/autopilot/hls/hls_video_imgproc.h:405) in dimension 3 completely.
INFO: [XFORM 203-602] Inlining function 'hls::sr_cast_class<ap_uint<8> >::operator()<20, 20, (ap_q_mode)5, (ap_o_mode)3>' into 'hls::sr_cast<unsigned char, ap_fixed<20, 20, (ap_q_mode)5, (ap_o_mode)3, 0> >' (E:/Xilinx/Vivado_2018.3/Vivado/2018.3/common/technology/autopilot/hls/hls_video_types.h:500) automatically.
INFO: [XFORM 203-602] Inlining function 'hls::sr_cast<unsigned char, ap_fixed<20, 20, (ap_q_mode)5, (ap_o_mode)3, 0> >' into 'hls::Filter2D<hls::BORDER_DEFAULT, 4096, 4096, ap_int<8>, int, 1080, 1920, 3, 3>' (E:/Xilinx/Vivado_2018.3/Vivado/2018.3/common/technology/autopilot/hls/hls_video_imgproc.h:304->E:/Xilinx/Vivado_2018.3/Vivado/2018.3/common/technology/autopilot/hls/hls_video_imgproc.h:514->E:/Xilinx/Vivado_2018.3/Vivado/2018.3/common/technology/autopilot/hls/hls_video_imgproc.h:1289) automatically.
INFO: [XFORM 203-602] Inlining function 'hls::Sobel<1, 0, 3, hls::BORDER_DEFAULT, 4096, 4096, 1080, 1920, 1080, 1920>' into 'hls::Sobel<1, 0, 3, 4096, 4096, 1080, 1920, 1080, 1920>' (E:/Xilinx/Vivado_2018.3/Vivado/2018.3/common/technology/autopilot/hls/hls_video_imgproc.h:2627) automatically.
INFO: [XFORM 203-602] Inlining function 'hls::sr_cast_class<ap_uint<8> >::operator()<9>' into 'hls::sr_cast<unsigned char, ap_int<9> >' (E:/Xilinx/Vivado_2018.3/Vivado/2018.3/common/technology/autopilot/hls/hls_video_types.h:500) automatically.
INFO: [XFORM 203-602] Inlining function 'hls::sr_cast<unsigned char, ap_int<9> >' into 'hls::arithm_pro<hls::kernel_sub, 1080, 1920, 4096, unsigned char, 4096, int, int, int>' (E:/Xilinx/Vivado_2018.3/Vivado/2018.3/common/technology/autopilot/hls/hls_video_arithm.h:230->E:/Xilinx/Vivado_2018.3/Vivado/2018.3/common/technology/autopilot/hls/hls_video_arithm.h:433) automatically.
INFO: [XFORM 203-602] Inlining function 'hls::arithm_pro<hls::kernel_sub, 1080, 1920, 4096, unsigned char, 4096, int, int, int>' into 'hls::SubS<1080, 1920, 4096, unsigned char, 4096>' (E:/Xilinx/Vivado_2018.3/Vivado/2018.3/common/technology/autopilot/hls/hls_video_arithm.h:775) automatically.
INFO: [XFORM 203-602] Inlining function 'hls::sr_cast_class<ap_uint<8> >::operator()<41>' into 'hls::sr_cast<unsigned char, ap_int<41> >' (E:/Xilinx/Vivado_2018.3/Vivado/2018.3/common/technology/autopilot/hls/hls_video_types.h:500) automatically.
INFO: [XFORM 203-602] Inlining function 'hls::sr_cast<unsigned char, ap_int<41> >' into 'hls::arithm_pro<hls::kernel_scale, 1080, 1920, 4096, unsigned char, 4096, int, int, int>' (E:/Xilinx/Vivado_2018.3/Vivado/2018.3/common/technology/autopilot/hls/hls_video_arithm.h:208->E:/Xilinx/Vivado_2018.3/Vivado/2018.3/common/technology/autopilot/hls/hls_video_arithm.h:433) automatically.
INFO: [XFORM 203-602] Inlining function 'hls::arithm_pro<hls::kernel_scale, 1080, 1920, 4096, unsigned char, 4096, int, int, int>' into 'hls::Scale<1080, 1920, 4096, 4096, int>' (E:/Xilinx/Vivado_2018.3/Vivado/2018.3/common/technology/autopilot/hls/hls_video_arithm.h:896) automatically.
INFO: [XFORM 203-712] Applying dataflow to function 'hls_sobel', detected/extracted 7 process function(s): 
	 'hls::AXIvideo2Mat<32, 1080, 1920, 4096>'
	 'hls::Sobel<1, 0, 3, 4096, 4096, 1080, 1920, 1080, 1920>'
	 'hls::SubS<1080, 1920, 4096, unsigned char, 4096>'
	 'hls::Scale<1080, 1920, 4096, 4096, int>'
	 'hls::Erode<4096, 4096, 1080, 1920>'
	 'hls::Dilate<4096, 4096, 1080, 1920>'
	 'hls::Mat2AXIvideo<32, 1080, 1920, 4096>'.
INFO: [XFORM 203-401] Performing if-conversion on hyperblock from (E:/Xilinx/Vivado_2018.3/Vivado/2018.3/common/technology/autopilot/hls/hls_video_imgproc.h:444:57) to (E:/Xilinx/Vivado_2018.3/Vivado/2018.3/common/technology/autopilot/hls/hls_video_imgproc.h:465:21) in function 'hls::Filter2D<hls::BORDER_DEFAULT, 4096, 4096, ap_int<8>, int, 1080, 1920, 3, 3>'... converting 12 basic blocks.
INFO: [XFORM 203-401] Performing if-conversion on hyperblock from (E:/Xilinx/Vivado_2018.3/Vivado/2018.3/common/technology/autopilot/hls/hls_video_mem.h:165:17) to (E:/Xilinx/Vivado_2018.3/Vivado/2018.3/common/technology/autopilot/hls/hls_video_imgproc.h:512:24) in function 'hls::Filter2D<hls::BORDER_DEFAULT, 4096, 4096, ap_int<8>, int, 1080, 1920, 3, 3>'... converting 13 basic blocks.
INFO: [XFORM 203-401] Performing if-conversion on hyperblock from (E:/Xilinx/Vivado_2018.3/Vivado/2018.3/common/technology/autopilot/hls/hls_video_imgbase.h:113:42) to (E:/Xilinx/Vivado_2018.3/Vivado/2018.3/common/technology/autopilot/hls/hls_video_imgproc.h:465:21) in function 'hls::Filter2D<hls::BORDER_DEFAULT, 4096, 4096, ap_int<8>, int, 1080, 1920, 3, 3>'... converting 12 basic blocks.
INFO: [XFORM 203-401] Performing if-conversion on hyperblock from (E:/Xilinx/Vivado_2018.3/Vivado/2018.3/common/technology/autopilot/hls/hls_video_mem.h:165:17) to (E:/Xilinx/Vivado_2018.3/Vivado/2018.3/common/technology/autopilot/hls/hls_video_imgproc.h:512:24) in function 'hls::Filter2D<hls::BORDER_DEFAULT, 4096, 4096, ap_int<8>, int, 1080, 1920, 3, 3>'... converting 13 basic blocks.
INFO: [XFORM 203-401] Performing if-conversion on hyperblock from (E:/Xilinx/Vivado_2018.3/Vivado/2018.3/common/technology/autopilot/hls/hls_video_imgbase.h:113:42) to (E:/Xilinx/Vivado_2018.3/Vivado/2018.3/common/technology/autopilot/hls/hls_video_imgproc.h:465:21) in function 'hls::Filter2D<hls::BORDER_DEFAULT, 4096, 4096, ap_int<8>, int, 1080, 1920, 3, 3>'... converting 12 basic blocks.
INFO: [XFORM 203-401] Performing if-conversion on hyperblock from (E:/Xilinx/Vivado_2018.3/Vivado/2018.3/common/technology/autopilot/hls/hls_video_mem.h:165:17) to (E:/Xilinx/Vivado_2018.3/Vivado/2018.3/common/technology/autopilot/hls/hls_video_imgproc.h:512:24) in function 'hls::Filter2D<hls::BORDER_DEFAULT, 4096, 4096, ap_int<8>, int, 1080, 1920, 3, 3>'... converting 13 basic blocks.
INFO: [XFORM 203-401] Performing if-conversion on hyperblock from (E:/Xilinx/Vivado_2018.3/Vivado/2018.3/common/technology/autopilot/hls/hls_video_imgproc.h:444:57) to (E:/Xilinx/Vivado_2018.3/Vivado/2018.3/common/technology/autopilot/hls/hls_video_imgproc.h:465:21) in function 'hls::Erode<4096, 4096, 1080, 1920>'... converting 12 basic blocks.
INFO: [XFORM 203-401] Performing if-conversion on hyperblock from (E:/Xilinx/Vivado_2018.3/Vivado/2018.3/common/technology/autopilot/hls/hls_video_mem.h:165:17) to (E:/Xilinx/Vivado_2018.3/Vivado/2018.3/common/technology/autopilot/hls/hls_video_imgproc.h:512:24) in function 'hls::Erode<4096, 4096, 1080, 1920>'... converting 7 basic blocks.
INFO: [XFORM 203-401] Performing if-conversion on hyperblock from (E:/Xilinx/Vivado_2018.3/Vivado/2018.3/common/technology/autopilot/hls/hls_video_imgbase.h:113:42) to (E:/Xilinx/Vivado_2018.3/Vivado/2018.3/common/technology/autopilot/hls/hls_video_imgproc.h:465:21) in function 'hls::Erode<4096, 4096, 1080, 1920>'... converting 12 basic blocks.
INFO: [XFORM 203-401] Performing if-conversion on hyperblock from (E:/Xilinx/Vivado_2018.3/Vivado/2018.3/common/technology/autopilot/hls/hls_video_mem.h:165:17) to (E:/Xilinx/Vivado_2018.3/Vivado/2018.3/common/technology/autopilot/hls/hls_video_imgproc.h:512:24) in function 'hls::Erode<4096, 4096, 1080, 1920>'... converting 7 basic blocks.
INFO: [XFORM 203-401] Performing if-conversion on hyperblock from (E:/Xilinx/Vivado_2018.3/Vivado/2018.3/common/technology/autopilot/hls/hls_video_imgbase.h:113:42) to (E:/Xilinx/Vivado_2018.3/Vivado/2018.3/common/technology/autopilot/hls/hls_video_imgproc.h:465:21) in function 'hls::Erode<4096, 4096, 1080, 1920>'... converting 12 basic blocks.
INFO: [XFORM 203-401] Performing if-conversion on hyperblock from (E:/Xilinx/Vivado_2018.3/Vivado/2018.3/common/technology/autopilot/hls/hls_video_mem.h:165:17) to (E:/Xilinx/Vivado_2018.3/Vivado/2018.3/common/technology/autopilot/hls/hls_video_imgproc.h:512:24) in function 'hls::Erode<4096, 4096, 1080, 1920>'... converting 7 basic blocks.
INFO: [XFORM 203-401] Performing if-conversion on hyperblock from (E:/Xilinx/Vivado_2018.3/Vivado/2018.3/common/technology/autopilot/hls/hls_video_imgproc.h:444:57) to (E:/Xilinx/Vivado_2018.3/Vivado/2018.3/common/technology/autopilot/hls/hls_video_imgproc.h:465:21) in function 'hls::Dilate<4096, 4096, 1080, 1920>'... converting 12 basic blocks.
INFO: [XFORM 203-401] Performing if-conversion on hyperblock from (E:/Xilinx/Vivado_2018.3/Vivado/2018.3/common/technology/autopilot/hls/hls_video_mem.h:165:17) to (E:/Xilinx/Vivado_2018.3/Vivado/2018.3/common/technology/autopilot/hls/hls_video_imgproc.h:512:24) in function 'hls::Dilate<4096, 4096, 1080, 1920>'... converting 7 basic blocks.
INFO: [XFORM 203-401] Performing if-conversion on hyperblock from (E:/Xilinx/Vivado_2018.3/Vivado/2018.3/common/technology/autopilot/hls/hls_video_imgbase.h:113:42) to (E:/Xilinx/Vivado_2018.3/Vivado/2018.3/common/technology/autopilot/hls/hls_video_imgproc.h:465:21) in function 'hls::Dilate<4096, 4096, 1080, 1920>'... converting 12 basic blocks.
INFO: [XFORM 203-401] Performing if-conversion on hyperblock from (E:/Xilinx/Vivado_2018.3/Vivado/2018.3/common/technology/autopilot/hls/hls_video_mem.h:165:17) to (E:/Xilinx/Vivado_2018.3/Vivado/2018.3/common/technology/autopilot/hls/hls_video_imgproc.h:512:24) in function 'hls::Dilate<4096, 4096, 1080, 1920>'... converting 7 basic blocks.
INFO: [XFORM 203-401] Performing if-conversion on hyperblock from (E:/Xilinx/Vivado_2018.3/Vivado/2018.3/common/technology/autopilot/hls/hls_video_imgbase.h:113:42) to (E:/Xilinx/Vivado_2018.3/Vivado/2018.3/common/technology/autopilot/hls/hls_video_imgproc.h:465:21) in function 'hls::Dilate<4096, 4096, 1080, 1920>'... converting 12 basic blocks.
INFO: [XFORM 203-401] Performing if-conversion on hyperblock from (E:/Xilinx/Vivado_2018.3/Vivado/2018.3/common/technology/autopilot/hls/hls_video_mem.h:165:17) to (E:/Xilinx/Vivado_2018.3/Vivado/2018.3/common/technology/autopilot/hls/hls_video_imgproc.h:512:24) in function 'hls::Dilate<4096, 4096, 1080, 1920>'... converting 7 basic blocks.
INFO: [XFORM 203-11] Balancing expressions in function 'hls::Filter2D<hls::BORDER_DEFAULT, 4096, 4096, ap_int<8>, int, 1080, 1920, 3, 3>' (E:/Xilinx/Vivado_2018.3/Vivado/2018.3/common/technology/autopilot/hls/hls_video_imgproc.h:1279)...33 expression(s) balanced.
INFO: [HLS 200-111] Finished Pre-synthesis Time (s): cpu = 00:00:14 ; elapsed = 00:01:02 . Memory (MB): peak = 301.906 ; gain = 217.402
WARNING: [XFORM 203-631] Renaming function 'hls::SubS<1080, 1920, 4096, unsigned char, 4096>' to 'SubS' (E:/Xilinx/Vivado_2018.3/Vivado/2018.3/common/technology/autopilot/hls/hls_video_arithm.h:229:50)
WARNING: [XFORM 203-631] Renaming function 'hls::Sobel<1, 0, 3, 4096, 4096, 1080, 1920, 1080, 1920>' to 'Sobel' (E:/Xilinx/Vivado_2018.3/Vivado/2018.3/common/technology/autopilot/hls/hls_video_imgproc.h:2619:1)
WARNING: [XFORM 203-631] Renaming function 'hls::Scale<1080, 1920, 4096, 4096, int>' to 'Scale' (E:/Xilinx/Vivado_2018.3/Vivado/2018.3/common/technology/autopilot/hls/hls_video_arithm.h:401:50)
WARNING: [XFORM 203-631] Renaming function 'hls::Mat2AXIvideo<32, 1080, 1920, 4096>' to 'Mat2AXIvideo' (E:/Xilinx/Vivado_2018.3/Vivado/2018.3/common/technology/autopilot/hls/hls_video_io.h:78:50)
WARNING: [XFORM 203-631] Renaming function 'hls::Filter2D<hls::BORDER_DEFAULT, 4096, 4096, ap_int<8>, int, 1080, 1920, 3, 3>' to 'Filter2D' (E:/Xilinx/Vivado_2018.3/Vivado/2018.3/common/technology/autopilot/hls/hls_video_imgproc.h:118:33)
WARNING: [XFORM 203-631] Renaming function 'hls::Erode<4096, 4096, 1080, 1920>' to 'Erode' (E:/Xilinx/Vivado_2018.3/Vivado/2018.3/common/technology/autopilot/hls/hls_video_imgproc.h:118:33)
WARNING: [XFORM 203-631] Renaming function 'hls::Dilate<4096, 4096, 1080, 1920>' to 'Dilate' (E:/Xilinx/Vivado_2018.3/Vivado/2018.3/common/technology/autopilot/hls/hls_video_imgproc.h:118:33)
WARNING: [XFORM 203-631] Renaming function 'hls::AXIvideo2Mat<32, 1080, 1920, 4096>' to 'AXIvideo2Mat' (E:/Xilinx/Vivado_2018.3/Vivado/2018.3/common/technology/autopilot/hls/hls_video_io.h:49:9)
WARNING: [ANALYSIS 214-52] Found false inter dependency for variable 'k_buf[0].val[3]' (E:/Xilinx/Vivado_2018.3/Vivado/2018.3/common/technology/autopilot/hls/hls_video_imgproc.h:400).
WARNING: [ANALYSIS 214-52] Found false inter dependency for variable 'k_buf[0].val[5]' (E:/Xilinx/Vivado_2018.3/Vivado/2018.3/common/technology/autopilot/hls/hls_video_imgproc.h:400).
WARNING: [ANALYSIS 214-52] Found false inter dependency for variable 'k_buf[1].val[3]' (E:/Xilinx/Vivado_2018.3/Vivado/2018.3/common/technology/autopilot/hls/hls_video_imgproc.h:400).
WARNING: [ANALYSIS 214-52] Found false inter dependency for variable 'k_buf[1].val[4]' (E:/Xilinx/Vivado_2018.3/Vivado/2018.3/common/technology/autopilot/hls/hls_video_imgproc.h:400).
WARNING: [ANALYSIS 214-52] Found false inter dependency for variable 'k_buf[1].val[5]' (E:/Xilinx/Vivado_2018.3/Vivado/2018.3/common/technology/autopilot/hls/hls_video_imgproc.h:400).
WARNING: [ANALYSIS 214-52] Found false inter dependency for variable 'k_buf[2].val[3]' (E:/Xilinx/Vivado_2018.3/Vivado/2018.3/common/technology/autopilot/hls/hls_video_imgproc.h:400).
WARNING: [ANALYSIS 214-52] Found false inter dependency for variable 'k_buf[2].val[4]' (E:/Xilinx/Vivado_2018.3/Vivado/2018.3/common/technology/autopilot/hls/hls_video_imgproc.h:400).
WARNING: [ANALYSIS 214-52] Found false inter dependency for variable 'k_buf[2].val[5]' (E:/Xilinx/Vivado_2018.3/Vivado/2018.3/common/technology/autopilot/hls/hls_video_imgproc.h:400).
WARNING: [ANALYSIS 214-52] Found false inter dependency for variable 'k_buf[0].val[4]' (E:/Xilinx/Vivado_2018.3/Vivado/2018.3/common/technology/autopilot/hls/hls_video_imgproc.h:400).
WARNING: [ANALYSIS 214-52] Found false inter dependency for variable 'k_buf[0].val[4]' (E:/Xilinx/Vivado_2018.3/Vivado/2018.3/common/technology/autopilot/hls/hls_video_imgproc.h:400).
WARNING: [ANALYSIS 214-52] Found false inter dependency for variable 'k_buf[1].val[4]' (E:/Xilinx/Vivado_2018.3/Vivado/2018.3/common/technology/autopilot/hls/hls_video_imgproc.h:400).
WARNING: [ANALYSIS 214-52] Found false inter dependency for variable 'k_buf[1].val[5]' (E:/Xilinx/Vivado_2018.3/Vivado/2018.3/common/technology/autopilot/hls/hls_video_imgproc.h:400).
WARNING: [ANALYSIS 214-52] Found false inter dependency for variable 'k_buf[0].val[3]' (E:/Xilinx/Vivado_2018.3/Vivado/2018.3/common/technology/autopilot/hls/hls_video_imgproc.h:400).
WARNING: [ANALYSIS 214-52] Found false inter dependency for variable 'k_buf[1].val[3]' (E:/Xilinx/Vivado_2018.3/Vivado/2018.3/common/technology/autopilot/hls/hls_video_imgproc.h:400).
WARNING: [ANALYSIS 214-52] Found false inter dependency for variable 'k_buf[2].val[4]' (E:/Xilinx/Vivado_2018.3/Vivado/2018.3/common/technology/autopilot/hls/hls_video_imgproc.h:400).
WARNING: [ANALYSIS 214-52] Found false inter dependency for variable 'k_buf[2].val[5]' (E:/Xilinx/Vivado_2018.3/Vivado/2018.3/common/technology/autopilot/hls/hls_video_imgproc.h:400).
WARNING: [ANALYSIS 214-52] Found false inter dependency for variable 'k_buf[0].val[5]' (E:/Xilinx/Vivado_2018.3/Vivado/2018.3/common/technology/autopilot/hls/hls_video_imgproc.h:400).
WARNING: [ANALYSIS 214-52] Found false inter dependency for variable 'k_buf[2].val[3]' (E:/Xilinx/Vivado_2018.3/Vivado/2018.3/common/technology/autopilot/hls/hls_video_imgproc.h:400).
WARNING: [ANALYSIS 214-52] Found false inter dependency for variable 'k_buf[0].val[5]' (E:/Xilinx/Vivado_2018.3/Vivado/2018.3/common/technology/autopilot/hls/hls_video_imgproc.h:400).
WARNING: [ANALYSIS 214-52] Found false inter dependency for variable 'k_buf[2].val[5]' (E:/Xilinx/Vivado_2018.3/Vivado/2018.3/common/technology/autopilot/hls/hls_video_imgproc.h:400).
WARNING: [ANALYSIS 214-52] Found false inter dependency for variable 'k_buf[1].val[4]' (E:/Xilinx/Vivado_2018.3/Vivado/2018.3/common/technology/autopilot/hls/hls_video_imgproc.h:400).
WARNING: [ANALYSIS 214-52] Found false inter dependency for variable 'k_buf[1].val[5]' (E:/Xilinx/Vivado_2018.3/Vivado/2018.3/common/technology/autopilot/hls/hls_video_imgproc.h:400).
WARNING: [ANALYSIS 214-52] Found false inter dependency for variable 'k_buf[0].val[3]' (E:/Xilinx/Vivado_2018.3/Vivado/2018.3/common/technology/autopilot/hls/hls_video_imgproc.h:400).
WARNING: [ANALYSIS 214-52] Found false inter dependency for variable 'k_buf[0].val[4]' (E:/Xilinx/Vivado_2018.3/Vivado/2018.3/common/technology/autopilot/hls/hls_video_imgproc.h:400).
WARNING: [ANALYSIS 214-52] Found false inter dependency for variable 'k_buf[1].val[3]' (E:/Xilinx/Vivado_2018.3/Vivado/2018.3/common/technology/autopilot/hls/hls_video_imgproc.h:400).
WARNING: [ANALYSIS 214-52] Found false inter dependency for variable 'k_buf[2].val[4]' (E:/Xilinx/Vivado_2018.3/Vivado/2018.3/common/technology/autopilot/hls/hls_video_imgproc.h:400).
WARNING: [ANALYSIS 214-52] Found false inter dependency for variable 'k_buf[2].val[3]' (E:/Xilinx/Vivado_2018.3/Vivado/2018.3/common/technology/autopilot/hls/hls_video_imgproc.h:400).
INFO: [HLS 200-111] Finished Architecture Synthesis Time (s): cpu = 00:00:19 ; elapsed = 00:01:09 . Memory (MB): peak = 395.387 ; gain = 310.883
INFO: [HLS 200-10] Starting hardware synthesis ...
INFO: [HLS 200-10] Synthesizing 'hls_sobel' ...
INFO: [HLS 200-10] ----------------------------------------------------------------
INFO: [HLS 200-42] -- Implementing module 'AXIvideo2Mat' 
INFO: [HLS 200-10] ----------------------------------------------------------------
INFO: [SCHED 204-11] Starting scheduling ...
INFO: [SCHED 204-61] Pipelining loop 'loop_wait_for_start'.
INFO: [SCHED 204-61] Pipelining result : Target II = 1, Final II = 1, Depth = 1.
INFO: [SCHED 204-61] Pipelining loop 'loop_width'.
INFO: [SCHED 204-61] Pipelining result : Target II = 1, Final II = 1, Depth = 2.
INFO: [SCHED 204-61] Pipelining loop 'loop_wait_for_eol'.
INFO: [SCHED 204-61] Pipelining result : Target II = 1, Final II = 1, Depth = 1.
INFO: [SCHED 204-11] Finished scheduling.
INFO: [HLS 200-111]  Elapsed time: 70.028 seconds; current allocated memory: 332.324 MB.
INFO: [HLS 200-434] Only 3 loops out of a total 4 loops have been pipelined in this design.
INFO: [BIND 205-100] Starting micro-architecture generation ...
INFO: [BIND 205-101] Performing variable lifetime analysis.
INFO: [BIND 205-101] Exploring resource sharing.
INFO: [BIND 205-101] Binding ...
INFO: [BIND 205-100] Finished micro-architecture generation.
INFO: [HLS 200-111]  Elapsed time: 0.452 seconds; current allocated memory: 332.637 MB.
INFO: [HLS 200-10] ----------------------------------------------------------------
INFO: [HLS 200-42] -- Implementing module 'Filter2D' 
INFO: [HLS 200-10] ----------------------------------------------------------------
INFO: [SCHED 204-11] Starting scheduling ...
INFO: [SCHED 204-61] Pipelining loop 'loop_width'.
INFO: [SCHED 204-61] Pipelining result : Target II = 1, Final II = 1, Depth = 3.
INFO: [SCHED 204-11] Finished scheduling.
INFO: [HLS 200-111]  Elapsed time: 1.375 seconds; current allocated memory: 334.065 MB.
INFO: [BIND 205-100] Starting micro-architecture generation ...
INFO: [BIND 205-101] Performing variable lifetime analysis.
INFO: [BIND 205-101] Exploring resource sharing.
INFO: [BIND 205-101] Binding ...
INFO: [BIND 205-100] Finished micro-architecture generation.
INFO: [HLS 200-111]  Elapsed time: 0.886 seconds; current allocated memory: 335.413 MB.
INFO: [HLS 200-10] ----------------------------------------------------------------
INFO: [HLS 200-42] -- Implementing module 'Sobel' 
INFO: [HLS 200-10] ----------------------------------------------------------------
INFO: [SCHED 204-11] Starting scheduling ...
INFO: [SCHED 204-11] Finished scheduling.
INFO: [HLS 200-111]  Elapsed time: 1.159 seconds; current allocated memory: 335.594 MB.
INFO: [BIND 205-100] Starting micro-architecture generation ...
INFO: [BIND 205-101] Performing variable lifetime analysis.
INFO: [BIND 205-101] Exploring resource sharing.
INFO: [BIND 205-101] Binding ...
INFO: [BIND 205-100] Finished micro-architecture generation.
INFO: [HLS 200-111]  Elapsed time: 0.324 seconds; current allocated memory: 335.767 MB.
INFO: [HLS 200-10] ----------------------------------------------------------------
INFO: [HLS 200-42] -- Implementing module 'SubS' 
INFO: [HLS 200-10] ----------------------------------------------------------------
INFO: [SCHED 204-11] Starting scheduling ...
INFO: [SCHED 204-61] Pipelining loop 'loop_width'.
INFO: [SCHED 204-61] Pipelining result : Target II = 1, Final II = 1, Depth = 2.
INFO: [SCHED 204-11] Finished scheduling.
INFO: [HLS 200-111]  Elapsed time: 1.1 seconds; current allocated memory: 336.061 MB.
INFO: [BIND 205-100] Starting micro-architecture generation ...
INFO: [BIND 205-101] Performing variable lifetime analysis.
INFO: [BIND 205-101] Exploring resource sharing.
INFO: [BIND 205-101] Binding ...
INFO: [BIND 205-100] Finished micro-architecture generation.
INFO: [HLS 200-111]  Elapsed time: 0.263 seconds; current allocated memory: 336.316 MB.
INFO: [HLS 200-10] ----------------------------------------------------------------
INFO: [HLS 200-42] -- Implementing module 'Scale' 
INFO: [HLS 200-10] ----------------------------------------------------------------
INFO: [SCHED 204-11] Starting scheduling ...
INFO: [SCHED 204-61] Pipelining loop 'loop_width'.
INFO: [SCHED 204-61] Pipelining result : Target II = 1, Final II = 1, Depth = 2.
INFO: [SCHED 204-11] Finished scheduling.
INFO: [HLS 200-111]  Elapsed time: 0.864 seconds; current allocated memory: 336.496 MB.
INFO: [BIND 205-100] Starting micro-architecture generation ...
INFO: [BIND 205-101] Performing variable lifetime analysis.
INFO: [BIND 205-101] Exploring resource sharing.
INFO: [BIND 205-101] Binding ...
INFO: [BIND 205-100] Finished micro-architecture generation.
INFO: [HLS 200-111]  Elapsed time: 0.223 seconds; current allocated memory: 336.740 MB.
INFO: [HLS 200-10] ----------------------------------------------------------------
INFO: [HLS 200-42] -- Implementing module 'Erode' 
INFO: [HLS 200-10] ----------------------------------------------------------------
INFO: [SCHED 204-11] Starting scheduling ...
INFO: [SCHED 204-61] Pipelining loop 'loop_width'.
INFO: [SCHED 204-61] Pipelining result : Target II = 1, Final II = 1, Depth = 3.
INFO: [SCHED 204-11] Finished scheduling.
INFO: [HLS 200-111]  Elapsed time: 1.186 seconds; current allocated memory: 337.779 MB.
INFO: [BIND 205-100] Starting micro-architecture generation ...
INFO: [BIND 205-101] Performing variable lifetime analysis.
INFO: [BIND 205-101] Exploring resource sharing.
INFO: [BIND 205-101] Binding ...
INFO: [BIND 205-100] Finished micro-architecture generation.
INFO: [HLS 200-111]  Elapsed time: 0.744 seconds; current allocated memory: 338.907 MB.
INFO: [HLS 200-10] ----------------------------------------------------------------
INFO: [HLS 200-42] -- Implementing module 'Dilate' 
INFO: [HLS 200-10] ----------------------------------------------------------------
INFO: [SCHED 204-11] Starting scheduling ...
INFO: [SCHED 204-61] Pipelining loop 'loop_width'.
INFO: [SCHED 204-61] Pipelining result : Target II = 1, Final II = 1, Depth = 3.
INFO: [SCHED 204-11] Finished scheduling.
INFO: [HLS 200-111]  Elapsed time: 1.869 seconds; current allocated memory: 340.114 MB.
INFO: [BIND 205-100] Starting micro-architecture generation ...
INFO: [BIND 205-101] Performing variable lifetime analysis.
INFO: [BIND 205-101] Exploring resource sharing.
INFO: [BIND 205-101] Binding ...
INFO: [BIND 205-100] Finished micro-architecture generation.
INFO: [HLS 200-111]  Elapsed time: 0.768 seconds; current allocated memory: 341.227 MB.
INFO: [HLS 200-10] ----------------------------------------------------------------
INFO: [HLS 200-42] -- Implementing module 'Mat2AXIvideo' 
INFO: [HLS 200-10] ----------------------------------------------------------------
INFO: [SCHED 204-11] Starting scheduling ...
INFO: [SCHED 204-61] Pipelining loop 'loop_width'.
INFO: [SCHED 204-61] Pipelining result : Target II = 1, Final II = 1, Depth = 3.
INFO: [SCHED 204-11] Finished scheduling.
INFO: [HLS 200-111]  Elapsed time: 1.233 seconds; current allocated memory: 341.483 MB.
INFO: [BIND 205-100] Starting micro-architecture generation ...
INFO: [BIND 205-101] Performing variable lifetime analysis.
INFO: [BIND 205-101] Exploring resource sharing.
INFO: [BIND 205-101] Binding ...
INFO: [BIND 205-100] Finished micro-architecture generation.
INFO: [HLS 200-111]  Elapsed time: 0.248 seconds; current allocated memory: 341.709 MB.
INFO: [HLS 200-10] ----------------------------------------------------------------
INFO: [HLS 200-42] -- Implementing module 'hls_sobel' 
INFO: [HLS 200-10] ----------------------------------------------------------------
INFO: [SCHED 204-11] Starting scheduling ...
INFO: [SCHED 204-11] Finished scheduling.
INFO: [HLS 200-111]  Elapsed time: 0.297 seconds; current allocated memory: 341.876 MB.
INFO: [BIND 205-100] Starting micro-architecture generation ...
INFO: [BIND 205-101] Performing variable lifetime analysis.
INFO: [BIND 205-101] Exploring resource sharing.
INFO: [BIND 205-101] Binding ...
INFO: [BIND 205-100] Finished micro-architecture generation.
INFO: [HLS 200-111]  Elapsed time: 3.746 seconds; current allocated memory: 343.336 MB.
INFO: [HLS 200-10] ----------------------------------------------------------------
INFO: [HLS 200-10] -- Generating RTL for module 'AXIvideo2Mat' 
INFO: [HLS 200-10] ----------------------------------------------------------------
INFO: [RTGEN 206-100] Finished creating RTL model for 'AXIvideo2Mat'.
INFO: [HLS 200-111]  Elapsed time: 2.029 seconds; current allocated memory: 344.618 MB.
INFO: [HLS 200-10] ----------------------------------------------------------------
INFO: [HLS 200-10] -- Generating RTL for module 'Filter2D' 
INFO: [HLS 200-10] ----------------------------------------------------------------
INFO: [SYN 201-210] Renamed object name 'Filter2D_k_buf_0_val_3' to 'Filter2D_k_buf_0_bkb' due to the length limit 20
INFO: [SYN 201-210] Renamed object name 'Filter2D_k_buf_0_val_4' to 'Filter2D_k_buf_0_cud' due to the length limit 20
INFO: [SYN 201-210] Renamed object name 'Filter2D_k_buf_0_val_5' to 'Filter2D_k_buf_0_dEe' due to the length limit 20
INFO: [SYN 201-210] Renamed object name 'Filter2D_k_buf_1_val_3' to 'Filter2D_k_buf_1_eOg' due to the length limit 20
INFO: [SYN 201-210] Renamed object name 'Filter2D_k_buf_1_val_4' to 'Filter2D_k_buf_1_fYi' due to the length limit 20
INFO: [SYN 201-210] Renamed object name 'Filter2D_k_buf_1_val_5' to 'Filter2D_k_buf_1_g8j' due to the length limit 20
INFO: [SYN 201-210] Renamed object name 'Filter2D_k_buf_2_val_3' to 'Filter2D_k_buf_2_hbi' due to the length limit 20
INFO: [SYN 201-210] Renamed object name 'Filter2D_k_buf_2_val_4' to 'Filter2D_k_buf_2_ibs' due to the length limit 20
INFO: [SYN 201-210] Renamed object name 'Filter2D_k_buf_2_val_5' to 'Filter2D_k_buf_2_jbC' due to the length limit 20
INFO: [SYN 201-210] Renamed object name 'hls_sobel_mux_32_8_1_1' to 'hls_sobel_mux_32_kbM' due to the length limit 20
INFO: [RTGEN 206-100] Generating core module 'hls_sobel_mux_32_kbM': 18 instance(s).
INFO: [RTGEN 206-100] Finished creating RTL model for 'Filter2D'.
INFO: [HLS 200-111]  Elapsed time: 0.918 seconds; current allocated memory: 347.162 MB.
INFO: [HLS 200-10] ----------------------------------------------------------------
INFO: [HLS 200-10] -- Generating RTL for module 'Sobel' 
INFO: [HLS 200-10] ----------------------------------------------------------------
INFO: [RTGEN 206-100] Finished creating RTL model for 'Sobel'.
INFO: [HLS 200-111]  Elapsed time: 2.762 seconds; current allocated memory: 348.238 MB.
INFO: [HLS 200-10] ----------------------------------------------------------------
INFO: [HLS 200-10] -- Generating RTL for module 'SubS' 
INFO: [HLS 200-10] ----------------------------------------------------------------
INFO: [RTGEN 206-100] Finished creating RTL model for 'SubS'.
INFO: [HLS 200-111]  Elapsed time: 0.789 seconds; current allocated memory: 348.718 MB.
INFO: [HLS 200-10] ----------------------------------------------------------------
INFO: [HLS 200-10] -- Generating RTL for module 'Scale' 
INFO: [HLS 200-10] ----------------------------------------------------------------
INFO: [RTGEN 206-100] Finished creating RTL model for 'Scale'.
INFO: [HLS 200-111]  Elapsed time: 0.588 seconds; current allocated memory: 349.129 MB.
INFO: [HLS 200-10] ----------------------------------------------------------------
INFO: [HLS 200-10] -- Generating RTL for module 'Erode' 
INFO: [HLS 200-10] ----------------------------------------------------------------
INFO: [RTGEN 206-100] Generating core module 'hls_sobel_mux_32_kbM': 18 instance(s).
INFO: [RTGEN 206-100] Finished creating RTL model for 'Erode'.
INFO: [HLS 200-111]  Elapsed time: 0.899 seconds; current allocated memory: 351.312 MB.
INFO: [HLS 200-10] ----------------------------------------------------------------
INFO: [HLS 200-10] -- Generating RTL for module 'Dilate' 
INFO: [HLS 200-10] ----------------------------------------------------------------
INFO: [SYN 201-210] Renamed object name 'Dilate_k_buf_0_val_3' to 'Dilate_k_buf_0_valbW' due to the length limit 20
INFO: [SYN 201-210] Renamed object name 'Dilate_k_buf_0_val_4' to 'Dilate_k_buf_0_vamb6' due to the length limit 20
INFO: [SYN 201-210] Renamed object name 'Dilate_k_buf_0_val_5' to 'Dilate_k_buf_0_vancg' due to the length limit 20
INFO: [SYN 201-210] Renamed object name 'Dilate_k_buf_1_val_3' to 'Dilate_k_buf_1_vaocq' due to the length limit 20
INFO: [SYN 201-210] Renamed object name 'Dilate_k_buf_1_val_4' to 'Dilate_k_buf_1_vapcA' due to the length limit 20
INFO: [SYN 201-210] Renamed object name 'Dilate_k_buf_1_val_5' to 'Dilate_k_buf_1_vaqcK' due to the length limit 20
INFO: [SYN 201-210] Renamed object name 'Dilate_k_buf_2_val_3' to 'Dilate_k_buf_2_varcU' due to the length limit 20
INFO: [SYN 201-210] Renamed object name 'Dilate_k_buf_2_val_4' to 'Dilate_k_buf_2_vasc4' due to the length limit 20
INFO: [SYN 201-210] Renamed object name 'Dilate_k_buf_2_val_5' to 'Dilate_k_buf_2_vatde' due to the length limit 20
INFO: [RTGEN 206-100] Generating core module 'hls_sobel_mux_32_kbM': 18 instance(s).
INFO: [RTGEN 206-100] Finished creating RTL model for 'Dilate'.
INFO: [HLS 200-111]  Elapsed time: 4.327 seconds; current allocated memory: 354.083 MB.
INFO: [HLS 200-10] ----------------------------------------------------------------
INFO: [HLS 200-10] -- Generating RTL for module 'Mat2AXIvideo' 
INFO: [HLS 200-10] ----------------------------------------------------------------
INFO: [RTGEN 206-100] Finished creating RTL model for 'Mat2AXIvideo'.
INFO: [HLS 200-111]  Elapsed time: 3.275 seconds; current allocated memory: 355.586 MB.
INFO: [HLS 200-10] ----------------------------------------------------------------
INFO: [HLS 200-10] -- Generating RTL for module 'hls_sobel' 
INFO: [HLS 200-10] ----------------------------------------------------------------
INFO: [RTGEN 206-500] Setting interface mode on port 'hls_sobel/INPUT_STREAM_V_data_V' to 'axis' (register, both mode).
INFO: [RTGEN 206-500] Setting interface mode on port 'hls_sobel/INPUT_STREAM_V_keep_V' to 'axis' (register, both mode).
INFO: [RTGEN 206-500] Setting interface mode on port 'hls_sobel/INPUT_STREAM_V_strb_V' to 'axis' (register, both mode).
INFO: [RTGEN 206-500] Setting interface mode on port 'hls_sobel/INPUT_STREAM_V_user_V' to 'axis' (register, both mode).
INFO: [RTGEN 206-500] Setting interface mode on port 'hls_sobel/INPUT_STREAM_V_last_V' to 'axis' (register, both mode).
INFO: [RTGEN 206-500] Setting interface mode on port 'hls_sobel/INPUT_STREAM_V_id_V' to 'axis' (register, both mode).
INFO: [RTGEN 206-500] Setting interface mode on port 'hls_sobel/INPUT_STREAM_V_dest_V' to 'axis' (register, both mode).
INFO: [RTGEN 206-500] Setting interface mode on port 'hls_sobel/OUTPUT_STREAM_V_data_V' to 'axis' (register, both mode).
INFO: [RTGEN 206-500] Setting interface mode on port 'hls_sobel/OUTPUT_STREAM_V_keep_V' to 'axis' (register, both mode).
INFO: [RTGEN 206-500] Setting interface mode on port 'hls_sobel/OUTPUT_STREAM_V_strb_V' to 'axis' (register, both mode).
INFO: [RTGEN 206-500] Setting interface mode on port 'hls_sobel/OUTPUT_STREAM_V_user_V' to 'axis' (register, both mode).
INFO: [RTGEN 206-500] Setting interface mode on port 'hls_sobel/OUTPUT_STREAM_V_last_V' to 'axis' (register, both mode).
INFO: [RTGEN 206-500] Setting interface mode on port 'hls_sobel/OUTPUT_STREAM_V_id_V' to 'axis' (register, both mode).
INFO: [RTGEN 206-500] Setting interface mode on port 'hls_sobel/OUTPUT_STREAM_V_dest_V' to 'axis' (register, both mode).
INFO: [RTGEN 206-500] Setting interface mode on port 'hls_sobel/rows' to 'ap_stable'.
INFO: [RTGEN 206-500] Setting interface mode on port 'hls_sobel/cols' to 'ap_stable'.
INFO: [RTGEN 206-500] Setting interface mode on function 'hls_sobel' to 'ap_ctrl_hs'.
INFO: [SYN 201-210] Renamed object name 'start_for_Mat2AXIvideo_U0' to 'start_for_Mat2AXIudo' due to the length limit 20
INFO: [RTGEN 206-100] Finished creating RTL model for 'hls_sobel'.
INFO: [HLS 200-111]  Elapsed time: 1.093 seconds; current allocated memory: 356.751 MB.
INFO: [RTMG 210-278] Implementing memory 'Filter2D_k_buf_0_bkb_ram (RAM)' using block RAMs.
INFO: [RTMG 210-285] Implementing FIFO 'img_0_data_stream_0_U(fifo_w8_d2_A)' using Shift Registers.
INFO: [RTMG 210-285] Implementing FIFO 'img_0_data_stream_1_U(fifo_w8_d2_A)' using Shift Registers.
INFO: [RTMG 210-285] Implementing FIFO 'img_0_data_stream_2_U(fifo_w8_d2_A)' using Shift Registers.
INFO: [RTMG 210-285] Implementing FIFO 'img_1_data_stream_0_U(fifo_w8_d2_A)' using Shift Registers.
INFO: [RTMG 210-285] Implementing FIFO 'img_1_data_stream_1_U(fifo_w8_d2_A)' using Shift Registers.
INFO: [RTMG 210-285] Implementing FIFO 'img_1_data_stream_2_U(fifo_w8_d2_A)' using Shift Registers.
INFO: [RTMG 210-285] Implementing FIFO 'img_2_data_stream_0_U(fifo_w8_d2_A)' using Shift Registers.
INFO: [RTMG 210-285] Implementing FIFO 'img_2_data_stream_1_U(fifo_w8_d2_A)' using Shift Registers.
INFO: [RTMG 210-285] Implementing FIFO 'img_2_data_stream_2_U(fifo_w8_d2_A)' using Shift Registers.
INFO: [RTMG 210-285] Implementing FIFO 'img_3_data_stream_0_U(fifo_w8_d2_A)' using Shift Registers.
INFO: [RTMG 210-285] Implementing FIFO 'img_3_data_stream_1_U(fifo_w8_d2_A)' using Shift Registers.
INFO: [RTMG 210-285] Implementing FIFO 'img_3_data_stream_2_U(fifo_w8_d2_A)' using Shift Registers.
INFO: [RTMG 210-285] Implementing FIFO 'img_4_data_stream_0_U(fifo_w8_d2_A)' using Shift Registers.
INFO: [RTMG 210-285] Implementing FIFO 'img_4_data_stream_1_U(fifo_w8_d2_A)' using Shift Registers.
INFO: [RTMG 210-285] Implementing FIFO 'img_4_data_stream_2_U(fifo_w8_d2_A)' using Shift Registers.
INFO: [RTMG 210-285] Implementing FIFO 'img_5_data_stream_0_U(fifo_w8_d2_A)' using Shift Registers.
INFO: [RTMG 210-285] Implementing FIFO 'img_5_data_stream_1_U(fifo_w8_d2_A)' using Shift Registers.
INFO: [RTMG 210-285] Implementing FIFO 'img_5_data_stream_2_U(fifo_w8_d2_A)' using Shift Registers.
INFO: [RTMG 210-285] Implementing FIFO 'start_for_Sobel_U0_U(start_for_Sobel_U0)' using Shift Registers.
INFO: [RTMG 210-285] Implementing FIFO 'start_for_SubS_U0_U(start_for_SubS_U0)' using Shift Registers.
INFO: [RTMG 210-285] Implementing FIFO 'start_for_Scale_U0_U(start_for_Scale_U0)' using Shift Registers.
INFO: [RTMG 210-285] Implementing FIFO 'start_for_Erode_U0_U(start_for_Erode_U0)' using Shift Registers.
INFO: [RTMG 210-285] Implementing FIFO 'start_for_Dilate_U0_U(start_for_Dilate_U0)' using Shift Registers.
INFO: [RTMG 210-285] Implementing FIFO 'start_for_Mat2AXIudo_U(start_for_Mat2AXIudo)' using Shift Registers.
INFO: [HLS 200-111] Finished generating all RTL models Time (s): cpu = 00:00:45 ; elapsed = 00:01:53 . Memory (MB): peak = 444.227 ; gain = 359.723
INFO: [SYSC 207-301] Generating SystemC RTL for hls_sobel.
INFO: [VHDL 208-304] Generating VHDL RTL for hls_sobel.
INFO: [VLOG 209-307] Generating Verilog RTL for hls_sobel.
INFO: [HLS 200-112] Total elapsed time: 112.799 seconds; peak allocated memory: 356.751 MB.
==============================================================
File generated on Sat Jul 25 15:35:44 +0800 2020
Vivado(TM) HLS - High-Level Synthesis from C, C++ and SystemC v2018.3 (64-bit)
SW Build 2405991 on Thu Dec  6 23:38:27 MST 2018
IP Build 2404404 on Fri Dec  7 01:43:56 MST 2018
Copyright 1986-2018 Xilinx, Inc. All Rights Reserved.
==============================================================
INFO: [SYN 201-201] Setting up clock 'default' with a period of 10ns.
INFO: [HLS 200-10] Setting target device to 'xcku115-flvd1517-2-e'
INFO: [SIM 211-2] *************** CSIM start ***************
INFO: [SIM 211-4] CSIM will launch GCC as the compiler.
INFO: [SIM 211-1] CSim done with 0 errors.
INFO: [SIM 211-3] *************** CSIM finish ***************
==============================================================
File generated on Sat Jul 25 15:54:58 +0800 2020
Vivado(TM) HLS - High-Level Synthesis from C, C++ and SystemC v2018.3 (64-bit)
SW Build 2405991 on Thu Dec  6 23:38:27 MST 2018
IP Build 2404404 on Fri Dec  7 01:43:56 MST 2018
Copyright 1986-2018 Xilinx, Inc. All Rights Reserved.
==============================================================
INFO: [SYN 201-201] Setting up clock 'default' with a period of 10ns.
INFO: [HLS 200-10] Setting target device to 'xcku115-flvd1517-2-e'
INFO: [IMPL 213-8] Exporting RTL as a Vivado IP.
