

================================================================
== Vivado HLS Report for 'AXIvideo2Mat'
================================================================
* Date:           Tue Jul 28 17:03:56 2020

* Version:        2018.3 (Build 2405991 on Thu Dec 06 23:56:15 MST 2018)
* Project:        Hough
* Solution:       solution1
* Product family: kintexu
* Target device:  xcku115-flvd1517-2-e


================================================================
== Performance Estimates
================================================================
+ Timing (ns): 
    * Summary: 
    +--------+-------+----------+------------+
    |  Clock | Target| Estimated| Uncertainty|
    +--------+-------+----------+------------+
    |ap_clk  |  10.00|     5.365|        1.25|
    +--------+-------+----------+------------+

+ Latency (clock cycles): 
    * Summary: 
    +-----+---------+-----+---------+---------+
    |    Latency    |    Interval   | Pipeline|
    | min |   max   | min |   max   |   Type  |
    +-----+---------+-----+---------+---------+
    |    3|  2080083|    3|  2080083|   none  |
    +-----+---------+-----+---------+---------+

    + Detail: 
        * Instance: 
        N/A

        * Loop: 
        +-----------------------+-----+---------+----------+-----------+-----------+----------+----------+
        |                       |    Latency    | Iteration|  Initiation Interval  |   Trip   |          |
        |       Loop Name       | min |   max   |  Latency |  achieved |   target  |   Count  | Pipelined|
        +-----------------------+-----+---------+----------+-----------+-----------+----------+----------+
        |- loop_wait_for_start  |    0|        0|         1|          1|          1|         0|    yes   |
        |- loop_height          |    0|  2080080| 6 ~ 1926 |          -|          -| 0 ~ 1080 |    no    |
        | + loop_width          |    1|     1921|         2|          1|          1| 0 ~ 1920 |    yes   |
        | + loop_wait_for_eol   |    0|        0|         1|          1|          1|         0|    yes   |
        +-----------------------+-----+---------+----------+-----------+-----------+----------+----------+



================================================================
== Utilization Estimates
================================================================
* Summary: 
+---------------------+---------+-------+---------+--------+
|         Name        | BRAM_18K| DSP48E|    FF   |   LUT  |
+---------------------+---------+-------+---------+--------+
|DSP                  |        -|      -|        -|       -|
|Expression           |        -|      -|        0|     134|
|FIFO                 |        -|      -|        -|       -|
|Instance             |        -|      -|        -|       -|
|Memory               |        -|      -|        -|       -|
|Multiplexer          |        -|      -|        -|     245|
|Register             |        -|      -|      242|       -|
+---------------------+---------+-------+---------+--------+
|Total                |        0|      0|      242|     379|
+---------------------+---------+-------+---------+--------+
|Available SLR        |     2160|   2760|   663360|  331680|
+---------------------+---------+-------+---------+--------+
|Utilization SLR (%)  |        0|      0|    ~0   |   ~0   |
+---------------------+---------+-------+---------+--------+
|Available            |     4320|   5520|  1326720|  663360|
+---------------------+---------+-------+---------+--------+
|Utilization (%)      |        0|      0|    ~0   |   ~0   |
+---------------------+---------+-------+---------+--------+

+ Detail: 
    * Instance: 
    N/A

    * DSP48: 
    N/A

    * Memory: 
    N/A

    * FIFO: 
    N/A

    * Expression: 
    +----------------------------------+----------+-------+---+----+------------+------------+
    |           Variable Name          | Operation| DSP48E| FF| LUT| Bitwidth P0| Bitwidth P1|
    +----------------------------------+----------+-------+---+----+------------+------------+
    |i_V_fu_274_p2                     |     +    |      0|  0|  39|          32|           1|
    |j_V_fu_285_p2                     |     +    |      0|  0|  39|          32|           1|
    |AXI_video_strm_V_id_V0_status     |    and   |      0|  0|   2|           1|           1|
    |ap_block_pp1_stage0_01001         |    and   |      0|  0|   2|           1|           1|
    |ap_block_state8                   |    and   |      0|  0|   2|           1|           1|
    |ap_condition_105                  |    and   |      0|  0|   2|           1|           1|
    |ap_predicate_op59_read_state6     |    and   |      0|  0|   2|           1|           1|
    |exitcond2_fu_269_p2               |   icmp   |      0|  0|  20|          32|          32|
    |exitcond_fu_280_p2                |   icmp   |      0|  0|  20|          32|          32|
    |ap_block_state6_pp1_stage0_iter1  |    or    |      0|  0|   2|           1|           1|
    |brmerge_fu_294_p2                 |    or    |      0|  0|   2|           1|           1|
    |ap_enable_pp1                     |    xor   |      0|  0|   2|           1|           2|
    +----------------------------------+----------+-------+---+----+------------+------------+
    |Total                             |          |      0|  0| 134|         136|          75|
    +----------------------------------+----------+-------+---+----+------------+------------+

    * Multiplexer: 
    +---------------------------------------+----+-----------+-----+-----------+
    |                  Name                 | LUT| Input Size| Bits| Total Bits|
    +---------------------------------------+----+-----------+-----+-----------+
    |AXI_video_strm_V_data_V_blk_n          |   9|          2|    1|          2|
    |AXI_video_strm_V_dest_V_blk_n          |   9|          2|    1|          2|
    |AXI_video_strm_V_id_V_blk_n            |   9|          2|    1|          2|
    |AXI_video_strm_V_keep_V_blk_n          |   9|          2|    1|          2|
    |AXI_video_strm_V_last_V_blk_n          |   9|          2|    1|          2|
    |AXI_video_strm_V_strb_V_blk_n          |   9|          2|    1|          2|
    |AXI_video_strm_V_user_V_blk_n          |   9|          2|    1|          2|
    |ap_NS_fsm                              |  44|          9|    1|          9|
    |ap_enable_reg_pp1_iter1                |   9|          2|    1|          2|
    |ap_phi_mux_axi_last_V_2_phi_fu_196_p4  |  15|          3|    1|          3|
    |ap_phi_mux_p_Val2_s_phi_fu_208_p4      |  15|          3|   32|         96|
    |axi_data_V1_reg_125                    |   9|          2|   32|         64|
    |axi_data_V_1_reg_168                   |   9|          2|   32|         64|
    |axi_data_V_3_reg_228                   |   9|          2|   32|         64|
    |axi_last_V1_reg_115                    |   9|          2|    1|          2|
    |axi_last_V_3_reg_216                   |   9|          2|    1|          2|
    |eol_1_reg_157                          |   9|          2|    1|          2|
    |eol_2_reg_240                          |   9|          2|    1|          2|
    |eol_reg_179                            |   9|          2|    1|          2|
    |img_data_stream_V_blk_n                |   9|          2|    1|          2|
    |t_V_2_reg_146                          |   9|          2|   32|         64|
    |t_V_reg_135                            |   9|          2|   32|         64|
    +---------------------------------------+----+-----------+-----+-----------+
    |Total                                  | 245|         53|  208|        456|
    +---------------------------------------+----+-----------+-----+-----------+

    * Register: 
    +-------------------------+----+----+-----+-----------+
    |           Name          | FF | LUT| Bits| Const Bits|
    +-------------------------+----+----+-----+-----------+
    |ap_CS_fsm                |   8|   0|    8|          0|
    |ap_enable_reg_pp1_iter0  |   1|   0|    1|          0|
    |ap_enable_reg_pp1_iter1  |   1|   0|    1|          0|
    |axi_data_V1_reg_125      |  32|   0|   32|          0|
    |axi_data_V_1_reg_168     |  32|   0|   32|          0|
    |axi_data_V_3_reg_228     |  32|   0|   32|          0|
    |axi_last_V1_reg_115      |   1|   0|    1|          0|
    |axi_last_V_3_reg_216     |   1|   0|    1|          0|
    |eol_1_reg_157            |   1|   0|    1|          0|
    |eol_2_reg_240            |   1|   0|    1|          0|
    |eol_reg_179              |   1|   0|    1|          0|
    |exitcond_reg_349         |   1|   0|    1|          0|
    |i_V_reg_344              |  32|   0|   32|          0|
    |sof_1_fu_74              |   1|   0|    1|          0|
    |t_V_2_reg_146            |  32|   0|   32|          0|
    |t_V_reg_135              |  32|   0|   32|          0|
    |tmp_data_V_reg_320       |  32|   0|   32|          0|
    |tmp_last_V_reg_328       |   1|   0|    1|          0|
    +-------------------------+----+----+-----+-----------+
    |Total                    | 242|   0|  242|          0|
    +-------------------------+----+----+-----+-----------+



================================================================
== Interface
================================================================
* Summary: 
+---------------------------------+-----+-----+------------+-------------------------+--------------+
|            RTL Ports            | Dir | Bits|  Protocol  |      Source Object      |    C Type    |
+---------------------------------+-----+-----+------------+-------------------------+--------------+
|ap_clk                           |  in |    1| ap_ctrl_hs |       AXIvideo2Mat      | return value |
|ap_rst                           |  in |    1| ap_ctrl_hs |       AXIvideo2Mat      | return value |
|ap_start                         |  in |    1| ap_ctrl_hs |       AXIvideo2Mat      | return value |
|ap_done                          | out |    1| ap_ctrl_hs |       AXIvideo2Mat      | return value |
|ap_idle                          | out |    1| ap_ctrl_hs |       AXIvideo2Mat      | return value |
|ap_ready                         | out |    1| ap_ctrl_hs |       AXIvideo2Mat      | return value |
|AXI_video_strm_V_data_V_dout     |  in |   32|   ap_fifo  | AXI_video_strm_V_data_V |    pointer   |
|AXI_video_strm_V_data_V_empty_n  |  in |    1|   ap_fifo  | AXI_video_strm_V_data_V |    pointer   |
|AXI_video_strm_V_data_V_read     | out |    1|   ap_fifo  | AXI_video_strm_V_data_V |    pointer   |
|AXI_video_strm_V_keep_V_dout     |  in |    4|   ap_fifo  | AXI_video_strm_V_keep_V |    pointer   |
|AXI_video_strm_V_keep_V_empty_n  |  in |    1|   ap_fifo  | AXI_video_strm_V_keep_V |    pointer   |
|AXI_video_strm_V_keep_V_read     | out |    1|   ap_fifo  | AXI_video_strm_V_keep_V |    pointer   |
|AXI_video_strm_V_strb_V_dout     |  in |    4|   ap_fifo  | AXI_video_strm_V_strb_V |    pointer   |
|AXI_video_strm_V_strb_V_empty_n  |  in |    1|   ap_fifo  | AXI_video_strm_V_strb_V |    pointer   |
|AXI_video_strm_V_strb_V_read     | out |    1|   ap_fifo  | AXI_video_strm_V_strb_V |    pointer   |
|AXI_video_strm_V_user_V_dout     |  in |    1|   ap_fifo  | AXI_video_strm_V_user_V |    pointer   |
|AXI_video_strm_V_user_V_empty_n  |  in |    1|   ap_fifo  | AXI_video_strm_V_user_V |    pointer   |
|AXI_video_strm_V_user_V_read     | out |    1|   ap_fifo  | AXI_video_strm_V_user_V |    pointer   |
|AXI_video_strm_V_last_V_dout     |  in |    1|   ap_fifo  | AXI_video_strm_V_last_V |    pointer   |
|AXI_video_strm_V_last_V_empty_n  |  in |    1|   ap_fifo  | AXI_video_strm_V_last_V |    pointer   |
|AXI_video_strm_V_last_V_read     | out |    1|   ap_fifo  | AXI_video_strm_V_last_V |    pointer   |
|AXI_video_strm_V_id_V_dout       |  in |    1|   ap_fifo  |  AXI_video_strm_V_id_V  |    pointer   |
|AXI_video_strm_V_id_V_empty_n    |  in |    1|   ap_fifo  |  AXI_video_strm_V_id_V  |    pointer   |
|AXI_video_strm_V_id_V_read       | out |    1|   ap_fifo  |  AXI_video_strm_V_id_V  |    pointer   |
|AXI_video_strm_V_dest_V_dout     |  in |    1|   ap_fifo  | AXI_video_strm_V_dest_V |    pointer   |
|AXI_video_strm_V_dest_V_empty_n  |  in |    1|   ap_fifo  | AXI_video_strm_V_dest_V |    pointer   |
|AXI_video_strm_V_dest_V_read     | out |    1|   ap_fifo  | AXI_video_strm_V_dest_V |    pointer   |
|img_rows_V_read                  |  in |   32|   ap_none  |     img_rows_V_read     |    scalar    |
|img_cols_V_read                  |  in |   32|   ap_none  |     img_cols_V_read     |    scalar    |
|img_data_stream_V_din            | out |    8|   ap_fifo  |    img_data_stream_V    |    pointer   |
|img_data_stream_V_full_n         |  in |    1|   ap_fifo  |    img_data_stream_V    |    pointer   |
|img_data_stream_V_write          | out |    1|   ap_fifo  |    img_data_stream_V    |    pointer   |
+---------------------------------+-----+-----+------------+-------------------------+--------------+

