==============================================================
File generated on Tue Jul 28 15:47:32 +0800 2020
Vivado(TM) HLS - High-Level Synthesis from C, C++ and SystemC v2018.3 (64-bit)
SW Build 2405991 on Thu Dec  6 23:38:27 MST 2018
IP Build 2404404 on Fri Dec  7 01:43:56 MST 2018
Copyright 1986-2018 Xilinx, Inc. All Rights Reserved.
==============================================================
INFO: [SYN 201-201] Setting up clock 'default' with a period of 10ns.
INFO: [HLS 200-10] Setting target device to 'xcku115-flvd1517-2-e'
INFO: [SYN 201-201] Setting up clock 'default' with a period of 10ns.
INFO: [SCHED 204-61] Option 'relax_ii_for_timing' is enabled, will increase II to preserve clock frequency constraints.
INFO: [HLS 200-10] Analyzing design file 'fast_corner/src/Top.cpp' ... 
INFO: [HLS 200-111] Finished Linking Time (s): cpu = 00:00:02 ; elapsed = 00:00:49 . Memory (MB): peak = 105.328 ; gain = 21.523
INFO: [HLS 200-111] Finished Checking Pragmas Time (s): cpu = 00:00:02 ; elapsed = 00:00:49 . Memory (MB): peak = 105.328 ; gain = 21.523
INFO: [HLS 200-10] Starting code transformations ...
INFO: [HLS 200-489] Unrolling loop 'Loop-1' (E:/Xilinx/Vivado_2018.3/Vivado/2018.3/common/technology/autopilot/hls/hls_video_core.h:677) in function 'hls::Mat<1080, 1920, 0>::read()' completely with a factor of 1.
INFO: [HLS 200-489] Unrolling loop 'Loop-1' (E:/Xilinx/Vivado_2018.3/Vivado/2018.3/common/technology/autopilot/hls/hls_video_core.h:701) in function 'hls::Mat<1080, 1920, 0>::write(hls::Scalar<1, unsigned char>)' completely with a factor of 1.
INFO: [XFORM 203-603] Inlining function 'hls::Mat<1080, 1920, 4096>::init' into 'hls::Mat<1080, 1920, 4096>::Mat.1' (E:/Xilinx/Vivado_2018.3/Vivado/2018.3/common/technology/autopilot/hls/hls_video_core.h:642).
INFO: [XFORM 203-603] Inlining function 'hls::Mat<1080, 1920, 0>::init' into 'hls::Mat<1080, 1920, 0>::Mat.1' (E:/Xilinx/Vivado_2018.3/Vivado/2018.3/common/technology/autopilot/hls/hls_video_core.h:642).
INFO: [XFORM 203-603] Inlining function 'hls::AXIGetBitFields<32, unsigned char>.1' into 'hls::AXIGetBitFields<32, unsigned char>' (E:/Xilinx/Vivado_2018.3/Vivado/2018.3/common/technology/autopilot/hls/hls_axi_io.h:71).
INFO: [XFORM 203-603] Inlining function 'hls::AXIGetBitFields<32, unsigned char>' into 'hls::AXIvideo2Mat<32, 1080, 1920, 4096>' (E:/Xilinx/Vivado_2018.3/Vivado/2018.3/common/technology/autopilot/hls/hls_video_io.h:92).
INFO: [XFORM 203-603] Inlining function 'hls::Mat<1080, 1920, 4096>::write' into 'hls::Mat<1080, 1920, 4096>::operator<<' (E:/Xilinx/Vivado_2018.3/Vivado/2018.3/common/technology/autopilot/hls/hls_video_core.h:717).
INFO: [XFORM 203-603] Inlining function 'hls::Mat<1080, 1920, 4096>::operator<<' into 'hls::PaintMask<4096, 0, 1080, 1920>' (E:/Xilinx/Vivado_2018.3/Vivado/2018.3/common/technology/autopilot/hls/hls_video_fast.h:486).
INFO: [XFORM 203-603] Inlining function 'hls::Mat<1080, 1920, 4096>::operator<<' into 'hls::Duplicate<1080, 1920, 4096, 4096>' (E:/Xilinx/Vivado_2018.3/Vivado/2018.3/common/technology/autopilot/hls/hls_video_arithm.h:1563).
INFO: [XFORM 203-603] Inlining function 'hls::Mat<1080, 1920, 4096>::operator<<' into 'hls::Duplicate<1080, 1920, 4096, 4096>' (E:/Xilinx/Vivado_2018.3/Vivado/2018.3/common/technology/autopilot/hls/hls_video_arithm.h:1562).
INFO: [XFORM 203-603] Inlining function 'hls::Mat<1080, 1920, 4096>::operator<<' into 'hls::AXIvideo2Mat<32, 1080, 1920, 4096>' (E:/Xilinx/Vivado_2018.3/Vivado/2018.3/common/technology/autopilot/hls/hls_video_io.h:94).
INFO: [XFORM 203-603] Inlining function 'hls::Mat<1080, 1920, 4096>::read' into 'hls::Mat<1080, 1920, 4096>::operator>>' (E:/Xilinx/Vivado_2018.3/Vivado/2018.3/common/technology/autopilot/hls/hls_video_core.h:711).
INFO: [XFORM 203-603] Inlining function 'hls::Mat<1080, 1920, 4096>::operator>>' into 'hls::Mat2AXIvideo<32, 1080, 1920, 4096>' (E:/Xilinx/Vivado_2018.3/Vivado/2018.3/common/technology/autopilot/hls/hls_video_io.h:140).
INFO: [XFORM 203-603] Inlining function 'hls::Mat<1080, 1920, 4096>::operator>>' into 'hls::PaintMask<4096, 0, 1080, 1920>' (E:/Xilinx/Vivado_2018.3/Vivado/2018.3/common/technology/autopilot/hls/hls_video_fast.h:476).
INFO: [XFORM 203-603] Inlining function 'hls::Mat<1080, 1920, 4096>::operator>>' into 'hls::CvtColor<HLS_BGR2GRAY, 4096, 0, 1080, 1920>' (E:/Xilinx/Vivado_2018.3/Vivado/2018.3/common/technology/autopilot/hls/hls_video_imgproc.h:1971).
INFO: [XFORM 203-603] Inlining function 'hls::Mat<1080, 1920, 4096>::operator>>' into 'hls::Duplicate<1080, 1920, 4096, 4096>' (E:/Xilinx/Vivado_2018.3/Vivado/2018.3/common/technology/autopilot/hls/hls_video_arithm.h:1561).
INFO: [XFORM 203-603] Inlining function 'hls::ColorConverter<unsigned char, unsigned char>::convert<3>' into 'hls::kernel_CvtColor<HLS_BGR2GRAY, unsigned char, unsigned char>::apply<3, 1>' (E:/Xilinx/Vivado_2018.3/Vivado/2018.3/common/technology/autopilot/hls/hls_video_imgproc.h:1534).
INFO: [XFORM 203-603] Inlining function 'hls::Mat<1080, 1920, 0>::write' into 'hls::Mat<1080, 1920, 0>::operator<<' (E:/Xilinx/Vivado_2018.3/Vivado/2018.3/common/technology/autopilot/hls/hls_video_core.h:717).
INFO: [XFORM 203-603] Inlining function 'hls::Mat<1080, 1920, 0>::operator<<' into 'hls::FAST_t_opr<16, 7, 0, 1080, 1920>' (E:/Xilinx/Vivado_2018.3/Vivado/2018.3/common/technology/autopilot/hls/hls_video_fast.h:311).
INFO: [XFORM 203-603] Inlining function 'hls::Mat<1080, 1920, 0>::operator<<' into 'hls::CvtColor<HLS_BGR2GRAY, 4096, 0, 1080, 1920>' (E:/Xilinx/Vivado_2018.3/Vivado/2018.3/common/technology/autopilot/hls/hls_video_imgproc.h:1973).
INFO: [XFORM 203-603] Inlining function 'hls::Mat<1080, 1920, 0>::read' into 'hls::Mat<1080, 1920, 0>::operator>>' (E:/Xilinx/Vivado_2018.3/Vivado/2018.3/common/technology/autopilot/hls/hls_video_core.h:711).
INFO: [XFORM 203-603] Inlining function 'hls::Mat<1080, 1920, 0>::operator>>' into 'hls::FAST_t_opr<16, 7, 0, 1080, 1920>' (E:/Xilinx/Vivado_2018.3/Vivado/2018.3/common/technology/autopilot/hls/hls_video_fast.h:261).
INFO: [XFORM 203-603] Inlining function 'hls::Mat<1080, 1920, 0>::operator>>' into 'hls::PaintMask<4096, 0, 1080, 1920>' (E:/Xilinx/Vivado_2018.3/Vivado/2018.3/common/technology/autopilot/hls/hls_video_fast.h:477).
INFO: [XFORM 203-603] Inlining function 'hls::fast_pixel_diff<16, 7, 25, ap_uint<8>, int>' into 'hls::fast_judge<16, 7, ap_uint<8>, int>' (E:/Xilinx/Vivado_2018.3/Vivado/2018.3/common/technology/autopilot/hls/hls_video_fast.h:166).
INFO: [XFORM 203-603] Inlining function 'hls::coreScore<16, 25, int, ap_uint<8> >' into 'hls::fast_judge<16, 7, ap_uint<8>, int>' (E:/Xilinx/Vivado_2018.3/Vivado/2018.3/common/technology/autopilot/hls/hls_video_fast.h:184).
INFO: [XFORM 203-603] Inlining function 'hls::fast_judge<16, 7, ap_uint<8>, int>' into 'hls::FAST_t_opr<16, 7, 0, 1080, 1920>' (E:/Xilinx/Vivado_2018.3/Vivado/2018.3/common/technology/autopilot/hls/hls_video_fast.h:285).
INFO: [XFORM 203-603] Inlining function 'hls::fast_nonmax<3, ap_int<16> >' into 'hls::FAST_t_opr<16, 7, 0, 1080, 1920>' (E:/Xilinx/Vivado_2018.3/Vivado/2018.3/common/technology/autopilot/hls/hls_video_fast.h:301).
INFO: [XFORM 203-603] Inlining function 'hls::FASTX<0, 1080, 1920>' into 'hls_fast_corner' (fast_corner/src/Top.cpp:28).
INFO: [XFORM 203-603] Inlining function 'hls::getStructuringElement<unsigned char, int, int, 3, 3>' into 'hls::morp_opr<hls::dilate_kernel, hls::BORDER_REPLICATE, 0, 0, 1080, 1920>' (E:/Xilinx/Vivado_2018.3/Vivado/2018.3/common/technology/autopilot/hls/hls_video_imgproc.h:1182).
INFO: [XFORM 203-603] Inlining function 'hls::normalizeAnchor<int, int>' into 'hls::filter_opr<hls::dilate_kernel, hls::BORDER_REPLICATE>::filter<0, 0, unsigned char, int, 1080, 1920, 3, 3>' (E:/Xilinx/Vivado_2018.3/Vivado/2018.3/common/technology/autopilot/hls/hls_video_imgproc.h:424).
INFO: [XFORM 203-603] Inlining function 'hls::filter_opr<hls::dilate_kernel, hls::BORDER_REPLICATE>::get_parameters<3, 3, int>' into 'hls::filter_opr<hls::dilate_kernel, hls::BORDER_REPLICATE>::filter<0, 0, unsigned char, int, 1080, 1920, 3, 3>' (E:/Xilinx/Vivado_2018.3/Vivado/2018.3/common/technology/autopilot/hls/hls_video_imgproc.h:434).
INFO: [XFORM 203-603] Inlining function 'hls::borderInterpolate' into 'hls::filter_opr<hls::dilate_kernel, hls::BORDER_REPLICATE>::filter<0, 0, unsigned char, int, 1080, 1920, 3, 3>' (E:/Xilinx/Vivado_2018.3/Vivado/2018.3/common/technology/autopilot/hls/hls_video_imgproc.h:452).
INFO: [XFORM 203-603] Inlining function 'hls::borderInterpolate' into 'hls::filter_opr<hls::dilate_kernel, hls::BORDER_REPLICATE>::filter<0, 0, unsigned char, int, 1080, 1920, 3, 3>' (E:/Xilinx/Vivado_2018.3/Vivado/2018.3/common/technology/autopilot/hls/hls_video_imgproc.h:470).
INFO: [XFORM 203-603] Inlining function 'hls::borderInterpolate' into 'hls::filter_opr<hls::dilate_kernel, hls::BORDER_REPLICATE>::filter<0, 0, unsigned char, int, 1080, 1920, 3, 3>' (E:/Xilinx/Vivado_2018.3/Vivado/2018.3/common/technology/autopilot/hls/hls_video_imgproc.h:506).
INFO: [XFORM 203-603] Inlining function 'hls::Window<3, 3, unsigned char>::getval' into 'hls::Window<3, 3, unsigned char>::operator()' (E:/Xilinx/Vivado_2018.3/Vivado/2018.3/common/technology/autopilot/hls/hls_video_mem.h:501).
INFO: [XFORM 203-603] Inlining function 'hls::Window<3, 3, unsigned char>::operator()' into 'hls::filter_opr<hls::dilate_kernel, hls::BORDER_REPLICATE>::filter<0, 0, unsigned char, int, 1080, 1920, 3, 3>' (E:/Xilinx/Vivado_2018.3/Vivado/2018.3/common/technology/autopilot/hls/hls_video_imgproc.h:507).
INFO: [XFORM 203-603] Inlining function 'hls::Window<3, 3, unsigned char>::operator()' into 'hls::filter_opr<hls::dilate_kernel, hls::BORDER_REPLICATE>::filter<0, 0, unsigned char, int, 1080, 1920, 3, 3>' (E:/Xilinx/Vivado_2018.3/Vivado/2018.3/common/technology/autopilot/hls/hls_video_imgproc.h:503).
INFO: [XFORM 203-603] Inlining function 'hls::Window<3, 3, unsigned char>::operator()' into 'hls::filter_opr<hls::dilate_kernel, hls::BORDER_REPLICATE>::filter<0, 0, unsigned char, int, 1080, 1920, 3, 3>' (E:/Xilinx/Vivado_2018.3/Vivado/2018.3/common/technology/autopilot/hls/hls_video_imgproc.h:484).
INFO: [XFORM 203-603] Inlining function 'hls::Window<3, 3, unsigned char>::operator()' into 'hls::filter_opr<hls::dilate_kernel, hls::BORDER_REPLICATE>::filter<0, 0, unsigned char, int, 1080, 1920, 3, 3>' (E:/Xilinx/Vivado_2018.3/Vivado/2018.3/common/technology/autopilot/hls/hls_video_imgproc.h:481).
INFO: [XFORM 203-603] Inlining function 'hls::Window<3, 3, unsigned char>::operator()' into 'hls::filter_opr<hls::dilate_kernel, hls::BORDER_REPLICATE>::filter<0, 0, unsigned char, int, 1080, 1920, 3, 3>' (E:/Xilinx/Vivado_2018.3/Vivado/2018.3/common/technology/autopilot/hls/hls_video_imgproc.h:481).
INFO: [XFORM 203-603] Inlining function 'hls::Window<3, 3, unsigned char>::operator()' into 'hls::filter_opr<hls::dilate_kernel, hls::BORDER_REPLICATE>::filter<0, 0, unsigned char, int, 1080, 1920, 3, 3>' (E:/Xilinx/Vivado_2018.3/Vivado/2018.3/common/technology/autopilot/hls/hls_video_imgproc.h:458).
INFO: [XFORM 203-603] Inlining function 'hls::Window<3, 1, unsigned char>::getval' into 'hls::Window<3, 1, unsigned char>::operator()' (E:/Xilinx/Vivado_2018.3/Vivado/2018.3/common/technology/autopilot/hls/hls_video_mem.h:501).
INFO: [XFORM 203-603] Inlining function 'hls::Window<3, 1, unsigned char>::operator()' into 'hls::filter_opr<hls::dilate_kernel, hls::BORDER_REPLICATE>::filter<0, 0, unsigned char, int, 1080, 1920, 3, 3>' (E:/Xilinx/Vivado_2018.3/Vivado/2018.3/common/technology/autopilot/hls/hls_video_imgproc.h:458).
INFO: [XFORM 203-603] Inlining function 'hls::Window<3, 1, unsigned char>::operator()' into 'hls::filter_opr<hls::dilate_kernel, hls::BORDER_REPLICATE>::filter<0, 0, unsigned char, int, 1080, 1920, 3, 3>' (E:/Xilinx/Vivado_2018.3/Vivado/2018.3/common/technology/autopilot/hls/hls_video_imgproc.h:460).
INFO: [XFORM 203-603] Inlining function 'hls::Window<3, 1, unsigned char>::operator()' into 'hls::filter_opr<hls::dilate_kernel, hls::BORDER_REPLICATE>::filter<0, 0, unsigned char, int, 1080, 1920, 3, 3>' (E:/Xilinx/Vivado_2018.3/Vivado/2018.3/common/technology/autopilot/hls/hls_video_imgproc.h:484).
INFO: [XFORM 203-603] Inlining function 'hls::Window<3, 1, unsigned char>::operator()' into 'hls::filter_opr<hls::dilate_kernel, hls::BORDER_REPLICATE>::filter<0, 0, unsigned char, int, 1080, 1920, 3, 3>' (E:/Xilinx/Vivado_2018.3/Vivado/2018.3/common/technology/autopilot/hls/hls_video_imgproc.h:503).
INFO: [XFORM 203-603] Inlining function 'hls::Window<3, 1, unsigned char>::operator()' into 'hls::filter_opr<hls::dilate_kernel, hls::BORDER_REPLICATE>::filter<0, 0, unsigned char, int, 1080, 1920, 3, 3>' (E:/Xilinx/Vivado_2018.3/Vivado/2018.3/common/technology/autopilot/hls/hls_video_imgproc.h:507).
INFO: [XFORM 203-603] Inlining function 'hls::LineBuffer<6, 1920, unsigned char, 0>::getval' into 'hls::LineBuffer<6, 1920, unsigned char, 0>::operator()' (E:/Xilinx/Vivado_2018.3/Vivado/2018.3/common/technology/autopilot/hls/hls_video_mem.h:843).
INFO: [XFORM 203-603] Inlining function 'hls::LineBuffer<6, 1920, unsigned char, 0>::operator()' into 'hls::filter_opr<hls::dilate_kernel, hls::BORDER_REPLICATE>::filter<0, 0, unsigned char, int, 1080, 1920, 3, 3>' (E:/Xilinx/Vivado_2018.3/Vivado/2018.3/common/technology/autopilot/hls/hls_video_imgproc.h:493).
INFO: [XFORM 203-603] Inlining function 'hls::LineBuffer<6, 1920, unsigned char, 0>::operator()' into 'hls::filter_opr<hls::dilate_kernel, hls::BORDER_REPLICATE>::filter<0, 0, unsigned char, int, 1080, 1920, 3, 3>' (E:/Xilinx/Vivado_2018.3/Vivado/2018.3/common/technology/autopilot/hls/hls_video_imgproc.h:489).
INFO: [XFORM 203-603] Inlining function 'hls::LineBuffer<6, 1920, unsigned char, 0>::operator()' into 'hls::filter_opr<hls::dilate_kernel, hls::BORDER_REPLICATE>::filter<0, 0, unsigned char, int, 1080, 1920, 3, 3>' (E:/Xilinx/Vivado_2018.3/Vivado/2018.3/common/technology/autopilot/hls/hls_video_imgproc.h:489).
INFO: [XFORM 203-603] Inlining function 'hls::LineBuffer<6, 1920, unsigned char, 0>::operator()' into 'hls::filter_opr<hls::dilate_kernel, hls::BORDER_REPLICATE>::filter<0, 0, unsigned char, int, 1080, 1920, 3, 3>' (E:/Xilinx/Vivado_2018.3/Vivado/2018.3/common/technology/autopilot/hls/hls_video_imgproc.h:472).
INFO: [XFORM 203-603] Inlining function 'hls::LineBuffer<6, 1920, unsigned char, 0>::operator()' into 'hls::filter_opr<hls::dilate_kernel, hls::BORDER_REPLICATE>::filter<0, 0, unsigned char, int, 1080, 1920, 3, 3>' (E:/Xilinx/Vivado_2018.3/Vivado/2018.3/common/technology/autopilot/hls/hls_video_imgproc.h:460).
INFO: [XFORM 203-603] Inlining function 'hls::Window<3, 3, unsigned char>::shift_pixels_right' into 'hls::Window<3, 3, unsigned char>::shift_right' (E:/Xilinx/Vivado_2018.3/Vivado/2018.3/common/technology/autopilot/hls/hls_video_mem.h:543).
INFO: [XFORM 203-603] Inlining function 'hls::Window<3, 3, unsigned char>::shift_right' into 'hls::filter_opr<hls::dilate_kernel, hls::BORDER_REPLICATE>::filter<0, 0, unsigned char, int, 1080, 1920, 3, 3>' (E:/Xilinx/Vivado_2018.3/Vivado/2018.3/common/technology/autopilot/hls/hls_video_imgproc.h:499).
INFO: [XFORM 203-603] Inlining function 'hls::dilate_kernel::apply<unsigned char, unsigned char, unsigned char, 3, 3>' into 'hls::filter_opr<hls::dilate_kernel, hls::BORDER_REPLICATE>::filter<0, 0, unsigned char, int, 1080, 1920, 3, 3>' (E:/Xilinx/Vivado_2018.3/Vivado/2018.3/common/technology/autopilot/hls/hls_video_imgproc.h:514).
INFO: [XFORM 203-603] Inlining function 'hls::filter_opr<hls::dilate_kernel, hls::BORDER_REPLICATE>::filter<0, 0, unsigned char, int, 1080, 1920, 3, 3>' into 'hls::morp_opr<hls::dilate_kernel, hls::BORDER_REPLICATE, 0, 0, 1080, 1920>' (E:/Xilinx/Vivado_2018.3/Vivado/2018.3/common/technology/autopilot/hls/hls_video_imgproc.h:1184).
INFO: [XFORM 203-603] Inlining function 'hls::morp_opr<hls::dilate_kernel, hls::BORDER_REPLICATE, 0, 0, 1080, 1920>' into 'hls::Dilate<0, 0, 1080, 1920>' (E:/Xilinx/Vivado_2018.3/Vivado/2018.3/common/technology/autopilot/hls/hls_video_imgproc.h:1258).
INFO: [XFORM 203-603] Inlining function 'hls::AXISetBitFields<32, unsigned char>.1' into 'hls::AXISetBitFields<32, unsigned char>' (E:/Xilinx/Vivado_2018.3/Vivado/2018.3/common/technology/autopilot/hls/hls_axi_io.h:100).
INFO: [XFORM 203-603] Inlining function 'hls::AXISetBitFields<32, unsigned char>' into 'hls::Mat2AXIvideo<32, 1080, 1920, 4096>' (E:/Xilinx/Vivado_2018.3/Vivado/2018.3/common/technology/autopilot/hls/hls_video_io.h:143).
INFO: [HLS 200-111] Finished Standard Transforms Time (s): cpu = 00:00:05 ; elapsed = 00:00:54 . Memory (MB): peak = 178.484 ; gain = 94.680
INFO: [HLS 200-10] Checking synthesizability ...
INFO: [XFORM 203-602] Inlining function 'hls::sr_cast_class<ap_uint<8> >::operator()<35, 13, (ap_q_mode)5, (ap_o_mode)3>' into 'hls::sr_cast<unsigned char, ap_fixed<35, 13, (ap_q_mode)5, (ap_o_mode)3, 0> >' (E:/Xilinx/Vivado_2018.3/Vivado/2018.3/common/technology/autopilot/hls/hls_video_types.h:500) automatically.
INFO: [XFORM 203-602] Inlining function 'hls::sr_cast<unsigned char, ap_fixed<35, 13, (ap_q_mode)5, (ap_o_mode)3, 0> >' into 'hls::kernel_CvtColor<HLS_BGR2GRAY, unsigned char, unsigned char>::apply<3, 1>' (E:/Xilinx/Vivado_2018.3/Vivado/2018.3/common/technology/autopilot/hls/hls_video_imgproc.h:1498->E:/Xilinx/Vivado_2018.3/Vivado/2018.3/common/technology/autopilot/hls/hls_video_imgproc.h:1534) automatically.
INFO: [XFORM 203-602] Inlining function 'std::numeric_limits<int>::max' into 'hls::numeric_limits<int>::max' (E:/Xilinx/Vivado_2018.3/Vivado/2018.3/common/technology/autopilot\utils/x_hls_utils.h:73) automatically.
INFO: [XFORM 203-602] Inlining function 'std::numeric_limits<int>::min' into 'hls::numeric_limits<int>::min' (E:/Xilinx/Vivado_2018.3/Vivado/2018.3/common/technology/autopilot\utils/x_hls_utils.h:74) automatically.
INFO: [XFORM 203-602] Inlining function 'hls::min<int>' into 'hls::FAST_t_opr<16, 7, 0, 1080, 1920>' (E:/Xilinx/Vivado_2018.3/Vivado/2018.3/common/technology/autopilot/hls/hls_video_fast.h:105->E:/Xilinx/Vivado_2018.3/Vivado/2018.3/common/technology/autopilot/hls/hls_video_fast.h:184->E:/Xilinx/Vivado_2018.3/Vivado/2018.3/common/technology/autopilot/hls/hls_video_fast.h:285) automatically.
INFO: [XFORM 203-602] Inlining function 'hls::max<int>' into 'hls::FAST_t_opr<16, 7, 0, 1080, 1920>' (E:/Xilinx/Vivado_2018.3/Vivado/2018.3/common/technology/autopilot/hls/hls_video_fast.h:106->E:/Xilinx/Vivado_2018.3/Vivado/2018.3/common/technology/autopilot/hls/hls_video_fast.h:184->E:/Xilinx/Vivado_2018.3/Vivado/2018.3/common/technology/autopilot/hls/hls_video_fast.h:285) automatically.
INFO: [XFORM 203-602] Inlining function 'hls::numeric_limits<int>::max' into 'hls::FAST_t_opr<16, 7, 0, 1080, 1920>' (E:/Xilinx/Vivado_2018.3/Vivado/2018.3/common/technology/autopilot/hls/hls_video_fast.h:125->E:/Xilinx/Vivado_2018.3/Vivado/2018.3/common/technology/autopilot/hls/hls_video_fast.h:184->E:/Xilinx/Vivado_2018.3/Vivado/2018.3/common/technology/autopilot/hls/hls_video_fast.h:285) automatically.
INFO: [XFORM 203-602] Inlining function 'hls::numeric_limits<int>::min' into 'hls::FAST_t_opr<16, 7, 0, 1080, 1920>' (E:/Xilinx/Vivado_2018.3/Vivado/2018.3/common/technology/autopilot/hls/hls_video_fast.h:138->E:/Xilinx/Vivado_2018.3/Vivado/2018.3/common/technology/autopilot/hls/hls_video_fast.h:184->E:/Xilinx/Vivado_2018.3/Vivado/2018.3/common/technology/autopilot/hls/hls_video_fast.h:285) automatically.
INFO: [XFORM 203-602] Inlining function 'std::numeric_limits<unsigned char>::min' into 'hls::numeric_limits<unsigned char>::min' (E:/Xilinx/Vivado_2018.3/Vivado/2018.3/common/technology/autopilot\utils/x_hls_utils.h:74) automatically.
INFO: [XFORM 203-602] Inlining function 'hls::numeric_limits<unsigned char>::min' into 'hls::Dilate<0, 0, 1080, 1920>' (E:/Xilinx/Vivado_2018.3/Vivado/2018.3/common/technology/autopilot/hls/hls_video_imgproc.h:179->E:/Xilinx/Vivado_2018.3/Vivado/2018.3/common/technology/autopilot/hls/hls_video_imgproc.h:514->E:/Xilinx/Vivado_2018.3/Vivado/2018.3/common/technology/autopilot/hls/hls_video_imgproc.h:1184->E:/Xilinx/Vivado_2018.3/Vivado/2018.3/common/technology/autopilot/hls/hls_video_imgproc.h:1258) automatically.
WARNING: [SYNCHK 200-23] E:/Xilinx/Vivado_2018.3/Vivado/2018.3/common/technology/autopilot/hls/hls_axi_io.h:78: variable-indexed range selection may cause suboptimal QoR.
INFO: [SYNCHK 200-10] 0 error(s), 1 warning(s).
INFO: [HLS 200-111] Finished Checking Synthesizability Time (s): cpu = 00:00:06 ; elapsed = 00:00:56 . Memory (MB): peak = 226.063 ; gain = 142.258
WARNING: [XFORM 203-1103] Ignored data pack directive on non-struct variable '_dst.data_stream.V' (fast_corner/src/Top.cpp:16).
WARNING: [XFORM 203-1103] Ignored data pack directive on non-struct variable 'mask.data_stream.V' (fast_corner/src/Top.cpp:19).
WARNING: [XFORM 203-1103] Ignored data pack directive on non-struct variable 'src0.data_stream.V' (fast_corner/src/Top.cpp:17).
WARNING: [XFORM 203-1103] Ignored data pack directive on non-struct variable 'src1.data_stream.V' (fast_corner/src/Top.cpp:18).
WARNING: [XFORM 203-1103] Ignored data pack directive on non-struct variable 'gray.data_stream.V' (fast_corner/src/Top.cpp:21).
WARNING: [XFORM 203-1103] Ignored data pack directive on non-struct variable '_src.data_stream.V' (fast_corner/src/Top.cpp:15).
INFO: [XFORM 203-502] Unrolling all sub-loops inside loop 'loop_width' (E:/Xilinx/Vivado_2018.3/Vivado/2018.3/common/technology/autopilot/hls/hls_video_fast.h:473) in function 'hls::PaintMask<4096, 0, 1080, 1920>' for pipelining.
INFO: [XFORM 203-502] Unrolling all sub-loops inside loop 'loop_width' (E:/Xilinx/Vivado_2018.3/Vivado/2018.3/common/technology/autopilot/hls/hls_video_io.h:126) in function 'hls::Mat2AXIvideo<32, 1080, 1920, 4096>' for pipelining.
INFO: [XFORM 203-502] Unrolling all sub-loops inside loop 'loop_width' (E:/Xilinx/Vivado_2018.3/Vivado/2018.3/common/technology/autopilot/hls/hls_video_fast.h:245) in function 'hls::FAST_t_opr<16, 7, 0, 1080, 1920>' for pipelining.
INFO: [XFORM 203-502] Unrolling all sub-loops inside loop 'loop_width' (E:/Xilinx/Vivado_2018.3/Vivado/2018.3/common/technology/autopilot/hls/hls_video_arithm.h:1558) in function 'hls::Duplicate<1080, 1920, 4096, 4096>' for pipelining.
INFO: [XFORM 203-502] Unrolling small iteration loop 'Loop-2' (E:/Xilinx/Vivado_2018.3/Vivado/2018.3/common/technology/autopilot/hls/hls_video_imgproc.h:398) in function 'hls::Dilate<0, 0, 1080, 1920>' automatically.
INFO: [XFORM 203-502] Unrolling small iteration loop 'Loop-3' (E:/Xilinx/Vivado_2018.3/Vivado/2018.3/common/technology/autopilot/hls/hls_video_imgproc.h:400) in function 'hls::Dilate<0, 0, 1080, 1920>' automatically.
INFO: [XFORM 203-502] Unrolling small iteration loop 'Loop-4' (E:/Xilinx/Vivado_2018.3/Vivado/2018.3/common/technology/autopilot/hls/hls_video_imgproc.h:403) in function 'hls::Dilate<0, 0, 1080, 1920>' automatically.
INFO: [XFORM 203-502] Unrolling small iteration loop 'Loop-5' (E:/Xilinx/Vivado_2018.3/Vivado/2018.3/common/technology/autopilot/hls/hls_video_imgproc.h:405) in function 'hls::Dilate<0, 0, 1080, 1920>' automatically.
INFO: [XFORM 203-502] Unrolling all sub-loops inside loop 'loop_width' (E:/Xilinx/Vivado_2018.3/Vivado/2018.3/common/technology/autopilot/hls/hls_video_imgproc.h:444) in function 'hls::Dilate<0, 0, 1080, 1920>' for pipelining.
INFO: [XFORM 203-502] Unrolling all sub-loops inside loop 'loop_width' (E:/Xilinx/Vivado_2018.3/Vivado/2018.3/common/technology/autopilot/hls/hls_video_imgproc.h:1968) in function 'hls::CvtColor<HLS_BGR2GRAY, 4096, 0, 1080, 1920>' for pipelining.
INFO: [XFORM 203-502] Unrolling all sub-loops inside loop 'loop_width' (E:/Xilinx/Vivado_2018.3/Vivado/2018.3/common/technology/autopilot/hls/hls_video_io.h:73) in function 'hls::AXIvideo2Mat<32, 1080, 1920, 4096>' for pipelining.
INFO: [HLS 200-489] Unrolling loop 'Loop-1.1.1' (E:/Xilinx/Vivado_2018.3/Vivado/2018.3/common/technology/autopilot/hls/hls_video_core.h:677) in function 'hls::PaintMask<4096, 0, 1080, 1920>' completely with a factor of 3.
INFO: [HLS 200-489] Unrolling loop 'Loop-1.1.2' (E:/Xilinx/Vivado_2018.3/Vivado/2018.3/common/technology/autopilot/hls/hls_video_core.h:701) in function 'hls::PaintMask<4096, 0, 1080, 1920>' completely with a factor of 3.
INFO: [HLS 200-489] Unrolling loop 'Loop-1.1.1' (E:/Xilinx/Vivado_2018.3/Vivado/2018.3/common/technology/autopilot/hls/hls_video_core.h:677) in function 'hls::Mat2AXIvideo<32, 1080, 1920, 4096>' completely with a factor of 3.
INFO: [HLS 200-489] Unrolling loop 'loop_channels' (E:/Xilinx/Vivado_2018.3/Vivado/2018.3/common/technology/autopilot/hls/hls_video_io.h:142) in function 'hls::Mat2AXIvideo<32, 1080, 1920, 4096>' completely with a factor of 3.
INFO: [HLS 200-489] Unrolling loop 'Loop-1.1.1' (E:/Xilinx/Vivado_2018.3/Vivado/2018.3/common/technology/autopilot/hls/hls_video_fast.h:250) in function 'hls::FAST_t_opr<16, 7, 0, 1080, 1920>' completely with a factor of 7.
INFO: [HLS 200-489] Unrolling loop 'Loop-1.1.1.1' (E:/Xilinx/Vivado_2018.3/Vivado/2018.3/common/technology/autopilot/hls/hls_video_fast.h:251) in function 'hls::FAST_t_opr<16, 7, 0, 1080, 1920>' completely with a factor of 6.
INFO: [HLS 200-489] Unrolling loop 'Loop-1.1.2' (E:/Xilinx/Vivado_2018.3/Vivado/2018.3/common/technology/autopilot/hls/hls_video_fast.h:256) in function 'hls::FAST_t_opr<16, 7, 0, 1080, 1920>' completely with a factor of 5.
INFO: [HLS 200-489] Unrolling loop 'Loop-1.1.3' (E:/Xilinx/Vivado_2018.3/Vivado/2018.3/common/technology/autopilot/hls/hls_video_fast.h:266) in function 'hls::FAST_t_opr<16, 7, 0, 1080, 1920>' completely with a factor of 3.
INFO: [HLS 200-489] Unrolling loop 'Loop-1.1.3.1' (E:/Xilinx/Vivado_2018.3/Vivado/2018.3/common/technology/autopilot/hls/hls_video_fast.h:268) in function 'hls::FAST_t_opr<16, 7, 0, 1080, 1920>' completely with a factor of 2.
INFO: [HLS 200-489] Unrolling loop 'Loop-1.1.4' (E:/Xilinx/Vivado_2018.3/Vivado/2018.3/common/technology/autopilot/hls/hls_video_fast.h:274) in function 'hls::FAST_t_opr<16, 7, 0, 1080, 1920>' completely with a factor of 1.
INFO: [HLS 200-489] Unrolling loop 'Loop-1.1.5' (E:/Xilinx/Vivado_2018.3/Vivado/2018.3/common/technology/autopilot/hls/hls_video_fast.h:55) in function 'hls::FAST_t_opr<16, 7, 0, 1080, 1920>' completely with a factor of 8.
INFO: [HLS 200-489] Unrolling loop 'Loop-1.1.6' (E:/Xilinx/Vivado_2018.3/Vivado/2018.3/common/technology/autopilot/hls/hls_video_fast.h:168) in function 'hls::FAST_t_opr<16, 7, 0, 1080, 1920>' completely with a factor of 24.
INFO: [HLS 200-489] Unrolling loop 'Loop-1.1.7' (E:/Xilinx/Vivado_2018.3/Vivado/2018.3/common/technology/autopilot/hls/hls_video_fast.h:104) in function 'hls::FAST_t_opr<16, 7, 0, 1080, 1920>' completely with a factor of 24.
INFO: [HLS 200-489] Unrolling loop 'Loop-1.1.8' (E:/Xilinx/Vivado_2018.3/Vivado/2018.3/common/technology/autopilot/hls/hls_video_fast.h:108) in function 'hls::FAST_t_opr<16, 7, 0, 1080, 1920>' completely with a factor of 22.
INFO: [HLS 200-489] Unrolling loop 'Loop-1.1.9' (E:/Xilinx/Vivado_2018.3/Vivado/2018.3/common/technology/autopilot/hls/hls_video_fast.h:113) in function 'hls::FAST_t_opr<16, 7, 0, 1080, 1920>' completely with a factor of 18.
INFO: [HLS 200-489] Unrolling loop 'Loop-1.1.10' (E:/Xilinx/Vivado_2018.3/Vivado/2018.3/common/technology/autopilot/hls/hls_video_fast.h:124) in function 'hls::FAST_t_opr<16, 7, 0, 1080, 1920>' completely with a factor of 8.
INFO: [HLS 200-489] Unrolling loop 'Loop-1.1.11' (E:/Xilinx/Vivado_2018.3/Vivado/2018.3/common/technology/autopilot/hls/hls_video_fast.h:137) in function 'hls::FAST_t_opr<16, 7, 0, 1080, 1920>' completely with a factor of 8.
INFO: [HLS 200-489] Unrolling loop 'Loop-1.1.12' (E:/Xilinx/Vivado_2018.3/Vivado/2018.3/common/technology/autopilot/hls/hls_video_fast.h:195) in function 'hls::FAST_t_opr<16, 7, 0, 1080, 1920>' completely with a factor of 3.
INFO: [HLS 200-489] Unrolling loop 'Loop-1.1.13' (E:/Xilinx/Vivado_2018.3/Vivado/2018.3/common/technology/autopilot/hls/hls_video_fast.h:201) in function 'hls::FAST_t_opr<16, 7, 0, 1080, 1920>' completely with a factor of 3.
INFO: [HLS 200-489] Unrolling loop 'Loop-1.1.1' (E:/Xilinx/Vivado_2018.3/Vivado/2018.3/common/technology/autopilot/hls/hls_video_core.h:677) in function 'hls::Duplicate<1080, 1920, 4096, 4096>' completely with a factor of 3.
INFO: [HLS 200-489] Unrolling loop 'Loop-1.1.2' (E:/Xilinx/Vivado_2018.3/Vivado/2018.3/common/technology/autopilot/hls/hls_video_core.h:701) in function 'hls::Duplicate<1080, 1920, 4096, 4096>' completely with a factor of 3.
INFO: [HLS 200-489] Unrolling loop 'Loop-1.1.3' (E:/Xilinx/Vivado_2018.3/Vivado/2018.3/common/technology/autopilot/hls/hls_video_core.h:701) in function 'hls::Duplicate<1080, 1920, 4096, 4096>' completely with a factor of 3.
INFO: [HLS 200-489] Unrolling loop 'Loop-2' (E:/Xilinx/Vivado_2018.3/Vivado/2018.3/common/technology/autopilot/hls/hls_video_imgproc.h:398) in function 'hls::Dilate<0, 0, 1080, 1920>' completely with a factor of 0.
INFO: [HLS 200-489] Unrolling loop 'Loop-3' (E:/Xilinx/Vivado_2018.3/Vivado/2018.3/common/technology/autopilot/hls/hls_video_imgproc.h:400) in function 'hls::Dilate<0, 0, 1080, 1920>' completely with a factor of 0.
INFO: [HLS 200-489] Unrolling loop 'Loop-4' (E:/Xilinx/Vivado_2018.3/Vivado/2018.3/common/technology/autopilot/hls/hls_video_imgproc.h:403) in function 'hls::Dilate<0, 0, 1080, 1920>' completely with a factor of 0.
INFO: [HLS 200-489] Unrolling loop 'Loop-5' (E:/Xilinx/Vivado_2018.3/Vivado/2018.3/common/technology/autopilot/hls/hls_video_imgproc.h:405) in function 'hls::Dilate<0, 0, 1080, 1920>' completely with a factor of 0.
INFO: [HLS 200-489] Unrolling loop 'Loop-6.1.1' (E:/Xilinx/Vivado_2018.3/Vivado/2018.3/common/technology/autopilot/hls/hls_video_imgproc.h:456) in function 'hls::Dilate<0, 0, 1080, 1920>' completely with a factor of 3.
INFO: [HLS 200-489] Unrolling loop 'Loop-6.1.2' (E:/Xilinx/Vivado_2018.3/Vivado/2018.3/common/technology/autopilot/hls/hls_video_imgproc.h:469) in function 'hls::Dilate<0, 0, 1080, 1920>' completely with a factor of 6.
INFO: [HLS 200-489] Unrolling loop 'Loop-6.1.3' (E:/Xilinx/Vivado_2018.3/Vivado/2018.3/common/technology/autopilot/hls/hls_video_imgproc.h:478) in function 'hls::Dilate<0, 0, 1080, 1920>' completely with a factor of 3.
INFO: [HLS 200-489] Unrolling loop 'Loop-6.1.4' (E:/Xilinx/Vivado_2018.3/Vivado/2018.3/common/technology/autopilot/hls/hls_video_imgproc.h:487) in function 'hls::Dilate<0, 0, 1080, 1920>' completely with a factor of 5.
INFO: [HLS 200-489] Unrolling loop 'Loop-6.1.5' (E:/Xilinx/Vivado_2018.3/Vivado/2018.3/common/technology/autopilot/hls/hls_video_mem.h:161) in function 'hls::Dilate<0, 0, 1080, 1920>' completely with a factor of 3.
INFO: [HLS 200-489] Unrolling loop 'Loop-6.1.5.1' (E:/Xilinx/Vivado_2018.3/Vivado/2018.3/common/technology/autopilot/hls/hls_video_mem.h:163) in function 'hls::Dilate<0, 0, 1080, 1920>' completely with a factor of 2.
INFO: [HLS 200-489] Unrolling loop 'Loop-6.1.6' (E:/Xilinx/Vivado_2018.3/Vivado/2018.3/common/technology/autopilot/hls/hls_video_imgproc.h:501) in function 'hls::Dilate<0, 0, 1080, 1920>' completely with a factor of 3.
INFO: [HLS 200-489] Unrolling loop 'loop_height' (E:/Xilinx/Vivado_2018.3/Vivado/2018.3/common/technology/autopilot/hls/hls_video_imgproc.h:181) in function 'hls::Dilate<0, 0, 1080, 1920>' completely with a factor of 3.
INFO: [HLS 200-489] Unrolling loop 'loop_width' (E:/Xilinx/Vivado_2018.3/Vivado/2018.3/common/technology/autopilot/hls/hls_video_imgproc.h:183) in function 'hls::Dilate<0, 0, 1080, 1920>' completely with a factor of 3.
INFO: [HLS 200-489] Unrolling loop 'Loop-1.1.1' (E:/Xilinx/Vivado_2018.3/Vivado/2018.3/common/technology/autopilot/hls/hls_video_core.h:677) in function 'hls::CvtColor<HLS_BGR2GRAY, 4096, 0, 1080, 1920>' completely with a factor of 3.
INFO: [HLS 200-489] Unrolling loop 'loop_channels' (E:/Xilinx/Vivado_2018.3/Vivado/2018.3/common/technology/autopilot/hls/hls_video_io.h:91) in function 'hls::AXIvideo2Mat<32, 1080, 1920, 4096>' completely with a factor of 3.
INFO: [HLS 200-489] Unrolling loop 'Loop-2.1.2' (E:/Xilinx/Vivado_2018.3/Vivado/2018.3/common/technology/autopilot/hls/hls_video_core.h:701) in function 'hls::AXIvideo2Mat<32, 1080, 1920, 4096>' completely with a factor of 3.
INFO: [XFORM 203-102] Partitioning array 's.val.assign' (E:/Xilinx/Vivado_2018.3/Vivado/2018.3/common/technology/autopilot/hls/hls_video_core.h:589) automatically.
INFO: [XFORM 203-102] Partitioning array 's.val.assign.3' (E:/Xilinx/Vivado_2018.3/Vivado/2018.3/common/technology/autopilot/hls/hls_video_core.h:589) automatically.
INFO: [XFORM 203-102] Partitioning array 's.val.assign.4' (E:/Xilinx/Vivado_2018.3/Vivado/2018.3/common/technology/autopilot/hls/hls_video_core.h:589) automatically.
INFO: [XFORM 203-102] Partitioning array 'flag_d_min8' (E:/Xilinx/Vivado_2018.3/Vivado/2018.3/common/technology/autopilot/hls/hls_video_fast.h:97) automatically.
INFO: [XFORM 203-102] Partitioning array 'flag_d_max8' (E:/Xilinx/Vivado_2018.3/Vivado/2018.3/common/technology/autopilot/hls/hls_video_fast.h:98) automatically.
INFO: [XFORM 203-102] Partitioning array 's.val.assign.2' (E:/Xilinx/Vivado_2018.3/Vivado/2018.3/common/technology/autopilot/hls/hls_video_core.h:589) automatically.
INFO: [XFORM 203-102] Automatically partitioning streamed array '_src.data_stream.V' (fast_corner/src/Top.cpp:15) .
INFO: [XFORM 203-102] Automatically partitioning streamed array '_dst.data_stream.V' (fast_corner/src/Top.cpp:16) .
INFO: [XFORM 203-102] Automatically partitioning streamed array 'src0.data_stream.V' (fast_corner/src/Top.cpp:17) .
INFO: [XFORM 203-102] Automatically partitioning streamed array 'src1.data_stream.V' (fast_corner/src/Top.cpp:18) .
INFO: [XFORM 203-102] Automatically partitioning streamed array 'mask.data_stream.V' (fast_corner/src/Top.cpp:19) .
INFO: [XFORM 203-102] Automatically partitioning streamed array 'dmask.data_stream.V' (fast_corner/src/Top.cpp:20) .
INFO: [XFORM 203-102] Automatically partitioning streamed array 'gray.data_stream.V' (fast_corner/src/Top.cpp:21) .
INFO: [XFORM 203-101] Partitioning array 'color.val'  in dimension 1 completely.
INFO: [XFORM 203-101] Partitioning array 's.val' (E:/Xilinx/Vivado_2018.3/Vivado/2018.3/common/technology/autopilot/hls/hls_video_fast.h:469) in dimension 1 completely.
INFO: [XFORM 203-101] Partitioning array 'd.val' (E:/Xilinx/Vivado_2018.3/Vivado/2018.3/common/technology/autopilot/hls/hls_video_fast.h:470) in dimension 1 completely.
INFO: [XFORM 203-101] Partitioning array 'm.val' (E:/Xilinx/Vivado_2018.3/Vivado/2018.3/common/technology/autopilot/hls/hls_video_fast.h:471) in dimension 1 completely.
INFO: [XFORM 203-101] Partitioning array 'scl.val' (E:/Xilinx/Vivado_2018.3/Vivado/2018.3/common/technology/autopilot/hls/hls_video_core.h:670) in dimension 1 completely.
INFO: [XFORM 203-101] Partitioning array 'scl.val.1' (E:/Xilinx/Vivado_2018.3/Vivado/2018.3/common/technology/autopilot/hls/hls_video_core.h:670) in dimension 1 completely.
INFO: [XFORM 203-101] Partitioning array 'pix.val' (E:/Xilinx/Vivado_2018.3/Vivado/2018.3/common/technology/autopilot/hls/hls_video_io.h:115) in dimension 1 completely.
INFO: [XFORM 203-101] Partitioning array 'scl.val' (E:/Xilinx/Vivado_2018.3/Vivado/2018.3/common/technology/autopilot/hls/hls_video_core.h:670) in dimension 1 completely.
INFO: [XFORM 203-101] Partitioning array 'k_buf.val.V' (E:/Xilinx/Vivado_2018.3/Vivado/2018.3/common/technology/autopilot/hls/hls_video_fast.h:222) in dimension 1 completely.
INFO: [XFORM 203-101] Partitioning array 'core_buf.val.V' (E:/Xilinx/Vivado_2018.3/Vivado/2018.3/common/technology/autopilot/hls/hls_video_fast.h:223) in dimension 1 completely.
INFO: [XFORM 203-101] Partitioning array 'core_win.val.V' (E:/Xilinx/Vivado_2018.3/Vivado/2018.3/common/technology/autopilot/hls/hls_video_fast.h:224) in dimension 1 completely.
INFO: [XFORM 203-101] Partitioning array 'win.val.V' (E:/Xilinx/Vivado_2018.3/Vivado/2018.3/common/technology/autopilot/hls/hls_video_fast.h:225) in dimension 1 completely.
INFO: [XFORM 203-101] Partitioning array 's.val' (E:/Xilinx/Vivado_2018.3/Vivado/2018.3/common/technology/autopilot/hls/hls_video_fast.h:226) in dimension 1 completely.
INFO: [XFORM 203-101] Partitioning array 'd.val' (E:/Xilinx/Vivado_2018.3/Vivado/2018.3/common/technology/autopilot/hls/hls_video_fast.h:227) in dimension 1 completely.
INFO: [XFORM 203-101] Partitioning array 'flag_val.V.assign'  in dimension 1 completely.
INFO: [XFORM 203-101] Partitioning array 'flag_d.assign'  in dimension 1 completely.
INFO: [XFORM 203-101] Partitioning array 'scl.val' (E:/Xilinx/Vivado_2018.3/Vivado/2018.3/common/technology/autopilot/hls/hls_video_core.h:670) in dimension 1 completely.
INFO: [XFORM 203-101] Partitioning array 'flag_d_min2' (E:/Xilinx/Vivado_2018.3/Vivado/2018.3/common/technology/autopilot/hls/hls_video_fast.h:93) in dimension 1 completely.
INFO: [XFORM 203-101] Partitioning array 'flag_d_max2' (E:/Xilinx/Vivado_2018.3/Vivado/2018.3/common/technology/autopilot/hls/hls_video_fast.h:94) in dimension 1 completely.
INFO: [XFORM 203-101] Partitioning array 'flag_d_min4' (E:/Xilinx/Vivado_2018.3/Vivado/2018.3/common/technology/autopilot/hls/hls_video_fast.h:95) in dimension 1 completely.
INFO: [XFORM 203-101] Partitioning array 'flag_d_max4' (E:/Xilinx/Vivado_2018.3/Vivado/2018.3/common/technology/autopilot/hls/hls_video_fast.h:96) in dimension 1 completely.
INFO: [XFORM 203-101] Partitioning array 's.val' (E:/Xilinx/Vivado_2018.3/Vivado/2018.3/common/technology/autopilot/hls/hls_video_arithm.h:1556) in dimension 1 completely.
INFO: [XFORM 203-101] Partitioning array 'scl.val' (E:/Xilinx/Vivado_2018.3/Vivado/2018.3/common/technology/autopilot/hls/hls_video_core.h:670) in dimension 1 completely.
INFO: [XFORM 203-101] Partitioning array 'temp_kernel.val'  in dimension 1 completely.
INFO: [XFORM 203-101] Partitioning array 'src_kernel_win.val' (E:/Xilinx/Vivado_2018.3/Vivado/2018.3/common/technology/autopilot/hls/hls_video_imgproc.h:398) in dimension 1 completely.
INFO: [XFORM 203-101] Partitioning array 'k_buf.val' (E:/Xilinx/Vivado_2018.3/Vivado/2018.3/common/technology/autopilot/hls/hls_video_imgproc.h:400) in dimension 1 completely.
INFO: [XFORM 203-101] Partitioning array 'right_border_buf.val' (E:/Xilinx/Vivado_2018.3/Vivado/2018.3/common/technology/autopilot/hls/hls_video_imgproc.h:403) in dimension 1 completely.
INFO: [XFORM 203-101] Partitioning array 'col_buf.val' (E:/Xilinx/Vivado_2018.3/Vivado/2018.3/common/technology/autopilot/hls/hls_video_imgproc.h:405) in dimension 1 completely.
INFO: [XFORM 203-101] Partitioning array 'kernel_opr.par.val.V' (E:/Xilinx/Vivado_2018.3/Vivado/2018.3/common/technology/autopilot/hls/hls_video_imgproc.h:1960) in dimension 1 completely.
INFO: [XFORM 203-101] Partitioning array '_s.val' (E:/Xilinx/Vivado_2018.3/Vivado/2018.3/common/technology/autopilot/hls/hls_video_imgproc.h:1965) in dimension 1 completely.
INFO: [XFORM 203-101] Partitioning array '_d.val' (E:/Xilinx/Vivado_2018.3/Vivado/2018.3/common/technology/autopilot/hls/hls_video_imgproc.h:1966) in dimension 1 completely.
INFO: [XFORM 203-101] Partitioning array 'scl.val' (E:/Xilinx/Vivado_2018.3/Vivado/2018.3/common/technology/autopilot/hls/hls_video_core.h:670) in dimension 1 completely.
INFO: [XFORM 203-101] Partitioning array 'pix.val' (E:/Xilinx/Vivado_2018.3/Vivado/2018.3/common/technology/autopilot/hls/hls_video_io.h:56) in dimension 1 completely.
INFO: [XFORM 203-101] Partitioning array '_src.data_stream.V' (fast_corner/src/Top.cpp:15) in dimension 1 completely.
INFO: [XFORM 203-101] Partitioning array '_dst.data_stream.V' (fast_corner/src/Top.cpp:16) in dimension 1 completely.
INFO: [XFORM 203-101] Partitioning array 'src0.data_stream.V' (fast_corner/src/Top.cpp:17) in dimension 1 completely.
INFO: [XFORM 203-101] Partitioning array 'src1.data_stream.V' (fast_corner/src/Top.cpp:18) in dimension 1 completely.
INFO: [XFORM 203-101] Partitioning array 'mask.data_stream.V' (fast_corner/src/Top.cpp:19) in dimension 1 completely.
INFO: [XFORM 203-101] Partitioning array 'dmask.data_stream.V' (fast_corner/src/Top.cpp:20) in dimension 1 completely.
INFO: [XFORM 203-101] Partitioning array 'gray.data_stream.V' (fast_corner/src/Top.cpp:21) in dimension 1 completely.
INFO: [XFORM 203-101] Partitioning array 'core_win.val.V' (E:/Xilinx/Vivado_2018.3/Vivado/2018.3/common/technology/autopilot/hls/hls_video_fast.h:224) in dimension 2 completely.
INFO: [XFORM 203-101] Partitioning array 'win.val.V' (E:/Xilinx/Vivado_2018.3/Vivado/2018.3/common/technology/autopilot/hls/hls_video_fast.h:225) in dimension 2 completely.
INFO: [XFORM 203-101] Partitioning array 'temp_kernel.val'  in dimension 2 completely.
INFO: [XFORM 203-101] Partitioning array 'src_kernel_win.val' (E:/Xilinx/Vivado_2018.3/Vivado/2018.3/common/technology/autopilot/hls/hls_video_imgproc.h:398) in dimension 2 completely.
INFO: [XFORM 203-101] Partitioning array 'k_buf.val' (E:/Xilinx/Vivado_2018.3/Vivado/2018.3/common/technology/autopilot/hls/hls_video_imgproc.h:400) in dimension 2 completely.
INFO: [XFORM 203-101] Partitioning array 'right_border_buf.val' (E:/Xilinx/Vivado_2018.3/Vivado/2018.3/common/technology/autopilot/hls/hls_video_imgproc.h:403) in dimension 2 completely.
INFO: [XFORM 203-101] Partitioning array 'col_buf.val' (E:/Xilinx/Vivado_2018.3/Vivado/2018.3/common/technology/autopilot/hls/hls_video_imgproc.h:405) in dimension 2 completely.
INFO: [XFORM 203-101] Partitioning array 'src_kernel_win.val' (E:/Xilinx/Vivado_2018.3/Vivado/2018.3/common/technology/autopilot/hls/hls_video_imgproc.h:398) in dimension 3 completely.
INFO: [XFORM 203-101] Partitioning array 'right_border_buf.val' (E:/Xilinx/Vivado_2018.3/Vivado/2018.3/common/technology/autopilot/hls/hls_video_imgproc.h:403) in dimension 3 completely.
INFO: [XFORM 203-101] Partitioning array 'col_buf.val' (E:/Xilinx/Vivado_2018.3/Vivado/2018.3/common/technology/autopilot/hls/hls_video_imgproc.h:405) in dimension 3 completely.
INFO: [XFORM 203-602] Inlining function 'hls::sr_cast_class<ap_uint<8> >::operator()<35, 13, (ap_q_mode)5, (ap_o_mode)3>' into 'hls::sr_cast<unsigned char, ap_fixed<35, 13, (ap_q_mode)5, (ap_o_mode)3, 0> >' (E:/Xilinx/Vivado_2018.3/Vivado/2018.3/common/technology/autopilot/hls/hls_video_types.h:500) automatically.
INFO: [XFORM 203-602] Inlining function 'hls::sr_cast<unsigned char, ap_fixed<35, 13, (ap_q_mode)5, (ap_o_mode)3, 0> >' into 'hls::kernel_CvtColor<HLS_BGR2GRAY, unsigned char, unsigned char>::apply<3, 1>' (E:/Xilinx/Vivado_2018.3/Vivado/2018.3/common/technology/autopilot/hls/hls_video_imgproc.h:1498->E:/Xilinx/Vivado_2018.3/Vivado/2018.3/common/technology/autopilot/hls/hls_video_imgproc.h:1534) automatically.
INFO: [XFORM 203-602] Inlining function 'hls::kernel_CvtColor<HLS_BGR2GRAY, unsigned char, unsigned char>::apply<3, 1>' into 'hls::CvtColor<HLS_BGR2GRAY, 4096, 0, 1080, 1920>' (E:/Xilinx/Vivado_2018.3/Vivado/2018.3/common/technology/autopilot/hls/hls_video_imgproc.h:1972) automatically.
INFO: [XFORM 203-712] Applying dataflow to function 'hls_fast_corner', detected/extracted 7 process function(s): 
	 'hls::AXIvideo2Mat<32, 1080, 1920, 4096>'
	 'hls::Duplicate<1080, 1920, 4096, 4096>'
	 'hls::CvtColor<HLS_BGR2GRAY, 4096, 0, 1080, 1920>'
	 'hls::FAST_t_opr<16, 7, 0, 1080, 1920>'
	 'hls::Dilate<0, 0, 1080, 1920>'
	 'hls::PaintMask<4096, 0, 1080, 1920>'
	 'hls::Mat2AXIvideo<32, 1080, 1920, 4096>'.
INFO: [XFORM 203-401] Performing if-conversion on hyperblock from (E:/Xilinx/Vivado_2018.3/Vivado/2018.3/common/technology/autopilot/hls/hls_video_fast.h:291:16) to (E:/Xilinx/Vivado_2018.3/Vivado/2018.3/common/technology/autopilot/hls/hls_video_fast.h:309:16) in function 'hls::FAST_t_opr<16, 7, 0, 1080, 1920>'... converting 3 basic blocks.
INFO: [XFORM 203-401] Performing if-conversion on hyperblock from (E:/Xilinx/Vivado_2018.3/Vivado/2018.3/common/technology/autopilot/hls/hls_video_fast.h:285:31) to (E:/Xilinx/Vivado_2018.3/Vivado/2018.3/common/technology/autopilot/hls/hls_video_fast.h:183:5) in function 'hls::FAST_t_opr<16, 7, 0, 1080, 1920>'... converting 67 basic blocks.
INFO: [XFORM 203-401] Performing if-conversion on hyperblock from (E:/Xilinx/Vivado_2018.3/Vivado/2018.3/common/technology/autopilot/hls/hls_video_imgproc.h:444:57) to (E:/Xilinx/Vivado_2018.3/Vivado/2018.3/common/technology/autopilot/hls/hls_video_imgproc.h:465:21) in function 'hls::Dilate<0, 0, 1080, 1920>'... converting 12 basic blocks.
INFO: [XFORM 203-401] Performing if-conversion on hyperblock from (E:/Xilinx/Vivado_2018.3/Vivado/2018.3/common/technology/autopilot/hls/hls_video_mem.h:165:17) to (E:/Xilinx/Vivado_2018.3/Vivado/2018.3/common/technology/autopilot/hls/hls_video_imgproc.h:512:24) in function 'hls::Dilate<0, 0, 1080, 1920>'... converting 7 basic blocks.
INFO: [XFORM 203-11] Balancing expressions in function 'hls::FAST_t_opr<16, 7, 0, 1080, 1920>' (E:/Xilinx/Vivado_2018.3/Vivado/2018.3/common/technology/autopilot/hls/hls_video_fast.h:216)...26 expression(s) balanced.
INFO: [HLS 200-111] Finished Pre-synthesis Time (s): cpu = 00:00:14 ; elapsed = 00:01:04 . Memory (MB): peak = 295.230 ; gain = 211.426
WARNING: [XFORM 203-631] Renaming function 'hls::min<int>' to 'min<int>' (E:/Xilinx/Vivado_2018.3/Vivado/2018.3/common/technology/autopilot/hls_math.h:255)
WARNING: [XFORM 203-631] Renaming function 'hls::max<int>' to 'max<int>' (E:/Xilinx/Vivado_2018.3/Vivado/2018.3/common/technology/autopilot/hls_math.h:249)
WARNING: [XFORM 203-631] Renaming function 'hls::PaintMask<4096, 0, 1080, 1920>' to 'PaintMask' (E:/Xilinx/Vivado_2018.3/Vivado/2018.3/common/technology/autopilot/hls/hls_video_fast.h:472:43)
WARNING: [XFORM 203-631] Renaming function 'hls::Mat2AXIvideo<32, 1080, 1920, 4096>' to 'Mat2AXIvideo' (E:/Xilinx/Vivado_2018.3/Vivado/2018.3/common/technology/autopilot/hls/hls_video_io.h:78:50)
WARNING: [XFORM 203-631] Renaming function 'hls::FAST_t_opr<16, 7, 0, 1080, 1920>' to 'FAST_t_opr' (E:/Xilinx/Vivado_2018.3/Vivado/2018.3/common/technology/autopilot/hls/hls_video_fast.h:28:5)
WARNING: [XFORM 203-631] Renaming function 'hls::Duplicate<1080, 1920, 4096, 4096>' to 'Duplicate' (E:/Xilinx/Vivado_2018.3/Vivado/2018.3/common/technology/autopilot/hls/hls_video_arithm.h:672:50)
WARNING: [XFORM 203-631] Renaming function 'hls::Dilate<0, 0, 1080, 1920>' to 'Dilate' (E:/Xilinx/Vivado_2018.3/Vivado/2018.3/common/technology/autopilot/hls/hls_video_imgproc.h:118:33)
WARNING: [XFORM 203-631] Renaming function 'hls::CvtColor<HLS_BGR2GRAY, 4096, 0, 1080, 1920>' to 'CvtColor' (E:/Xilinx/Vivado_2018.3/Vivado/2018.3/common/technology/autopilot/hls/hls_video_imgproc.h:409:39)
WARNING: [XFORM 203-631] Renaming function 'hls::AXIvideo2Mat<32, 1080, 1920, 4096>' to 'AXIvideo2Mat' (E:/Xilinx/Vivado_2018.3/Vivado/2018.3/common/technology/autopilot/hls/hls_video_io.h:49:9)
WARNING: [ANALYSIS 214-52] Found false inter dependency for variable 'k_buf.val[1].V' (E:/Xilinx/Vivado_2018.3/Vivado/2018.3/common/technology/autopilot/hls/hls_video_fast.h:222).
WARNING: [ANALYSIS 214-52] Found false inter dependency for variable 'k_buf.val[2].V' (E:/Xilinx/Vivado_2018.3/Vivado/2018.3/common/technology/autopilot/hls/hls_video_fast.h:222).
WARNING: [ANALYSIS 214-52] Found false inter dependency for variable 'k_buf.val[3].V' (E:/Xilinx/Vivado_2018.3/Vivado/2018.3/common/technology/autopilot/hls/hls_video_fast.h:222).
WARNING: [ANALYSIS 214-52] Found false inter dependency for variable 'k_buf.val[4].V' (E:/Xilinx/Vivado_2018.3/Vivado/2018.3/common/technology/autopilot/hls/hls_video_fast.h:222).
WARNING: [ANALYSIS 214-52] Found false inter dependency for variable 'k_buf.val[5].V' (E:/Xilinx/Vivado_2018.3/Vivado/2018.3/common/technology/autopilot/hls/hls_video_fast.h:222).
WARNING: [ANALYSIS 214-52] Found false inter dependency for variable 'k_buf.val[0].V' (E:/Xilinx/Vivado_2018.3/Vivado/2018.3/common/technology/autopilot/hls/hls_video_fast.h:222).
WARNING: [ANALYSIS 214-52] Found false intra dependency for variable 'k_buf.val[1].V' (E:/Xilinx/Vivado_2018.3/Vivado/2018.3/common/technology/autopilot/hls/hls_video_fast.h:222).
WARNING: [ANALYSIS 214-52] Found false intra dependency for variable 'k_buf.val[2].V' (E:/Xilinx/Vivado_2018.3/Vivado/2018.3/common/technology/autopilot/hls/hls_video_fast.h:222).
WARNING: [ANALYSIS 214-52] Found false intra dependency for variable 'k_buf.val[3].V' (E:/Xilinx/Vivado_2018.3/Vivado/2018.3/common/technology/autopilot/hls/hls_video_fast.h:222).
WARNING: [ANALYSIS 214-52] Found false intra dependency for variable 'k_buf.val[4].V' (E:/Xilinx/Vivado_2018.3/Vivado/2018.3/common/technology/autopilot/hls/hls_video_fast.h:222).
WARNING: [ANALYSIS 214-52] Found false intra dependency for variable 'k_buf.val[5].V' (E:/Xilinx/Vivado_2018.3/Vivado/2018.3/common/technology/autopilot/hls/hls_video_fast.h:222).
WARNING: [ANALYSIS 214-52] Found false intra dependency for variable 'k_buf.val[0].V' (E:/Xilinx/Vivado_2018.3/Vivado/2018.3/common/technology/autopilot/hls/hls_video_fast.h:222).
WARNING: [ANALYSIS 214-52] Found false inter dependency for variable 'core_buf.val[0].V' (E:/Xilinx/Vivado_2018.3/Vivado/2018.3/common/technology/autopilot/hls/hls_video_fast.h:223).
WARNING: [ANALYSIS 214-52] Found false inter dependency for variable 'core_buf.val[1].V' (E:/Xilinx/Vivado_2018.3/Vivado/2018.3/common/technology/autopilot/hls/hls_video_fast.h:223).
WARNING: [ANALYSIS 214-52] Found false intra dependency for variable 'core_buf.val[0].V' (E:/Xilinx/Vivado_2018.3/Vivado/2018.3/common/technology/autopilot/hls/hls_video_fast.h:223).
WARNING: [ANALYSIS 214-52] Found false intra dependency for variable 'core_buf.val[1].V' (E:/Xilinx/Vivado_2018.3/Vivado/2018.3/common/technology/autopilot/hls/hls_video_fast.h:223).
WARNING: [ANALYSIS 214-52] Found false inter dependency for variable 'k_buf[0].val[3]' (E:/Xilinx/Vivado_2018.3/Vivado/2018.3/common/technology/autopilot/hls/hls_video_imgproc.h:400).
WARNING: [ANALYSIS 214-52] Found false inter dependency for variable 'k_buf[0].val[4]' (E:/Xilinx/Vivado_2018.3/Vivado/2018.3/common/technology/autopilot/hls/hls_video_imgproc.h:400).
WARNING: [ANALYSIS 214-52] Found false inter dependency for variable 'k_buf[0].val[5]' (E:/Xilinx/Vivado_2018.3/Vivado/2018.3/common/technology/autopilot/hls/hls_video_imgproc.h:400).
INFO: [HLS 200-111] Finished Architecture Synthesis Time (s): cpu = 00:00:18 ; elapsed = 00:01:09 . Memory (MB): peak = 408.348 ; gain = 324.543
INFO: [HLS 200-10] Starting hardware synthesis ...
INFO: [HLS 200-10] Synthesizing 'hls_fast_corner' ...
WARNING: [SYN 201-103] Legalizing function name 'min<int>' to 'min_int_s'.
WARNING: [SYN 201-103] Legalizing function name 'reg<int>' to 'reg_int_s'.
WARNING: [SYN 201-103] Legalizing function name 'max<int>' to 'max_int_s'.
INFO: [HLS 200-10] ----------------------------------------------------------------
INFO: [HLS 200-42] -- Implementing module 'AXIvideo2Mat' 
INFO: [HLS 200-10] ----------------------------------------------------------------
INFO: [SCHED 204-11] Starting scheduling ...
INFO: [SCHED 204-61] Pipelining loop 'loop_wait_for_start'.
INFO: [SCHED 204-61] Pipelining result : Target II = 1, Final II = 1, Depth = 1.
INFO: [SCHED 204-61] Pipelining loop 'loop_width'.
INFO: [SCHED 204-61] Pipelining result : Target II = 1, Final II = 1, Depth = 2.
INFO: [SCHED 204-61] Pipelining loop 'loop_wait_for_eol'.
INFO: [SCHED 204-61] Pipelining result : Target II = 1, Final II = 1, Depth = 1.
INFO: [SCHED 204-11] Finished scheduling.
INFO: [HLS 200-111]  Elapsed time: 69.93 seconds; current allocated memory: 345.943 MB.
INFO: [HLS 200-434] Only 3 loops out of a total 4 loops have been pipelined in this design.
INFO: [BIND 205-100] Starting micro-architecture generation ...
INFO: [BIND 205-101] Performing variable lifetime analysis.
INFO: [BIND 205-101] Exploring resource sharing.
INFO: [BIND 205-101] Binding ...
INFO: [BIND 205-100] Finished micro-architecture generation.
INFO: [HLS 200-111]  Elapsed time: 0.311 seconds; current allocated memory: 346.257 MB.
INFO: [HLS 200-10] ----------------------------------------------------------------
INFO: [HLS 200-42] -- Implementing module 'Duplicate' 
INFO: [HLS 200-10] ----------------------------------------------------------------
INFO: [SCHED 204-11] Starting scheduling ...
INFO: [SCHED 204-61] Pipelining loop 'loop_width'.
INFO: [SCHED 204-61] Pipelining result : Target II = 1, Final II = 1, Depth = 2.
INFO: [SCHED 204-11] Finished scheduling.
INFO: [HLS 200-111]  Elapsed time: 0.984 seconds; current allocated memory: 346.426 MB.
INFO: [BIND 205-100] Starting micro-architecture generation ...
INFO: [BIND 205-101] Performing variable lifetime analysis.
INFO: [BIND 205-101] Exploring resource sharing.
INFO: [BIND 205-101] Binding ...
INFO: [BIND 205-100] Finished micro-architecture generation.
INFO: [HLS 200-111]  Elapsed time: 0.205 seconds; current allocated memory: 346.672 MB.
INFO: [HLS 200-10] ----------------------------------------------------------------
INFO: [HLS 200-42] -- Implementing module 'CvtColor' 
INFO: [HLS 200-10] ----------------------------------------------------------------
INFO: [SCHED 204-11] Starting scheduling ...
INFO: [SCHED 204-61] Pipelining loop 'loop_width'.
INFO: [SCHED 204-61] Pipelining result : Target II = 1, Final II = 1, Depth = 3.
INFO: [SCHED 204-11] Finished scheduling.
INFO: [HLS 200-111]  Elapsed time: 0.558 seconds; current allocated memory: 346.879 MB.
INFO: [BIND 205-100] Starting micro-architecture generation ...
INFO: [BIND 205-101] Performing variable lifetime analysis.
INFO: [BIND 205-101] Exploring resource sharing.
INFO: [BIND 205-101] Binding ...
INFO: [BIND 205-100] Finished micro-architecture generation.
INFO: [HLS 200-111]  Elapsed time: 0.227 seconds; current allocated memory: 347.117 MB.
INFO: [HLS 200-10] ----------------------------------------------------------------
INFO: [HLS 200-42] -- Implementing module 'min_int_s' 
INFO: [HLS 200-10] ----------------------------------------------------------------
INFO: [SCHED 204-11] Starting scheduling ...
INFO: [SCHED 204-61] Pipelining function 'min<int>'.
INFO: [SCHED 204-61] Pipelining result : Target II = 1, Final II = 1, Depth = 1.
INFO: [SCHED 204-11] Finished scheduling.
INFO: [HLS 200-111]  Elapsed time: 0.339 seconds; current allocated memory: 347.165 MB.
INFO: [BIND 205-100] Starting micro-architecture generation ...
INFO: [BIND 205-101] Performing variable lifetime analysis.
INFO: [BIND 205-101] Exploring resource sharing.
INFO: [BIND 205-101] Binding ...
INFO: [BIND 205-100] Finished micro-architecture generation.
INFO: [HLS 200-111]  Elapsed time: 0.158 seconds; current allocated memory: 347.202 MB.
INFO: [HLS 200-10] ----------------------------------------------------------------
INFO: [HLS 200-42] -- Implementing module 'reg_int_s' 
INFO: [HLS 200-10] ----------------------------------------------------------------
INFO: [SCHED 204-11] Starting scheduling ...
INFO: [SCHED 204-61] Pipelining function 'reg<int>'.
INFO: [SCHED 204-61] Pipelining result : Target II = 1, Final II = 1, Depth = 2.
INFO: [SCHED 204-11] Finished scheduling.
INFO: [HLS 200-111]  Elapsed time: 0.194 seconds; current allocated memory: 347.215 MB.
INFO: [BIND 205-100] Starting micro-architecture generation ...
INFO: [BIND 205-101] Performing variable lifetime analysis.
INFO: [BIND 205-101] Exploring resource sharing.
INFO: [BIND 205-101] Binding ...
INFO: [BIND 205-100] Finished micro-architecture generation.
INFO: [HLS 200-111]  Elapsed time: 0.165 seconds; current allocated memory: 347.253 MB.
INFO: [HLS 200-10] ----------------------------------------------------------------
INFO: [HLS 200-42] -- Implementing module 'max_int_s' 
INFO: [HLS 200-10] ----------------------------------------------------------------
INFO: [SCHED 204-11] Starting scheduling ...
INFO: [SCHED 204-61] Pipelining function 'max<int>'.
INFO: [SCHED 204-61] Pipelining result : Target II = 1, Final II = 1, Depth = 1.
INFO: [SCHED 204-11] Finished scheduling.
INFO: [HLS 200-111]  Elapsed time: 0.17 seconds; current allocated memory: 347.270 MB.
INFO: [BIND 205-100] Starting micro-architecture generation ...
INFO: [BIND 205-101] Performing variable lifetime analysis.
INFO: [BIND 205-101] Exploring resource sharing.
INFO: [BIND 205-101] Binding ...
INFO: [BIND 205-100] Finished micro-architecture generation.
INFO: [HLS 200-111]  Elapsed time: 0.145 seconds; current allocated memory: 347.306 MB.
INFO: [HLS 200-10] ----------------------------------------------------------------
INFO: [HLS 200-42] -- Implementing module 'FAST_t_opr' 
INFO: [HLS 200-10] ----------------------------------------------------------------
INFO: [SCHED 204-11] Starting scheduling ...
INFO: [SCHED 204-61] Pipelining loop 'loop_width'.
INFO: [SCHED 204-61] Pipelining result : Target II = 1, Final II = 1, Depth = 12.
INFO: [SCHED 204-11] Finished scheduling.
INFO: [HLS 200-111]  Elapsed time: 1.197 seconds; current allocated memory: 349.499 MB.
INFO: [BIND 205-100] Starting micro-architecture generation ...
INFO: [BIND 205-101] Performing variable lifetime analysis.
INFO: [BIND 205-101] Exploring resource sharing.
INFO: [BIND 205-101] Binding ...
INFO: [BIND 205-100] Finished micro-architecture generation.
INFO: [HLS 200-111]  Elapsed time: 1.693 seconds; current allocated memory: 352.034 MB.
INFO: [HLS 200-10] ----------------------------------------------------------------
INFO: [HLS 200-42] -- Implementing module 'Dilate' 
INFO: [HLS 200-10] ----------------------------------------------------------------
INFO: [SCHED 204-11] Starting scheduling ...
INFO: [SCHED 204-61] Pipelining loop 'loop_width'.
INFO: [SCHED 204-61] Pipelining result : Target II = 1, Final II = 1, Depth = 3.
INFO: [SCHED 204-11] Finished scheduling.
INFO: [HLS 200-111]  Elapsed time: 2.95 seconds; current allocated memory: 353.191 MB.
INFO: [BIND 205-100] Starting micro-architecture generation ...
INFO: [BIND 205-101] Performing variable lifetime analysis.
INFO: [BIND 205-101] Exploring resource sharing.
INFO: [BIND 205-101] Binding ...
INFO: [BIND 205-100] Finished micro-architecture generation.
INFO: [HLS 200-111]  Elapsed time: 0.639 seconds; current allocated memory: 353.749 MB.
INFO: [HLS 200-10] ----------------------------------------------------------------
INFO: [HLS 200-42] -- Implementing module 'PaintMask' 
INFO: [HLS 200-10] ----------------------------------------------------------------
INFO: [SCHED 204-11] Starting scheduling ...
INFO: [SCHED 204-61] Pipelining loop 'loop_width'.
INFO: [SCHED 204-61] Pipelining result : Target II = 1, Final II = 1, Depth = 2.
INFO: [SCHED 204-11] Finished scheduling.
INFO: [HLS 200-111]  Elapsed time: 1.073 seconds; current allocated memory: 353.970 MB.
INFO: [BIND 205-100] Starting micro-architecture generation ...
INFO: [BIND 205-101] Performing variable lifetime analysis.
INFO: [BIND 205-101] Exploring resource sharing.
INFO: [BIND 205-101] Binding ...
INFO: [BIND 205-100] Finished micro-architecture generation.
INFO: [HLS 200-111]  Elapsed time: 0.363 seconds; current allocated memory: 354.198 MB.
INFO: [HLS 200-10] ----------------------------------------------------------------
INFO: [HLS 200-42] -- Implementing module 'Mat2AXIvideo' 
INFO: [HLS 200-10] ----------------------------------------------------------------
INFO: [SCHED 204-11] Starting scheduling ...
INFO: [SCHED 204-61] Pipelining loop 'loop_width'.
INFO: [SCHED 204-61] Pipelining result : Target II = 1, Final II = 1, Depth = 3.
INFO: [SCHED 204-11] Finished scheduling.
INFO: [HLS 200-111]  Elapsed time: 0.554 seconds; current allocated memory: 354.314 MB.
INFO: [BIND 205-100] Starting micro-architecture generation ...
INFO: [BIND 205-101] Performing variable lifetime analysis.
INFO: [BIND 205-101] Exploring resource sharing.
INFO: [BIND 205-101] Binding ...
INFO: [BIND 205-100] Finished micro-architecture generation.
INFO: [HLS 200-111]  Elapsed time: 0.271 seconds; current allocated memory: 354.540 MB.
INFO: [HLS 200-10] ----------------------------------------------------------------
INFO: [HLS 200-42] -- Implementing module 'hls_fast_corner' 
INFO: [HLS 200-10] ----------------------------------------------------------------
INFO: [SCHED 204-11] Starting scheduling ...
INFO: [SCHED 204-11] Finished scheduling.
INFO: [HLS 200-111]  Elapsed time: 0.271 seconds; current allocated memory: 354.700 MB.
INFO: [BIND 205-100] Starting micro-architecture generation ...
INFO: [BIND 205-101] Performing variable lifetime analysis.
INFO: [BIND 205-101] Exploring resource sharing.
INFO: [BIND 205-101] Binding ...
INFO: [BIND 205-100] Finished micro-architecture generation.
INFO: [HLS 200-111]  Elapsed time: 3.962 seconds; current allocated memory: 356.455 MB.
INFO: [HLS 200-10] ----------------------------------------------------------------
INFO: [HLS 200-10] -- Generating RTL for module 'AXIvideo2Mat' 
INFO: [HLS 200-10] ----------------------------------------------------------------
INFO: [RTGEN 206-100] Finished creating RTL model for 'AXIvideo2Mat'.
INFO: [HLS 200-111]  Elapsed time: 2.2 seconds; current allocated memory: 357.993 MB.
INFO: [HLS 200-10] ----------------------------------------------------------------
INFO: [HLS 200-10] -- Generating RTL for module 'Duplicate' 
INFO: [HLS 200-10] ----------------------------------------------------------------
INFO: [RTGEN 206-100] Finished creating RTL model for 'Duplicate'.
INFO: [HLS 200-111]  Elapsed time: 0.551 seconds; current allocated memory: 358.442 MB.
INFO: [HLS 200-10] ----------------------------------------------------------------
INFO: [HLS 200-10] -- Generating RTL for module 'CvtColor' 
INFO: [HLS 200-10] ----------------------------------------------------------------
INFO: [SYN 201-210] Renamed object name 'hls_fast_corner_mac_muladd_20ns_8ns_29ns_29_1_1' to 'hls_fast_corner_mbkb' due to the length limit 20
INFO: [SYN 201-210] Renamed object name 'hls_fast_corner_mul_mul_22ns_8ns_29_1_1' to 'hls_fast_corner_mcud' due to the length limit 20
INFO: [SYN 201-210] Renamed object name 'hls_fast_corner_mac_muladd_23ns_8ns_29ns_30_1_1' to 'hls_fast_corner_mdEe' due to the length limit 20
INFO: [RTGEN 206-100] Generating core module 'hls_fast_corner_mbkb': 1 instance(s).
INFO: [RTGEN 206-100] Generating core module 'hls_fast_corner_mcud': 1 instance(s).
INFO: [RTGEN 206-100] Generating core module 'hls_fast_corner_mdEe': 1 instance(s).
INFO: [RTGEN 206-100] Finished creating RTL model for 'CvtColor'.
INFO: [HLS 200-111]  Elapsed time: 0.569 seconds; current allocated memory: 358.949 MB.
INFO: [HLS 200-10] ----------------------------------------------------------------
INFO: [HLS 200-10] -- Generating RTL for module 'min_int_s' 
INFO: [HLS 200-10] ----------------------------------------------------------------
INFO: [RTGEN 206-100] Finished creating RTL model for 'min_int_s'.
INFO: [HLS 200-111]  Elapsed time: 0.503 seconds; current allocated memory: 359.053 MB.
INFO: [HLS 200-10] ----------------------------------------------------------------
INFO: [HLS 200-10] -- Generating RTL for module 'reg_int_s' 
INFO: [HLS 200-10] ----------------------------------------------------------------
INFO: [RTGEN 206-100] Finished creating RTL model for 'reg_int_s'.
INFO: [HLS 200-111]  Elapsed time: 0.284 seconds; current allocated memory: 359.195 MB.
INFO: [HLS 200-10] ----------------------------------------------------------------
INFO: [HLS 200-10] -- Generating RTL for module 'max_int_s' 
INFO: [HLS 200-10] ----------------------------------------------------------------
INFO: [RTGEN 206-100] Finished creating RTL model for 'max_int_s'.
INFO: [HLS 200-111]  Elapsed time: 0.247 seconds; current allocated memory: 359.284 MB.
INFO: [HLS 200-10] ----------------------------------------------------------------
INFO: [HLS 200-10] -- Generating RTL for module 'FAST_t_opr' 
INFO: [HLS 200-10] ----------------------------------------------------------------
INFO: [SYN 201-210] Renamed object name 'FAST_t_opr_k_buf_val_0_V' to 'FAST_t_opr_k_buf_eOg' due to the length limit 20
INFO: [SYN 201-210] Renamed object name 'FAST_t_opr_k_buf_val_1_V' to 'FAST_t_opr_k_buf_fYi' due to the length limit 20
INFO: [SYN 201-210] Renamed object name 'FAST_t_opr_k_buf_val_2_V' to 'FAST_t_opr_k_buf_g8j' due to the length limit 20
INFO: [SYN 201-210] Renamed object name 'FAST_t_opr_k_buf_val_3_V' to 'FAST_t_opr_k_buf_hbi' due to the length limit 20
INFO: [SYN 201-210] Renamed object name 'FAST_t_opr_k_buf_val_4_V' to 'FAST_t_opr_k_buf_ibs' due to the length limit 20
INFO: [SYN 201-210] Renamed object name 'FAST_t_opr_k_buf_val_5_V' to 'FAST_t_opr_k_buf_jbC' due to the length limit 20
INFO: [SYN 201-210] Renamed object name 'FAST_t_opr_core_buf_val_0_V' to 'FAST_t_opr_core_bkbM' due to the length limit 20
INFO: [SYN 201-210] Renamed object name 'FAST_t_opr_core_buf_val_1_V' to 'FAST_t_opr_core_blbW' due to the length limit 20
INFO: [RTGEN 206-100] Finished creating RTL model for 'FAST_t_opr'.
INFO: [HLS 200-111]  Elapsed time: 1.864 seconds; current allocated memory: 365.225 MB.
INFO: [HLS 200-10] ----------------------------------------------------------------
INFO: [HLS 200-10] -- Generating RTL for module 'Dilate' 
INFO: [HLS 200-10] ----------------------------------------------------------------
INFO: [SYN 201-210] Renamed object name 'Dilate_k_buf_0_val_3' to 'Dilate_k_buf_0_vamb6' due to the length limit 20
INFO: [SYN 201-210] Renamed object name 'Dilate_k_buf_0_val_4' to 'Dilate_k_buf_0_vancg' due to the length limit 20
INFO: [SYN 201-210] Renamed object name 'Dilate_k_buf_0_val_5' to 'Dilate_k_buf_0_vaocq' due to the length limit 20
INFO: [SYN 201-210] Renamed object name 'hls_fast_corner_mux_32_8_1_1' to 'hls_fast_corner_mpcA' due to the length limit 20
INFO: [RTGEN 206-100] Generating core module 'hls_fast_corner_mpcA': 6 instance(s).
INFO: [RTGEN 206-100] Finished creating RTL model for 'Dilate'.
INFO: [HLS 200-111]  Elapsed time: 5.928 seconds; current allocated memory: 368.440 MB.
INFO: [HLS 200-10] ----------------------------------------------------------------
INFO: [HLS 200-10] -- Generating RTL for module 'PaintMask' 
INFO: [HLS 200-10] ----------------------------------------------------------------
INFO: [RTGEN 206-100] Finished creating RTL model for 'PaintMask'.
INFO: [HLS 200-111]  Elapsed time: 1.511 seconds; current allocated memory: 369.154 MB.
INFO: [HLS 200-10] ----------------------------------------------------------------
INFO: [HLS 200-10] -- Generating RTL for module 'Mat2AXIvideo' 
INFO: [HLS 200-10] ----------------------------------------------------------------
INFO: [RTGEN 206-100] Finished creating RTL model for 'Mat2AXIvideo'.
INFO: [HLS 200-111]  Elapsed time: 0.519 seconds; current allocated memory: 369.987 MB.
INFO: [HLS 200-10] ----------------------------------------------------------------
INFO: [HLS 200-10] -- Generating RTL for module 'hls_fast_corner' 
INFO: [HLS 200-10] ----------------------------------------------------------------
INFO: [RTGEN 206-500] Setting interface mode on port 'hls_fast_corner/INPUT_STREAM_V_data_V' to 'axis' (register, both mode).
INFO: [RTGEN 206-500] Setting interface mode on port 'hls_fast_corner/INPUT_STREAM_V_keep_V' to 'axis' (register, both mode).
INFO: [RTGEN 206-500] Setting interface mode on port 'hls_fast_corner/INPUT_STREAM_V_strb_V' to 'axis' (register, both mode).
INFO: [RTGEN 206-500] Setting interface mode on port 'hls_fast_corner/INPUT_STREAM_V_user_V' to 'axis' (register, both mode).
INFO: [RTGEN 206-500] Setting interface mode on port 'hls_fast_corner/INPUT_STREAM_V_last_V' to 'axis' (register, both mode).
INFO: [RTGEN 206-500] Setting interface mode on port 'hls_fast_corner/INPUT_STREAM_V_id_V' to 'axis' (register, both mode).
INFO: [RTGEN 206-500] Setting interface mode on port 'hls_fast_corner/INPUT_STREAM_V_dest_V' to 'axis' (register, both mode).
INFO: [RTGEN 206-500] Setting interface mode on port 'hls_fast_corner/OUTPUT_STREAM_V_data_V' to 'axis' (register, both mode).
INFO: [RTGEN 206-500] Setting interface mode on port 'hls_fast_corner/OUTPUT_STREAM_V_keep_V' to 'axis' (register, both mode).
INFO: [RTGEN 206-500] Setting interface mode on port 'hls_fast_corner/OUTPUT_STREAM_V_strb_V' to 'axis' (register, both mode).
INFO: [RTGEN 206-500] Setting interface mode on port 'hls_fast_corner/OUTPUT_STREAM_V_user_V' to 'axis' (register, both mode).
INFO: [RTGEN 206-500] Setting interface mode on port 'hls_fast_corner/OUTPUT_STREAM_V_last_V' to 'axis' (register, both mode).
INFO: [RTGEN 206-500] Setting interface mode on port 'hls_fast_corner/OUTPUT_STREAM_V_id_V' to 'axis' (register, both mode).
INFO: [RTGEN 206-500] Setting interface mode on port 'hls_fast_corner/OUTPUT_STREAM_V_dest_V' to 'axis' (register, both mode).
INFO: [RTGEN 206-500] Setting interface mode on port 'hls_fast_corner/rows' to 'ap_stable'.
INFO: [RTGEN 206-500] Setting interface mode on port 'hls_fast_corner/cols' to 'ap_stable'.
INFO: [RTGEN 206-500] Setting interface mode on port 'hls_fast_corner/threhold' to 'ap_stable'.
INFO: [RTGEN 206-500] Setting interface mode on function 'hls_fast_corner' to 'ap_ctrl_hs'.
INFO: [SYN 201-210] Renamed object name 'start_for_Duplicate_U0' to 'start_for_DuplicaqcK' due to the length limit 20
INFO: [SYN 201-210] Renamed object name 'start_for_CvtColor_U0' to 'start_for_CvtColorcU' due to the length limit 20
INFO: [SYN 201-210] Renamed object name 'start_for_PaintMask_U0' to 'start_for_PaintMasc4' due to the length limit 20
INFO: [SYN 201-210] Renamed object name 'start_for_FAST_t_opr_U0' to 'start_for_FAST_t_tde' due to the length limit 20
INFO: [SYN 201-210] Renamed object name 'start_for_Mat2AXIvideo_U0' to 'start_for_Mat2AXIudo' due to the length limit 20
INFO: [RTGEN 206-100] Finished creating RTL model for 'hls_fast_corner'.
INFO: [HLS 200-111]  Elapsed time: 1.074 seconds; current allocated memory: 371.064 MB.
INFO: [RTMG 210-278] Implementing memory 'FAST_t_opr_k_buf_eOg_ram (RAM)' using block RAMs.
INFO: [RTMG 210-278] Implementing memory 'FAST_t_opr_core_bkbM_ram (RAM)' using block RAMs.
INFO: [RTMG 210-285] Implementing FIFO 'p_src_data_stream_0_s_U(fifo_w8_d2_A)' using Shift Registers.
INFO: [RTMG 210-285] Implementing FIFO 'p_src_data_stream_1_s_U(fifo_w8_d2_A)' using Shift Registers.
INFO: [RTMG 210-285] Implementing FIFO 'p_src_data_stream_2_s_U(fifo_w8_d2_A)' using Shift Registers.
INFO: [RTMG 210-285] Implementing FIFO 'src0_data_stream_0_s_U(fifo_w8_d2_A)' using Shift Registers.
INFO: [RTMG 210-285] Implementing FIFO 'src0_data_stream_1_s_U(fifo_w8_d2_A)' using Shift Registers.
INFO: [RTMG 210-285] Implementing FIFO 'src0_data_stream_2_s_U(fifo_w8_d2_A)' using Shift Registers.
INFO: [RTMG 210-285] Implementing FIFO 'src1_data_stream_0_s_U(fifo_w8_d20000_A)' using Block RAMs.
INFO: [RTMG 210-285] Implementing FIFO 'src1_data_stream_1_s_U(fifo_w8_d20000_A)' using Block RAMs.
INFO: [RTMG 210-285] Implementing FIFO 'src1_data_stream_2_s_U(fifo_w8_d20000_A)' using Block RAMs.
INFO: [RTMG 210-285] Implementing FIFO 'gray_data_stream_0_s_U(fifo_w8_d2_A)' using Shift Registers.
INFO: [RTMG 210-285] Implementing FIFO 'mask_data_stream_0_s_U(fifo_w8_d2_A)' using Shift Registers.
INFO: [RTMG 210-285] Implementing FIFO 'dmask_data_stream_0_U(fifo_w8_d2_A)' using Shift Registers.
INFO: [RTMG 210-285] Implementing FIFO 'p_dst_data_stream_0_s_U(fifo_w8_d2_A)' using Shift Registers.
INFO: [RTMG 210-285] Implementing FIFO 'p_dst_data_stream_1_s_U(fifo_w8_d2_A)' using Shift Registers.
INFO: [RTMG 210-285] Implementing FIFO 'p_dst_data_stream_2_s_U(fifo_w8_d2_A)' using Shift Registers.
INFO: [RTMG 210-285] Implementing FIFO 'start_for_DuplicaqcK_U(start_for_DuplicaqcK)' using Shift Registers.
INFO: [RTMG 210-285] Implementing FIFO 'start_for_CvtColorcU_U(start_for_CvtColorcU)' using Shift Registers.
INFO: [RTMG 210-285] Implementing FIFO 'start_for_PaintMasc4_U(start_for_PaintMasc4)' using Shift Registers.
INFO: [RTMG 210-285] Implementing FIFO 'start_for_FAST_t_tde_U(start_for_FAST_t_tde)' using Shift Registers.
INFO: [RTMG 210-285] Implementing FIFO 'start_for_Dilate_U0_U(start_for_Dilate_U0)' using Shift Registers.
INFO: [RTMG 210-285] Implementing FIFO 'start_for_Mat2AXIudo_U(start_for_Mat2AXIudo)' using Shift Registers.
INFO: [HLS 200-111] Finished generating all RTL models Time (s): cpu = 00:00:45 ; elapsed = 00:01:51 . Memory (MB): peak = 457.578 ; gain = 373.773
INFO: [SYSC 207-301] Generating SystemC RTL for hls_fast_corner.
INFO: [VHDL 208-304] Generating VHDL RTL for hls_fast_corner.
INFO: [VLOG 209-307] Generating Verilog RTL for hls_fast_corner.
INFO: [HLS 200-112] Total elapsed time: 110.907 seconds; peak allocated memory: 371.064 MB.
==============================================================
File generated on Tue Jul 28 15:50:03 +0800 2020
Vivado(TM) HLS - High-Level Synthesis from C, C++ and SystemC v2018.3 (64-bit)
SW Build 2405991 on Thu Dec  6 23:38:27 MST 2018
IP Build 2404404 on Fri Dec  7 01:43:56 MST 2018
Copyright 1986-2018 Xilinx, Inc. All Rights Reserved.
==============================================================
INFO: [SYN 201-201] Setting up clock 'default' with a period of 10ns.
INFO: [HLS 200-10] Setting target device to 'xcku115-flvd1517-2-e'
INFO: [SIM 211-2] *************** CSIM start ***************
INFO: [SIM 211-4] CSIM will launch GCC as the compiler.
INFO: [SIM 211-1] CSim done with 0 errors.
INFO: [SIM 211-3] *************** CSIM finish ***************
