

================================================================
== Vivado HLS Report for 'Scale'
================================================================
* Date:           Sat Jul 25 15:32:54 2020

* Version:        2018.3 (Build 2405991 on Thu Dec 06 23:56:15 MST 2018)
* Project:        Sobel
* Solution:       solution1
* Product family: kintexu
* Target device:  xcku115-flvd1517-2-e


================================================================
== Performance Estimates
================================================================
+ Timing (ns): 
    * Summary: 
    +--------+-------+----------+------------+
    |  Clock | Target| Estimated| Uncertainty|
    +--------+-------+----------+------------+
    |ap_clk  |  10.00|     4.824|        1.25|
    +--------+-------+----------+------------+

+ Latency (clock cycles): 
    * Summary: 
    +-----+---------+-----+---------+---------+
    |    Latency    |    Interval   | Pipeline|
    | min |   max   | min |   max   |   Type  |
    +-----+---------+-----+---------+---------+
    |    1|  2076841|    1|  2076841|   none  |
    +-----+---------+-----+---------+---------+

    + Detail: 
        * Instance: 
        N/A

        * Loop: 
        +---------------+-----+---------+----------+-----------+-----------+----------+----------+
        |               |    Latency    | Iteration|  Initiation Interval  |   Trip   |          |
        |   Loop Name   | min |   max   |  Latency |  achieved |   target  |   Count  | Pipelined|
        +---------------+-----+---------+----------+-----------+-----------+----------+----------+
        |- loop_height  |    0|  2076840| 3 ~ 1923 |          -|          -| 0 ~ 1080 |    no    |
        | + loop_width  |    0|     1920|         2|          1|          1| 0 ~ 1920 |    yes   |
        +---------------+-----+---------+----------+-----------+-----------+----------+----------+



================================================================
== Utilization Estimates
================================================================
* Summary: 
+---------------------+---------+-------+---------+--------+
|         Name        | BRAM_18K| DSP48E|    FF   |   LUT  |
+---------------------+---------+-------+---------+--------+
|DSP                  |        -|      -|        -|       -|
|Expression           |        -|      -|        0|     152|
|FIFO                 |        -|      -|        -|       -|
|Instance             |        -|      -|        -|       -|
|Memory               |        -|      -|        -|       -|
|Multiplexer          |        -|      -|        -|     132|
|Register             |        -|      -|      105|       -|
+---------------------+---------+-------+---------+--------+
|Total                |        0|      0|      105|     284|
+---------------------+---------+-------+---------+--------+
|Available SLR        |     2160|   2760|   663360|  331680|
+---------------------+---------+-------+---------+--------+
|Utilization SLR (%)  |        0|      0|    ~0   |   ~0   |
+---------------------+---------+-------+---------+--------+
|Available            |     4320|   5520|  1326720|  663360|
+---------------------+---------+-------+---------+--------+
|Utilization (%)      |        0|      0|    ~0   |   ~0   |
+---------------------+---------+-------+---------+--------+

+ Detail: 
    * Instance: 
    N/A

    * DSP48: 
    N/A

    * Memory: 
    N/A

    * FIFO: 
    N/A

    * Expression: 
    +----------------------------------+----------+-------+---+----+------------+------------+
    |           Variable Name          | Operation| DSP48E| FF| LUT| Bitwidth P0| Bitwidth P1|
    +----------------------------------+----------+-------+---+----+------------+------------+
    |i_V_fu_254_p2                     |     +    |      0|  0|  39|          32|           1|
    |j_V_fu_265_p2                     |     +    |      0|  0|  39|          32|           1|
    |ap_block_pp0_stage0_01001         |    and   |      0|  0|   2|           1|           1|
    |exitcond2_i_fu_249_p2             |   icmp   |      0|  0|  20|          32|          32|
    |exitcond_i_fu_260_p2              |   icmp   |      0|  0|  20|          32|          32|
    |ap_block_state1                   |    or    |      0|  0|   2|           1|           1|
    |ap_block_state4_pp0_stage0_iter1  |    or    |      0|  0|   2|           1|           1|
    |dst_data_stream_0_V_din           |  select  |      0|  0|   8|           1|           2|
    |dst_data_stream_1_V_din           |  select  |      0|  0|   8|           1|           2|
    |dst_data_stream_2_V_din           |  select  |      0|  0|   8|           1|           2|
    |ap_enable_pp0                     |    xor   |      0|  0|   2|           1|           2|
    |ap_enable_reg_pp0_iter1           |    xor   |      0|  0|   2|           2|           1|
    +----------------------------------+----------+-------+---+----+------------+------------+
    |Total                             |          |      0|  0| 152|         137|          78|
    +----------------------------------+----------+-------+---+----+------------+------------+

    * Multiplexer: 
    +---------------------------+----+-----------+-----+-----------+
    |            Name           | LUT| Input Size| Bits| Total Bits|
    +---------------------------+----+-----------+-----+-----------+
    |ap_NS_fsm                  |  27|          5|    1|          5|
    |ap_done                    |   9|          2|    1|          2|
    |ap_enable_reg_pp0_iter1    |  15|          3|    1|          3|
    |dst_data_stream_0_V_blk_n  |   9|          2|    1|          2|
    |dst_data_stream_1_V_blk_n  |   9|          2|    1|          2|
    |dst_data_stream_2_V_blk_n  |   9|          2|    1|          2|
    |real_start                 |   9|          2|    1|          2|
    |src_data_stream_0_V_blk_n  |   9|          2|    1|          2|
    |src_data_stream_1_V_blk_n  |   9|          2|    1|          2|
    |src_data_stream_2_V_blk_n  |   9|          2|    1|          2|
    |t_V_2_reg_238              |   9|          2|   32|         64|
    |t_V_reg_227                |   9|          2|   32|         64|
    +---------------------------+----+-----------+-----+-----------+
    |Total                      | 132|         28|   74|        152|
    +---------------------------+----+-----------+-----+-----------+

    * Register: 
    +-------------------------+----+----+-----+-----------+
    |           Name          | FF | LUT| Bits| Const Bits|
    +-------------------------+----+----+-----+-----------+
    |ap_CS_fsm                |   4|   0|    4|          0|
    |ap_done_reg              |   1|   0|    1|          0|
    |ap_enable_reg_pp0_iter0  |   1|   0|    1|          0|
    |ap_enable_reg_pp0_iter1  |   1|   0|    1|          0|
    |exitcond_i_reg_359       |   1|   0|    1|          0|
    |i_V_reg_354              |  32|   0|   32|          0|
    |start_once_reg           |   1|   0|    1|          0|
    |t_V_2_reg_238            |  32|   0|   32|          0|
    |t_V_reg_227              |  32|   0|   32|          0|
    +-------------------------+----+----+-----+-----------+
    |Total                    | 105|   0|  105|          0|
    +-------------------------+----+----+-----+-----------+



================================================================
== Interface
================================================================
* Summary: 
+-----------------------------+-----+-----+------------+---------------------+--------------+
|          RTL Ports          | Dir | Bits|  Protocol  |    Source Object    |    C Type    |
+-----------------------------+-----+-----+------------+---------------------+--------------+
|ap_clk                       |  in |    1| ap_ctrl_hs |        Scale        | return value |
|ap_rst                       |  in |    1| ap_ctrl_hs |        Scale        | return value |
|ap_start                     |  in |    1| ap_ctrl_hs |        Scale        | return value |
|start_full_n                 |  in |    1| ap_ctrl_hs |        Scale        | return value |
|ap_done                      | out |    1| ap_ctrl_hs |        Scale        | return value |
|ap_continue                  |  in |    1| ap_ctrl_hs |        Scale        | return value |
|ap_idle                      | out |    1| ap_ctrl_hs |        Scale        | return value |
|ap_ready                     | out |    1| ap_ctrl_hs |        Scale        | return value |
|start_out                    | out |    1| ap_ctrl_hs |        Scale        | return value |
|start_write                  | out |    1| ap_ctrl_hs |        Scale        | return value |
|src_data_stream_0_V_dout     |  in |    8|   ap_fifo  | src_data_stream_0_V |    pointer   |
|src_data_stream_0_V_empty_n  |  in |    1|   ap_fifo  | src_data_stream_0_V |    pointer   |
|src_data_stream_0_V_read     | out |    1|   ap_fifo  | src_data_stream_0_V |    pointer   |
|src_data_stream_1_V_dout     |  in |    8|   ap_fifo  | src_data_stream_1_V |    pointer   |
|src_data_stream_1_V_empty_n  |  in |    1|   ap_fifo  | src_data_stream_1_V |    pointer   |
|src_data_stream_1_V_read     | out |    1|   ap_fifo  | src_data_stream_1_V |    pointer   |
|src_data_stream_2_V_dout     |  in |    8|   ap_fifo  | src_data_stream_2_V |    pointer   |
|src_data_stream_2_V_empty_n  |  in |    1|   ap_fifo  | src_data_stream_2_V |    pointer   |
|src_data_stream_2_V_read     | out |    1|   ap_fifo  | src_data_stream_2_V |    pointer   |
|dst_rows_V                   |  in |   32|  ap_stable |      dst_rows_V     |    scalar    |
|dst_cols_V                   |  in |   32|  ap_stable |      dst_cols_V     |    scalar    |
|dst_data_stream_0_V_din      | out |    8|   ap_fifo  | dst_data_stream_0_V |    pointer   |
|dst_data_stream_0_V_full_n   |  in |    1|   ap_fifo  | dst_data_stream_0_V |    pointer   |
|dst_data_stream_0_V_write    | out |    1|   ap_fifo  | dst_data_stream_0_V |    pointer   |
|dst_data_stream_1_V_din      | out |    8|   ap_fifo  | dst_data_stream_1_V |    pointer   |
|dst_data_stream_1_V_full_n   |  in |    1|   ap_fifo  | dst_data_stream_1_V |    pointer   |
|dst_data_stream_1_V_write    | out |    1|   ap_fifo  | dst_data_stream_1_V |    pointer   |
|dst_data_stream_2_V_din      | out |    8|   ap_fifo  | dst_data_stream_2_V |    pointer   |
|dst_data_stream_2_V_full_n   |  in |    1|   ap_fifo  | dst_data_stream_2_V |    pointer   |
|dst_data_stream_2_V_write    | out |    1|   ap_fifo  | dst_data_stream_2_V |    pointer   |
+-----------------------------+-----+-----+------------+---------------------+--------------+

============================================================
+ Verbose Summary: Synthesis Manager
============================================================
InlineROM: 1
ExposeGlobal: 0
============================================================
+ Verbose Summary: CDFG Model
============================================================
IsTopModel: 0
ResetActiveHigh: 1
IsCombinational: 2
IsDatapathOnly: 0
HasWiredReturn: 1
HasMFsm: 0
HasVarLatency: 1
IsPipeline: 0
IsRtlPipelined: 0
IsInstanceOverlapped: 0
IsDontTouch: 0
HasImplIP: 0
IsGatedGlobalClock: 0

+ Individual pipeline summary: 
  * Pipeline-0: initiation interval (II) = 1, depth = 2


============================================================
+ Verbose Summary: Schedule
============================================================
* Number of FSM states : 5
* Pipeline : 1
  Pipeline-0 : II = 1, D = 2, States = { 3 4 }
* Dataflow Pipeline: 0

* FSM state transitions: 
1 --> 
	2  / true
2 --> 
	3  / (!exitcond2_i)
3 --> 
	5  / (exitcond_i)
	4  / (!exitcond_i)
4 --> 
	3  / true
5 --> 
	2  / true

* FSM state operations: 

State 1 <SV = 0> <Delay = 0.83>
ST_1 : Operation 6 [1/1] (0.00ns)   --->   "call void (...)* @_ssdm_op_SpecIFCore(i32 %dst_cols_V, [1 x i8]* @p_str2, [10 x i8]* @p_str3, [1 x i8]* @p_str2, i32 -1, [1 x i8]* @p_str2, [1 x i8]* @p_str2, [1 x i8]* @p_str2, [1 x i8]* @p_str2, [24 x i8]* @p_str4)"   --->   Operation 6 'specifcore' <Predicate = true> <Delay = 0.00>
ST_1 : Operation 7 [1/1] (0.00ns)   --->   "call void (...)* @_ssdm_op_SpecIFCore(i32 %dst_rows_V, [1 x i8]* @p_str2, [10 x i8]* @p_str3, [1 x i8]* @p_str2, i32 -1, [1 x i8]* @p_str2, [1 x i8]* @p_str2, [1 x i8]* @p_str2, [1 x i8]* @p_str2, [24 x i8]* @p_str4)"   --->   Operation 7 'specifcore' <Predicate = true> <Delay = 0.00>
ST_1 : Operation 8 [1/1] (0.00ns)   --->   "call void (...)* @_ssdm_op_SpecInterface(i8* %dst_data_stream_2_V, [8 x i8]* @ap_fifo_str, i32 0, i32 0, [1 x i8]* @p_str311, i32 0, i32 0, [1 x i8]* @p_str312, [1 x i8]* @p_str313, [1 x i8]* @p_str314, i32 2, i32 2, i32 16, i32 16, [1 x i8]* @p_str315, [1 x i8]* @p_str316)"   --->   Operation 8 'specinterface' <Predicate = true> <Delay = 0.00>
ST_1 : Operation 9 [1/1] (0.00ns)   --->   "call void (...)* @_ssdm_op_SpecInterface(i8* %dst_data_stream_1_V, [8 x i8]* @ap_fifo_str, i32 0, i32 0, [1 x i8]* @p_str304, i32 0, i32 0, [1 x i8]* @p_str305, [1 x i8]* @p_str306, [1 x i8]* @p_str307, i32 2, i32 2, i32 16, i32 16, [1 x i8]* @p_str308, [1 x i8]* @p_str309)"   --->   Operation 9 'specinterface' <Predicate = true> <Delay = 0.00>
ST_1 : Operation 10 [1/1] (0.00ns)   --->   "call void (...)* @_ssdm_op_SpecInterface(i8* %dst_data_stream_0_V, [8 x i8]* @ap_fifo_str, i32 0, i32 0, [1 x i8]* @p_str297, i32 0, i32 0, [1 x i8]* @p_str298, [1 x i8]* @p_str299, [1 x i8]* @p_str300, i32 2, i32 2, i32 16, i32 16, [1 x i8]* @p_str301, [1 x i8]* @p_str302)"   --->   Operation 10 'specinterface' <Predicate = true> <Delay = 0.00>
ST_1 : Operation 11 [1/1] (0.00ns)   --->   "call void (...)* @_ssdm_op_SpecInterface(i8* %src_data_stream_2_V, [8 x i8]* @ap_fifo_str, i32 0, i32 0, [1 x i8]* @p_str290, i32 0, i32 0, [1 x i8]* @p_str291, [1 x i8]* @p_str292, [1 x i8]* @p_str293, i32 2, i32 2, i32 16, i32 16, [1 x i8]* @p_str294, [1 x i8]* @p_str295)"   --->   Operation 11 'specinterface' <Predicate = true> <Delay = 0.00>
ST_1 : Operation 12 [1/1] (0.00ns)   --->   "call void (...)* @_ssdm_op_SpecInterface(i8* %src_data_stream_1_V, [8 x i8]* @ap_fifo_str, i32 0, i32 0, [1 x i8]* @p_str283, i32 0, i32 0, [1 x i8]* @p_str284, [1 x i8]* @p_str285, [1 x i8]* @p_str286, i32 2, i32 2, i32 16, i32 16, [1 x i8]* @p_str287, [1 x i8]* @p_str288)"   --->   Operation 12 'specinterface' <Predicate = true> <Delay = 0.00>
ST_1 : Operation 13 [1/1] (0.00ns)   --->   "call void (...)* @_ssdm_op_SpecInterface(i8* %src_data_stream_0_V, [8 x i8]* @ap_fifo_str, i32 0, i32 0, [1 x i8]* @p_str276, i32 0, i32 0, [1 x i8]* @p_str277, [1 x i8]* @p_str278, [1 x i8]* @p_str279, i32 2, i32 2, i32 16, i32 16, [1 x i8]* @p_str280, [1 x i8]* @p_str281)"   --->   Operation 13 'specinterface' <Predicate = true> <Delay = 0.00>
ST_1 : Operation 14 [1/1] (0.00ns)   --->   "call void (...)* @_ssdm_op_SpecInterface(i32 %dst_cols_V, [10 x i8]* @ap_stable_str, i32 0, i32 0, [1 x i8]* @p_str185, i32 0, i32 0, [1 x i8]* @p_str186, [1 x i8]* @p_str187, [1 x i8]* @p_str188, i32 2, i32 2, i32 16, i32 16, [1 x i8]* @p_str189, [1 x i8]* @p_str190)"   --->   Operation 14 'specinterface' <Predicate = true> <Delay = 0.00>
ST_1 : Operation 15 [1/1] (0.00ns)   --->   "call void (...)* @_ssdm_op_SpecInterface(i32 %dst_rows_V, [10 x i8]* @ap_stable_str, i32 0, i32 0, [1 x i8]* @p_str191, i32 0, i32 0, [1 x i8]* @p_str192, [1 x i8]* @p_str193, [1 x i8]* @p_str194, i32 2, i32 2, i32 16, i32 16, [1 x i8]* @p_str195, [1 x i8]* @p_str196)"   --->   Operation 15 'specinterface' <Predicate = true> <Delay = 0.00>
ST_1 : Operation 16 [1/1] (0.00ns)   --->   "%dst_cols_V_read = call i32 @_ssdm_op_Read.ap_stable.i32(i32 %dst_cols_V)"   --->   Operation 16 'read' 'dst_cols_V_read' <Predicate = true> <Delay = 0.00> <Core = "AXI4LiteS">   --->   Core 6 'AXI4LiteS' <Latency = 0> <II = 1> <Delay = 1.00> <Adapter> <Opcode : >
ST_1 : Operation 17 [1/1] (0.00ns)   --->   "%dst_rows_V_read = call i32 @_ssdm_op_Read.ap_stable.i32(i32 %dst_rows_V)"   --->   Operation 17 'read' 'dst_rows_V_read' <Predicate = true> <Delay = 0.00> <Core = "AXI4LiteS">   --->   Core 6 'AXI4LiteS' <Latency = 0> <II = 1> <Delay = 1.00> <Adapter> <Opcode : >
ST_1 : Operation 18 [1/1] (0.83ns)   --->   "br label %1" [E:/Xilinx/Vivado_2018.3/Vivado/2018.3/common/technology/autopilot/hls/hls_video_arithm.h:426->E:/Xilinx/Vivado_2018.3/Vivado/2018.3/common/technology/autopilot/hls/hls_video_arithm.h:896]   --->   Operation 18 'br' <Predicate = true> <Delay = 0.83>

State 2 <SV = 1> <Delay = 1.48>
ST_2 : Operation 19 [1/1] (0.00ns)   --->   "%t_V = phi i32 [ 0, %0 ], [ %i_V, %4 ]"   --->   Operation 19 'phi' 't_V' <Predicate = true> <Delay = 0.00>
ST_2 : Operation 20 [1/1] (1.14ns)   --->   "%exitcond2_i = icmp eq i32 %t_V, %dst_rows_V_read" [E:/Xilinx/Vivado_2018.3/Vivado/2018.3/common/technology/autopilot/hls/hls_video_arithm.h:426->E:/Xilinx/Vivado_2018.3/Vivado/2018.3/common/technology/autopilot/hls/hls_video_arithm.h:896]   --->   Operation 20 'icmp' 'exitcond2_i' <Predicate = true> <Delay = 1.14> <Core = "Cmp">   --->   Core 25 'Cmp' <Latency = 0> <II = 1> <Delay = 1.14> <FuncUnit> <Opcode : 'icmp'> <InPorts = 2> <OutPorts = 1>
ST_2 : Operation 21 [1/1] (0.00ns)   --->   "call void (...)* @_ssdm_op_SpecLoopTripCount(i64 0, i64 1080, i64 0)"   --->   Operation 21 'speclooptripcount' <Predicate = true> <Delay = 0.00>
ST_2 : Operation 22 [1/1] (1.48ns)   --->   "%i_V = add i32 %t_V, 1" [E:/Xilinx/Vivado_2018.3/Vivado/2018.3/common/technology/autopilot/hls/hls_video_arithm.h:426->E:/Xilinx/Vivado_2018.3/Vivado/2018.3/common/technology/autopilot/hls/hls_video_arithm.h:896]   --->   Operation 22 'add' 'i_V' <Predicate = true> <Delay = 1.48> <Core = "AddSub">   --->   Core 14 'AddSub' <Latency = 0> <II = 1> <Delay = 1.48> <FuncUnit> <Opcode : 'add' 'sub'> <InPorts = 2> <OutPorts = 1>
ST_2 : Operation 23 [1/1] (0.00ns)   --->   "br i1 %exitcond2_i, label %"arithm_pro<kernel_scale, 1080, 1920, 4096, unsigned char, 4096, int, int, int>.exit", label %2" [E:/Xilinx/Vivado_2018.3/Vivado/2018.3/common/technology/autopilot/hls/hls_video_arithm.h:426->E:/Xilinx/Vivado_2018.3/Vivado/2018.3/common/technology/autopilot/hls/hls_video_arithm.h:896]   --->   Operation 23 'br' <Predicate = true> <Delay = 0.00>
ST_2 : Operation 24 [1/1] (0.00ns)   --->   "call void (...)* @_ssdm_op_SpecLoopName([12 x i8]* @p_str10) nounwind" [E:/Xilinx/Vivado_2018.3/Vivado/2018.3/common/technology/autopilot/hls/hls_video_arithm.h:426->E:/Xilinx/Vivado_2018.3/Vivado/2018.3/common/technology/autopilot/hls/hls_video_arithm.h:896]   --->   Operation 24 'specloopname' <Predicate = (!exitcond2_i)> <Delay = 0.00>
ST_2 : Operation 25 [1/1] (0.00ns)   --->   "%tmp_i = call i32 (...)* @_ssdm_op_SpecRegionBegin([12 x i8]* @p_str10)" [E:/Xilinx/Vivado_2018.3/Vivado/2018.3/common/technology/autopilot/hls/hls_video_arithm.h:426->E:/Xilinx/Vivado_2018.3/Vivado/2018.3/common/technology/autopilot/hls/hls_video_arithm.h:896]   --->   Operation 25 'specregionbegin' 'tmp_i' <Predicate = (!exitcond2_i)> <Delay = 0.00>
ST_2 : Operation 26 [1/1] (0.83ns)   --->   "br label %3" [E:/Xilinx/Vivado_2018.3/Vivado/2018.3/common/technology/autopilot/hls/hls_video_arithm.h:427->E:/Xilinx/Vivado_2018.3/Vivado/2018.3/common/technology/autopilot/hls/hls_video_arithm.h:896]   --->   Operation 26 'br' <Predicate = (!exitcond2_i)> <Delay = 0.83>
ST_2 : Operation 27 [1/1] (0.00ns)   --->   "ret void" [E:/Xilinx/Vivado_2018.3/Vivado/2018.3/common/technology/autopilot/hls/hls_video_arithm.h:897]   --->   Operation 27 'ret' <Predicate = (exitcond2_i)> <Delay = 0.00>

State 3 <SV = 2> <Delay = 1.48>
ST_3 : Operation 28 [1/1] (0.00ns)   --->   "%t_V_2 = phi i32 [ 0, %2 ], [ %j_V, %"operator>>.exit.i" ]"   --->   Operation 28 'phi' 't_V_2' <Predicate = true> <Delay = 0.00>
ST_3 : Operation 29 [1/1] (1.14ns)   --->   "%exitcond_i = icmp eq i32 %t_V_2, %dst_cols_V_read" [E:/Xilinx/Vivado_2018.3/Vivado/2018.3/common/technology/autopilot/hls/hls_video_arithm.h:427->E:/Xilinx/Vivado_2018.3/Vivado/2018.3/common/technology/autopilot/hls/hls_video_arithm.h:896]   --->   Operation 29 'icmp' 'exitcond_i' <Predicate = true> <Delay = 1.14> <Core = "Cmp">   --->   Core 25 'Cmp' <Latency = 0> <II = 1> <Delay = 1.14> <FuncUnit> <Opcode : 'icmp'> <InPorts = 2> <OutPorts = 1>
ST_3 : Operation 30 [1/1] (0.00ns)   --->   "call void (...)* @_ssdm_op_SpecLoopTripCount(i64 0, i64 1920, i64 0)"   --->   Operation 30 'speclooptripcount' <Predicate = true> <Delay = 0.00>
ST_3 : Operation 31 [1/1] (1.48ns)   --->   "%j_V = add i32 %t_V_2, 1" [E:/Xilinx/Vivado_2018.3/Vivado/2018.3/common/technology/autopilot/hls/hls_video_arithm.h:427->E:/Xilinx/Vivado_2018.3/Vivado/2018.3/common/technology/autopilot/hls/hls_video_arithm.h:896]   --->   Operation 31 'add' 'j_V' <Predicate = true> <Delay = 1.48> <Core = "AddSub">   --->   Core 14 'AddSub' <Latency = 0> <II = 1> <Delay = 1.48> <FuncUnit> <Opcode : 'add' 'sub'> <InPorts = 2> <OutPorts = 1>
ST_3 : Operation 32 [1/1] (0.00ns)   --->   "br i1 %exitcond_i, label %4, label %"operator>>.exit.i"" [E:/Xilinx/Vivado_2018.3/Vivado/2018.3/common/technology/autopilot/hls/hls_video_arithm.h:427->E:/Xilinx/Vivado_2018.3/Vivado/2018.3/common/technology/autopilot/hls/hls_video_arithm.h:896]   --->   Operation 32 'br' <Predicate = true> <Delay = 0.00>

State 4 <SV = 3> <Delay = 4.82>
ST_4 : Operation 33 [1/1] (0.00ns)   --->   "call void (...)* @_ssdm_op_SpecLoopName([11 x i8]* @p_str11) nounwind" [E:/Xilinx/Vivado_2018.3/Vivado/2018.3/common/technology/autopilot/hls/hls_video_arithm.h:427->E:/Xilinx/Vivado_2018.3/Vivado/2018.3/common/technology/autopilot/hls/hls_video_arithm.h:896]   --->   Operation 33 'specloopname' <Predicate = (!exitcond_i)> <Delay = 0.00>
ST_4 : Operation 34 [1/1] (0.00ns)   --->   "%tmp_10_i = call i32 (...)* @_ssdm_op_SpecRegionBegin([11 x i8]* @p_str11)" [E:/Xilinx/Vivado_2018.3/Vivado/2018.3/common/technology/autopilot/hls/hls_video_arithm.h:427->E:/Xilinx/Vivado_2018.3/Vivado/2018.3/common/technology/autopilot/hls/hls_video_arithm.h:896]   --->   Operation 34 'specregionbegin' 'tmp_10_i' <Predicate = (!exitcond_i)> <Delay = 0.00>
ST_4 : Operation 35 [1/1] (0.00ns)   --->   "call void (...)* @_ssdm_op_SpecPipeline(i32 1, i32 1, i32 1, i32 0, [1 x i8]* @p_str2) nounwind" [E:/Xilinx/Vivado_2018.3/Vivado/2018.3/common/technology/autopilot/hls/hls_video_arithm.h:429->E:/Xilinx/Vivado_2018.3/Vivado/2018.3/common/technology/autopilot/hls/hls_video_arithm.h:896]   --->   Operation 35 'specpipeline' <Predicate = (!exitcond_i)> <Delay = 0.00>
ST_4 : Operation 36 [1/1] (0.00ns)   --->   "%tmp_12_i = call i32 (...)* @_ssdm_op_SpecRegionBegin([12 x i8]* @p_str15)" [E:/Xilinx/Vivado_2018.3/Vivado/2018.3/common/technology/autopilot/hls/hls_video_core.h:672->E:/Xilinx/Vivado_2018.3/Vivado/2018.3/common/technology/autopilot/hls/hls_video_core.h:711->E:/Xilinx/Vivado_2018.3/Vivado/2018.3/common/technology/autopilot/hls/hls_video_arithm.h:430->E:/Xilinx/Vivado_2018.3/Vivado/2018.3/common/technology/autopilot/hls/hls_video_arithm.h:896]   --->   Operation 36 'specregionbegin' 'tmp_12_i' <Predicate = (!exitcond_i)> <Delay = 0.00>
ST_4 : Operation 37 [1/1] (0.00ns)   --->   "call void (...)* @_ssdm_op_SpecProtocol(i32 0, [1 x i8]* @p_str2) nounwind" [E:/Xilinx/Vivado_2018.3/Vivado/2018.3/common/technology/autopilot/hls/hls_video_core.h:676->E:/Xilinx/Vivado_2018.3/Vivado/2018.3/common/technology/autopilot/hls/hls_video_core.h:711->E:/Xilinx/Vivado_2018.3/Vivado/2018.3/common/technology/autopilot/hls/hls_video_arithm.h:430->E:/Xilinx/Vivado_2018.3/Vivado/2018.3/common/technology/autopilot/hls/hls_video_arithm.h:896]   --->   Operation 37 'specprotocol' <Predicate = (!exitcond_i)> <Delay = 0.00>
ST_4 : Operation 38 [1/1] (2.26ns)   --->   "%tmp_8 = call i8 @_ssdm_op_Read.ap_fifo.volatile.i8P(i8* %src_data_stream_0_V)" [E:/Xilinx/Vivado_2018.3/Vivado/2018.3/common/technology/autopilot/hls/hls_video_core.h:679->E:/Xilinx/Vivado_2018.3/Vivado/2018.3/common/technology/autopilot/hls/hls_video_core.h:711->E:/Xilinx/Vivado_2018.3/Vivado/2018.3/common/technology/autopilot/hls/hls_video_arithm.h:430->E:/Xilinx/Vivado_2018.3/Vivado/2018.3/common/technology/autopilot/hls/hls_video_arithm.h:896]   --->   Operation 38 'read' 'tmp_8' <Predicate = (!exitcond_i)> <Delay = 2.26> <Core = "FIFO">   --->   Core 32 'FIFO' <Latency = 0> <II = 1> <Delay = 2.26> <Storage> <Opcode : 'read' 'write' 'nbread' 'nbwrite'> <Ports = 0> <Width = 8> <Depth = 2> <FIFO>
ST_4 : Operation 39 [1/1] (2.26ns)   --->   "%tmp_9 = call i8 @_ssdm_op_Read.ap_fifo.volatile.i8P(i8* %src_data_stream_1_V)" [E:/Xilinx/Vivado_2018.3/Vivado/2018.3/common/technology/autopilot/hls/hls_video_core.h:679->E:/Xilinx/Vivado_2018.3/Vivado/2018.3/common/technology/autopilot/hls/hls_video_core.h:711->E:/Xilinx/Vivado_2018.3/Vivado/2018.3/common/technology/autopilot/hls/hls_video_arithm.h:430->E:/Xilinx/Vivado_2018.3/Vivado/2018.3/common/technology/autopilot/hls/hls_video_arithm.h:896]   --->   Operation 39 'read' 'tmp_9' <Predicate = (!exitcond_i)> <Delay = 2.26> <Core = "FIFO">   --->   Core 32 'FIFO' <Latency = 0> <II = 1> <Delay = 2.26> <Storage> <Opcode : 'read' 'write' 'nbread' 'nbwrite'> <Ports = 0> <Width = 8> <Depth = 2> <FIFO>
ST_4 : Operation 40 [1/1] (2.26ns)   --->   "%tmp_10 = call i8 @_ssdm_op_Read.ap_fifo.volatile.i8P(i8* %src_data_stream_2_V)" [E:/Xilinx/Vivado_2018.3/Vivado/2018.3/common/technology/autopilot/hls/hls_video_core.h:679->E:/Xilinx/Vivado_2018.3/Vivado/2018.3/common/technology/autopilot/hls/hls_video_core.h:711->E:/Xilinx/Vivado_2018.3/Vivado/2018.3/common/technology/autopilot/hls/hls_video_arithm.h:430->E:/Xilinx/Vivado_2018.3/Vivado/2018.3/common/technology/autopilot/hls/hls_video_arithm.h:896]   --->   Operation 40 'read' 'tmp_10' <Predicate = (!exitcond_i)> <Delay = 2.26> <Core = "FIFO">   --->   Core 32 'FIFO' <Latency = 0> <II = 1> <Delay = 2.26> <Storage> <Opcode : 'read' 'write' 'nbread' 'nbwrite'> <Ports = 0> <Width = 8> <Depth = 2> <FIFO>
ST_4 : Operation 41 [1/1] (0.00ns)   --->   "%empty = call i32 (...)* @_ssdm_op_SpecRegionEnd([12 x i8]* @p_str15, i32 %tmp_12_i)" [E:/Xilinx/Vivado_2018.3/Vivado/2018.3/common/technology/autopilot/hls/hls_video_core.h:681->E:/Xilinx/Vivado_2018.3/Vivado/2018.3/common/technology/autopilot/hls/hls_video_core.h:711->E:/Xilinx/Vivado_2018.3/Vivado/2018.3/common/technology/autopilot/hls/hls_video_arithm.h:430->E:/Xilinx/Vivado_2018.3/Vivado/2018.3/common/technology/autopilot/hls/hls_video_arithm.h:896]   --->   Operation 41 'specregionend' 'empty' <Predicate = (!exitcond_i)> <Delay = 0.00>
ST_4 : Operation 42 [1/1] (0.00ns) (grouped into LUT with out node p_Val2_16)   --->   "%p_Val2_s = shl i8 %tmp_8, 1" [E:/Xilinx/Vivado_2018.3/Vivado/2018.3/common/technology/autopilot/hls/hls_video_types.h:401->E:/Xilinx/Vivado_2018.3/Vivado/2018.3/common/technology/autopilot/hls/hls_video_types.h:500->E:/Xilinx/Vivado_2018.3/Vivado/2018.3/common/technology/autopilot/hls/hls_video_arithm.h:208->E:/Xilinx/Vivado_2018.3/Vivado/2018.3/common/technology/autopilot/hls/hls_video_arithm.h:433->E:/Xilinx/Vivado_2018.3/Vivado/2018.3/common/technology/autopilot/hls/hls_video_arithm.h:896]   --->   Operation 42 'shl' 'p_Val2_s' <Predicate = (!exitcond_i)> <Delay = 0.00>
ST_4 : Operation 43 [1/1] (0.00ns) (grouped into LUT with out node p_Val2_16)   --->   "%overflow = call i1 @_ssdm_op_BitSelect.i1.i8.i32(i8 %tmp_8, i32 7)" [E:/Xilinx/Vivado_2018.3/Vivado/2018.3/common/technology/autopilot/hls/hls_video_types.h:401->E:/Xilinx/Vivado_2018.3/Vivado/2018.3/common/technology/autopilot/hls/hls_video_types.h:500->E:/Xilinx/Vivado_2018.3/Vivado/2018.3/common/technology/autopilot/hls/hls_video_arithm.h:208->E:/Xilinx/Vivado_2018.3/Vivado/2018.3/common/technology/autopilot/hls/hls_video_arithm.h:433->E:/Xilinx/Vivado_2018.3/Vivado/2018.3/common/technology/autopilot/hls/hls_video_arithm.h:896]   --->   Operation 43 'bitselect' 'overflow' <Predicate = (!exitcond_i)> <Delay = 0.00>
ST_4 : Operation 44 [1/1] (0.29ns) (out node of the LUT)   --->   "%p_Val2_16 = select i1 %overflow, i8 -1, i8 %p_Val2_s" [E:/Xilinx/Vivado_2018.3/Vivado/2018.3/common/technology/autopilot/hls/hls_video_types.h:401->E:/Xilinx/Vivado_2018.3/Vivado/2018.3/common/technology/autopilot/hls/hls_video_types.h:500->E:/Xilinx/Vivado_2018.3/Vivado/2018.3/common/technology/autopilot/hls/hls_video_arithm.h:208->E:/Xilinx/Vivado_2018.3/Vivado/2018.3/common/technology/autopilot/hls/hls_video_arithm.h:433->E:/Xilinx/Vivado_2018.3/Vivado/2018.3/common/technology/autopilot/hls/hls_video_arithm.h:896]   --->   Operation 44 'select' 'p_Val2_16' <Predicate = (!exitcond_i)> <Delay = 0.29> <Core = "Sel">   --->   Core 26 'Sel' <Latency = 0> <II = 1> <Delay = 0.29> <FuncUnit> <Opcode : 'select'> <InPorts = 3> <OutPorts = 1>
ST_4 : Operation 45 [1/1] (0.00ns) (grouped into LUT with out node p_Val2_17)   --->   "%p_Val2_12 = shl i8 %tmp_9, 1" [E:/Xilinx/Vivado_2018.3/Vivado/2018.3/common/technology/autopilot/hls/hls_video_types.h:401->E:/Xilinx/Vivado_2018.3/Vivado/2018.3/common/technology/autopilot/hls/hls_video_types.h:500->E:/Xilinx/Vivado_2018.3/Vivado/2018.3/common/technology/autopilot/hls/hls_video_arithm.h:208->E:/Xilinx/Vivado_2018.3/Vivado/2018.3/common/technology/autopilot/hls/hls_video_arithm.h:433->E:/Xilinx/Vivado_2018.3/Vivado/2018.3/common/technology/autopilot/hls/hls_video_arithm.h:896]   --->   Operation 45 'shl' 'p_Val2_12' <Predicate = (!exitcond_i)> <Delay = 0.00>
ST_4 : Operation 46 [1/1] (0.00ns) (grouped into LUT with out node p_Val2_17)   --->   "%overflow_1 = call i1 @_ssdm_op_BitSelect.i1.i8.i32(i8 %tmp_9, i32 7)" [E:/Xilinx/Vivado_2018.3/Vivado/2018.3/common/technology/autopilot/hls/hls_video_types.h:401->E:/Xilinx/Vivado_2018.3/Vivado/2018.3/common/technology/autopilot/hls/hls_video_types.h:500->E:/Xilinx/Vivado_2018.3/Vivado/2018.3/common/technology/autopilot/hls/hls_video_arithm.h:208->E:/Xilinx/Vivado_2018.3/Vivado/2018.3/common/technology/autopilot/hls/hls_video_arithm.h:433->E:/Xilinx/Vivado_2018.3/Vivado/2018.3/common/technology/autopilot/hls/hls_video_arithm.h:896]   --->   Operation 46 'bitselect' 'overflow_1' <Predicate = (!exitcond_i)> <Delay = 0.00>
ST_4 : Operation 47 [1/1] (0.29ns) (out node of the LUT)   --->   "%p_Val2_17 = select i1 %overflow_1, i8 -1, i8 %p_Val2_12" [E:/Xilinx/Vivado_2018.3/Vivado/2018.3/common/technology/autopilot/hls/hls_video_types.h:401->E:/Xilinx/Vivado_2018.3/Vivado/2018.3/common/technology/autopilot/hls/hls_video_types.h:500->E:/Xilinx/Vivado_2018.3/Vivado/2018.3/common/technology/autopilot/hls/hls_video_arithm.h:208->E:/Xilinx/Vivado_2018.3/Vivado/2018.3/common/technology/autopilot/hls/hls_video_arithm.h:433->E:/Xilinx/Vivado_2018.3/Vivado/2018.3/common/technology/autopilot/hls/hls_video_arithm.h:896]   --->   Operation 47 'select' 'p_Val2_17' <Predicate = (!exitcond_i)> <Delay = 0.29> <Core = "Sel">   --->   Core 26 'Sel' <Latency = 0> <II = 1> <Delay = 0.29> <FuncUnit> <Opcode : 'select'> <InPorts = 3> <OutPorts = 1>
ST_4 : Operation 48 [1/1] (0.00ns) (grouped into LUT with out node p_Val2_18)   --->   "%p_Val2_14 = shl i8 %tmp_10, 1" [E:/Xilinx/Vivado_2018.3/Vivado/2018.3/common/technology/autopilot/hls/hls_video_types.h:401->E:/Xilinx/Vivado_2018.3/Vivado/2018.3/common/technology/autopilot/hls/hls_video_types.h:500->E:/Xilinx/Vivado_2018.3/Vivado/2018.3/common/technology/autopilot/hls/hls_video_arithm.h:208->E:/Xilinx/Vivado_2018.3/Vivado/2018.3/common/technology/autopilot/hls/hls_video_arithm.h:433->E:/Xilinx/Vivado_2018.3/Vivado/2018.3/common/technology/autopilot/hls/hls_video_arithm.h:896]   --->   Operation 48 'shl' 'p_Val2_14' <Predicate = (!exitcond_i)> <Delay = 0.00>
ST_4 : Operation 49 [1/1] (0.00ns) (grouped into LUT with out node p_Val2_18)   --->   "%overflow_2 = call i1 @_ssdm_op_BitSelect.i1.i8.i32(i8 %tmp_10, i32 7)" [E:/Xilinx/Vivado_2018.3/Vivado/2018.3/common/technology/autopilot/hls/hls_video_types.h:401->E:/Xilinx/Vivado_2018.3/Vivado/2018.3/common/technology/autopilot/hls/hls_video_types.h:500->E:/Xilinx/Vivado_2018.3/Vivado/2018.3/common/technology/autopilot/hls/hls_video_arithm.h:208->E:/Xilinx/Vivado_2018.3/Vivado/2018.3/common/technology/autopilot/hls/hls_video_arithm.h:433->E:/Xilinx/Vivado_2018.3/Vivado/2018.3/common/technology/autopilot/hls/hls_video_arithm.h:896]   --->   Operation 49 'bitselect' 'overflow_2' <Predicate = (!exitcond_i)> <Delay = 0.00>
ST_4 : Operation 50 [1/1] (0.29ns) (out node of the LUT)   --->   "%p_Val2_18 = select i1 %overflow_2, i8 -1, i8 %p_Val2_14" [E:/Xilinx/Vivado_2018.3/Vivado/2018.3/common/technology/autopilot/hls/hls_video_types.h:401->E:/Xilinx/Vivado_2018.3/Vivado/2018.3/common/technology/autopilot/hls/hls_video_types.h:500->E:/Xilinx/Vivado_2018.3/Vivado/2018.3/common/technology/autopilot/hls/hls_video_arithm.h:208->E:/Xilinx/Vivado_2018.3/Vivado/2018.3/common/technology/autopilot/hls/hls_video_arithm.h:433->E:/Xilinx/Vivado_2018.3/Vivado/2018.3/common/technology/autopilot/hls/hls_video_arithm.h:896]   --->   Operation 50 'select' 'p_Val2_18' <Predicate = (!exitcond_i)> <Delay = 0.29> <Core = "Sel">   --->   Core 26 'Sel' <Latency = 0> <II = 1> <Delay = 0.29> <FuncUnit> <Opcode : 'select'> <InPorts = 3> <OutPorts = 1>
ST_4 : Operation 51 [1/1] (0.00ns)   --->   "%tmp_13_i = call i32 (...)* @_ssdm_op_SpecRegionBegin([12 x i8]* @p_str42)" [E:/Xilinx/Vivado_2018.3/Vivado/2018.3/common/technology/autopilot/hls/hls_video_core.h:696->E:/Xilinx/Vivado_2018.3/Vivado/2018.3/common/technology/autopilot/hls/hls_video_core.h:717->E:/Xilinx/Vivado_2018.3/Vivado/2018.3/common/technology/autopilot/hls/hls_video_arithm.h:436->E:/Xilinx/Vivado_2018.3/Vivado/2018.3/common/technology/autopilot/hls/hls_video_arithm.h:896]   --->   Operation 51 'specregionbegin' 'tmp_13_i' <Predicate = (!exitcond_i)> <Delay = 0.00>
ST_4 : Operation 52 [1/1] (0.00ns)   --->   "call void (...)* @_ssdm_op_SpecProtocol(i32 0, [1 x i8]* @p_str2) nounwind" [E:/Xilinx/Vivado_2018.3/Vivado/2018.3/common/technology/autopilot/hls/hls_video_core.h:700->E:/Xilinx/Vivado_2018.3/Vivado/2018.3/common/technology/autopilot/hls/hls_video_core.h:717->E:/Xilinx/Vivado_2018.3/Vivado/2018.3/common/technology/autopilot/hls/hls_video_arithm.h:436->E:/Xilinx/Vivado_2018.3/Vivado/2018.3/common/technology/autopilot/hls/hls_video_arithm.h:896]   --->   Operation 52 'specprotocol' <Predicate = (!exitcond_i)> <Delay = 0.00>
ST_4 : Operation 53 [1/1] (2.26ns)   --->   "call void @_ssdm_op_Write.ap_fifo.volatile.i8P(i8* %dst_data_stream_0_V, i8 %p_Val2_16)" [E:/Xilinx/Vivado_2018.3/Vivado/2018.3/common/technology/autopilot/hls/hls_video_core.h:703->E:/Xilinx/Vivado_2018.3/Vivado/2018.3/common/technology/autopilot/hls/hls_video_core.h:717->E:/Xilinx/Vivado_2018.3/Vivado/2018.3/common/technology/autopilot/hls/hls_video_arithm.h:436->E:/Xilinx/Vivado_2018.3/Vivado/2018.3/common/technology/autopilot/hls/hls_video_arithm.h:896]   --->   Operation 53 'write' <Predicate = (!exitcond_i)> <Delay = 2.26> <Core = "FIFO">   --->   Core 32 'FIFO' <Latency = 0> <II = 1> <Delay = 2.26> <Storage> <Opcode : 'read' 'write' 'nbread' 'nbwrite'> <Ports = 0> <Width = 8> <Depth = 2> <FIFO>
ST_4 : Operation 54 [1/1] (2.26ns)   --->   "call void @_ssdm_op_Write.ap_fifo.volatile.i8P(i8* %dst_data_stream_1_V, i8 %p_Val2_17)" [E:/Xilinx/Vivado_2018.3/Vivado/2018.3/common/technology/autopilot/hls/hls_video_core.h:703->E:/Xilinx/Vivado_2018.3/Vivado/2018.3/common/technology/autopilot/hls/hls_video_core.h:717->E:/Xilinx/Vivado_2018.3/Vivado/2018.3/common/technology/autopilot/hls/hls_video_arithm.h:436->E:/Xilinx/Vivado_2018.3/Vivado/2018.3/common/technology/autopilot/hls/hls_video_arithm.h:896]   --->   Operation 54 'write' <Predicate = (!exitcond_i)> <Delay = 2.26> <Core = "FIFO">   --->   Core 32 'FIFO' <Latency = 0> <II = 1> <Delay = 2.26> <Storage> <Opcode : 'read' 'write' 'nbread' 'nbwrite'> <Ports = 0> <Width = 8> <Depth = 2> <FIFO>
ST_4 : Operation 55 [1/1] (2.26ns)   --->   "call void @_ssdm_op_Write.ap_fifo.volatile.i8P(i8* %dst_data_stream_2_V, i8 %p_Val2_18)" [E:/Xilinx/Vivado_2018.3/Vivado/2018.3/common/technology/autopilot/hls/hls_video_core.h:703->E:/Xilinx/Vivado_2018.3/Vivado/2018.3/common/technology/autopilot/hls/hls_video_core.h:717->E:/Xilinx/Vivado_2018.3/Vivado/2018.3/common/technology/autopilot/hls/hls_video_arithm.h:436->E:/Xilinx/Vivado_2018.3/Vivado/2018.3/common/technology/autopilot/hls/hls_video_arithm.h:896]   --->   Operation 55 'write' <Predicate = (!exitcond_i)> <Delay = 2.26> <Core = "FIFO">   --->   Core 32 'FIFO' <Latency = 0> <II = 1> <Delay = 2.26> <Storage> <Opcode : 'read' 'write' 'nbread' 'nbwrite'> <Ports = 0> <Width = 8> <Depth = 2> <FIFO>
ST_4 : Operation 56 [1/1] (0.00ns)   --->   "%empty_62 = call i32 (...)* @_ssdm_op_SpecRegionEnd([12 x i8]* @p_str42, i32 %tmp_13_i)" [E:/Xilinx/Vivado_2018.3/Vivado/2018.3/common/technology/autopilot/hls/hls_video_core.h:705->E:/Xilinx/Vivado_2018.3/Vivado/2018.3/common/technology/autopilot/hls/hls_video_core.h:717->E:/Xilinx/Vivado_2018.3/Vivado/2018.3/common/technology/autopilot/hls/hls_video_arithm.h:436->E:/Xilinx/Vivado_2018.3/Vivado/2018.3/common/technology/autopilot/hls/hls_video_arithm.h:896]   --->   Operation 56 'specregionend' 'empty_62' <Predicate = (!exitcond_i)> <Delay = 0.00>
ST_4 : Operation 57 [1/1] (0.00ns)   --->   "%empty_63 = call i32 (...)* @_ssdm_op_SpecRegionEnd([11 x i8]* @p_str11, i32 %tmp_10_i)" [E:/Xilinx/Vivado_2018.3/Vivado/2018.3/common/technology/autopilot/hls/hls_video_arithm.h:437->E:/Xilinx/Vivado_2018.3/Vivado/2018.3/common/technology/autopilot/hls/hls_video_arithm.h:896]   --->   Operation 57 'specregionend' 'empty_63' <Predicate = (!exitcond_i)> <Delay = 0.00>
ST_4 : Operation 58 [1/1] (0.00ns)   --->   "br label %3" [E:/Xilinx/Vivado_2018.3/Vivado/2018.3/common/technology/autopilot/hls/hls_video_arithm.h:427->E:/Xilinx/Vivado_2018.3/Vivado/2018.3/common/technology/autopilot/hls/hls_video_arithm.h:896]   --->   Operation 58 'br' <Predicate = (!exitcond_i)> <Delay = 0.00>

State 5 <SV = 3> <Delay = 0.00>
ST_5 : Operation 59 [1/1] (0.00ns)   --->   "%empty_64 = call i32 (...)* @_ssdm_op_SpecRegionEnd([12 x i8]* @p_str10, i32 %tmp_i)" [E:/Xilinx/Vivado_2018.3/Vivado/2018.3/common/technology/autopilot/hls/hls_video_arithm.h:438->E:/Xilinx/Vivado_2018.3/Vivado/2018.3/common/technology/autopilot/hls/hls_video_arithm.h:896]   --->   Operation 59 'specregionend' 'empty_64' <Predicate = true> <Delay = 0.00>
ST_5 : Operation 60 [1/1] (0.00ns)   --->   "br label %1" [E:/Xilinx/Vivado_2018.3/Vivado/2018.3/common/technology/autopilot/hls/hls_video_arithm.h:426->E:/Xilinx/Vivado_2018.3/Vivado/2018.3/common/technology/autopilot/hls/hls_video_arithm.h:896]   --->   Operation 60 'br' <Predicate = true> <Delay = 0.00>


============================================================
+ Verbose Summary: Binding
============================================================
STG Binding: 
---------------- STG Properties BEGIN ----------------
- Is combinational: 0
- Is one-state seq: 0
- Is datapath-only: 0
- Is pipelined: 0
- Is top level: 0
Port [ Return ] is wired: 1; IO mode=ap_ctrl_hs:ce=0
Port [ src_data_stream_0_V]:  wired=1; compound=1; hidden=0; nouse=0; global=0; static=0; extern=0; dir=0; type=3; pingpong=0; private_global=0; IO mode=ap_fifo:ce=0
Port [ src_data_stream_1_V]:  wired=1; compound=1; hidden=0; nouse=0; global=0; static=0; extern=0; dir=0; type=3; pingpong=0; private_global=0; IO mode=ap_fifo:ce=0
Port [ src_data_stream_2_V]:  wired=1; compound=1; hidden=0; nouse=0; global=0; static=0; extern=0; dir=0; type=3; pingpong=0; private_global=0; IO mode=ap_fifo:ce=0
Port [ dst_rows_V]:  wired=1; compound=0; hidden=0; nouse=0; global=0; static=0; extern=0; dir=0; type=0; pingpong=0; private_global=0; IO mode=ap_stable:ce=0
Port [ dst_cols_V]:  wired=1; compound=0; hidden=0; nouse=0; global=0; static=0; extern=0; dir=0; type=0; pingpong=0; private_global=0; IO mode=ap_stable:ce=0
Port [ dst_data_stream_0_V]:  wired=1; compound=1; hidden=0; nouse=0; global=0; static=0; extern=0; dir=1; type=3; pingpong=0; private_global=0; IO mode=ap_fifo:ce=0
Port [ dst_data_stream_1_V]:  wired=1; compound=1; hidden=0; nouse=0; global=0; static=0; extern=0; dir=1; type=3; pingpong=0; private_global=0; IO mode=ap_fifo:ce=0
Port [ dst_data_stream_2_V]:  wired=1; compound=1; hidden=0; nouse=0; global=0; static=0; extern=0; dir=1; type=3; pingpong=0; private_global=0; IO mode=ap_fifo:ce=0
---------------- STG Properties END ------------------

---------------- Datapath Model BEGIN ----------------

<LifeTime>
<method=bitvector/>
StgValue_6      (specifcore       ) [ 000000]
StgValue_7      (specifcore       ) [ 000000]
StgValue_8      (specinterface    ) [ 000000]
StgValue_9      (specinterface    ) [ 000000]
StgValue_10     (specinterface    ) [ 000000]
StgValue_11     (specinterface    ) [ 000000]
StgValue_12     (specinterface    ) [ 000000]
StgValue_13     (specinterface    ) [ 000000]
StgValue_14     (specinterface    ) [ 000000]
StgValue_15     (specinterface    ) [ 000000]
dst_cols_V_read (read             ) [ 001111]
dst_rows_V_read (read             ) [ 001111]
StgValue_18     (br               ) [ 011111]
t_V             (phi              ) [ 001000]
exitcond2_i     (icmp             ) [ 001111]
StgValue_21     (speclooptripcount) [ 000000]
i_V             (add              ) [ 011111]
StgValue_23     (br               ) [ 000000]
StgValue_24     (specloopname     ) [ 000000]
tmp_i           (specregionbegin  ) [ 000111]
StgValue_26     (br               ) [ 001111]
StgValue_27     (ret              ) [ 000000]
t_V_2           (phi              ) [ 000100]
exitcond_i      (icmp             ) [ 001111]
StgValue_30     (speclooptripcount) [ 000000]
j_V             (add              ) [ 001111]
StgValue_32     (br               ) [ 000000]
StgValue_33     (specloopname     ) [ 000000]
tmp_10_i        (specregionbegin  ) [ 000000]
StgValue_35     (specpipeline     ) [ 000000]
tmp_12_i        (specregionbegin  ) [ 000000]
StgValue_37     (specprotocol     ) [ 000000]
tmp_8           (read             ) [ 000000]
tmp_9           (read             ) [ 000000]
tmp_10          (read             ) [ 000000]
empty           (specregionend    ) [ 000000]
p_Val2_s        (shl              ) [ 000000]
overflow        (bitselect        ) [ 000000]
p_Val2_16       (select           ) [ 000000]
p_Val2_12       (shl              ) [ 000000]
overflow_1      (bitselect        ) [ 000000]
p_Val2_17       (select           ) [ 000000]
p_Val2_14       (shl              ) [ 000000]
overflow_2      (bitselect        ) [ 000000]
p_Val2_18       (select           ) [ 000000]
tmp_13_i        (specregionbegin  ) [ 000000]
StgValue_52     (specprotocol     ) [ 000000]
StgValue_53     (write            ) [ 000000]
StgValue_54     (write            ) [ 000000]
StgValue_55     (write            ) [ 000000]
empty_62        (specregionend    ) [ 000000]
empty_63        (specregionend    ) [ 000000]
StgValue_58     (br               ) [ 001111]
empty_64        (specregionend    ) [ 000000]
StgValue_60     (br               ) [ 011111]
</LifeTime>

<model>

<comp_list>
<comp id="0" class="1000" name="src_data_stream_0_V">
<pin_list>
<pin id="1" dir="1" index="0" bw="1" slack="0"/>
</pin_list>
<bind>
<StgValue><ssdm name="src_data_stream_0_V"/></StgValue>
</bind>
</comp>

<comp id="2" class="1000" name="src_data_stream_1_V">
<pin_list>
<pin id="3" dir="1" index="0" bw="1" slack="0"/>
</pin_list>
<bind>
<StgValue><ssdm name="src_data_stream_1_V"/></StgValue>
</bind>
</comp>

<comp id="4" class="1000" name="src_data_stream_2_V">
<pin_list>
<pin id="5" dir="1" index="0" bw="1" slack="0"/>
</pin_list>
<bind>
<StgValue><ssdm name="src_data_stream_2_V"/></StgValue>
</bind>
</comp>

<comp id="6" class="1000" name="dst_rows_V">
<pin_list>
<pin id="7" dir="1" index="0" bw="1" slack="0"/>
</pin_list>
<bind>
<StgValue><ssdm name="dst_rows_V"/></StgValue>
</bind>
</comp>

<comp id="8" class="1000" name="dst_cols_V">
<pin_list>
<pin id="9" dir="1" index="0" bw="1" slack="0"/>
</pin_list>
<bind>
<StgValue><ssdm name="dst_cols_V"/></StgValue>
</bind>
</comp>

<comp id="10" class="1000" name="dst_data_stream_0_V">
<pin_list>
<pin id="11" dir="1" index="0" bw="1" slack="0"/>
</pin_list>
<bind>
<StgValue><ssdm name="dst_data_stream_0_V"/></StgValue>
</bind>
</comp>

<comp id="12" class="1000" name="dst_data_stream_1_V">
<pin_list>
<pin id="13" dir="1" index="0" bw="1" slack="0"/>
</pin_list>
<bind>
<StgValue><ssdm name="dst_data_stream_1_V"/></StgValue>
</bind>
</comp>

<comp id="14" class="1000" name="dst_data_stream_2_V">
<pin_list>
<pin id="15" dir="1" index="0" bw="1" slack="0"/>
</pin_list>
<bind>
<StgValue><ssdm name="dst_data_stream_2_V"/></StgValue>
</bind>
</comp>

<comp id="16" class="1001" name="const_16">
<pin_list>
<pin id="17" dir="1" index="0" bw="1" slack="2147483647"/>
</pin_list>
<bind>
<StgValue><ssdm name="_ssdm_op_SpecIFCore"/></StgValue>
</bind>
</comp>

<comp id="18" class="1001" name="const_18">
<pin_list>
<pin id="19" dir="1" index="0" bw="1" slack="2147483647"/>
</pin_list>
<bind>
<StgValue><ssdm name="p_str2"/></StgValue>
</bind>
</comp>

<comp id="20" class="1001" name="const_20">
<pin_list>
<pin id="21" dir="1" index="0" bw="1" slack="2147483647"/>
</pin_list>
<bind>
<StgValue><ssdm name="p_str3"/></StgValue>
</bind>
</comp>

<comp id="22" class="1001" name="const_22">
<pin_list>
<pin id="23" dir="1" index="0" bw="1" slack="2147483647"/>
</pin_list>
<bind>
<StgValue><ssdm name=""/></StgValue>
</bind>
</comp>

<comp id="24" class="1001" name="const_24">
<pin_list>
<pin id="25" dir="1" index="0" bw="1" slack="2147483647"/>
</pin_list>
<bind>
<StgValue><ssdm name="p_str4"/></StgValue>
</bind>
</comp>

<comp id="26" class="1001" name="const_26">
<pin_list>
<pin id="27" dir="1" index="0" bw="1" slack="2147483647"/>
</pin_list>
<bind>
<StgValue><ssdm name="_ssdm_op_SpecInterface"/></StgValue>
</bind>
</comp>

<comp id="28" class="1001" name="const_28">
<pin_list>
<pin id="29" dir="1" index="0" bw="1" slack="2147483647"/>
</pin_list>
<bind>
<StgValue><ssdm name="ap_fifo_str"/></StgValue>
</bind>
</comp>

<comp id="30" class="1001" name="const_30">
<pin_list>
<pin id="31" dir="1" index="0" bw="1" slack="1"/>
</pin_list>
<bind>
<StgValue><ssdm name=""/></StgValue>
</bind>
</comp>

<comp id="32" class="1001" name="const_32">
<pin_list>
<pin id="33" dir="1" index="0" bw="1" slack="2147483647"/>
</pin_list>
<bind>
<StgValue><ssdm name="p_str311"/></StgValue>
</bind>
</comp>

<comp id="34" class="1001" name="const_34">
<pin_list>
<pin id="35" dir="1" index="0" bw="1" slack="2147483647"/>
</pin_list>
<bind>
<StgValue><ssdm name="p_str312"/></StgValue>
</bind>
</comp>

<comp id="36" class="1001" name="const_36">
<pin_list>
<pin id="37" dir="1" index="0" bw="1" slack="2147483647"/>
</pin_list>
<bind>
<StgValue><ssdm name="p_str313"/></StgValue>
</bind>
</comp>

<comp id="38" class="1001" name="const_38">
<pin_list>
<pin id="39" dir="1" index="0" bw="1" slack="2147483647"/>
</pin_list>
<bind>
<StgValue><ssdm name="p_str314"/></StgValue>
</bind>
</comp>

<comp id="40" class="1001" name="const_40">
<pin_list>
<pin id="41" dir="1" index="0" bw="1" slack="2147483647"/>
</pin_list>
<bind>
<StgValue><ssdm name=""/></StgValue>
</bind>
</comp>

<comp id="42" class="1001" name="const_42">
<pin_list>
<pin id="43" dir="1" index="0" bw="1" slack="2147483647"/>
</pin_list>
<bind>
<StgValue><ssdm name=""/></StgValue>
</bind>
</comp>

<comp id="44" class="1001" name="const_44">
<pin_list>
<pin id="45" dir="1" index="0" bw="1" slack="2147483647"/>
</pin_list>
<bind>
<StgValue><ssdm name="p_str315"/></StgValue>
</bind>
</comp>

<comp id="46" class="1001" name="const_46">
<pin_list>
<pin id="47" dir="1" index="0" bw="1" slack="2147483647"/>
</pin_list>
<bind>
<StgValue><ssdm name="p_str316"/></StgValue>
</bind>
</comp>

<comp id="48" class="1001" name="const_48">
<pin_list>
<pin id="49" dir="1" index="0" bw="1" slack="2147483647"/>
</pin_list>
<bind>
<StgValue><ssdm name="p_str304"/></StgValue>
</bind>
</comp>

<comp id="50" class="1001" name="const_50">
<pin_list>
<pin id="51" dir="1" index="0" bw="1" slack="2147483647"/>
</pin_list>
<bind>
<StgValue><ssdm name="p_str305"/></StgValue>
</bind>
</comp>

<comp id="52" class="1001" name="const_52">
<pin_list>
<pin id="53" dir="1" index="0" bw="1" slack="2147483647"/>
</pin_list>
<bind>
<StgValue><ssdm name="p_str306"/></StgValue>
</bind>
</comp>

<comp id="54" class="1001" name="const_54">
<pin_list>
<pin id="55" dir="1" index="0" bw="1" slack="2147483647"/>
</pin_list>
<bind>
<StgValue><ssdm name="p_str307"/></StgValue>
</bind>
</comp>

<comp id="56" class="1001" name="const_56">
<pin_list>
<pin id="57" dir="1" index="0" bw="1" slack="2147483647"/>
</pin_list>
<bind>
<StgValue><ssdm name="p_str308"/></StgValue>
</bind>
</comp>

<comp id="58" class="1001" name="const_58">
<pin_list>
<pin id="59" dir="1" index="0" bw="1" slack="2147483647"/>
</pin_list>
<bind>
<StgValue><ssdm name="p_str309"/></StgValue>
</bind>
</comp>

<comp id="60" class="1001" name="const_60">
<pin_list>
<pin id="61" dir="1" index="0" bw="1" slack="2147483647"/>
</pin_list>
<bind>
<StgValue><ssdm name="p_str297"/></StgValue>
</bind>
</comp>

<comp id="62" class="1001" name="const_62">
<pin_list>
<pin id="63" dir="1" index="0" bw="1" slack="2147483647"/>
</pin_list>
<bind>
<StgValue><ssdm name="p_str298"/></StgValue>
</bind>
</comp>

<comp id="64" class="1001" name="const_64">
<pin_list>
<pin id="65" dir="1" index="0" bw="1" slack="2147483647"/>
</pin_list>
<bind>
<StgValue><ssdm name="p_str299"/></StgValue>
</bind>
</comp>

<comp id="66" class="1001" name="const_66">
<pin_list>
<pin id="67" dir="1" index="0" bw="1" slack="2147483647"/>
</pin_list>
<bind>
<StgValue><ssdm name="p_str300"/></StgValue>
</bind>
</comp>

<comp id="68" class="1001" name="const_68">
<pin_list>
<pin id="69" dir="1" index="0" bw="1" slack="2147483647"/>
</pin_list>
<bind>
<StgValue><ssdm name="p_str301"/></StgValue>
</bind>
</comp>

<comp id="70" class="1001" name="const_70">
<pin_list>
<pin id="71" dir="1" index="0" bw="1" slack="2147483647"/>
</pin_list>
<bind>
<StgValue><ssdm name="p_str302"/></StgValue>
</bind>
</comp>

<comp id="72" class="1001" name="const_72">
<pin_list>
<pin id="73" dir="1" index="0" bw="1" slack="2147483647"/>
</pin_list>
<bind>
<StgValue><ssdm name="p_str290"/></StgValue>
</bind>
</comp>

<comp id="74" class="1001" name="const_74">
<pin_list>
<pin id="75" dir="1" index="0" bw="1" slack="2147483647"/>
</pin_list>
<bind>
<StgValue><ssdm name="p_str291"/></StgValue>
</bind>
</comp>

<comp id="76" class="1001" name="const_76">
<pin_list>
<pin id="77" dir="1" index="0" bw="1" slack="2147483647"/>
</pin_list>
<bind>
<StgValue><ssdm name="p_str292"/></StgValue>
</bind>
</comp>

<comp id="78" class="1001" name="const_78">
<pin_list>
<pin id="79" dir="1" index="0" bw="1" slack="2147483647"/>
</pin_list>
<bind>
<StgValue><ssdm name="p_str293"/></StgValue>
</bind>
</comp>

<comp id="80" class="1001" name="const_80">
<pin_list>
<pin id="81" dir="1" index="0" bw="1" slack="2147483647"/>
</pin_list>
<bind>
<StgValue><ssdm name="p_str294"/></StgValue>
</bind>
</comp>

<comp id="82" class="1001" name="const_82">
<pin_list>
<pin id="83" dir="1" index="0" bw="1" slack="2147483647"/>
</pin_list>
<bind>
<StgValue><ssdm name="p_str295"/></StgValue>
</bind>
</comp>

<comp id="84" class="1001" name="const_84">
<pin_list>
<pin id="85" dir="1" index="0" bw="1" slack="2147483647"/>
</pin_list>
<bind>
<StgValue><ssdm name="p_str283"/></StgValue>
</bind>
</comp>

<comp id="86" class="1001" name="const_86">
<pin_list>
<pin id="87" dir="1" index="0" bw="1" slack="2147483647"/>
</pin_list>
<bind>
<StgValue><ssdm name="p_str284"/></StgValue>
</bind>
</comp>

<comp id="88" class="1001" name="const_88">
<pin_list>
<pin id="89" dir="1" index="0" bw="1" slack="2147483647"/>
</pin_list>
<bind>
<StgValue><ssdm name="p_str285"/></StgValue>
</bind>
</comp>

<comp id="90" class="1001" name="const_90">
<pin_list>
<pin id="91" dir="1" index="0" bw="1" slack="2147483647"/>
</pin_list>
<bind>
<StgValue><ssdm name="p_str286"/></StgValue>
</bind>
</comp>

<comp id="92" class="1001" name="const_92">
<pin_list>
<pin id="93" dir="1" index="0" bw="1" slack="2147483647"/>
</pin_list>
<bind>
<StgValue><ssdm name="p_str287"/></StgValue>
</bind>
</comp>

<comp id="94" class="1001" name="const_94">
<pin_list>
<pin id="95" dir="1" index="0" bw="1" slack="2147483647"/>
</pin_list>
<bind>
<StgValue><ssdm name="p_str288"/></StgValue>
</bind>
</comp>

<comp id="96" class="1001" name="const_96">
<pin_list>
<pin id="97" dir="1" index="0" bw="1" slack="2147483647"/>
</pin_list>
<bind>
<StgValue><ssdm name="p_str276"/></StgValue>
</bind>
</comp>

<comp id="98" class="1001" name="const_98">
<pin_list>
<pin id="99" dir="1" index="0" bw="1" slack="2147483647"/>
</pin_list>
<bind>
<StgValue><ssdm name="p_str277"/></StgValue>
</bind>
</comp>

<comp id="100" class="1001" name="const_100">
<pin_list>
<pin id="101" dir="1" index="0" bw="1" slack="2147483647"/>
</pin_list>
<bind>
<StgValue><ssdm name="p_str278"/></StgValue>
</bind>
</comp>

<comp id="102" class="1001" name="const_102">
<pin_list>
<pin id="103" dir="1" index="0" bw="1" slack="2147483647"/>
</pin_list>
<bind>
<StgValue><ssdm name="p_str279"/></StgValue>
</bind>
</comp>

<comp id="104" class="1001" name="const_104">
<pin_list>
<pin id="105" dir="1" index="0" bw="1" slack="2147483647"/>
</pin_list>
<bind>
<StgValue><ssdm name="p_str280"/></StgValue>
</bind>
</comp>

<comp id="106" class="1001" name="const_106">
<pin_list>
<pin id="107" dir="1" index="0" bw="1" slack="2147483647"/>
</pin_list>
<bind>
<StgValue><ssdm name="p_str281"/></StgValue>
</bind>
</comp>

<comp id="108" class="1001" name="const_108">
<pin_list>
<pin id="109" dir="1" index="0" bw="1" slack="2147483647"/>
</pin_list>
<bind>
<StgValue><ssdm name="ap_stable_str"/></StgValue>
</bind>
</comp>

<comp id="110" class="1001" name="const_110">
<pin_list>
<pin id="111" dir="1" index="0" bw="1" slack="2147483647"/>
</pin_list>
<bind>
<StgValue><ssdm name="p_str185"/></StgValue>
</bind>
</comp>

<comp id="112" class="1001" name="const_112">
<pin_list>
<pin id="113" dir="1" index="0" bw="1" slack="2147483647"/>
</pin_list>
<bind>
<StgValue><ssdm name="p_str186"/></StgValue>
</bind>
</comp>

<comp id="114" class="1001" name="const_114">
<pin_list>
<pin id="115" dir="1" index="0" bw="1" slack="2147483647"/>
</pin_list>
<bind>
<StgValue><ssdm name="p_str187"/></StgValue>
</bind>
</comp>

<comp id="116" class="1001" name="const_116">
<pin_list>
<pin id="117" dir="1" index="0" bw="1" slack="2147483647"/>
</pin_list>
<bind>
<StgValue><ssdm name="p_str188"/></StgValue>
</bind>
</comp>

<comp id="118" class="1001" name="const_118">
<pin_list>
<pin id="119" dir="1" index="0" bw="1" slack="2147483647"/>
</pin_list>
<bind>
<StgValue><ssdm name="p_str189"/></StgValue>
</bind>
</comp>

<comp id="120" class="1001" name="const_120">
<pin_list>
<pin id="121" dir="1" index="0" bw="1" slack="2147483647"/>
</pin_list>
<bind>
<StgValue><ssdm name="p_str190"/></StgValue>
</bind>
</comp>

<comp id="122" class="1001" name="const_122">
<pin_list>
<pin id="123" dir="1" index="0" bw="1" slack="2147483647"/>
</pin_list>
<bind>
<StgValue><ssdm name="p_str191"/></StgValue>
</bind>
</comp>

<comp id="124" class="1001" name="const_124">
<pin_list>
<pin id="125" dir="1" index="0" bw="1" slack="2147483647"/>
</pin_list>
<bind>
<StgValue><ssdm name="p_str192"/></StgValue>
</bind>
</comp>

<comp id="126" class="1001" name="const_126">
<pin_list>
<pin id="127" dir="1" index="0" bw="1" slack="2147483647"/>
</pin_list>
<bind>
<StgValue><ssdm name="p_str193"/></StgValue>
</bind>
</comp>

<comp id="128" class="1001" name="const_128">
<pin_list>
<pin id="129" dir="1" index="0" bw="1" slack="2147483647"/>
</pin_list>
<bind>
<StgValue><ssdm name="p_str194"/></StgValue>
</bind>
</comp>

<comp id="130" class="1001" name="const_130">
<pin_list>
<pin id="131" dir="1" index="0" bw="1" slack="2147483647"/>
</pin_list>
<bind>
<StgValue><ssdm name="p_str195"/></StgValue>
</bind>
</comp>

<comp id="132" class="1001" name="const_132">
<pin_list>
<pin id="133" dir="1" index="0" bw="1" slack="2147483647"/>
</pin_list>
<bind>
<StgValue><ssdm name="p_str196"/></StgValue>
</bind>
</comp>

<comp id="134" class="1001" name="const_134">
<pin_list>
<pin id="135" dir="1" index="0" bw="1" slack="0"/>
</pin_list>
<bind>
<StgValue><ssdm name="_ssdm_op_Read.ap_stable.i32"/></StgValue>
</bind>
</comp>

<comp id="136" class="1001" name="const_136">
<pin_list>
<pin id="137" dir="1" index="0" bw="1" slack="2147483647"/>
</pin_list>
<bind>
<StgValue><ssdm name="_ssdm_op_SpecLoopTripCount"/></StgValue>
</bind>
</comp>

<comp id="138" class="1001" name="const_138">
<pin_list>
<pin id="139" dir="1" index="0" bw="1" slack="2147483647"/>
</pin_list>
<bind>
<StgValue><ssdm name=""/></StgValue>
</bind>
</comp>

<comp id="140" class="1001" name="const_140">
<pin_list>
<pin id="141" dir="1" index="0" bw="1" slack="2147483647"/>
</pin_list>
<bind>
<StgValue><ssdm name=""/></StgValue>
</bind>
</comp>

<comp id="142" class="1001" name="const_142">
<pin_list>
<pin id="143" dir="1" index="0" bw="1" slack="0"/>
</pin_list>
<bind>
<StgValue><ssdm name=""/></StgValue>
</bind>
</comp>

<comp id="144" class="1001" name="const_144">
<pin_list>
<pin id="145" dir="1" index="0" bw="1" slack="2147483647"/>
</pin_list>
<bind>
<StgValue><ssdm name="_ssdm_op_SpecLoopName"/></StgValue>
</bind>
</comp>

<comp id="146" class="1001" name="const_146">
<pin_list>
<pin id="147" dir="1" index="0" bw="1" slack="2147483647"/>
</pin_list>
<bind>
<StgValue><ssdm name="p_str10"/></StgValue>
</bind>
</comp>

<comp id="148" class="1001" name="const_148">
<pin_list>
<pin id="149" dir="1" index="0" bw="1" slack="2147483647"/>
</pin_list>
<bind>
<StgValue><ssdm name="_ssdm_op_SpecRegionBegin"/></StgValue>
</bind>
</comp>

<comp id="150" class="1001" name="const_150">
<pin_list>
<pin id="151" dir="1" index="0" bw="1" slack="2147483647"/>
</pin_list>
<bind>
<StgValue><ssdm name=""/></StgValue>
</bind>
</comp>

<comp id="152" class="1001" name="const_152">
<pin_list>
<pin id="153" dir="1" index="0" bw="1" slack="2147483647"/>
</pin_list>
<bind>
<StgValue><ssdm name="p_str11"/></StgValue>
</bind>
</comp>

<comp id="154" class="1001" name="const_154">
<pin_list>
<pin id="155" dir="1" index="0" bw="1" slack="2147483647"/>
</pin_list>
<bind>
<StgValue><ssdm name="_ssdm_op_SpecPipeline"/></StgValue>
</bind>
</comp>

<comp id="156" class="1001" name="const_156">
<pin_list>
<pin id="157" dir="1" index="0" bw="1" slack="2147483647"/>
</pin_list>
<bind>
<StgValue><ssdm name="p_str15"/></StgValue>
</bind>
</comp>

<comp id="158" class="1001" name="const_158">
<pin_list>
<pin id="159" dir="1" index="0" bw="1" slack="2147483647"/>
</pin_list>
<bind>
<StgValue><ssdm name="_ssdm_op_SpecProtocol"/></StgValue>
</bind>
</comp>

<comp id="160" class="1001" name="const_160">
<pin_list>
<pin id="161" dir="1" index="0" bw="1" slack="0"/>
</pin_list>
<bind>
<StgValue><ssdm name="_ssdm_op_Read.ap_fifo.volatile.i8P"/></StgValue>
</bind>
</comp>

<comp id="162" class="1001" name="const_162">
<pin_list>
<pin id="163" dir="1" index="0" bw="1" slack="2147483647"/>
</pin_list>
<bind>
<StgValue><ssdm name="_ssdm_op_SpecRegionEnd"/></StgValue>
</bind>
</comp>

<comp id="164" class="1001" name="const_164">
<pin_list>
<pin id="165" dir="1" index="0" bw="1" slack="0"/>
</pin_list>
<bind>
<StgValue><ssdm name=""/></StgValue>
</bind>
</comp>

<comp id="166" class="1001" name="const_166">
<pin_list>
<pin id="167" dir="1" index="0" bw="1" slack="0"/>
</pin_list>
<bind>
<StgValue><ssdm name="_ssdm_op_BitSelect.i1.i8.i32"/></StgValue>
</bind>
</comp>

<comp id="168" class="1001" name="const_168">
<pin_list>
<pin id="169" dir="1" index="0" bw="1" slack="0"/>
</pin_list>
<bind>
<StgValue><ssdm name=""/></StgValue>
</bind>
</comp>

<comp id="170" class="1001" name="const_170">
<pin_list>
<pin id="171" dir="1" index="0" bw="1" slack="0"/>
</pin_list>
<bind>
<StgValue><ssdm name=""/></StgValue>
</bind>
</comp>

<comp id="172" class="1001" name="const_172">
<pin_list>
<pin id="173" dir="1" index="0" bw="1" slack="2147483647"/>
</pin_list>
<bind>
<StgValue><ssdm name="p_str42"/></StgValue>
</bind>
</comp>

<comp id="174" class="1001" name="const_174">
<pin_list>
<pin id="175" dir="1" index="0" bw="1" slack="0"/>
</pin_list>
<bind>
<StgValue><ssdm name="_ssdm_op_Write.ap_fifo.volatile.i8P"/></StgValue>
</bind>
</comp>

<comp id="176" class="1004" name="dst_cols_V_read_read_fu_176">
<pin_list>
<pin id="177" dir="0" index="0" bw="32" slack="0"/>
<pin id="178" dir="0" index="1" bw="32" slack="0"/>
<pin id="179" dir="1" index="2" bw="32" slack="2"/>
</pin_list>
<bind>
<opcode="read(1150) " fcode="read"/>
<opset="dst_cols_V_read/1 "/>
</bind>
</comp>

<comp id="182" class="1004" name="dst_rows_V_read_read_fu_182">
<pin_list>
<pin id="183" dir="0" index="0" bw="32" slack="0"/>
<pin id="184" dir="0" index="1" bw="32" slack="0"/>
<pin id="185" dir="1" index="2" bw="32" slack="1"/>
</pin_list>
<bind>
<opcode="read(1150) " fcode="read"/>
<opset="dst_rows_V_read/1 "/>
</bind>
</comp>

<comp id="188" class="1004" name="tmp_8_read_fu_188">
<pin_list>
<pin id="189" dir="0" index="0" bw="8" slack="0"/>
<pin id="190" dir="0" index="1" bw="8" slack="0"/>
<pin id="191" dir="1" index="2" bw="8" slack="0"/>
</pin_list>
<bind>
<opcode="read(1150) " fcode="read"/>
<opset="tmp_8/4 "/>
</bind>
</comp>

<comp id="194" class="1004" name="tmp_9_read_fu_194">
<pin_list>
<pin id="195" dir="0" index="0" bw="8" slack="0"/>
<pin id="196" dir="0" index="1" bw="8" slack="0"/>
<pin id="197" dir="1" index="2" bw="8" slack="0"/>
</pin_list>
<bind>
<opcode="read(1150) " fcode="read"/>
<opset="tmp_9/4 "/>
</bind>
</comp>

<comp id="200" class="1004" name="tmp_10_read_fu_200">
<pin_list>
<pin id="201" dir="0" index="0" bw="8" slack="0"/>
<pin id="202" dir="0" index="1" bw="8" slack="0"/>
<pin id="203" dir="1" index="2" bw="8" slack="0"/>
</pin_list>
<bind>
<opcode="read(1150) " fcode="read"/>
<opset="tmp_10/4 "/>
</bind>
</comp>

<comp id="206" class="1004" name="StgValue_53_write_fu_206">
<pin_list>
<pin id="207" dir="0" index="0" bw="0" slack="0"/>
<pin id="208" dir="0" index="1" bw="8" slack="0"/>
<pin id="209" dir="0" index="2" bw="8" slack="0"/>
<pin id="210" dir="1" index="3" bw="0" slack="2147483647"/>
</pin_list>
<bind>
<opcode="write(1151) " fcode="write"/>
<opset="StgValue_53/4 "/>
</bind>
</comp>

<comp id="213" class="1004" name="StgValue_54_write_fu_213">
<pin_list>
<pin id="214" dir="0" index="0" bw="0" slack="0"/>
<pin id="215" dir="0" index="1" bw="8" slack="0"/>
<pin id="216" dir="0" index="2" bw="8" slack="0"/>
<pin id="217" dir="1" index="3" bw="0" slack="2147483647"/>
</pin_list>
<bind>
<opcode="write(1151) " fcode="write"/>
<opset="StgValue_54/4 "/>
</bind>
</comp>

<comp id="220" class="1004" name="StgValue_55_write_fu_220">
<pin_list>
<pin id="221" dir="0" index="0" bw="0" slack="0"/>
<pin id="222" dir="0" index="1" bw="8" slack="0"/>
<pin id="223" dir="0" index="2" bw="8" slack="0"/>
<pin id="224" dir="1" index="3" bw="0" slack="2147483647"/>
</pin_list>
<bind>
<opcode="write(1151) " fcode="write"/>
<opset="StgValue_55/4 "/>
</bind>
</comp>

<comp id="227" class="1005" name="t_V_reg_227">
<pin_list>
<pin id="228" dir="0" index="0" bw="32" slack="1"/>
<pin id="229" dir="1" index="1" bw="32" slack="1"/>
</pin_list>
<bind>
<opset="t_V (phireg) "/>
</bind>
</comp>

<comp id="231" class="1004" name="t_V_phi_fu_231">
<pin_list>
<pin id="232" dir="0" index="0" bw="1" slack="1"/>
<pin id="233" dir="0" index="1" bw="0" slack="2147483647"/>
<pin id="234" dir="0" index="2" bw="32" slack="0"/>
<pin id="235" dir="0" index="3" bw="0" slack="2147483647"/>
<pin id="236" dir="1" index="4" bw="32" slack="0"/>
</pin_list>
<bind>
<opcode="phi(47) " fcode="phi"/>
<opset="t_V/2 "/>
</bind>
</comp>

<comp id="238" class="1005" name="t_V_2_reg_238">
<pin_list>
<pin id="239" dir="0" index="0" bw="32" slack="1"/>
<pin id="240" dir="1" index="1" bw="32" slack="1"/>
</pin_list>
<bind>
<opset="t_V_2 (phireg) "/>
</bind>
</comp>

<comp id="242" class="1004" name="t_V_2_phi_fu_242">
<pin_list>
<pin id="243" dir="0" index="0" bw="1" slack="1"/>
<pin id="244" dir="0" index="1" bw="0" slack="2147483647"/>
<pin id="245" dir="0" index="2" bw="32" slack="0"/>
<pin id="246" dir="0" index="3" bw="0" slack="2147483647"/>
<pin id="247" dir="1" index="4" bw="32" slack="0"/>
</pin_list>
<bind>
<opcode="phi(47) " fcode="phi"/>
<opset="t_V_2/3 "/>
</bind>
</comp>

<comp id="249" class="1004" name="exitcond2_i_fu_249">
<pin_list>
<pin id="250" dir="0" index="0" bw="32" slack="0"/>
<pin id="251" dir="0" index="1" bw="32" slack="1"/>
<pin id="252" dir="1" index="2" bw="1" slack="1"/>
</pin_list>
<bind>
<opcode="icmp(45) " fcode="icmp"/>
<opset="exitcond2_i/2 "/>
</bind>
</comp>

<comp id="254" class="1004" name="i_V_fu_254">
<pin_list>
<pin id="255" dir="0" index="0" bw="32" slack="0"/>
<pin id="256" dir="0" index="1" bw="1" slack="0"/>
<pin id="257" dir="1" index="2" bw="32" slack="0"/>
</pin_list>
<bind>
<opcode="add(8) " fcode="add"/>
<opset="i_V/2 "/>
</bind>
</comp>

<comp id="260" class="1004" name="exitcond_i_fu_260">
<pin_list>
<pin id="261" dir="0" index="0" bw="32" slack="0"/>
<pin id="262" dir="0" index="1" bw="32" slack="2"/>
<pin id="263" dir="1" index="2" bw="1" slack="1"/>
</pin_list>
<bind>
<opcode="icmp(45) " fcode="icmp"/>
<opset="exitcond_i/3 "/>
</bind>
</comp>

<comp id="265" class="1004" name="j_V_fu_265">
<pin_list>
<pin id="266" dir="0" index="0" bw="32" slack="0"/>
<pin id="267" dir="0" index="1" bw="1" slack="0"/>
<pin id="268" dir="1" index="2" bw="32" slack="0"/>
</pin_list>
<bind>
<opcode="add(8) " fcode="add"/>
<opset="j_V/3 "/>
</bind>
</comp>

<comp id="271" class="1004" name="p_Val2_s_fu_271">
<pin_list>
<pin id="272" dir="0" index="0" bw="8" slack="0"/>
<pin id="273" dir="0" index="1" bw="1" slack="0"/>
<pin id="274" dir="1" index="2" bw="8" slack="0"/>
</pin_list>
<bind>
<opcode="shl(20) " fcode="shl"/>
<opset="p_Val2_s/4 "/>
</bind>
</comp>

<comp id="277" class="1004" name="overflow_fu_277">
<pin_list>
<pin id="278" dir="0" index="0" bw="1" slack="0"/>
<pin id="279" dir="0" index="1" bw="8" slack="0"/>
<pin id="280" dir="0" index="2" bw="4" slack="0"/>
<pin id="281" dir="1" index="3" bw="1" slack="0"/>
</pin_list>
<bind>
<opcode="bitselect(1000) " fcode="bitselect"/>
<opset="overflow/4 "/>
</bind>
</comp>

<comp id="285" class="1004" name="p_Val2_16_fu_285">
<pin_list>
<pin id="286" dir="0" index="0" bw="1" slack="0"/>
<pin id="287" dir="0" index="1" bw="8" slack="0"/>
<pin id="288" dir="0" index="2" bw="8" slack="0"/>
<pin id="289" dir="1" index="3" bw="8" slack="0"/>
</pin_list>
<bind>
<opcode="select(49) " fcode="select"/>
<opset="p_Val2_16/4 "/>
</bind>
</comp>

<comp id="294" class="1004" name="p_Val2_12_fu_294">
<pin_list>
<pin id="295" dir="0" index="0" bw="8" slack="0"/>
<pin id="296" dir="0" index="1" bw="1" slack="0"/>
<pin id="297" dir="1" index="2" bw="8" slack="0"/>
</pin_list>
<bind>
<opcode="shl(20) " fcode="shl"/>
<opset="p_Val2_12/4 "/>
</bind>
</comp>

<comp id="300" class="1004" name="overflow_1_fu_300">
<pin_list>
<pin id="301" dir="0" index="0" bw="1" slack="0"/>
<pin id="302" dir="0" index="1" bw="8" slack="0"/>
<pin id="303" dir="0" index="2" bw="4" slack="0"/>
<pin id="304" dir="1" index="3" bw="1" slack="0"/>
</pin_list>
<bind>
<opcode="bitselect(1000) " fcode="bitselect"/>
<opset="overflow_1/4 "/>
</bind>
</comp>

<comp id="308" class="1004" name="p_Val2_17_fu_308">
<pin_list>
<pin id="309" dir="0" index="0" bw="1" slack="0"/>
<pin id="310" dir="0" index="1" bw="8" slack="0"/>
<pin id="311" dir="0" index="2" bw="8" slack="0"/>
<pin id="312" dir="1" index="3" bw="8" slack="0"/>
</pin_list>
<bind>
<opcode="select(49) " fcode="select"/>
<opset="p_Val2_17/4 "/>
</bind>
</comp>

<comp id="317" class="1004" name="p_Val2_14_fu_317">
<pin_list>
<pin id="318" dir="0" index="0" bw="8" slack="0"/>
<pin id="319" dir="0" index="1" bw="1" slack="0"/>
<pin id="320" dir="1" index="2" bw="8" slack="0"/>
</pin_list>
<bind>
<opcode="shl(20) " fcode="shl"/>
<opset="p_Val2_14/4 "/>
</bind>
</comp>

<comp id="323" class="1004" name="overflow_2_fu_323">
<pin_list>
<pin id="324" dir="0" index="0" bw="1" slack="0"/>
<pin id="325" dir="0" index="1" bw="8" slack="0"/>
<pin id="326" dir="0" index="2" bw="4" slack="0"/>
<pin id="327" dir="1" index="3" bw="1" slack="0"/>
</pin_list>
<bind>
<opcode="bitselect(1000) " fcode="bitselect"/>
<opset="overflow_2/4 "/>
</bind>
</comp>

<comp id="331" class="1004" name="p_Val2_18_fu_331">
<pin_list>
<pin id="332" dir="0" index="0" bw="1" slack="0"/>
<pin id="333" dir="0" index="1" bw="8" slack="0"/>
<pin id="334" dir="0" index="2" bw="8" slack="0"/>
<pin id="335" dir="1" index="3" bw="8" slack="0"/>
</pin_list>
<bind>
<opcode="select(49) " fcode="select"/>
<opset="p_Val2_18/4 "/>
</bind>
</comp>

<comp id="340" class="1005" name="dst_cols_V_read_reg_340">
<pin_list>
<pin id="341" dir="0" index="0" bw="32" slack="2"/>
<pin id="342" dir="1" index="1" bw="32" slack="2"/>
</pin_list>
<bind>
<opset="dst_cols_V_read "/>
</bind>
</comp>

<comp id="345" class="1005" name="dst_rows_V_read_reg_345">
<pin_list>
<pin id="346" dir="0" index="0" bw="32" slack="1"/>
<pin id="347" dir="1" index="1" bw="32" slack="1"/>
</pin_list>
<bind>
<opset="dst_rows_V_read "/>
</bind>
</comp>

<comp id="350" class="1005" name="exitcond2_i_reg_350">
<pin_list>
<pin id="351" dir="0" index="0" bw="1" slack="1"/>
<pin id="352" dir="1" index="1" bw="1" slack="2147483647"/>
</pin_list>
<bind>
<opset="exitcond2_i "/>
</bind>
</comp>

<comp id="354" class="1005" name="i_V_reg_354">
<pin_list>
<pin id="355" dir="0" index="0" bw="32" slack="0"/>
<pin id="356" dir="1" index="1" bw="32" slack="0"/>
</pin_list>
<bind>
<opset="i_V "/>
</bind>
</comp>

<comp id="359" class="1005" name="exitcond_i_reg_359">
<pin_list>
<pin id="360" dir="0" index="0" bw="1" slack="1"/>
<pin id="361" dir="1" index="1" bw="1" slack="2147483647"/>
</pin_list>
<bind>
<opset="exitcond_i "/>
</bind>
</comp>

<comp id="363" class="1005" name="j_V_reg_363">
<pin_list>
<pin id="364" dir="0" index="0" bw="32" slack="0"/>
<pin id="365" dir="1" index="1" bw="32" slack="0"/>
</pin_list>
<bind>
<opset="j_V "/>
</bind>
</comp>

</comp_list>

<net_list>
<net id="180"><net_src comp="134" pin="0"/><net_sink comp="176" pin=0"/></net>

<net id="181"><net_src comp="8" pin="0"/><net_sink comp="176" pin=1"/></net>

<net id="186"><net_src comp="134" pin="0"/><net_sink comp="182" pin=0"/></net>

<net id="187"><net_src comp="6" pin="0"/><net_sink comp="182" pin=1"/></net>

<net id="192"><net_src comp="160" pin="0"/><net_sink comp="188" pin=0"/></net>

<net id="193"><net_src comp="0" pin="0"/><net_sink comp="188" pin=1"/></net>

<net id="198"><net_src comp="160" pin="0"/><net_sink comp="194" pin=0"/></net>

<net id="199"><net_src comp="2" pin="0"/><net_sink comp="194" pin=1"/></net>

<net id="204"><net_src comp="160" pin="0"/><net_sink comp="200" pin=0"/></net>

<net id="205"><net_src comp="4" pin="0"/><net_sink comp="200" pin=1"/></net>

<net id="211"><net_src comp="174" pin="0"/><net_sink comp="206" pin=0"/></net>

<net id="212"><net_src comp="10" pin="0"/><net_sink comp="206" pin=1"/></net>

<net id="218"><net_src comp="174" pin="0"/><net_sink comp="213" pin=0"/></net>

<net id="219"><net_src comp="12" pin="0"/><net_sink comp="213" pin=1"/></net>

<net id="225"><net_src comp="174" pin="0"/><net_sink comp="220" pin=0"/></net>

<net id="226"><net_src comp="14" pin="0"/><net_sink comp="220" pin=1"/></net>

<net id="230"><net_src comp="30" pin="0"/><net_sink comp="227" pin=0"/></net>

<net id="237"><net_src comp="227" pin="1"/><net_sink comp="231" pin=0"/></net>

<net id="241"><net_src comp="30" pin="0"/><net_sink comp="238" pin=0"/></net>

<net id="248"><net_src comp="238" pin="1"/><net_sink comp="242" pin=0"/></net>

<net id="253"><net_src comp="231" pin="4"/><net_sink comp="249" pin=0"/></net>

<net id="258"><net_src comp="231" pin="4"/><net_sink comp="254" pin=0"/></net>

<net id="259"><net_src comp="142" pin="0"/><net_sink comp="254" pin=1"/></net>

<net id="264"><net_src comp="242" pin="4"/><net_sink comp="260" pin=0"/></net>

<net id="269"><net_src comp="242" pin="4"/><net_sink comp="265" pin=0"/></net>

<net id="270"><net_src comp="142" pin="0"/><net_sink comp="265" pin=1"/></net>

<net id="275"><net_src comp="188" pin="2"/><net_sink comp="271" pin=0"/></net>

<net id="276"><net_src comp="164" pin="0"/><net_sink comp="271" pin=1"/></net>

<net id="282"><net_src comp="166" pin="0"/><net_sink comp="277" pin=0"/></net>

<net id="283"><net_src comp="188" pin="2"/><net_sink comp="277" pin=1"/></net>

<net id="284"><net_src comp="168" pin="0"/><net_sink comp="277" pin=2"/></net>

<net id="290"><net_src comp="277" pin="3"/><net_sink comp="285" pin=0"/></net>

<net id="291"><net_src comp="170" pin="0"/><net_sink comp="285" pin=1"/></net>

<net id="292"><net_src comp="271" pin="2"/><net_sink comp="285" pin=2"/></net>

<net id="293"><net_src comp="285" pin="3"/><net_sink comp="206" pin=2"/></net>

<net id="298"><net_src comp="194" pin="2"/><net_sink comp="294" pin=0"/></net>

<net id="299"><net_src comp="164" pin="0"/><net_sink comp="294" pin=1"/></net>

<net id="305"><net_src comp="166" pin="0"/><net_sink comp="300" pin=0"/></net>

<net id="306"><net_src comp="194" pin="2"/><net_sink comp="300" pin=1"/></net>

<net id="307"><net_src comp="168" pin="0"/><net_sink comp="300" pin=2"/></net>

<net id="313"><net_src comp="300" pin="3"/><net_sink comp="308" pin=0"/></net>

<net id="314"><net_src comp="170" pin="0"/><net_sink comp="308" pin=1"/></net>

<net id="315"><net_src comp="294" pin="2"/><net_sink comp="308" pin=2"/></net>

<net id="316"><net_src comp="308" pin="3"/><net_sink comp="213" pin=2"/></net>

<net id="321"><net_src comp="200" pin="2"/><net_sink comp="317" pin=0"/></net>

<net id="322"><net_src comp="164" pin="0"/><net_sink comp="317" pin=1"/></net>

<net id="328"><net_src comp="166" pin="0"/><net_sink comp="323" pin=0"/></net>

<net id="329"><net_src comp="200" pin="2"/><net_sink comp="323" pin=1"/></net>

<net id="330"><net_src comp="168" pin="0"/><net_sink comp="323" pin=2"/></net>

<net id="336"><net_src comp="323" pin="3"/><net_sink comp="331" pin=0"/></net>

<net id="337"><net_src comp="170" pin="0"/><net_sink comp="331" pin=1"/></net>

<net id="338"><net_src comp="317" pin="2"/><net_sink comp="331" pin=2"/></net>

<net id="339"><net_src comp="331" pin="3"/><net_sink comp="220" pin=2"/></net>

<net id="343"><net_src comp="176" pin="2"/><net_sink comp="340" pin=0"/></net>

<net id="344"><net_src comp="340" pin="1"/><net_sink comp="260" pin=1"/></net>

<net id="348"><net_src comp="182" pin="2"/><net_sink comp="345" pin=0"/></net>

<net id="349"><net_src comp="345" pin="1"/><net_sink comp="249" pin=1"/></net>

<net id="353"><net_src comp="249" pin="2"/><net_sink comp="350" pin=0"/></net>

<net id="357"><net_src comp="254" pin="2"/><net_sink comp="354" pin=0"/></net>

<net id="358"><net_src comp="354" pin="1"/><net_sink comp="231" pin=2"/></net>

<net id="362"><net_src comp="260" pin="2"/><net_sink comp="359" pin=0"/></net>

<net id="366"><net_src comp="265" pin="2"/><net_sink comp="363" pin=0"/></net>

<net id="367"><net_src comp="363" pin="1"/><net_sink comp="242" pin=2"/></net>

</net_list>

</model> 
---------------- Datapath Model END ------------------

* FSMD analyzer results:
  - Output states:
	Port: dst_data_stream_0_V | {4 }
	Port: dst_data_stream_1_V | {4 }
	Port: dst_data_stream_2_V | {4 }
 - Input state : 
	Port: Scale : src_data_stream_0_V | {4 }
	Port: Scale : src_data_stream_1_V | {4 }
	Port: Scale : src_data_stream_2_V | {4 }
	Port: Scale : dst_rows_V | {1 }
	Port: Scale : dst_cols_V | {1 }
  - Chain level:
	State 1
	State 2
		exitcond2_i : 1
		i_V : 1
		StgValue_23 : 2
	State 3
		exitcond_i : 1
		j_V : 1
		StgValue_32 : 2
	State 4
		empty : 1
		p_Val2_16 : 1
		p_Val2_17 : 1
		p_Val2_18 : 1
		StgValue_53 : 2
		StgValue_54 : 2
		StgValue_55 : 2
		empty_62 : 1
		empty_63 : 1
	State 5


============================================================
+ Verbose Summary: Datapath Resource usage 
============================================================

* Functional unit list:
|----------|-----------------------------|---------|---------|
| Operation|       Functional Unit       |    FF   |   LUT   |
|----------|-----------------------------|---------|---------|
|    add   |          i_V_fu_254         |    0    |    39   |
|          |          j_V_fu_265         |    0    |    39   |
|----------|-----------------------------|---------|---------|
|   icmp   |      exitcond2_i_fu_249     |    0    |    20   |
|          |      exitcond_i_fu_260      |    0    |    20   |
|----------|-----------------------------|---------|---------|
|          |       p_Val2_16_fu_285      |    0    |    8    |
|  select  |       p_Val2_17_fu_308      |    0    |    8    |
|          |       p_Val2_18_fu_331      |    0    |    8    |
|----------|-----------------------------|---------|---------|
|          | dst_cols_V_read_read_fu_176 |    0    |    0    |
|          | dst_rows_V_read_read_fu_182 |    0    |    0    |
|   read   |      tmp_8_read_fu_188      |    0    |    0    |
|          |      tmp_9_read_fu_194      |    0    |    0    |
|          |      tmp_10_read_fu_200     |    0    |    0    |
|----------|-----------------------------|---------|---------|
|          |   StgValue_53_write_fu_206  |    0    |    0    |
|   write  |   StgValue_54_write_fu_213  |    0    |    0    |
|          |   StgValue_55_write_fu_220  |    0    |    0    |
|----------|-----------------------------|---------|---------|
|          |       p_Val2_s_fu_271       |    0    |    0    |
|    shl   |       p_Val2_12_fu_294      |    0    |    0    |
|          |       p_Val2_14_fu_317      |    0    |    0    |
|----------|-----------------------------|---------|---------|
|          |       overflow_fu_277       |    0    |    0    |
| bitselect|      overflow_1_fu_300      |    0    |    0    |
|          |      overflow_2_fu_323      |    0    |    0    |
|----------|-----------------------------|---------|---------|
|   Total  |                             |    0    |   142   |
|----------|-----------------------------|---------|---------|

Memories:
N/A

* Register list:
+-----------------------+--------+
|                       |   FF   |
+-----------------------+--------+
|dst_cols_V_read_reg_340|   32   |
|dst_rows_V_read_reg_345|   32   |
|  exitcond2_i_reg_350  |    1   |
|   exitcond_i_reg_359  |    1   |
|      i_V_reg_354      |   32   |
|      j_V_reg_363      |   32   |
|     t_V_2_reg_238     |   32   |
|      t_V_reg_227      |   32   |
+-----------------------+--------+
|         Total         |   194  |
+-----------------------+--------+

* Multiplexer (MUX) list: 
|--------|------|------|------|--------|
|  Comp  |  Pin | Size |  BW  | S x BW |
|--------|------|------|------|--------|
|  Total |      |      |      |    0   |
|--------|------|------|------|--------|



* Summary:
+-----------+--------+--------+
|           |   FF   |   LUT  |
+-----------+--------+--------+
|  Function |    0   |   142  |
|   Memory  |    -   |    -   |
|Multiplexer|    -   |    -   |
|  Register |   194  |    -   |
+-----------+--------+--------+
|   Total   |   194  |   142  |
+-----------+--------+--------+
