

================================================================
== Vivado HLS Report for 'max_int_s'
================================================================
* Date:           Tue Jul 28 15:49:01 2020

* Version:        2018.3 (Build 2405991 on Thu Dec 06 23:56:15 MST 2018)
* Project:        fast_corner
* Solution:       solution1
* Product family: kintexu
* Target device:  xcku115-flvd1517-2-e


================================================================
== Performance Estimates
================================================================
+ Timing (ns): 
    * Summary: 
    +--------+-------+----------+------------+
    |  Clock | Target| Estimated| Uncertainty|
    +--------+-------+----------+------------+
    |ap_clk  |  10.00|     1.580|        1.25|
    +--------+-------+----------+------------+

+ Latency (clock cycles): 
    * Summary: 
    +-----+-----+-----+-----+----------+
    |  Latency  |  Interval | Pipeline |
    | min | max | min | max |   Type   |
    +-----+-----+-----+-----+----------+
    |    0|    0|    1|    1| function |
    +-----+-----+-----+-----+----------+

    + Detail: 
        * Instance: 
        N/A

        * Loop: 
        N/A



================================================================
== Utilization Estimates
================================================================
* Summary: 
+---------------------+---------+-------+---------+--------+
|         Name        | BRAM_18K| DSP48E|    FF   |   LUT  |
+---------------------+---------+-------+---------+--------+
|DSP                  |        -|      -|        -|       -|
|Expression           |        -|      -|        0|      52|
|FIFO                 |        -|      -|        -|       -|
|Instance             |        -|      -|        -|       -|
|Memory               |        -|      -|        -|       -|
|Multiplexer          |        -|      -|        -|       -|
|Register             |        -|      -|        -|       -|
+---------------------+---------+-------+---------+--------+
|Total                |        0|      0|        0|      52|
+---------------------+---------+-------+---------+--------+
|Available SLR        |     2160|   2760|   663360|  331680|
+---------------------+---------+-------+---------+--------+
|Utilization SLR (%)  |        0|      0|        0|   ~0   |
+---------------------+---------+-------+---------+--------+
|Available            |     4320|   5520|  1326720|  663360|
+---------------------+---------+-------+---------+--------+
|Utilization (%)      |        0|      0|        0|   ~0   |
+---------------------+---------+-------+---------+--------+

+ Detail: 
    * Instance: 
    N/A

    * DSP48: 
    N/A

    * Memory: 
    N/A

    * FIFO: 
    N/A

    * Expression: 
    +--------------+----------+-------+---+----+------------+------------+
    | Variable Name| Operation| DSP48E| FF| LUT| Bitwidth P0| Bitwidth P1|
    +--------------+----------+-------+---+----+------------+------------+
    |tmp_fu_18_p2  |   icmp   |      0|  0|  20|          32|          32|
    |ap_return     |  select  |      0|  0|  32|           1|          32|
    +--------------+----------+-------+---+----+------------+------------+
    |Total         |          |      0|  0|  52|          33|          64|
    +--------------+----------+-------+---+----+------------+------------+

    * Multiplexer: 
    N/A

    * Register: 
    N/A



================================================================
== Interface
================================================================
* Summary: 
+-----------+-----+-----+------------+--------------+--------------+
| RTL Ports | Dir | Bits|  Protocol  | Source Object|    C Type    |
+-----------+-----+-----+------------+--------------+--------------+
|ap_ready   | out |    1| ap_ctrl_hs |   max<int>   | return value |
|ap_return  | out |   32| ap_ctrl_hs |   max<int>   | return value |
|x          |  in |   32|  ap_stable |       x      |    scalar    |
|y          |  in |   32|   ap_none  |       y      |    scalar    |
+-----------+-----+-----+------------+--------------+--------------+

