

================================================================
== Vivado HLS Report for 'reg_int_s'
================================================================
* Date:           Tue Jul 28 15:49:00 2020

* Version:        2018.3 (Build 2405991 on Thu Dec 06 23:56:15 MST 2018)
* Project:        fast_corner
* Solution:       solution1
* Product family: kintexu
* Target device:  xcku115-flvd1517-2-e


================================================================
== Performance Estimates
================================================================
+ Timing (ns): 
    * Summary: 
    +--------+-------+----------+------------+
    |  Clock | Target| Estimated| Uncertainty|
    +--------+-------+----------+------------+
    |ap_clk  |  10.00|     0.000|        1.25|
    +--------+-------+----------+------------+

+ Latency (clock cycles): 
    * Summary: 
    +-----+-----+-----+-----+----------+
    |  Latency  |  Interval | Pipeline |
    | min | max | min | max |   Type   |
    +-----+-----+-----+-----+----------+
    |    1|    1|    1|    1| function |
    +-----+-----+-----+-----+----------+

    + Detail: 
        * Instance: 
        N/A

        * Loop: 
        N/A



================================================================
== Utilization Estimates
================================================================
* Summary: 
+---------------------+---------+-------+---------+--------+
|         Name        | BRAM_18K| DSP48E|    FF   |   LUT  |
+---------------------+---------+-------+---------+--------+
|DSP                  |        -|      -|        -|       -|
|Expression           |        -|      -|        -|       -|
|FIFO                 |        -|      -|        -|       -|
|Instance             |        -|      -|        -|       -|
|Memory               |        -|      -|        -|       -|
|Multiplexer          |        -|      -|        -|       9|
|Register             |        -|      -|       65|       -|
+---------------------+---------+-------+---------+--------+
|Total                |        0|      0|       65|       9|
+---------------------+---------+-------+---------+--------+
|Available SLR        |     2160|   2760|   663360|  331680|
+---------------------+---------+-------+---------+--------+
|Utilization SLR (%)  |        0|      0|    ~0   |   ~0   |
+---------------------+---------+-------+---------+--------+
|Available            |     4320|   5520|  1326720|  663360|
+---------------------+---------+-------+---------+--------+
|Utilization (%)      |        0|      0|    ~0   |   ~0   |
+---------------------+---------+-------+---------+--------+

+ Detail: 
    * Instance: 
    N/A

    * DSP48: 
    N/A

    * Memory: 
    N/A

    * FIFO: 
    N/A

    * Expression: 
    N/A

    * Multiplexer: 
    +-----------+----+-----------+-----+-----------+
    |    Name   | LUT| Input Size| Bits| Total Bits|
    +-----------+----+-----------+-----+-----------+
    |ap_return  |   9|          2|   32|         64|
    +-----------+----+-----------+-----+-----------+
    |Total      |   9|          2|   32|         64|
    +-----------+----+-----------+-----+-----------+

    * Register: 
    +-------------------+----+----+-----+-----------+
    |        Name       | FF | LUT| Bits| Const Bits|
    +-------------------+----+----+-----+-----------+
    |ap_ce_reg          |   1|   0|    1|          0|
    |ap_return_int      |  32|   0|   32|          0|
    |ap_return_int_reg  |  32|   0|   32|          0|
    +-------------------+----+----+-----+-----------+
    |Total              |  65|   0|   65|          0|
    +-------------------+----+----+-----+-----------+



================================================================
== Interface
================================================================
* Summary: 
+-----------+-----+-----+------------+--------------+--------------+
| RTL Ports | Dir | Bits|  Protocol  | Source Object|    C Type    |
+-----------+-----+-----+------------+--------------+--------------+
|ap_clk     |  in |    1| ap_ctrl_hs |   reg<int>   | return value |
|ap_rst     |  in |    1| ap_ctrl_hs |   reg<int>   | return value |
|ap_return  | out |   32| ap_ctrl_hs |   reg<int>   | return value |
|ap_ce      |  in |    1| ap_ctrl_hs |   reg<int>   | return value |
|in_r       |  in |   32|   ap_none  |     in_r     |    scalar    |
+-----------+-----+-----+------------+--------------+--------------+

