

================================================================
== Vivado HLS Report for 'hls_hough_line'
================================================================
* Date:           Tue Jul 28 17:04:00 2020

* Version:        2018.3 (Build 2405991 on Thu Dec 06 23:56:15 MST 2018)
* Project:        Hough
* Solution:       solution1
* Product family: kintexu
* Target device:  xcku115-flvd1517-2-e


================================================================
== Performance Estimates
================================================================
+ Timing (ns): 
    * Summary: 
    +--------+-------+----------+------------+
    |  Clock | Target| Estimated| Uncertainty|
    +--------+-------+----------+------------+
    |ap_clk  |  10.00|     8.750|        1.25|
    +--------+-------+----------+------------+

+ Latency (clock cycles): 
    * Summary: 
    +-----+-----+-----+-----+---------+
    |  Latency  |  Interval | Pipeline|
    | min | max | min | max |   Type  |
    +-----+-----+-----+-----+---------+
    |    ?|    ?|    ?|    ?|   none  |
    +-----+-----+-----+-----+---------+

    + Detail: 
        * Instance: 
        +---------------------------------+----------------------+-----+-----+-----+-----+----------+
        |                                 |                      |  Latency  |  Interval | Pipeline |
        |             Instance            |        Module        | min | max | min | max |   Type   |
        +---------------------------------+----------------------+-----+-----+-----+-----+----------+
        |grp_pow_generic_double_s_fu_308  |pow_generic_double_s  |   22|   22|    1|    1| function |
        |grp_pow_generic_double_s_fu_337  |pow_generic_double_s  |   22|   22|    1|    1| function |
        +---------------------------------+----------------------+-----+-----+-----+-----+----------+

        * Loop: 
        +-------------------------+---------+---------+----------+-----------+-----------+---------+----------+
        |                         |      Latency      | Iteration|  Initiation Interval  |   Trip  |          |
        |        Loop Name        |   min   |   max   |  Latency |  achieved |   target  |  Count  | Pipelined|
        +-------------------------+---------+---------+----------+-----------+-----------+---------+----------+
        |- Loop 1                 |  2179800|  2179800|         2|          -|          -|  1089900|    no    |
        |- Loop 2                 |        ?|        ?|         ?|          -|          -|        ?|    no    |
        | + Loop 2.1              |        ?|        ?|         ?|          -|          -|        ?|    no    |
        |  ++ Loop 2.1.1          |        ?|        ?|         ?|          -|          -|        ?|    no    |
        |   +++ Loop 2.1.1.1      |        ?|        ?|  55 ~ 60 |          -|          -|        ?|    no    |
        |- Loop 3                 |        ?|        ?|         ?|          -|          -|        ?|    no    |
        | + Loop 3.1              |        ?|        ?|         ?|          -|          -|        ?|    no    |
        |  ++ Loop 3.1.1          |        ?|        ?|         ?|          -|          -|       10|    no    |
        |   +++ Loop 3.1.1.1      |        ?|        ?|         ?|          -|          -|        ?|    no    |
        |    ++++ Loop 3.1.1.1.1  |        ?|        ?|        55|          -|          -|        ?|    no    |
        +-------------------------+---------+---------+----------+-----------+-----------+---------+----------+



================================================================
== Utilization Estimates
================================================================
* Summary: 
+---------------------+---------+-------+---------+--------+
|         Name        | BRAM_18K| DSP48E|    FF   |   LUT  |
+---------------------+---------+-------+---------+--------+
|DSP                  |        -|      -|        -|       -|
|Expression           |        -|     11|        0|    2761|
|FIFO                 |        -|      -|        -|       -|
|Instance             |       68|     65|    11705|   13718|
|Memory               |     1932|      -|       64|       0|
|Multiplexer          |        -|      -|        -|     801|
|Register             |        -|      -|     1325|       -|
+---------------------+---------+-------+---------+--------+
|Total                |     2000|     76|    13094|   17280|
+---------------------+---------+-------+---------+--------+
|Available SLR        |     2160|   2760|   663360|  331680|
+---------------------+---------+-------+---------+--------+
|Utilization SLR (%)  |       92|      2|        1|       5|
+---------------------+---------+-------+---------+--------+
|Available            |     4320|   5520|  1326720|  663360|
+---------------------+---------+-------+---------+--------+
|Utilization (%)      |       46|      1|    ~0   |       2|
+---------------------+---------+-------+---------+--------+

+ Detail: 
    * Instance: 
    +---------------------------------+----------------------+---------+-------+------+------+
    |             Instance            |        Module        | BRAM_18K| DSP48E|  FF  |  LUT |
    +---------------------------------+----------------------+---------+-------+------+------+
    |hls_hough_dadddsupcA_U26         |hls_hough_dadddsupcA  |        0|      3|   445|   782|
    |hls_hough_dsqrt_6rcU_U28         |hls_hough_dsqrt_6rcU  |        0|      0|  1316|  1915|
    |hls_hough_sitodp_qcK_U27         |hls_hough_sitodp_qcK  |        0|      0|   260|   425|
    |grp_pow_generic_double_s_fu_308  |pow_generic_double_s  |       34|     31|  4842|  5298|
    |grp_pow_generic_double_s_fu_337  |pow_generic_double_s  |       34|     31|  4842|  5298|
    +---------------------------------+----------------------+---------+-------+------+------+
    |Total                            |                      |       68|     65| 11705| 13718|
    +---------------------------------+----------------------+---------+-------+------+------+

    * DSP48: 
    N/A

    * Memory: 
    +-----------+----------------------+---------+----+----+---------+-----+------+-------------+
    |   Memory  |        Module        | BRAM_18K| FF | LUT|  Words  | Bits| Banks| W*Bits*Banks|
    +-----------+----------------------+---------+----+----+---------+-----+------+-------------+
    |p_count_U  |hls_hough_line_p_ocq  |     1932|  64|   0|  1089900|   32|     1|     34876800|
    +-----------+----------------------+---------+----+----+---------+-----+------+-------------+
    |Total      |                      |     1932|  64|   0|  1089900|   32|     1|     34876800|
    +-----------+----------------------+---------+----+----+---------+-----+------+-------------+

    * FIFO: 
    N/A

    * Expression: 
    +-----------------------+----------+-------+---+-----+------------+------------+
    |     Variable Name     | Operation| DSP48E| FF| LUT | Bitwidth P0| Bitwidth P1|
    +-----------------------+----------+-------+---+-----+------------+------------+
    |tmp3_fu_762_p2         |     *    |      3|  0|   20|          32|          32|
    |tmp4_fu_672_p2         |     *    |      3|  0|   20|          32|          32|
    |tmp_47_fu_752_p2       |     *    |      2|  0|   20|           8|          32|
    |tmp_55_fu_661_p2       |     *    |      3|  0|   20|          32|          32|
    |a_2_fu_703_p2          |     +    |      0|  0|   38|          31|           1|
    |a_3_fu_465_p2          |     +    |      0|  0|   39|          32|           1|
    |b_2_fu_718_p2          |     +    |      0|  0|   38|          31|           1|
    |b_3_fu_482_p2          |     +    |      0|  0|   39|          32|           1|
    |col_2_fu_448_p2        |     +    |      0|  0|   38|          31|           1|
    |col_3_fu_804_p2        |     +    |      0|  0|   39|          32|           1|
    |index_1_fu_676_p2      |     +    |      0|  0|   39|          32|          32|
    |index_fu_766_p2        |     +    |      0|  0|   39|          32|          32|
    |k_1_fu_787_p2          |     +    |      0|  0|   39|          32|           1|
    |radius_2_fu_793_p2     |     +    |      0|  0|   15|           6|           1|
    |row_2_fu_413_p2        |     +    |      0|  0|   28|          21|           1|
    |row_3_fu_433_p2        |     +    |      0|  0|   38|          31|           1|
    |sh_assign_3_fu_860_p2  |     +    |      0|  0|   19|          11|          12|
    |sh_assign_fu_538_p2    |     +    |      0|  0|   19|          11|          12|
    |tmp2_fu_757_p2         |     +    |      0|  0|   39|          32|          32|
    |tmp_46_fu_742_p2       |     +    |      0|  0|   15|           8|           8|
    |tmp_54_fu_656_p2       |     +    |      0|  0|   39|          32|           8|
    |tmp_57_fu_687_p2       |     +    |      0|  0|   39|          32|           1|
    |tmp_fu_666_p2          |     +    |      0|  0|   39|          32|          32|
    |x1_fu_960_p2           |     +    |      0|  0|   39|          32|          32|
    |result_V_1_fu_624_p2   |     -    |      0|  0|   39|           1|          32|
    |result_V_3_fu_946_p2   |     -    |      0|  0|   39|           1|          32|
    |tmp_45_fu_471_p2       |     -    |      0|  0|   39|          32|          32|
    |tmp_50_fu_488_p2       |     -    |      0|  0|   39|          32|          32|
    |tmp_58_fu_810_p2       |     -    |      0|  0|   39|          32|          32|
    |tmp_i_i_i1_fu_874_p2   |     -    |      0|  0|   18|          10|          11|
    |tmp_i_i_i_fu_552_p2    |     -    |      0|  0|   18|          10|          11|
    |x2_fu_965_p2           |     -    |      0|  0|   39|          32|          32|
    |ap_block_state5        |    and   |      0|  0|    2|           1|           1|
    |or_cond_fu_650_p2      |    and   |      0|  0|    2|           1|           1|
    |exitcond1_fu_782_p2    |   icmp   |      0|  0|   20|          32|          32|
    |exitcond2_fu_736_p2    |   icmp   |      0|  0|   11|           6|           5|
    |exitcond3_fu_477_p2    |   icmp   |      0|  0|   20|          32|          32|
    |exitcond4_fu_460_p2    |   icmp   |      0|  0|   20|          32|          32|
    |exitcond5_fu_407_p2    |   icmp   |      0|  0|   20|          21|          21|
    |exitcond_fu_799_p2     |   icmp   |      0|  0|   20|          32|          32|
    |tmp_39_fu_428_p2       |   icmp   |      0|  0|   20|          32|          32|
    |tmp_40_fu_443_p2       |   icmp   |      0|  0|   20|          32|          32|
    |tmp_41_fu_698_p2       |   icmp   |      0|  0|   20|          32|          32|
    |tmp_43_fu_454_p2       |   icmp   |      0|  0|   11|           8|           1|
    |tmp_44_fu_713_p2       |   icmp   |      0|  0|   20|          32|          32|
    |tmp_49_fu_776_p2       |   icmp   |      0|  0|   20|          32|           8|
    |tmp_52_fu_638_p2       |   icmp   |      0|  0|   20|          32|           7|
    |tmp_53_fu_644_p2       |   icmp   |      0|  0|   20|          32|           7|
    |tmp_59_fu_970_p2       |   icmp   |      0|  0|   20|          32|          32|
    |tmp_60_fu_976_p2       |   icmp   |      0|  0|   20|          32|          32|
    |r_V_40_fu_904_p2       |   lshr   |      0|  0|  162|          54|          54|
    |r_V_fu_582_p2          |   lshr   |      0|  0|  162|          54|          54|
    |or_cond6_fu_982_p2     |    or    |      0|  0|    2|           1|           1|
    |dst_data_stream_V_din  |  select  |      0|  0|    2|           1|           2|
    |p_Val2_100_fu_938_p3   |  select  |      0|  0|   32|           1|          32|
    |p_Val2_101_fu_952_p3   |  select  |      0|  0|   32|           1|          32|
    |p_Val2_98_fu_616_p3    |  select  |      0|  0|   32|           1|          32|
    |p_Val2_99_fu_630_p3    |  select  |      0|  0|   32|           1|          32|
    |ush_1_fu_884_p3        |  select  |      0|  0|   12|           1|          12|
    |ush_fu_562_p3          |  select  |      0|  0|   12|           1|          12|
    |r_V_39_fu_588_p2       |    shl   |      0|  0|  474|         137|         137|
    |r_V_41_fu_910_p2       |    shl   |      0|  0|  474|         137|         137|
    +-----------------------+----------+-------+---+-----+------------+------------+
    |Total                  |          |     11|  0| 2761|        1630|        1461|
    +-----------------------+----------+-------+---+-----+------------+------------+

    * Multiplexer: 
    +-------------------------+-----+-----------+-----+-----------+
    |           Name          | LUT | Input Size| Bits| Total Bits|
    +-------------------------+-----+-----------+-----+-----------+
    |a_1_reg_251              |    9|          2|   31|         62|
    |a_reg_227                |    9|          2|   32|         64|
    |ap_NS_fsm                |  609|        136|    1|        136|
    |b_1_reg_262              |    9|          2|   31|         62|
    |b_reg_239                |    9|          2|   32|         64|
    |col_1_reg_297            |    9|          2|   32|         64|
    |col_reg_216              |    9|          2|   31|         62|
    |dst_data_stream_V_blk_n  |    9|          2|    1|          2|
    |grp_fu_366_opcode        |   15|          3|    2|          6|
    |grp_fu_370_p0            |   27|          5|   32|        160|
    |k_reg_285                |    9|          2|   32|         64|
    |p_count_address0         |   27|          5|   21|        105|
    |p_count_d0               |   15|          3|   32|         96|
    |radius_reg_273           |    9|          2|    6|         12|
    |row_1_reg_205            |    9|          2|   31|         62|
    |row_reg_194              |    9|          2|   21|         42|
    |src_data_stream_V_blk_n  |    9|          2|    1|          2|
    +-------------------------+-----+-----------+-----+-----------+
    |Total                    |  801|        176|  369|       1065|
    +-------------------------+-----+-----------+-----+-----------+

    * Register: 
    +----------------------------------------------+-----+----+-----+-----------+
    |                     Name                     |  FF | LUT| Bits| Const Bits|
    +----------------------------------------------+-----+----+-----+-----------+
    |a_1_cast_reg_1108                             |   31|   0|   32|          1|
    |a_1_reg_251                                   |   31|   0|   31|          0|
    |a_2_reg_1118                                  |   31|   0|   31|          0|
    |a_3_reg_1061                                  |   32|   0|   32|          0|
    |a_reg_227                                     |   32|   0|   32|          0|
    |ap_CS_fsm                                     |  135|   0|  135|          0|
    |b_1_cast_reg_1123                             |   31|   0|   32|          1|
    |b_1_reg_262                                   |   31|   0|   31|          0|
    |b_2_reg_1132                                  |   31|   0|   31|          0|
    |b_3_reg_1074                                  |   32|   0|   32|          0|
    |b_reg_239                                     |   32|   0|   32|          0|
    |col_1_reg_297                                 |   32|   0|   32|          0|
    |col_2_reg_1049                                |   31|   0|   31|          0|
    |col_3_reg_1175                                |   32|   0|   32|          0|
    |col_cast_reg_1041                             |   31|   0|   32|          1|
    |col_reg_216                                   |   31|   0|   31|          0|
    |grp_pow_generic_double_s_fu_308_ap_start_reg  |    1|   0|    1|          0|
    |grp_pow_generic_double_s_fu_337_ap_start_reg  |    1|   0|    1|          0|
    |k_1_reg_1162                                  |   32|   0|   32|          0|
    |k_reg_285                                     |   32|   0|   32|          0|
    |p_Val2_99_reg_1084                            |   32|   0|   32|          0|
    |p_count_addr_2_reg_1098                       |   21|   0|   21|          0|
    |radius_cast2_reg_1137                         |    7|   0|   32|         25|
    |radius_reg_273                                |    6|   0|    6|          0|
    |reg_378                                       |   64|   0|   64|          0|
    |reg_383                                       |   64|   0|   64|          0|
    |reg_388                                       |   64|   0|   64|          0|
    |reg_393                                       |   64|   0|   64|          0|
    |reg_398                                       |   64|   0|   64|          0|
    |reg_403                                       |   64|   0|   64|          0|
    |row_1_cast_reg_1028                           |   31|   0|   32|          1|
    |row_1_reg_205                                 |   31|   0|   31|          0|
    |row_2_reg_1018                                |   21|   0|   21|          0|
    |row_3_reg_1036                                |   31|   0|   31|          0|
    |row_reg_194                                   |   21|   0|   21|          0|
    |tmp2_reg_1145                                 |   32|   0|   32|          0|
    |tmp_43_reg_1054                               |    1|   0|    1|          0|
    |tmp_49_reg_1155                               |    1|   0|    1|          0|
    |tmp_59_reg_1185                               |    1|   0|    1|          0|
    |tmp_60_reg_1190                               |    1|   0|    1|          0|
    |tmp_reg_1093                                  |   32|   0|   32|          0|
    +----------------------------------------------+-----+----+-----+-----------+
    |Total                                         | 1325|   0| 1354|         29|
    +----------------------------------------------+-----+----+-----+-----------+



================================================================
== Interface
================================================================
* Summary: 
+---------------------------+-----+-----+------------+-------------------+--------------+
|         RTL Ports         | Dir | Bits|  Protocol  |   Source Object   |    C Type    |
+---------------------------+-----+-----+------------+-------------------+--------------+
|ap_clk                     |  in |    1| ap_ctrl_hs |   hls_hough_line  | return value |
|ap_rst                     |  in |    1| ap_ctrl_hs |   hls_hough_line  | return value |
|ap_start                   |  in |    1| ap_ctrl_hs |   hls_hough_line  | return value |
|ap_done                    | out |    1| ap_ctrl_hs |   hls_hough_line  | return value |
|ap_idle                    | out |    1| ap_ctrl_hs |   hls_hough_line  | return value |
|ap_ready                   | out |    1| ap_ctrl_hs |   hls_hough_line  | return value |
|src_data_stream_V_dout     |  in |    8|   ap_fifo  | src_data_stream_V |    pointer   |
|src_data_stream_V_empty_n  |  in |    1|   ap_fifo  | src_data_stream_V |    pointer   |
|src_data_stream_V_read     | out |    1|   ap_fifo  | src_data_stream_V |    pointer   |
|dst_data_stream_V_din      | out |    8|   ap_fifo  | dst_data_stream_V |    pointer   |
|dst_data_stream_V_full_n   |  in |    1|   ap_fifo  | dst_data_stream_V |    pointer   |
|dst_data_stream_V_write    | out |    1|   ap_fifo  | dst_data_stream_V |    pointer   |
|rows                       |  in |   32|   ap_none  |        rows       |    scalar    |
|cols                       |  in |   32|   ap_none  |        cols       |    scalar    |
+---------------------------+-----+-----+------------+-------------------+--------------+

