Vivado Simulator 2017.4
Copyright 1986-1999, 2001-2016 Xilinx, Inc. All Rights Reserved.
Running: E:/Xilinx/Vivado/2017.4/bin/unwrapped/win64.o/xelab.exe -wto 468dcb3e46f144908b8bc175208d4fd1 --incr --debug typical --relax --mt 2 --maxdelay -L xil_defaultlib -L simprims_ver -L secureip --snapshot Divider_Multiple_top_TB_time_synth -transport_int_delays -pulse_r 0 -pulse_int_r 0 -pulse_e 0 -pulse_int_e 0 xil_defaultlib.Divider_Multiple_top_TB xil_defaultlib.glbl -log elaborate.log 
Using 2 slave threads.
Starting static elaboration
Completed static elaboration
Starting simulation data flow analysis
Completed simulation data flow analysis
INFO: [XSIM 43-3451] SDF backannotation process started with SDF file "Divider_Multiple_top_TB_time_synth.sdf", for root module "Divider_Multiple_top_TB/uut".
INFO: [XSIM 43-3452] SDF backannotation was successful for SDF file "Divider_Multiple_top_TB_time_synth.sdf", for root module "Divider_Multiple_top_TB/uut".
Time Resolution for simulation is 1ps
Compiling module simprims_ver.BUFG
Compiling module simprims_ver.IBUF
Compiling module xil_defaultlib.dbg_hub_CV
Compiling module simprims_ver.OBUF
Compiling module simprims_ver.x_lut1_mux2
Compiling module simprims_ver.LUT1
Compiling module simprims_ver.FDCE_default
Compiling module simprims_ver.LUT4
Compiling module simprims_ver.LUT6
Compiling module simprims_ver.LUT5
Compiling module simprims_ver.x_lut3_mux8
Compiling module simprims_ver.LUT3
Compiling module simprims_ver.CARRY4
Compiling module simprims_ver.x_lut2_mux4
Compiling module simprims_ver.LUT2
Compiling module simprims_ver.FDCE(IS_C_INVERTED=1'b1)
Compiling module simprims_ver.GND
Compiling module simprims_ver.FDRE_default
Compiling module simprims_ver.FDRE(XON="FALSE")
Compiling module simprims_ver.RB18_INTERNAL_VLOG(DOA_REG=1,DOB...
Compiling module simprims_ver.RAMB18E1(DOA_REG=1,DOB_REG=1,REA...
Compiling module xil_defaultlib.ila_0_blk_mem_gen_prim_wrapper
Compiling module xil_defaultlib.ila_0_blk_mem_gen_prim_width
Compiling module xil_defaultlib.ila_0_blk_mem_gen_generic_cstr
Compiling module xil_defaultlib.ila_0_blk_mem_gen_top
Compiling module xil_defaultlib.ila_0_blk_mem_gen_v8_3_6_synth
Compiling module xil_defaultlib.ila_0_blk_mem_gen_v8_3_6
Compiling module xil_defaultlib.ila_0_ila_v6_2_5_ila_trace_memor...
Compiling module simprims_ver.SRL16E_default
Compiling module simprims_ver.SRLC32E_default
Compiling module xil_defaultlib.ila_0_ltlib_v1_0_0_cfglut6__para...
Compiling module xil_defaultlib.ila_0_ltlib_v1_0_0_cfglut7
Compiling module xil_defaultlib.ila_0_ltlib_v1_0_0_cfglut7_25
Compiling module xil_defaultlib.ila_0_ltlib_v1_0_0_cfglut6
Compiling module simprims_ver.SRLC16E_default
Compiling module xil_defaultlib.ila_0_ltlib_v1_0_0_cfglut4_32
Compiling module xil_defaultlib.ila_0_ltlib_v1_0_0_cfglut5_33
Compiling module xil_defaultlib.ila_0_ltlib_v1_0_0_cfglut6_34
Compiling module xil_defaultlib.CFGLUT5_UNIQ_BASE_
Compiling module xil_defaultlib.CFGLUT5_HD36
Compiling module xil_defaultlib.CFGLUT5_HD37
Compiling module xil_defaultlib.CFGLUT5_HD38
Compiling module xil_defaultlib.ila_0_ltlib_v1_0_0_all_typeA_sli...
Compiling module xil_defaultlib.CFGLUT5_HD39
Compiling module xil_defaultlib.CFGLUT5_HD40
Compiling module xil_defaultlib.CFGLUT5_HD41
Compiling module xil_defaultlib.CFGLUT5_HD42
Compiling module xil_defaultlib.ila_0_ltlib_v1_0_0_all_typeA_sli...
Compiling module xil_defaultlib.ila_0_ltlib_v1_0_0_all_typeA__pa...
Compiling module xil_defaultlib.ila_0_ltlib_v1_0_0_allx_typeA_no...
Compiling module xil_defaultlib.ila_0_ltlib_v1_0_0_match_nodelay...
Compiling module xil_defaultlib.ila_0_ila_v6_2_5_ila_cap_sample_...
Compiling module xil_defaultlib.ila_0_ltlib_v1_0_0_cfglut4
Compiling module xil_defaultlib.ila_0_ltlib_v1_0_0_cfglut5
Compiling module xil_defaultlib.ila_0_ltlib_v1_0_0_cfglut5_26
Compiling module xil_defaultlib.CFGLUT5_HD43
Compiling module xil_defaultlib.CFGLUT5_HD44
Compiling module xil_defaultlib.CFGLUT5_HD45
Compiling module xil_defaultlib.CFGLUT5_HD46
Compiling module xil_defaultlib.ila_0_ltlib_v1_0_0_all_typeA_sli...
Compiling module xil_defaultlib.CFGLUT5_HD47
Compiling module xil_defaultlib.CFGLUT5_HD48
Compiling module xil_defaultlib.CFGLUT5_HD49
Compiling module xil_defaultlib.CFGLUT5_HD50
Compiling module xil_defaultlib.ila_0_ltlib_v1_0_0_all_typeA_sli...
Compiling module xil_defaultlib.ila_0_ltlib_v1_0_0_all_typeA__pa...
Compiling module xil_defaultlib.ila_0_ltlib_v1_0_0_allx_typeA_no...
Compiling module xil_defaultlib.ila_0_ltlib_v1_0_0_match_nodelay
Compiling module xil_defaultlib.CFGLUT5_HD51
Compiling module xil_defaultlib.CFGLUT5_HD52
Compiling module xil_defaultlib.CFGLUT5_HD53
Compiling module xil_defaultlib.CFGLUT5_HD54
Compiling module xil_defaultlib.ila_0_ltlib_v1_0_0_all_typeA_sli...
Compiling module xil_defaultlib.CFGLUT5_HD55
Compiling module xil_defaultlib.CFGLUT5_HD56
Compiling module xil_defaultlib.CFGLUT5_HD57
Compiling module xil_defaultlib.CFGLUT5_HD58
Compiling module xil_defaultlib.ila_0_ltlib_v1_0_0_all_typeA_sli...
Compiling module xil_defaultlib.ila_0_ltlib_v1_0_0_all_typeA__pa...
Compiling module xil_defaultlib.ila_0_ltlib_v1_0_0_allx_typeA_no...
Compiling module xil_defaultlib.ila_0_ltlib_v1_0_0_match_nodelay...
Compiling module xil_defaultlib.ila_0_ila_v6_2_5_ila_cap_window_...
Compiling module xil_defaultlib.ila_0_ila_v6_2_5_ila_cap_addrgen
Compiling module xil_defaultlib.ila_0_ila_v6_2_5_ila_cap_ctrl_le...
Compiling module xil_defaultlib.ila_0_xsdbs_v1_0_2_reg_p2s
Compiling module xil_defaultlib.ila_0_xsdbs_v1_0_2_reg_p2s__para...
Compiling module xil_defaultlib.ila_0_xsdbs_v1_0_2_reg_p2s__para...
Compiling module simprims_ver.MUXF7
Compiling module simprims_ver.FDRE(INIT=1'b1)
Compiling module xil_defaultlib.ila_0_xsdbs_v1_0_2_xsdbs
Compiling module simprims_ver.FDSE_default
Compiling module xil_defaultlib.ila_0_xsdbs_v1_0_2_reg_ctl_23
Compiling module xil_defaultlib.ila_0_xsdbs_v1_0_2_reg__paramete...
Compiling module xil_defaultlib.ila_0_xsdbs_v1_0_2_reg_ctl_22
Compiling module xil_defaultlib.ila_0_xsdbs_v1_0_2_reg__paramete...
Compiling module xil_defaultlib.ila_0_xsdbs_v1_0_2_reg_ctl_21
Compiling module xil_defaultlib.ila_0_xsdbs_v1_0_2_reg__paramete...
Compiling module xil_defaultlib.ila_0_xsdbs_v1_0_2_reg_ctl_20
Compiling module xil_defaultlib.ila_0_xsdbs_v1_0_2_reg__paramete...
Compiling module xil_defaultlib.ila_0_xsdbs_v1_0_2_reg_ctl_19
Compiling module xil_defaultlib.ila_0_xsdbs_v1_0_2_reg__paramete...
Compiling module xil_defaultlib.ila_0_xsdbs_v1_0_2_reg_ctl__para...
Compiling module xil_defaultlib.ila_0_xsdbs_v1_0_2_reg__paramete...
Compiling module xil_defaultlib.ila_0_xsdbs_v1_0_2_reg_ctl_17
Compiling module xil_defaultlib.ila_0_xsdbs_v1_0_2_reg__paramete...
Compiling module xil_defaultlib.ila_0_xsdbs_v1_0_2_reg_ctl__para...
Compiling module xil_defaultlib.ila_0_xsdbs_v1_0_2_reg__paramete...
Compiling module xil_defaultlib.ila_0_xsdbs_v1_0_2_reg_stat_16
Compiling module xil_defaultlib.ila_0_xsdbs_v1_0_2_reg__paramete...
Compiling module xil_defaultlib.ila_0_xsdbs_v1_0_2_reg_ctl__para...
Compiling module xil_defaultlib.ila_0_xsdbs_v1_0_2_reg__paramete...
Compiling module xil_defaultlib.ila_0_xsdbs_v1_0_2_reg_ctl_14
Compiling module xil_defaultlib.ila_0_xsdbs_v1_0_2_reg__paramete...
Compiling module xil_defaultlib.ila_0_xsdbs_v1_0_2_reg_ctl__para...
Compiling module xil_defaultlib.ila_0_xsdbs_v1_0_2_reg__paramete...
Compiling module xil_defaultlib.ila_0_xsdbs_v1_0_2_reg_ctl_13
Compiling module xil_defaultlib.ila_0_xsdbs_v1_0_2_reg__paramete...
Compiling module xil_defaultlib.ila_0_xsdbs_v1_0_2_reg_ctl_12
Compiling module xil_defaultlib.ila_0_xsdbs_v1_0_2_reg__paramete...
Compiling module xil_defaultlib.ila_0_xsdbs_v1_0_2_reg_ctl_11
Compiling module xil_defaultlib.ila_0_xsdbs_v1_0_2_reg__paramete...
Compiling module xil_defaultlib.ila_0_xsdbs_v1_0_2_reg_stat_10
Compiling module xil_defaultlib.ila_0_xsdbs_v1_0_2_reg__paramete...
Compiling module xil_defaultlib.ila_0_xsdbs_v1_0_2_reg_stat_9
Compiling module xil_defaultlib.ila_0_xsdbs_v1_0_2_reg__paramete...
Compiling module xil_defaultlib.ila_0_xsdbs_v1_0_2_reg_stat_24
Compiling module xil_defaultlib.ila_0_xsdbs_v1_0_2_reg__paramete...
Compiling module xil_defaultlib.ila_0_xsdbs_v1_0_2_reg_stat_8
Compiling module xil_defaultlib.ila_0_xsdbs_v1_0_2_reg__paramete...
Compiling module xil_defaultlib.ila_0_xsdbs_v1_0_2_reg_p2s__para...
Compiling module xil_defaultlib.ila_0_xsdbs_v1_0_2_reg_ctl
Compiling module xil_defaultlib.ila_0_xsdbs_v1_0_2_reg_stream
Compiling module xil_defaultlib.ila_0_xsdbs_v1_0_2_reg_stat
Compiling module xil_defaultlib.ila_0_xsdbs_v1_0_2_reg_stream__p...
Compiling module xil_defaultlib.ila_0_ila_v6_2_5_ila_register
Compiling module xil_defaultlib.ila_0_ltlib_v1_0_0_rising_edge_d...
Compiling module xil_defaultlib.ila_0_ltlib_v1_0_0_async_edge_xf...
Compiling module xil_defaultlib.ila_0_ltlib_v1_0_0_async_edge_xf...
Compiling module xil_defaultlib.ila_0_ltlib_v1_0_0_async_edge_xf...
Compiling module xil_defaultlib.ila_0_ltlib_v1_0_0_async_edge_xf...
Compiling module xil_defaultlib.ila_0_ltlib_v1_0_0_rising_edge_d...
Compiling module xil_defaultlib.ila_0_ila_v6_2_5_ila_reset_ctrl
Compiling module xil_defaultlib.CFGLUT5_HD59
Compiling module xil_defaultlib.CFGLUT5_HD60
Compiling module xil_defaultlib.CFGLUT5_HD61
Compiling module xil_defaultlib.CFGLUT5_HD62
Compiling module xil_defaultlib.ila_0_ltlib_v1_0_0_all_typeA_sli...
Compiling module xil_defaultlib.ila_0_ltlib_v1_0_0_all_typeA_2
Compiling module xil_defaultlib.ila_0_ltlib_v1_0_0_allx_typeA
Compiling module xil_defaultlib.ila_0_ltlib_v1_0_0_match
Compiling module xil_defaultlib.CFGLUT5_HD63
Compiling module xil_defaultlib.CFGLUT5_HD64
Compiling module xil_defaultlib.CFGLUT5_HD65
Compiling module xil_defaultlib.CFGLUT5_HD66
Compiling module xil_defaultlib.ila_0_ltlib_v1_0_0_all_typeA_sli...
Compiling module xil_defaultlib.ila_0_ltlib_v1_0_0_all_typeA_0
Compiling module xil_defaultlib.ila_0_ltlib_v1_0_0_allx_typeA__p...
Compiling module xil_defaultlib.ila_0_ltlib_v1_0_0_match__parame...
Compiling module xil_defaultlib.CFGLUT5_HD67
Compiling module xil_defaultlib.CFGLUT5_HD68
Compiling module xil_defaultlib.CFGLUT5_HD69
Compiling module xil_defaultlib.CFGLUT5_HD70
Compiling module xil_defaultlib.ila_0_ltlib_v1_0_0_all_typeA_sli...
Compiling module xil_defaultlib.ila_0_ltlib_v1_0_0_all_typeA
Compiling module xil_defaultlib.ila_0_ltlib_v1_0_0_allx_typeA__p...
Compiling module xil_defaultlib.ila_0_ltlib_v1_0_0_match__parame...
Compiling module xil_defaultlib.ila_0_ila_v6_2_5_ila_trig_match
Compiling module xil_defaultlib.ila_0_ila_v6_2_5_ila_trigger
Compiling module xil_defaultlib.ila_0_ltlib_v1_0_0_generic_memrd
Compiling module xil_defaultlib.ila_0_ila_v6_2_5_ila_core
Compiling module xil_defaultlib.ila_0_ila_v6_2_5_ila
Compiling module xil_defaultlib.ila_0
Compiling module xil_defaultlib.Divider_Multiple_top
Compiling module xil_defaultlib.Divider_Multiple_top_TB
Compiling module xil_defaultlib.glbl
Built simulation snapshot Divider_Multiple_top_TB_time_synth
