

================================================================
== Vivado HLS Report for 'CvtColor'
================================================================
* Date:           Tue Jul 28 15:49:00 2020

* Version:        2018.3 (Build 2405991 on Thu Dec 06 23:56:15 MST 2018)
* Project:        fast_corner
* Solution:       solution1
* Product family: kintexu
* Target device:  xcku115-flvd1517-2-e


================================================================
== Performance Estimates
================================================================
+ Timing (ns): 
    * Summary: 
    +--------+-------+----------+------------+
    |  Clock | Target| Estimated| Uncertainty|
    +--------+-------+----------+------------+
    |ap_clk  |  10.00|     8.661|        1.25|
    +--------+-------+----------+------------+

+ Latency (clock cycles): 
    * Summary: 
    +-----+---------+-----+---------+---------+
    |    Latency    |    Interval   | Pipeline|
    | min |   max   | min |   max   |   Type  |
    +-----+---------+-----+---------+---------+
    |    1|  2077921|    1|  2077921|   none  |
    +-----+---------+-----+---------+---------+

    + Detail: 
        * Instance: 
        N/A

        * Loop: 
        +---------------+-----+---------+----------+-----------+-----------+----------+----------+
        |               |    Latency    | Iteration|  Initiation Interval  |   Trip   |          |
        |   Loop Name   | min |   max   |  Latency |  achieved |   target  |   Count  | Pipelined|
        +---------------+-----+---------+----------+-----------+-----------+----------+----------+
        |- loop_height  |    0|  2077920| 3 ~ 1924 |          -|          -| 0 ~ 1080 |    no    |
        | + loop_width  |    0|     1921|         3|          1|          1| 0 ~ 1920 |    yes   |
        +---------------+-----+---------+----------+-----------+-----------+----------+----------+



================================================================
== Utilization Estimates
================================================================
* Summary: 
+---------------------+---------+-------+---------+--------+
|         Name        | BRAM_18K| DSP48E|    FF   |   LUT  |
+---------------------+---------+-------+---------+--------+
|DSP                  |        -|      3|        -|       -|
|Expression           |        -|      -|        0|     155|
|FIFO                 |        -|      -|        -|       -|
|Instance             |        -|      -|        -|       -|
|Memory               |        -|      -|        -|       -|
|Multiplexer          |        -|      -|        -|     117|
|Register             |        -|      -|      141|       -|
+---------------------+---------+-------+---------+--------+
|Total                |        0|      3|      141|     272|
+---------------------+---------+-------+---------+--------+
|Available SLR        |     2160|   2760|   663360|  331680|
+---------------------+---------+-------+---------+--------+
|Utilization SLR (%)  |        0|   ~0  |    ~0   |   ~0   |
+---------------------+---------+-------+---------+--------+
|Available            |     4320|   5520|  1326720|  663360|
+---------------------+---------+-------+---------+--------+
|Utilization (%)      |        0|   ~0  |    ~0   |   ~0   |
+---------------------+---------+-------+---------+--------+

+ Detail: 
    * Instance: 
    N/A

    * DSP48: 
    +--------------------------+----------------------+--------------+
    |         Instance         |        Module        |  Expression  |
    +--------------------------+----------------------+--------------+
    |hls_fast_corner_mbkb_U24  |hls_fast_corner_mbkb  | i0 * i1 + i2 |
    |hls_fast_corner_mcud_U25  |hls_fast_corner_mcud  |    i0 * i1   |
    |hls_fast_corner_mdEe_U26  |hls_fast_corner_mdEe  | i0 + i1 * i2 |
    +--------------------------+----------------------+--------------+

    * Memory: 
    N/A

    * FIFO: 
    N/A

    * Expression: 
    +----------------------------------+----------+-------+---+----+------------+------------+
    |           Variable Name          | Operation| DSP48E| FF| LUT| Bitwidth P0| Bitwidth P1|
    +----------------------------------+----------+-------+---+----+------------+------------+
    |i_1_fu_236_p2                     |     +    |      0|  0|  38|          31|           1|
    |j_1_fu_251_p2                     |     +    |      0|  0|  38|          31|           1|
    |p_Val2_4_fu_291_p2                |     +    |      0|  0|  15|           8|           8|
    |ap_block_state5_pp0_stage0_iter2  |    and   |      0|  0|   2|           1|           1|
    |tmp_35_fu_246_p2                  |   icmp   |      0|  0|  20|          32|          32|
    |tmp_s_fu_231_p2                   |   icmp   |      0|  0|  20|          32|          32|
    |ap_block_pp0_stage0_01001         |    or    |      0|  0|   2|           1|           1|
    |ap_block_state1                   |    or    |      0|  0|   2|           1|           1|
    |ap_block_state4_pp0_stage0_iter1  |    or    |      0|  0|   2|           1|           1|
    |deleted_zeros_fu_318_p2           |    or    |      0|  0|   2|           1|           1|
    |p_dst_data_stream_V_din           |  select  |      0|  0|   8|           1|           8|
    |ap_enable_pp0                     |    xor   |      0|  0|   2|           1|           2|
    |ap_enable_reg_pp0_iter1           |    xor   |      0|  0|   2|           2|           1|
    |rev_fu_304_p2                     |    xor   |      0|  0|   2|           1|           2|
    +----------------------------------+----------+-------+---+----+------------+------------+
    |Total                             |          |      0|  0| 155|         144|          92|
    +----------------------------------+----------+-------+---+----+------------+------------+

    * Multiplexer: 
    +-----------------------------+----+-----------+-----+-----------+
    |             Name            | LUT| Input Size| Bits| Total Bits|
    +-----------------------------+----+-----------+-----+-----------+
    |ap_NS_fsm                    |  27|          5|    1|          5|
    |ap_done                      |   9|          2|    1|          2|
    |ap_enable_reg_pp0_iter1      |   9|          2|    1|          2|
    |ap_enable_reg_pp0_iter2      |   9|          2|    1|          2|
    |i_reg_205                    |   9|          2|   31|         62|
    |j_reg_216                    |   9|          2|   31|         62|
    |p_dst_data_stream_V_blk_n    |   9|          2|    1|          2|
    |p_src_data_stream_0_V_blk_n  |   9|          2|    1|          2|
    |p_src_data_stream_1_V_blk_n  |   9|          2|    1|          2|
    |p_src_data_stream_2_V_blk_n  |   9|          2|    1|          2|
    |real_start                   |   9|          2|    1|          2|
    +-----------------------------+----+-----------+-----+-----------+
    |Total                        | 117|         25|   71|        145|
    +-----------------------------+----+-----------+-----+-----------+

    * Register: 
    +------------------------------+----+----+-----+-----------+
    |             Name             | FF | LUT| Bits| Const Bits|
    +------------------------------+----+----+-----+-----------+
    |ap_CS_fsm                     |   4|   0|    4|          0|
    |ap_done_reg                   |   1|   0|    1|          0|
    |ap_enable_reg_pp0_iter0       |   1|   0|    1|          0|
    |ap_enable_reg_pp0_iter1       |   1|   0|    1|          0|
    |ap_enable_reg_pp0_iter2       |   1|   0|    1|          0|
    |i_1_reg_372                   |  31|   0|   31|          0|
    |i_reg_205                     |  31|   0|   31|          0|
    |j_reg_216                     |  31|   0|   31|          0|
    |ret_V_reg_391                 |  29|   0|   29|          0|
    |start_once_reg                |   1|   0|    1|          0|
    |tmp_35_reg_377                |   1|   0|    1|          0|
    |tmp_35_reg_377_pp0_iter1_reg  |   1|   0|    1|          0|
    |tmp_68_reg_386                |   8|   0|    8|          0|
    +------------------------------+----+----+-----+-----------+
    |Total                         | 141|   0|  141|          0|
    +------------------------------+----+----+-----+-----------+



================================================================
== Interface
================================================================
* Summary: 
+-------------------------------+-----+-----+------------+-----------------------+--------------+
|           RTL Ports           | Dir | Bits|  Protocol  |     Source Object     |    C Type    |
+-------------------------------+-----+-----+------------+-----------------------+--------------+
|ap_clk                         |  in |    1| ap_ctrl_hs |        CvtColor       | return value |
|ap_rst                         |  in |    1| ap_ctrl_hs |        CvtColor       | return value |
|ap_start                       |  in |    1| ap_ctrl_hs |        CvtColor       | return value |
|start_full_n                   |  in |    1| ap_ctrl_hs |        CvtColor       | return value |
|ap_done                        | out |    1| ap_ctrl_hs |        CvtColor       | return value |
|ap_continue                    |  in |    1| ap_ctrl_hs |        CvtColor       | return value |
|ap_idle                        | out |    1| ap_ctrl_hs |        CvtColor       | return value |
|ap_ready                       | out |    1| ap_ctrl_hs |        CvtColor       | return value |
|start_out                      | out |    1| ap_ctrl_hs |        CvtColor       | return value |
|start_write                    | out |    1| ap_ctrl_hs |        CvtColor       | return value |
|p_src_rows_V                   |  in |   32|  ap_stable |      p_src_rows_V     |    scalar    |
|p_src_cols_V                   |  in |   32|  ap_stable |      p_src_cols_V     |    scalar    |
|p_src_data_stream_0_V_dout     |  in |    8|   ap_fifo  | p_src_data_stream_0_V |    pointer   |
|p_src_data_stream_0_V_empty_n  |  in |    1|   ap_fifo  | p_src_data_stream_0_V |    pointer   |
|p_src_data_stream_0_V_read     | out |    1|   ap_fifo  | p_src_data_stream_0_V |    pointer   |
|p_src_data_stream_1_V_dout     |  in |    8|   ap_fifo  | p_src_data_stream_1_V |    pointer   |
|p_src_data_stream_1_V_empty_n  |  in |    1|   ap_fifo  | p_src_data_stream_1_V |    pointer   |
|p_src_data_stream_1_V_read     | out |    1|   ap_fifo  | p_src_data_stream_1_V |    pointer   |
|p_src_data_stream_2_V_dout     |  in |    8|   ap_fifo  | p_src_data_stream_2_V |    pointer   |
|p_src_data_stream_2_V_empty_n  |  in |    1|   ap_fifo  | p_src_data_stream_2_V |    pointer   |
|p_src_data_stream_2_V_read     | out |    1|   ap_fifo  | p_src_data_stream_2_V |    pointer   |
|p_dst_data_stream_V_din        | out |    8|   ap_fifo  |  p_dst_data_stream_V  |    pointer   |
|p_dst_data_stream_V_full_n     |  in |    1|   ap_fifo  |  p_dst_data_stream_V  |    pointer   |
|p_dst_data_stream_V_write      | out |    1|   ap_fifo  |  p_dst_data_stream_V  |    pointer   |
+-------------------------------+-----+-----+------------+-----------------------+--------------+

