

================================================================
== Vivado HLS Report for 'Dilate'
================================================================
* Date:           Tue Jul 28 15:49:09 2020

* Version:        2018.3 (Build 2405991 on Thu Dec 06 23:56:15 MST 2018)
* Project:        fast_corner
* Solution:       solution1
* Product family: kintexu
* Target device:  xcku115-flvd1517-2-e


================================================================
== Performance Estimates
================================================================
+ Timing (ns): 
    * Summary: 
    +--------+-------+----------+------------+
    |  Clock | Target| Estimated| Uncertainty|
    +--------+-------+----------+------------+
    |ap_clk  |  10.00|     7.500|        1.25|
    +--------+-------+----------+------------+

+ Latency (clock cycles): 
    * Summary: 
    +-----+---------+-----+---------+---------+
    |    Latency    |    Interval   | Pipeline|
    | min |   max   | min |   max   |   Type  |
    +-----+---------+-----+---------+---------+
    |  141|  2083933|  141|  2083933|   none  |
    +-----+---------+-----+---------+---------+

    + Detail: 
        * Instance: 
        N/A

        * Loop: 
        +---------------+-----+---------+-----------+-----------+-----------+-----------+----------+
        |               |    Latency    | Iteration |  Initiation Interval  |    Trip   |          |
        |   Loop Name   | min |   max   |  Latency  |  achieved |   target  |   Count   | Pipelined|
        +---------------+-----+---------+-----------+-----------+-----------+-----------+----------+
        |- loop_height  |  140|  2083932| 14 ~ 1926 |          -|          -| 10 ~ 1082 |    no    |
        | + loop_width  |   11|     1923|          3|          1|          1| 10 ~ 1922 |    yes   |
        +---------------+-----+---------+-----------+-----------+-----------+-----------+----------+



================================================================
== Utilization Estimates
================================================================
* Summary: 
+---------------------+---------+-------+---------+--------+
|         Name        | BRAM_18K| DSP48E|    FF   |   LUT  |
+---------------------+---------+-------+---------+--------+
|DSP                  |        -|      -|        -|       -|
|Expression           |        -|      -|        0|    1292|
|FIFO                 |        -|      -|        -|       -|
|Instance             |        -|      -|        0|      78|
|Memory               |        3|      -|        0|       0|
|Multiplexer          |        -|      -|        -|     120|
|Register             |        -|      -|      245|       -|
+---------------------+---------+-------+---------+--------+
|Total                |        3|      0|      245|    1490|
+---------------------+---------+-------+---------+--------+
|Available SLR        |     2160|   2760|   663360|  331680|
+---------------------+---------+-------+---------+--------+
|Utilization SLR (%)  |    ~0   |      0|    ~0   |   ~0   |
+---------------------+---------+-------+---------+--------+
|Available            |     4320|   5520|  1326720|  663360|
+---------------------+---------+-------+---------+--------+
|Utilization (%)      |    ~0   |      0|    ~0   |   ~0   |
+---------------------+---------+-------+---------+--------+

+ Detail: 
    * Instance: 
    +--------------------------+----------------------+---------+-------+---+----+
    |         Instance         |        Module        | BRAM_18K| DSP48E| FF| LUT|
    +--------------------------+----------------------+---------+-------+---+----+
    |hls_fast_corner_mpcA_U48  |hls_fast_corner_mpcA  |        0|      0|  0|  13|
    |hls_fast_corner_mpcA_U49  |hls_fast_corner_mpcA  |        0|      0|  0|  13|
    |hls_fast_corner_mpcA_U50  |hls_fast_corner_mpcA  |        0|      0|  0|  13|
    |hls_fast_corner_mpcA_U51  |hls_fast_corner_mpcA  |        0|      0|  0|  13|
    |hls_fast_corner_mpcA_U52  |hls_fast_corner_mpcA  |        0|      0|  0|  13|
    |hls_fast_corner_mpcA_U53  |hls_fast_corner_mpcA  |        0|      0|  0|  13|
    +--------------------------+----------------------+---------+-------+---+----+
    |Total                     |                      |        0|      0|  0|  78|
    +--------------------------+----------------------+---------+-------+---+----+

    * DSP48: 
    N/A

    * Memory: 
    +-----------------+----------------------+---------+---+----+------+-----+------+-------------+
    |      Memory     |        Module        | BRAM_18K| FF| LUT| Words| Bits| Banks| W*Bits*Banks|
    +-----------------+----------------------+---------+---+----+------+-----+------+-------------+
    |k_buf_0_val_3_U  |FAST_t_opr_k_buf_eOg  |        1|  0|   0|  1920|    8|     1|        15360|
    |k_buf_0_val_4_U  |FAST_t_opr_k_buf_eOg  |        1|  0|   0|  1920|    8|     1|        15360|
    |k_buf_0_val_5_U  |FAST_t_opr_k_buf_eOg  |        1|  0|   0|  1920|    8|     1|        15360|
    +-----------------+----------------------+---------+---+----+------+-----+------+-------------+
    |Total            |                      |        3|  0|   0|  5760|   24|     3|        46080|
    +-----------------+----------------------+---------+---+----+------+-----+------+-------------+

    * FIFO: 
    N/A

    * Expression: 
    +-----------------------------------+----------+-------+---+----+------------+------------+
    |           Variable Name           | Operation| DSP48E| FF| LUT| Bitwidth P0| Bitwidth P1|
    +-----------------------------------+----------+-------+---+----+------------+------------+
    |ImagLoc_x_fu_575_p2                |     +    |      0|  0|  39|           2|          32|
    |i_V_fu_309_p2                      |     +    |      0|  0|  39|          32|           1|
    |j_V_fu_553_p2                      |     +    |      0|  0|  39|          32|           1|
    |p_assign_4_1_fu_405_p2             |     +    |      0|  0|  39|           3|          32|
    |p_assign_4_2_fu_451_p2             |     +    |      0|  0|  39|           3|          32|
    |p_neg465_i_i_fu_298_p2             |     +    |      0|  0|  39|          32|           2|
    |tmp_18_fu_286_p2                   |     +    |      0|  0|  39|          32|           2|
    |tmp_19_fu_292_p2                   |     +    |      0|  0|  39|          32|           2|
    |tmp_25_fu_359_p2                   |     +    |      0|  0|  39|           2|          32|
    |tmp_s_fu_280_p2                    |     +    |      0|  0|  39|          32|           2|
    |col_assign_1_fu_629_p2             |     -    |      0|  0|  39|          32|          32|
    |row_assign_7_1_fu_522_p2           |     -    |      0|  0|  39|          32|          32|
    |row_assign_7_2_fu_539_p2           |     -    |      0|  0|  39|          32|          32|
    |row_assign_7_fu_505_p2             |     -    |      0|  0|  39|          32|          32|
    |ap_block_pp0                       |    and   |      0|  0|   2|           1|           1|
    |ap_block_state5_pp0_stage0_iter2   |    and   |      0|  0|   2|           1|           1|
    |ap_condition_734                   |    and   |      0|  0|   2|           1|           1|
    |ap_enable_state3_pp0_iter0_stage0  |    and   |      0|  0|   2|           1|           1|
    |ap_enable_state4_pp0_iter1_stage0  |    and   |      0|  0|   2|           1|           1|
    |ap_predicate_op125_read_state4     |    and   |      0|  0|   2|           1|           1|
    |ap_predicate_op126_store_state4    |    and   |      0|  0|   2|           1|           1|
    |ap_predicate_op129_store_state4    |    and   |      0|  0|   2|           1|           1|
    |ap_predicate_op131_store_state4    |    and   |      0|  0|   2|           1|           1|
    |or_cond_i495_i_i_1_fu_430_p2       |    and   |      0|  0|   2|           1|           1|
    |or_cond_i495_i_i_2_fu_476_p2       |    and   |      0|  0|   2|           1|           1|
    |or_cond_i495_i_i_fu_384_p2         |    and   |      0|  0|   2|           1|           1|
    |or_cond_i_i_fu_650_p2              |    and   |      0|  0|   2|           1|           1|
    |or_cond_i_i_i_fu_600_p2            |    and   |      0|  0|   2|           1|           1|
    |exitcond460_i_i_fu_548_p2          |   icmp   |      0|  0|  20|          32|          32|
    |exitcond461_i_i_fu_304_p2          |   icmp   |      0|  0|  20|          32|          32|
    |icmp2_fu_569_p2                    |   icmp   |      0|  0|  20|          31|           1|
    |icmp_fu_336_p2                     |   icmp   |      0|  0|  20|          31|           1|
    |tmp_167_2_fu_348_p2                |   icmp   |      0|  0|  20|          32|           1|
    |tmp_194_1_fu_425_p2                |   icmp   |      0|  0|  20|          32|          32|
    |tmp_194_2_fu_471_p2                |   icmp   |      0|  0|  20|          32|          32|
    |tmp_213_0_1_fu_799_p2              |   icmp   |      0|  0|  11|           8|           8|
    |tmp_213_0_2_fu_813_p2              |   icmp   |      0|  0|  11|           8|           8|
    |tmp_213_1_1_fu_841_p2              |   icmp   |      0|  0|  11|           8|           8|
    |tmp_213_1_2_fu_855_p2              |   icmp   |      0|  0|  11|           8|           8|
    |tmp_213_1_fu_827_p2                |   icmp   |      0|  0|  11|           8|           8|
    |tmp_213_2_1_fu_913_p2              |   icmp   |      0|  0|  11|           8|           8|
    |tmp_213_2_2_fu_927_p2              |   icmp   |      0|  0|  11|           8|           8|
    |tmp_213_2_fu_901_p2                |   icmp   |      0|  0|  11|           8|           8|
    |tmp_21_fu_315_p2                   |   icmp   |      0|  0|  20|          32|          32|
    |tmp_23_fu_342_p2                   |   icmp   |      0|  0|  20|          32|           1|
    |tmp_24_fu_354_p2                   |   icmp   |      0|  0|  20|          32|          32|
    |tmp_26_fu_379_p2                   |   icmp   |      0|  0|  20|          32|          32|
    |tmp_28_fu_595_p2                   |   icmp   |      0|  0|  20|          32|          32|
    |ap_block_pp0_stage0_01001          |    or    |      0|  0|   2|           1|           1|
    |ap_block_state1                    |    or    |      0|  0|   2|           1|           1|
    |ap_block_state4_pp0_stage0_iter1   |    or    |      0|  0|   2|           1|           1|
    |brmerge_fu_634_p2                  |    or    |      0|  0|   2|           1|           1|
    |col_buf_0_val_0_0_fu_675_p3        |  select  |      0|  0|   8|           1|           8|
    |col_buf_0_val_1_0_fu_693_p3        |  select  |      0|  0|   8|           1|           8|
    |col_buf_0_val_2_0_fu_711_p3        |  select  |      0|  0|   8|           1|           8|
    |p_assign_1_fu_614_p3               |  select  |      0|  0|  32|           1|           1|
    |p_assign_5_1_fu_444_p3             |  select  |      0|  0|  32|           1|           1|
    |p_assign_5_2_fu_490_p3             |  select  |      0|  0|  32|           1|           1|
    |p_assign_5_fu_398_p3               |  select  |      0|  0|  32|           1|           1|
    |p_dst_data_stream_V_din            |  select  |      0|  0|   8|           1|           8|
    |src_kernel_win_0_va_6_fu_744_p3    |  select  |      0|  0|   8|           1|           8|
    |src_kernel_win_0_va_7_fu_762_p3    |  select  |      0|  0|   8|           1|           8|
    |src_kernel_win_0_va_8_fu_780_p3    |  select  |      0|  0|   8|           1|           8|
    |temp_0_i_i_i_0210_i_1_fu_819_p3    |  select  |      0|  0|   8|           1|           8|
    |temp_0_i_i_i_0210_i_2_fu_833_p3    |  select  |      0|  0|   8|           1|           8|
    |temp_0_i_i_i_0210_i_3_fu_847_p3    |  select  |      0|  0|   8|           1|           8|
    |temp_0_i_i_i_0210_i_4_fu_861_p3    |  select  |      0|  0|   8|           1|           8|
    |temp_0_i_i_i_0210_i_5_fu_906_p3    |  select  |      0|  0|   8|           1|           8|
    |temp_0_i_i_i_0210_i_6_fu_919_p3    |  select  |      0|  0|   8|           1|           8|
    |temp_0_i_i_i_0210_i_fu_805_p3      |  select  |      0|  0|   8|           1|           8|
    |x_fu_621_p3                        |  select  |      0|  0|  32|           1|          32|
    |y_1_fu_514_p3                      |  select  |      0|  0|  32|           1|          32|
    |y_2_fu_531_p3                      |  select  |      0|  0|  32|           1|          32|
    |y_fu_497_p3                        |  select  |      0|  0|  32|           1|          32|
    |ap_enable_pp0                      |    xor   |      0|  0|   2|           1|           2|
    |ap_enable_reg_pp0_iter1            |    xor   |      0|  0|   2|           2|           1|
    |rev1_fu_419_p2                     |    xor   |      0|  0|   2|           1|           2|
    |rev2_fu_465_p2                     |    xor   |      0|  0|   2|           1|           2|
    |rev3_fu_589_p2                     |    xor   |      0|  0|   2|           1|           2|
    |rev_fu_373_p2                      |    xor   |      0|  0|   2|           1|           2|
    |tmp_137_not_fu_320_p2              |    xor   |      0|  0|   2|           1|           2|
    +-----------------------------------+----------+-------+---+----+------------+------------+
    |Total                              |          |      0|  0|1292|         824|         865|
    +-----------------------------------+----------+-------+---+----+------------+------------+

    * Multiplexer: 
    +---------------------------+----+-----------+-----+-----------+
    |            Name           | LUT| Input Size| Bits| Total Bits|
    +---------------------------+----+-----------+-----+-----------+
    |ap_NS_fsm                  |  27|          5|    1|          5|
    |ap_done                    |   9|          2|    1|          2|
    |ap_enable_reg_pp0_iter1    |   9|          2|    1|          2|
    |ap_enable_reg_pp0_iter2    |   9|          2|    1|          2|
    |k_buf_0_val_4_d1           |  15|          3|    8|         24|
    |k_buf_0_val_5_d1           |  15|          3|    8|         24|
    |p_dst_data_stream_V_blk_n  |   9|          2|    1|          2|
    |p_src_data_stream_V_blk_n  |   9|          2|    1|          2|
    |t_V_5_reg_269              |   9|          2|   32|         64|
    |t_V_reg_258                |   9|          2|   32|         64|
    +---------------------------+----+-----------+-----+-----------+
    |Total                      | 120|         25|   86|        191|
    +---------------------------+----+-----------+-----+-----------+

    * Register: 
    +----------------------------------------+----+----+-----+-----------+
    |                  Name                  | FF | LUT| Bits| Const Bits|
    +----------------------------------------+----+----+-----+-----------+
    |ap_CS_fsm                               |   4|   0|    4|          0|
    |ap_done_reg                             |   1|   0|    1|          0|
    |ap_enable_reg_pp0_iter0                 |   1|   0|    1|          0|
    |ap_enable_reg_pp0_iter1                 |   1|   0|    1|          0|
    |ap_enable_reg_pp0_iter2                 |   1|   0|    1|          0|
    |brmerge_reg_1115                        |   1|   0|    1|          0|
    |exitcond460_i_i_reg_1102                |   1|   0|    1|          0|
    |exitcond460_i_i_reg_1102_pp0_iter1_reg  |   1|   0|    1|          0|
    |i_V_reg_1053                            |  32|   0|   32|          0|
    |icmp_reg_1067                           |   1|   0|    1|          0|
    |k_buf_0_val_3_addr_reg_1122             |  11|   0|   11|          0|
    |k_buf_0_val_4_addr_reg_1135             |  11|   0|   11|          0|
    |k_buf_0_val_5_addr_reg_1141             |  11|   0|   11|          0|
    |or_cond_i_i_i_reg_1111                  |   1|   0|    1|          0|
    |or_cond_i_i_reg_1147                    |   1|   0|    1|          0|
    |or_cond_i_i_reg_1147_pp0_iter1_reg      |   1|   0|    1|          0|
    |right_border_buf_0_1_fu_160             |   8|   0|    8|          0|
    |right_border_buf_0_2_fu_164             |   8|   0|    8|          0|
    |right_border_buf_0_s_fu_156             |   8|   0|    8|          0|
    |src_kernel_win_0_va_1_fu_136            |   8|   0|    8|          0|
    |src_kernel_win_0_va_2_fu_140            |   8|   0|    8|          0|
    |src_kernel_win_0_va_3_fu_144            |   8|   0|    8|          0|
    |src_kernel_win_0_va_4_fu_148            |   8|   0|    8|          0|
    |src_kernel_win_0_va_5_fu_152            |   8|   0|    8|          0|
    |src_kernel_win_0_va_6_reg_1151          |   8|   0|    8|          0|
    |src_kernel_win_0_va_fu_132              |   8|   0|    8|          0|
    |t_V_5_reg_269                           |  32|   0|   32|          0|
    |t_V_reg_258                             |  32|   0|   32|          0|
    |temp_0_i_i_i_0210_i_4_reg_1158          |   8|   0|    8|          0|
    |tmp_137_not_reg_1062                    |   1|   0|    1|          0|
    |tmp_167_2_reg_1076                      |   1|   0|    1|          0|
    |tmp_21_reg_1058                         |   1|   0|    1|          0|
    |tmp_23_reg_1072                         |   1|   0|    1|          0|
    |tmp_24_reg_1080                         |   1|   0|    1|          0|
    |tmp_50_reg_1087                         |   2|   0|    2|          0|
    |tmp_51_reg_1092                         |   2|   0|    2|          0|
    |tmp_52_reg_1097                         |   2|   0|    2|          0|
    |tmp_56_reg_1128                         |   2|   0|    2|          0|
    +----------------------------------------+----+----+-----+-----------+
    |Total                                   | 245|   0|  245|          0|
    +----------------------------------------+----+----+-----+-----------+



================================================================
== Interface
================================================================
* Summary: 
+-----------------------------+-----+-----+------------+---------------------+--------------+
|          RTL Ports          | Dir | Bits|  Protocol  |    Source Object    |    C Type    |
+-----------------------------+-----+-----+------------+---------------------+--------------+
|ap_clk                       |  in |    1| ap_ctrl_hs |        Dilate       | return value |
|ap_rst                       |  in |    1| ap_ctrl_hs |        Dilate       | return value |
|ap_start                     |  in |    1| ap_ctrl_hs |        Dilate       | return value |
|ap_done                      | out |    1| ap_ctrl_hs |        Dilate       | return value |
|ap_continue                  |  in |    1| ap_ctrl_hs |        Dilate       | return value |
|ap_idle                      | out |    1| ap_ctrl_hs |        Dilate       | return value |
|ap_ready                     | out |    1| ap_ctrl_hs |        Dilate       | return value |
|p_src_rows_V                 |  in |   32|  ap_stable |     p_src_rows_V    |    scalar    |
|p_src_cols_V                 |  in |   32|  ap_stable |     p_src_cols_V    |    scalar    |
|p_src_data_stream_V_dout     |  in |    8|   ap_fifo  | p_src_data_stream_V |    pointer   |
|p_src_data_stream_V_empty_n  |  in |    1|   ap_fifo  | p_src_data_stream_V |    pointer   |
|p_src_data_stream_V_read     | out |    1|   ap_fifo  | p_src_data_stream_V |    pointer   |
|p_dst_data_stream_V_din      | out |    8|   ap_fifo  | p_dst_data_stream_V |    pointer   |
|p_dst_data_stream_V_full_n   |  in |    1|   ap_fifo  | p_dst_data_stream_V |    pointer   |
|p_dst_data_stream_V_write    | out |    1|   ap_fifo  | p_dst_data_stream_V |    pointer   |
+-----------------------------+-----+-----+------------+---------------------+--------------+

